<?xml version="1.0" encoding="UTF-8"?>
<TestRun id="5f4d7d45-c455-45d9-8cd1-5a4e7176ba95" name="TMacBlane@FIREFLY 2012-09-14 13:31:03" runUser="Firefly\TMacBlane" xmlns="http://microsoft.com/schemas/VisualStudio/TeamTest/2010">
  <TestSettings name="Default Test Settings" id="e8d89e76-0010-4a70-aeb9-4c577c5380f6">
    <Deployment runDeploymentRoot="TMacBlane_FIREFLY 2012-09-14 13_31_03">
      <DeploymentItem filename="C:\Users\TMacBlane\Documents\DevelopmentProjects\AutomationFramework\bin\Debug\AutomationFramework.dll" />
      <DeploymentItem filename="C:\Users\TMacBlane\Documents\DevelopmentProjects\PornCantina\packages\Microsoft.AspNet.WebPages.2.0.20710.0\lib\net40\System.Web.WebPages.Deployment.dll" />
      <DeploymentItem filename="C:\Users\TMacBlane\Documents\DevelopmentProjects\PornCantina\PornCantina\bin\PornCantina.dll" />
      <DeploymentItem filename="C:\Users\TMacBlane\Documents\DevelopmentProjects\PornCantina\packages\Microsoft.AspNet.Mvc.4.0.20505.0\lib\net40\System.Web.Mvc.dll" />
      <DeploymentItem filename="C:\Users\TMacBlane\Documents\DevelopmentProjects\PornCantina.UIAutomation\bin\Debug\WebDriver.Support.dll" />
      <DeploymentItem filename="C:\Users\TMacBlane\Documents\DevelopmentProjects\PornCantina\packages\Microsoft.AspNet.WebPages.2.0.20710.0\lib\net40\System.Web.Helpers.dll" />
      <DeploymentItem filename="C:\Users\TMacBlane\Documents\DevelopmentProjects\PornCantina.UIAutomation\bin\Debug\WebDriver.dll" />
      <DeploymentItem filename="C:\Users\TMacBlane\Documents\DevelopmentProjects\PornCantina\packages\Microsoft.AspNet.WebPages.2.0.20710.0\lib\net40\System.Web.WebPages.dll" />
      <DeploymentItem filename="C:\Users\TMacBlane\Documents\DevelopmentProjects\PornCantina\packages\Microsoft.Web.Infrastructure.1.0.0.0\lib\net40\Microsoft.Web.Infrastructure.dll" />
      <DeploymentItem filename="C:\Users\TMacBlane\Documents\DevelopmentProjects\PornCantina\packages\Microsoft.AspNet.WebPages.2.0.20710.0\lib\net40\System.Web.WebPages.Razor.dll" />
      <DeploymentItem filename="C:\Users\TMacBlane\Documents\DevelopmentProjects\PornCantina.UIAutomation\bin\Debug\Ionic.Zip.dll" />
      <DeploymentItem filename="C:\Users\TMacBlane\Documents\DevelopmentProjects\PornCantina\packages\Microsoft.AspNet.Razor.2.0.20710.0\lib\net40\System.Web.Razor.dll" />
      <DeploymentItem filename="C:\Users\TMacBlane\Documents\DevelopmentProjects\PornCantina.UIAutomation\bin\Debug\TechTalk.SpecFlow.dll" />
      <DeploymentItem filename="C:\Users\TMacBlane\Documents\DevelopmentProjects\PornCantina.UIAutomation\bin\Debug\Castle.Core.dll" />
      <DeploymentItem filename="C:\Users\TMacBlane\Documents\DevelopmentProjects\PornCantina.UIAutomation\bin\Debug\Newtonsoft.Json.dll" />
    </Deployment>
    <Execution>
      <TestTypeSpecific />
      <AgentRule name="Execution Agents">
      </AgentRule>
    </Execution>
  </TestSettings>
  <Times creation="2012-09-14T13:31:03.3259530-04:00" queuing="2012-09-14T13:31:03.8049530-04:00" start="2012-09-14T13:31:03.8319530-04:00" finish="2012-09-14T13:32:31.8749530-04:00" />
  <ResultSummary outcome="Failed">
    <Counters total="8" executed="8" passed="5" error="0" failed="3" timeout="0" aborted="0" inconclusive="0" passedButRunAborted="0" notRunnable="0" notExecuted="0" disconnected="0" warning="0" completed="0" inProgress="0" pending="0" />
  </ResultSummary>
  <TestDefinitions>
    <UnitTest name="PopulateEpicPandaCashGalleries_BaileyKnox" storage="c:\users\tmacblane\documents\developmentprojects\porncantina.uiautomation\bin\debug\porncantina.uiautomation.dll" id="eb9b8e2b-e634-3f71-8b78-2aca84a14cf3">
      <Description>Populate EpicPandaCash Galleries</Description>
      <Execution id="b2cd6773-0f7e-44ad-8cdf-94d5d95beb3e" />
      <Properties>
        <Property>
          <Key>FeatureTitle</Key>
          <Value>EpicPandaCash</Value>
        </Property>
        <Property>
          <Key>VariantName</Key>
          <Value>Bailey Knox</Value>
        </Property>
        <Property>
          <Key>Parameter:site</Key>
          <Value>Bailey Knox</Value>
        </Property>
        <Property>
          <Key>Parameter:modelName</Key>
          <Value>Bailey Knox</Value>
        </Property>
      </Properties>
      <TestMethod codeBase="C:/Users/TMacBlane/Documents/DevelopmentProjects/PornCantina.UIAutomation/bin/Debug/PornCantina.UIAutomation.DLL" adapterTypeName="Microsoft.VisualStudio.TestTools.TestTypes.Unit.UnitTestAdapter, Microsoft.VisualStudio.QualityTools.Tips.UnitTest.Adapter, Version=10.0.0.0, Culture=neutral, PublicKeyToken=b03f5f7f11d50a3a" className="PornCantina.UIAutomation.Scenarios.EpicPandaCashFeature, PornCantina.UIAutomation, Version=1.0.0.0, Culture=neutral, PublicKeyToken=null" name="PopulateEpicPandaCashGalleries_BaileyKnox" />
    </UnitTest>
    <UnitTest name="PopulateEpicPandaCashGalleries_MistyGates" storage="c:\users\tmacblane\documents\developmentprojects\porncantina.uiautomation\bin\debug\porncantina.uiautomation.dll" id="7fae0b54-1d2c-0d9d-1805-b2ab2adfc550">
      <Description>Populate EpicPandaCash Galleries</Description>
      <Execution id="7807cd80-7e70-4410-ba3b-cb6692cddf8d" />
      <Properties>
        <Property>
          <Key>FeatureTitle</Key>
          <Value>EpicPandaCash</Value>
        </Property>
        <Property>
          <Key>VariantName</Key>
          <Value>Misty Gates</Value>
        </Property>
        <Property>
          <Key>Parameter:site</Key>
          <Value>Misty Gates</Value>
        </Property>
        <Property>
          <Key>Parameter:modelName</Key>
          <Value>Misty Gates</Value>
        </Property>
      </Properties>
      <TestMethod codeBase="C:/Users/TMacBlane/Documents/DevelopmentProjects/PornCantina.UIAutomation/bin/Debug/PornCantina.UIAutomation.DLL" adapterTypeName="Microsoft.VisualStudio.TestTools.TestTypes.Unit.UnitTestAdapter, Microsoft.VisualStudio.QualityTools.Tips.UnitTest.Adapter, Version=10.0.0.0, Culture=neutral, PublicKeyToken=b03f5f7f11d50a3a" className="PornCantina.UIAutomation.Scenarios.EpicPandaCashFeature, PornCantina.UIAutomation, Version=1.0.0.0, Culture=neutral, PublicKeyToken=null" name="PopulateEpicPandaCashGalleries_MistyGates" />
    </UnitTest>
    <UnitTest name="PopulateEpicPandaCashGalleries_RachelSexton" storage="c:\users\tmacblane\documents\developmentprojects\porncantina.uiautomation\bin\debug\porncantina.uiautomation.dll" id="6f823177-fac0-1695-39d6-789688bb1a48">
      <Description>Populate EpicPandaCash Galleries</Description>
      <Execution id="7ce57c96-3bd7-4f96-af3e-369853c77435" />
      <Properties>
        <Property>
          <Key>FeatureTitle</Key>
          <Value>EpicPandaCash</Value>
        </Property>
        <Property>
          <Key>VariantName</Key>
          <Value>Rachel Sexton</Value>
        </Property>
        <Property>
          <Key>Parameter:site</Key>
          <Value>Rachel Sexton</Value>
        </Property>
        <Property>
          <Key>Parameter:modelName</Key>
          <Value>Rachel Sexton</Value>
        </Property>
      </Properties>
      <TestMethod codeBase="C:/Users/TMacBlane/Documents/DevelopmentProjects/PornCantina.UIAutomation/bin/Debug/PornCantina.UIAutomation.DLL" adapterTypeName="Microsoft.VisualStudio.TestTools.TestTypes.Unit.UnitTestAdapter, Microsoft.VisualStudio.QualityTools.Tips.UnitTest.Adapter, Version=10.0.0.0, Culture=neutral, PublicKeyToken=b03f5f7f11d50a3a" className="PornCantina.UIAutomation.Scenarios.EpicPandaCashFeature, PornCantina.UIAutomation, Version=1.0.0.0, Culture=neutral, PublicKeyToken=null" name="PopulateEpicPandaCashGalleries_RachelSexton" />
    </UnitTest>
    <UnitTest name="PopulateEpicPandaCashGalleries_SpencerNicks" storage="c:\users\tmacblane\documents\developmentprojects\porncantina.uiautomation\bin\debug\porncantina.uiautomation.dll" id="0833e762-dd78-d87c-6052-d9944bd1c4a8">
      <Description>Populate EpicPandaCash Galleries</Description>
      <Execution id="98c0c4ec-707e-4d45-baeb-a2be66af085a" />
      <Properties>
        <Property>
          <Key>FeatureTitle</Key>
          <Value>EpicPandaCash</Value>
        </Property>
        <Property>
          <Key>VariantName</Key>
          <Value>Spencer Nicks</Value>
        </Property>
        <Property>
          <Key>Parameter:site</Key>
          <Value>Spencer Nicks</Value>
        </Property>
        <Property>
          <Key>Parameter:modelName</Key>
          <Value>Spencer Nicks</Value>
        </Property>
      </Properties>
      <TestMethod codeBase="C:/Users/TMacBlane/Documents/DevelopmentProjects/PornCantina.UIAutomation/bin/Debug/PornCantina.UIAutomation.DLL" adapterTypeName="Microsoft.VisualStudio.TestTools.TestTypes.Unit.UnitTestAdapter, Microsoft.VisualStudio.QualityTools.Tips.UnitTest.Adapter, Version=10.0.0.0, Culture=neutral, PublicKeyToken=b03f5f7f11d50a3a" className="PornCantina.UIAutomation.Scenarios.EpicPandaCashFeature, PornCantina.UIAutomation, Version=1.0.0.0, Culture=neutral, PublicKeyToken=null" name="PopulateEpicPandaCashGalleries_SpencerNicks" />
    </UnitTest>
    <UnitTest name="PopulateEpicPandaCashGalleries_CarlottaChampagne" storage="c:\users\tmacblane\documents\developmentprojects\porncantina.uiautomation\bin\debug\porncantina.uiautomation.dll" id="e1e0aada-64a3-6d63-9035-77bad23b408c">
      <Description>Populate EpicPandaCash Galleries</Description>
      <Execution id="373861bc-e71a-472e-9266-f86000bbb831" />
      <Properties>
        <Property>
          <Key>FeatureTitle</Key>
          <Value>EpicPandaCash</Value>
        </Property>
        <Property>
          <Key>VariantName</Key>
          <Value>Carlotta Champagne</Value>
        </Property>
        <Property>
          <Key>Parameter:site</Key>
          <Value>Carlotta Champagne</Value>
        </Property>
        <Property>
          <Key>Parameter:modelName</Key>
          <Value>Carlotta Champagne</Value>
        </Property>
      </Properties>
      <TestMethod codeBase="C:/Users/TMacBlane/Documents/DevelopmentProjects/PornCantina.UIAutomation/bin/Debug/PornCantina.UIAutomation.DLL" adapterTypeName="Microsoft.VisualStudio.TestTools.TestTypes.Unit.UnitTestAdapter, Microsoft.VisualStudio.QualityTools.Tips.UnitTest.Adapter, Version=10.0.0.0, Culture=neutral, PublicKeyToken=b03f5f7f11d50a3a" className="PornCantina.UIAutomation.Scenarios.EpicPandaCashFeature, PornCantina.UIAutomation, Version=1.0.0.0, Culture=neutral, PublicKeyToken=null" name="PopulateEpicPandaCashGalleries_CarlottaChampagne" />
    </UnitTest>
    <UnitTest name="PopulateEpicPandaCashGalleries_BrookeMarks" storage="c:\users\tmacblane\documents\developmentprojects\porncantina.uiautomation\bin\debug\porncantina.uiautomation.dll" id="36a18326-5378-2751-6673-68fb2102b50e">
      <Description>Populate EpicPandaCash Galleries</Description>
      <Execution id="2d2a9142-febd-43ee-9b44-de970769c4ef" />
      <Properties>
        <Property>
          <Key>FeatureTitle</Key>
          <Value>EpicPandaCash</Value>
        </Property>
        <Property>
          <Key>VariantName</Key>
          <Value>Brooke Marks</Value>
        </Property>
        <Property>
          <Key>Parameter:site</Key>
          <Value>Brooke Marks</Value>
        </Property>
        <Property>
          <Key>Parameter:modelName</Key>
          <Value>Brooke Marks</Value>
        </Property>
      </Properties>
      <TestMethod codeBase="C:/Users/TMacBlane/Documents/DevelopmentProjects/PornCantina.UIAutomation/bin/Debug/PornCantina.UIAutomation.DLL" adapterTypeName="Microsoft.VisualStudio.TestTools.TestTypes.Unit.UnitTestAdapter, Microsoft.VisualStudio.QualityTools.Tips.UnitTest.Adapter, Version=10.0.0.0, Culture=neutral, PublicKeyToken=b03f5f7f11d50a3a" className="PornCantina.UIAutomation.Scenarios.EpicPandaCashFeature, PornCantina.UIAutomation, Version=1.0.0.0, Culture=neutral, PublicKeyToken=null" name="PopulateEpicPandaCashGalleries_BrookeMarks" />
    </UnitTest>
    <UnitTest name="PopulateEpicPandaCashGalleries_MidoriWest" storage="c:\users\tmacblane\documents\developmentprojects\porncantina.uiautomation\bin\debug\porncantina.uiautomation.dll" id="746ca17d-0c95-55f7-2444-fcda2e970d75">
      <Description>Populate EpicPandaCash Galleries</Description>
      <Execution id="3e584efe-46d3-4d20-8b68-5c75558c9df0" />
      <Properties>
        <Property>
          <Key>FeatureTitle</Key>
          <Value>EpicPandaCash</Value>
        </Property>
        <Property>
          <Key>VariantName</Key>
          <Value>Midori West</Value>
        </Property>
        <Property>
          <Key>Parameter:site</Key>
          <Value>Midori West</Value>
        </Property>
        <Property>
          <Key>Parameter:modelName</Key>
          <Value>Midori West</Value>
        </Property>
      </Properties>
      <TestMethod codeBase="C:/Users/TMacBlane/Documents/DevelopmentProjects/PornCantina.UIAutomation/bin/Debug/PornCantina.UIAutomation.DLL" adapterTypeName="Microsoft.VisualStudio.TestTools.TestTypes.Unit.UnitTestAdapter, Microsoft.VisualStudio.QualityTools.Tips.UnitTest.Adapter, Version=10.0.0.0, Culture=neutral, PublicKeyToken=b03f5f7f11d50a3a" className="PornCantina.UIAutomation.Scenarios.EpicPandaCashFeature, PornCantina.UIAutomation, Version=1.0.0.0, Culture=neutral, PublicKeyToken=null" name="PopulateEpicPandaCashGalleries_MidoriWest" />
    </UnitTest>
    <UnitTest name="PopulateEpicPandaCashGalleries_PartyAll_Star" storage="c:\users\tmacblane\documents\developmentprojects\porncantina.uiautomation\bin\debug\porncantina.uiautomation.dll" id="d0390afa-4a21-297c-771f-2a8050db7de4">
      <Description>Populate EpicPandaCash Galleries</Description>
      <Execution id="ef79475e-48aa-4b29-9a61-69c4ef7e74b7" />
      <Properties>
        <Property>
          <Key>FeatureTitle</Key>
          <Value>EpicPandaCash</Value>
        </Property>
        <Property>
          <Key>VariantName</Key>
          <Value>Party All-Star</Value>
        </Property>
        <Property>
          <Key>Parameter:site</Key>
          <Value>Party All-Star</Value>
        </Property>
        <Property>
          <Key>Parameter:modelName</Key>
          <Value>Party All-Star</Value>
        </Property>
      </Properties>
      <TestMethod codeBase="C:/Users/TMacBlane/Documents/DevelopmentProjects/PornCantina.UIAutomation/bin/Debug/PornCantina.UIAutomation.DLL" adapterTypeName="Microsoft.VisualStudio.TestTools.TestTypes.Unit.UnitTestAdapter, Microsoft.VisualStudio.QualityTools.Tips.UnitTest.Adapter, Version=10.0.0.0, Culture=neutral, PublicKeyToken=b03f5f7f11d50a3a" className="PornCantina.UIAutomation.Scenarios.EpicPandaCashFeature, PornCantina.UIAutomation, Version=1.0.0.0, Culture=neutral, PublicKeyToken=null" name="PopulateEpicPandaCashGalleries_PartyAll_Star" />
    </UnitTest>
  </TestDefinitions>
  <TestLists>
    <TestList name="Results Not in a List" id="8c84fa94-04c1-424b-9868-57a2d4851a1d" />
    <TestList name="All Loaded Results" id="19431567-8539-422a-85d7-44ee4e166bda" />
  </TestLists>
  <TestEntries>
    <TestEntry testId="eb9b8e2b-e634-3f71-8b78-2aca84a14cf3" executionId="b2cd6773-0f7e-44ad-8cdf-94d5d95beb3e" testListId="8c84fa94-04c1-424b-9868-57a2d4851a1d" />
    <TestEntry testId="746ca17d-0c95-55f7-2444-fcda2e970d75" executionId="3e584efe-46d3-4d20-8b68-5c75558c9df0" testListId="8c84fa94-04c1-424b-9868-57a2d4851a1d" />
    <TestEntry testId="0833e762-dd78-d87c-6052-d9944bd1c4a8" executionId="98c0c4ec-707e-4d45-baeb-a2be66af085a" testListId="8c84fa94-04c1-424b-9868-57a2d4851a1d" />
    <TestEntry testId="6f823177-fac0-1695-39d6-789688bb1a48" executionId="7ce57c96-3bd7-4f96-af3e-369853c77435" testListId="8c84fa94-04c1-424b-9868-57a2d4851a1d" />
    <TestEntry testId="7fae0b54-1d2c-0d9d-1805-b2ab2adfc550" executionId="7807cd80-7e70-4410-ba3b-cb6692cddf8d" testListId="8c84fa94-04c1-424b-9868-57a2d4851a1d" />
    <TestEntry testId="36a18326-5378-2751-6673-68fb2102b50e" executionId="2d2a9142-febd-43ee-9b44-de970769c4ef" testListId="8c84fa94-04c1-424b-9868-57a2d4851a1d" />
    <TestEntry testId="d0390afa-4a21-297c-771f-2a8050db7de4" executionId="ef79475e-48aa-4b29-9a61-69c4ef7e74b7" testListId="8c84fa94-04c1-424b-9868-57a2d4851a1d" />
    <TestEntry testId="e1e0aada-64a3-6d63-9035-77bad23b408c" executionId="373861bc-e71a-472e-9266-f86000bbb831" testListId="8c84fa94-04c1-424b-9868-57a2d4851a1d" />
  </TestEntries>
  <Results>
    <UnitTestResult executionId="b2cd6773-0f7e-44ad-8cdf-94d5d95beb3e" testId="eb9b8e2b-e634-3f71-8b78-2aca84a14cf3" testName="PopulateEpicPandaCashGalleries_BaileyKnox" computerName="FIREFLY" duration="00:00:14.2035568" startTime="2012-09-14T13:31:03.8559530-04:00" endTime="2012-09-14T13:31:18.4749530-04:00" testType="13cdc9d9-ddb5-4fa4-a97d-d965ccfc6d4b" outcome="Passed" testListId="8c84fa94-04c1-424b-9868-57a2d4851a1d" relativeResultsDirectory="b2cd6773-0f7e-44ad-8cdf-94d5d95beb3e">
      <Output>
        <StdOut>Given I open the epicpandacash page
-&gt; done: StepDefinitions.GivenIOpenTheSpecifiedPage("epicpandacash") (8.2s)
Then I should be on the epicpandacash page
-&gt; done: StepDefinitions.IShouldBeOnTheSpecifiedPage("epicpandacash") (0.0s)
When I select Bailey Knox from the site dropdown list
-&gt; done: HostedGalleriesManagerStepDefinitions.WhenISelectTheModelNameFromTheSiteDropdownList("Bailey Knox") (0.3s)
And I select the All date range
-&gt; done: HostedGalleriesManagerStepDefinitions.WhenISelectTheDateRangeDateRange("All") (0.1s)
And I select the type of Pics
-&gt; done: HostedGalleriesManagerStepDefinitions.WhenISelectTheSpecifiedType("Pics") (0.2s)
And I select to display All galleries per page
-&gt; done: HostedGalleriesManagerStepDefinitions.WhenISelectToDisplaySpecifiedNumberOfGalleriesPerPage("All") (0.1s)
And I click the generate button
-&gt; done: HostedGalleriesManagerStepDefinitions.WhenIClickTheGenerateButton() (1.5s)
Then I should see the populated list of galleries
-&gt; done: HostedGalleriesManagerStepDefinitions.ThenIShouldSeeThePopulatedListOfGalleries() (0.0s)
And I should create any new Bailey Knox epicpandacash galleries
26
4
fefaecca-1b39-4133-a042-5e1bed223dc0
Drunk-Bailey-Owns-The-Night
5
fefaecca-1b39-4133-a042-5e1bed223dc0
Purple-Micro-Bikini-Bailey-Knox
6
fefaecca-1b39-4133-a042-5e1bed223dc0
Bailey-Knox-Fucks-Misty-Gates-Zipset
7
fefaecca-1b39-4133-a042-5e1bed223dc0
Bailey-Knox-Gets-Off-Doing-Laundry
8
fefaecca-1b39-4133-a042-5e1bed223dc0
Bailey-Knox-Baby-Oil-Micro-Bikini
9
fefaecca-1b39-4133-a042-5e1bed223dc0
Bailey-Knox-Bad-Miss-Santa
10
fefaecca-1b39-4133-a042-5e1bed223dc0
Bailey-Knox-Wearing-A-Honey-Cup
11
fefaecca-1b39-4133-a042-5e1bed223dc0
Bailey-Knox-Hitachi-Orgasm-Zipset
12
fefaecca-1b39-4133-a042-5e1bed223dc0
Bailey-Knox-A-Little-Rich-Girl-Stripping
13
fefaecca-1b39-4133-a042-5e1bed223dc0
Brooke-Marks-Midori-West-Bailey-Knox-Three-Angels
14
fefaecca-1b39-4133-a042-5e1bed223dc0
Bailey-Knox-Sexed-Up-Princess
15
fefaecca-1b39-4133-a042-5e1bed223dc0
Bailey-Knox-Club-Hottie
16
fefaecca-1b39-4133-a042-5e1bed223dc0
Bailey-Knox-Fishnet-Zipset
17
fefaecca-1b39-4133-a042-5e1bed223dc0
Bailey-Knox-Up-All-Night-Drunk-And-Partying
18
fefaecca-1b39-4133-a042-5e1bed223dc0
Bailey-Knox-Red-Angel
19
fefaecca-1b39-4133-a042-5e1bed223dc0
Bailey-Knox-Body-Paint-Zipset
20
fefaecca-1b39-4133-a042-5e1bed223dc0
Bailey-Knox-Booze-And-Skateboards
21
fefaecca-1b39-4133-a042-5e1bed223dc0
Bailey-Knox-PBR-Pasties
22
fefaecca-1b39-4133-a042-5e1bed223dc0
Bailey-Knox-Bubble-Bath-Nude
23
fefaecca-1b39-4133-a042-5e1bed223dc0
Lake-Tanning-In-Micro-Thong-With-Bailey-Knox
24
fefaecca-1b39-4133-a042-5e1bed223dc0
Bailey-Knox-I-Heart-Boys
25
fefaecca-1b39-4133-a042-5e1bed223dc0
Bailey-Knox-Naked-DJ
26
fefaecca-1b39-4133-a042-5e1bed223dc0
Bailey-Knox-Rooftop-Stripping
-&gt; done: EpicPandaCashStepDefinitions.ThenIShouldCreateAnyNewModelNameEpicpandacashGalleries("Bailey Knox") (2.7s)</StdOut>
      </Output>
    </UnitTestResult>
    <UnitTestResult executionId="3e584efe-46d3-4d20-8b68-5c75558c9df0" testId="746ca17d-0c95-55f7-2444-fcda2e970d75" testName="PopulateEpicPandaCashGalleries_MidoriWest" computerName="FIREFLY" duration="00:00:10.1884590" startTime="2012-09-14T13:31:18.4769530-04:00" endTime="2012-09-14T13:31:28.6689530-04:00" testType="13cdc9d9-ddb5-4fa4-a97d-d965ccfc6d4b" outcome="Passed" testListId="8c84fa94-04c1-424b-9868-57a2d4851a1d" relativeResultsDirectory="3e584efe-46d3-4d20-8b68-5c75558c9df0">
      <Output>
        <StdOut>Given I open the epicpandacash page
-&gt; done: StepDefinitions.GivenIOpenTheSpecifiedPage("epicpandacash") (4.4s)
Then I should be on the epicpandacash page
-&gt; done: StepDefinitions.IShouldBeOnTheSpecifiedPage("epicpandacash") (0.0s)
When I select Midori West from the site dropdown list
-&gt; done: HostedGalleriesManagerStepDefinitions.WhenISelectTheModelNameFromTheSiteDropdownList("Midori West") (0.4s)
And I select the All date range
-&gt; done: HostedGalleriesManagerStepDefinitions.WhenISelectTheDateRangeDateRange("All") (0.1s)
And I select the type of Pics
-&gt; done: HostedGalleriesManagerStepDefinitions.WhenISelectTheSpecifiedType("Pics") (0.1s)
And I select to display All galleries per page
-&gt; done: HostedGalleriesManagerStepDefinitions.WhenISelectToDisplaySpecifiedNumberOfGalleriesPerPage("All") (0.1s)
And I click the generate button
-&gt; done: HostedGalleriesManagerStepDefinitions.WhenIClickTheGenerateButton() (2.4s)
Then I should see the populated list of galleries
-&gt; done: HostedGalleriesManagerStepDefinitions.ThenIShouldSeeThePopulatedListOfGalleries() (0.0s)
And I should create any new Midori West epicpandacash galleries
23
4
75667946-b271-40f6-9f1c-30bf971ebbe4
Midori-West-Hip-Hop-Music-Studio-Muse
5
75667946-b271-40f6-9f1c-30bf971ebbe4
Spencer-Nicks-Midori-West-No-Clothes-On-Pillow-Fight
6
75667946-b271-40f6-9f1c-30bf971ebbe4
Midori-West-Penthouse-Bikini-Socialite
7
75667946-b271-40f6-9f1c-30bf971ebbe4
Midori-West-Naughty-In-Bed
8
75667946-b271-40f6-9f1c-30bf971ebbe4
Midori-West-Sheer-Wet-Zipset
9
75667946-b271-40f6-9f1c-30bf971ebbe4
Midori-West-White-Puma-Socks
10
75667946-b271-40f6-9f1c-30bf971ebbe4
Midori-West-Heart-Pasties
11
75667946-b271-40f6-9f1c-30bf971ebbe4
Brooke-Marks-Midori-West-Bailey-Knox-Three-Angels
12
75667946-b271-40f6-9f1c-30bf971ebbe4
Midori-West-Gypsy-Babe
13
75667946-b271-40f6-9f1c-30bf971ebbe4
Midori-West-With-A-Jagermeister-Shot-Machine
14
75667946-b271-40f6-9f1c-30bf971ebbe4
Midori-West-Is-A-Wildcat-Cheerleader
15
75667946-b271-40f6-9f1c-30bf971ebbe4
Midori-West-Cool-Whipped-Contest
16
75667946-b271-40f6-9f1c-30bf971ebbe4
Midori-West-Getting-Ready-To-Shower
17
75667946-b271-40f6-9f1c-30bf971ebbe4
Midori-West-Chilling-On-The-Couch
18
75667946-b271-40f6-9f1c-30bf971ebbe4
Midori-West-Kitchen-Putt-Putt
19
75667946-b271-40f6-9f1c-30bf971ebbe4
Midori-West-Wet-T-Contest
20
75667946-b271-40f6-9f1c-30bf971ebbe4
Midori-West-The-Piano-Girl
21
75667946-b271-40f6-9f1c-30bf971ebbe4
Midori-West-Shows-Off-Her-Feet-In-Stockings
22
75667946-b271-40f6-9f1c-30bf971ebbe4
Midori-West-Tanning-Bed
23
75667946-b271-40f6-9f1c-30bf971ebbe4
Midori-West-Undershirt-Skirt
-&gt; done: EpicPandaCashStepDefinitions.ThenIShouldCreateAnyNewModelNameEpicpandacashGalleries("Midori West") (1.5s)</StdOut>
      </Output>
    </UnitTestResult>
    <UnitTestResult executionId="98c0c4ec-707e-4d45-baeb-a2be66af085a" testId="0833e762-dd78-d87c-6052-d9944bd1c4a8" testName="PopulateEpicPandaCashGalleries_SpencerNicks" computerName="FIREFLY" duration="00:00:07.6412122" startTime="2012-09-14T13:31:28.6719530-04:00" endTime="2012-09-14T13:31:36.3199530-04:00" testType="13cdc9d9-ddb5-4fa4-a97d-d965ccfc6d4b" outcome="Passed" testListId="8c84fa94-04c1-424b-9868-57a2d4851a1d" relativeResultsDirectory="98c0c4ec-707e-4d45-baeb-a2be66af085a">
      <Output>
        <StdOut>Given I open the epicpandacash page
-&gt; done: StepDefinitions.GivenIOpenTheSpecifiedPage("epicpandacash") (3.9s)
Then I should be on the epicpandacash page
-&gt; done: StepDefinitions.IShouldBeOnTheSpecifiedPage("epicpandacash") (0.0s)
When I select Spencer Nicks from the site dropdown list
-&gt; done: HostedGalleriesManagerStepDefinitions.WhenISelectTheModelNameFromTheSiteDropdownList("Spencer Nicks") (0.6s)
And I select the All date range
-&gt; done: HostedGalleriesManagerStepDefinitions.WhenISelectTheDateRangeDateRange("All") (0.1s)
And I select the type of Pics
-&gt; done: HostedGalleriesManagerStepDefinitions.WhenISelectTheSpecifiedType("Pics") (0.1s)
And I select to display All galleries per page
-&gt; done: HostedGalleriesManagerStepDefinitions.WhenISelectToDisplaySpecifiedNumberOfGalleriesPerPage("All") (0.2s)
And I click the generate button
-&gt; done: HostedGalleriesManagerStepDefinitions.WhenIClickTheGenerateButton() (0.9s)
Then I should see the populated list of galleries
-&gt; done: HostedGalleriesManagerStepDefinitions.ThenIShouldSeeThePopulatedListOfGalleries() (0.0s)
And I should create any new Spencer Nicks epicpandacash galleries
16
4
d3241a22-161d-4574-a4a2-756040accce1
Spencer-Nicks-Bieber-Fever
5
d3241a22-161d-4574-a4a2-756040accce1
Spencer-Nicks-Retro-Sex-Bunny-Wants-To-Play
6
d3241a22-161d-4574-a4a2-756040accce1
Spencer-Nicks-Midori-West-No-Clothes-On-Pillow-Fight
7
d3241a22-161d-4574-a4a2-756040accce1
Spencer-Nicks-Zipset-Body-Paint
8
d3241a22-161d-4574-a4a2-756040accce1
Raver-Babe-Naked-Spencer-Nicks
9
d3241a22-161d-4574-a4a2-756040accce1
Spencer-Nicks-Holiday-Baby
10
d3241a22-161d-4574-a4a2-756040accce1
Spencer-Nicks-The-TV-Tease
11
d3241a22-161d-4574-a4a2-756040accce1
Bubble-Bath-Nude-With-Spencer-Nicks
12
d3241a22-161d-4574-a4a2-756040accce1
Spencer-Nicks-Pink-Micro-Bikini-In-The-Penthouse
13
d3241a22-161d-4574-a4a2-756040accce1
Spencer-Nicks-Breakfast-Before-School
14
d3241a22-161d-4574-a4a2-756040accce1
Spencer-Nicks-Hottest-Chicago-Bears-Fan-Babe
15
d3241a22-161d-4574-a4a2-756040accce1
Spencer-Nicks-Sexting-Pics
16
d3241a22-161d-4574-a4a2-756040accce1
Spencer-Nicks-Pink-Corset
-&gt; done: EpicPandaCashStepDefinitions.ThenIShouldCreateAnyNewModelNameEpicpandacashGalleries("Spencer Nicks") (0.8s)</StdOut>
      </Output>
    </UnitTestResult>
    <UnitTestResult executionId="7ce57c96-3bd7-4f96-af3e-369853c77435" testId="6f823177-fac0-1695-39d6-789688bb1a48" testName="PopulateEpicPandaCashGalleries_RachelSexton" computerName="FIREFLY" duration="00:00:10.2259929" startTime="2012-09-14T13:31:36.3219530-04:00" endTime="2012-09-14T13:31:46.5579530-04:00" testType="13cdc9d9-ddb5-4fa4-a97d-d965ccfc6d4b" outcome="Failed" testListId="8c84fa94-04c1-424b-9868-57a2d4851a1d" relativeResultsDirectory="7ce57c96-3bd7-4f96-af3e-369853c77435">
      <Output>
        <StdOut>Given I open the epicpandacash page
-&gt; done: StepDefinitions.GivenIOpenTheSpecifiedPage("epicpandacash") (4.4s)
Then I should be on the epicpandacash page
-&gt; done: StepDefinitions.IShouldBeOnTheSpecifiedPage("epicpandacash") (0.0s)
When I select Rachel Sexton from the site dropdown list
-&gt; done: HostedGalleriesManagerStepDefinitions.WhenISelectTheModelNameFromTheSiteDropdownList("Rachel Sexton") (0.6s)
And I select the All date range
-&gt; done: HostedGalleriesManagerStepDefinitions.WhenISelectTheDateRangeDateRange("All") (0.1s)
And I select the type of Pics
-&gt; done: HostedGalleriesManagerStepDefinitions.WhenISelectTheSpecifiedType("Pics") (0.1s)
And I select to display All galleries per page
-&gt; done: HostedGalleriesManagerStepDefinitions.WhenISelectToDisplaySpecifiedNumberOfGalleriesPerPage("All") (0.1s)
And I click the generate button
-&gt; done: HostedGalleriesManagerStepDefinitions.WhenIClickTheGenerateButton() (1.8s)
Then I should see the populated list of galleries
-&gt; done: HostedGalleriesManagerStepDefinitions.ThenIShouldSeeThePopulatedListOfGalleries() (0.0s)
And I should create any new Rachel Sexton epicpandacash galleries
41
4
078a14bc-41e0-4a8d-a735-4231900d0822
Rachel-Sexton-Eco-Friendly-Hottie-Says-Solar-Power-Is-Hot
5
078a14bc-41e0-4a8d-a735-4231900d0822
Rachel-Sexton-Panty-Stuffing-Zipset
6
078a14bc-41e0-4a8d-a735-4231900d0822
Private-Wet-T-Contest-Spring-Break-Misty-Rachel-Brooke-Avery
7
078a14bc-41e0-4a8d-a735-4231900d0822
Rachel-Sexton-Blonde-Mistress-Of-The-Night
8
078a14bc-41e0-4a8d-a735-4231900d0822
Rachel-Sexton-Is-Gnome-Alone-Stripping-In-The-Yard
9
078a14bc-41e0-4a8d-a735-4231900d0822
Rachel-Sexton-In-A-Crotchless-Honey-Cup
10
078a14bc-41e0-4a8d-a735-4231900d0822
Rachel-Sexton-Evil-Nurse
11
078a14bc-41e0-4a8d-a735-4231900d0822
Rachel-Sexton-Getting-Ready-For-Sex
12
078a14bc-41e0-4a8d-a735-4231900d0822
Rachel-Sexton-Purple-Thigh-Highs
13
078a14bc-41e0-4a8d-a735-4231900d0822
Rachel-Sexton-Rainbow-Brite
14
078a14bc-41e0-4a8d-a735-4231900d0822
Four-Girl-Strip-Beer-Pong-Misty-Rachel-Brooke-Avery
15
078a14bc-41e0-4a8d-a735-4231900d0822
Getting-Ready-In-The-Bathroom-With-Rachel-Sexton
16
078a14bc-41e0-4a8d-a735-4231900d0822
Rachel-Sexton-Afternoon-Drummer
17
078a14bc-41e0-4a8d-a735-4231900d0822
Skinny-Dipping-Girls-Rachel-Sexton-Misty-Gates
18
078a14bc-41e0-4a8d-a735-4231900d0822
Rachel-Sexton-Daisy-Dukes
19
078a14bc-41e0-4a8d-a735-4231900d0822
Rachel-Sexton-Thai-Massage-Zipset
20
078a14bc-41e0-4a8d-a735-4231900d0822
Domestic-Bondage-Rachel-Sexton
21
078a14bc-41e0-4a8d-a735-4231900d0822
Rachel-Sexton-Public-Stairwell-Nudity
22
078a14bc-41e0-4a8d-a735-4231900d0822
Rachel-Sexton-Catching-Some-Rays
23
078a14bc-41e0-4a8d-a735-4231900d0822
Rachel-Sexton-Teabagging-Malloy
24
078a14bc-41e0-4a8d-a735-4231900d0822
Rachel-Sexton-Forced-Orgasm-Zipset
25
078a14bc-41e0-4a8d-a735-4231900d0822
Rachel-Sexton-Nude-Rug
26
078a14bc-41e0-4a8d-a735-4231900d0822
Rachel-Sexton-Spreads-Her-Pussy-Zipset
27
078a14bc-41e0-4a8d-a735-4231900d0822
Rachel-Sexton-Pantyhose
28
078a14bc-41e0-4a8d-a735-4231900d0822
Rachel-Sexton-Misty-Gates
29
078a14bc-41e0-4a8d-a735-4231900d0822
Rachel-Sexton-Down-Home-Country-Girl
30
078a14bc-41e0-4a8d-a735-4231900d0822
Rachel-Sexton-Hot-Schoolgirl
31
078a14bc-41e0-4a8d-a735-4231900d0822
Rachel-Sexton-tearing-her-clothes-off
32
-&gt; error: Object reference not set to an instance of an object.</StdOut>
        <ErrorInfo>
          <Message>Test method PornCantina.UIAutomation.Scenarios.EpicPandaCashFeature.PopulateEpicPandaCashGalleries_RachelSexton threw exception: 
System.NullReferenceException: Object reference not set to an instance of an object.</Message>
          <StackTrace>    at PornCantina.UIAutomation.StepDefinitions.EpicPandaCashStepDefinitions.ThenIShouldCreateAnyNewModelNameEpicpandacashGalleries(String modelName) in C:\Users\TMacBlane\Documents\DevelopmentProjects\PornCantina.UIAutomation\StepDefinitions\EpicPandaCashStepDefinitions.cs:line 63
   at lambda_method(Closure , IContextManager , String )
   at TechTalk.SpecFlow.Bindings.MethodBinding.InvokeAction(IContextManager contextManager, Object[] arguments, ITestTracer testTracer, TimeSpan&amp; duration)
   at TechTalk.SpecFlow.Bindings.StepDefinitionBinding.Invoke(IContextManager contextManager, ITestTracer testTracer, Object[] arguments, TimeSpan&amp; duration)
   at TechTalk.SpecFlow.Infrastructure.TestExecutionEngine.ExecuteStepMatch(BindingMatch match, Object[] arguments)
   at TechTalk.SpecFlow.Infrastructure.TestExecutionEngine.ExecuteStep(StepArgs stepArgs)
   at TechTalk.SpecFlow.Infrastructure.TestExecutionEngine.OnAfterLastStep()
   at TechTalk.SpecFlow.TestRunner.CollectScenarioErrors()
   at PornCantina.UIAutomation.Scenarios.EpicPandaCashFeature.ScenarioCleanup() in C:\Users\TMacBlane\Documents\DevelopmentProjects\PornCantina.UIAutomation\Scenarios\EpicPandaCash.feature.cs:line 0
   at PornCantina.UIAutomation.Scenarios.EpicPandaCashFeature.PopulateEpicPandaCashGalleries(String site, String modelName, String[] exampleTags) in c:\Users\TMacBlane\Documents\DevelopmentProjects\PornCantina.UIAutomation\Scenarios\EpicPandaCash.feature:line 14
   at PornCantina.UIAutomation.Scenarios.EpicPandaCashFeature.PopulateEpicPandaCashGalleries_RachelSexton() in C:\Users\TMacBlane\Documents\DevelopmentProjects\PornCantina.UIAutomation\Scenarios\EpicPandaCash.feature.cs:line 0
</StackTrace>
        </ErrorInfo>
      </Output>
    </UnitTestResult>
    <UnitTestResult executionId="7807cd80-7e70-4410-ba3b-cb6692cddf8d" testId="7fae0b54-1d2c-0d9d-1805-b2ab2adfc550" testName="PopulateEpicPandaCashGalleries_MistyGates" computerName="FIREFLY" duration="00:00:14.4014476" startTime="2012-09-14T13:31:46.5589530-04:00" endTime="2012-09-14T13:32:00.9719530-04:00" testType="13cdc9d9-ddb5-4fa4-a97d-d965ccfc6d4b" outcome="Failed" testListId="8c84fa94-04c1-424b-9868-57a2d4851a1d" relativeResultsDirectory="7807cd80-7e70-4410-ba3b-cb6692cddf8d">
      <Output>
        <StdOut>Given I open the epicpandacash page
-&gt; done: StepDefinitions.GivenIOpenTheSpecifiedPage("epicpandacash") (4.4s)
Then I should be on the epicpandacash page
-&gt; done: StepDefinitions.IShouldBeOnTheSpecifiedPage("epicpandacash") (0.0s)
When I select Misty Gates from the site dropdown list
-&gt; done: HostedGalleriesManagerStepDefinitions.WhenISelectTheModelNameFromTheSiteDropdownList("Misty Gates") (0.5s)
And I select the All date range
-&gt; done: HostedGalleriesManagerStepDefinitions.WhenISelectTheDateRangeDateRange("All") (0.1s)
And I select the type of Pics
-&gt; done: HostedGalleriesManagerStepDefinitions.WhenISelectTheSpecifiedType("Pics") (0.1s)
And I select to display All galleries per page
-&gt; done: HostedGalleriesManagerStepDefinitions.WhenISelectToDisplaySpecifiedNumberOfGalleriesPerPage("All") (0.1s)
And I click the generate button
-&gt; done: HostedGalleriesManagerStepDefinitions.WhenIClickTheGenerateButton() (5.9s)
Then I should see the populated list of galleries
-&gt; done: HostedGalleriesManagerStepDefinitions.ThenIShouldSeeThePopulatedListOfGalleries() (0.1s)
And I should create any new Misty Gates epicpandacash galleries
51
4
5361a113-fe60-4f41-bd92-50dfe6f89910
The-New-52-DC-Reboot-Nude-Comic-Babe-Misty-Gates
5
5361a113-fe60-4f41-bd92-50dfe6f89910
Private-Wet-T-Contest-Spring-Break-Misty-Rachel-Brooke-Avery
6
5361a113-fe60-4f41-bd92-50dfe6f89910
Misty-Gates-Sex-Slave
7
5361a113-fe60-4f41-bd92-50dfe6f89910
Bailey-Knox-Fucks-Misty-Gates-Zipset
8
5361a113-fe60-4f41-bd92-50dfe6f89910
Misty-Gates-Nude-Girl-in-Cross-Fit-Gym
9
5361a113-fe60-4f41-bd92-50dfe6f89910
Misty-Gates-Watches-3D-Porn
10
5361a113-fe60-4f41-bd92-50dfe6f89910
Misty-Gates-Christmas-Wish
11
5361a113-fe60-4f41-bd92-50dfe6f89910
Misty-Gates-Naked-Ninja-Surprises-Pizza-Delivery-Guy
12
5361a113-fe60-4f41-bd92-50dfe6f89910
Misty-Gates-Fuck-Non-Nude
13
5361a113-fe60-4f41-bd92-50dfe6f89910
Misty-Gates-Wet-Tank
14
5361a113-fe60-4f41-bd92-50dfe6f89910
Misty-Gates-Flashing-On-The-Baseball-Diamond
15
5361a113-fe60-4f41-bd92-50dfe6f89910
Four-Girl-Strip-Beer-Pong-Misty-Rachel-Brooke-Avery
16
5361a113-fe60-4f41-bd92-50dfe6f89910
Misty-Gates-Clothed-Unclothed
17
5361a113-fe60-4f41-bd92-50dfe6f89910
Misty-Gates-Shows-Pink-Zipset
18
5361a113-fe60-4f41-bd92-50dfe6f89910
Misty-Gates-Pink-Bikini
19
5361a113-fe60-4f41-bd92-50dfe6f89910
In-The-Girls-Locker-Room-With-Misty-Gates
20
5361a113-fe60-4f41-bd92-50dfe6f89910
Skinny-Dipping-Girls-Rachel-Sexton-Misty-Gates
21
5361a113-fe60-4f41-bd92-50dfe6f89910
Misty-Gates-sexy-longboarder
22
5361a113-fe60-4f41-bd92-50dfe6f89910
Foot-fetish-nightmare-Misty-Gates-feet-will-eat-you-alive
23
5361a113-fe60-4f41-bd92-50dfe6f89910
Ceiling-Cat-Misty-Gates
24
5361a113-fe60-4f41-bd92-50dfe6f89910
Misty-Gates-Baby-Oil-Zipset
25
5361a113-fe60-4f41-bd92-50dfe6f89910
Misty-Gates-Les-Paul
26
5361a113-fe60-4f41-bd92-50dfe6f89910
Misty-Gates-Snuggie-Naked
27
5361a113-fe60-4f41-bd92-50dfe6f89910
Misty-Gates-Call-Of-Duty-War-Hero
28
5361a113-fe60-4f41-bd92-50dfe6f89910
Misty-Gates-Orgasm-Zipset
29
5361a113-fe60-4f41-bd92-50dfe6f89910
Rachel-Sexton-Misty-Gates
30
5361a113-fe60-4f41-bd92-50dfe6f89910
Misty-Gates-Hot-Cop
31
5361a113-fe60-4f41-bd92-50dfe6f89910
Misty-Gates-Kool-Aid-Tub
32
5361a113-fe60-4f41-bd92-50dfe6f89910
Misty-Gates-parties-at-a-tiny-dogouse
33
-&gt; error: Object reference not set to an instance of an object.</StdOut>
        <ErrorInfo>
          <Message>Test method PornCantina.UIAutomation.Scenarios.EpicPandaCashFeature.PopulateEpicPandaCashGalleries_MistyGates threw exception: 
System.NullReferenceException: Object reference not set to an instance of an object.</Message>
          <StackTrace>    at PornCantina.UIAutomation.StepDefinitions.EpicPandaCashStepDefinitions.ThenIShouldCreateAnyNewModelNameEpicpandacashGalleries(String modelName) in C:\Users\TMacBlane\Documents\DevelopmentProjects\PornCantina.UIAutomation\StepDefinitions\EpicPandaCashStepDefinitions.cs:line 63
   at lambda_method(Closure , IContextManager , String )
   at TechTalk.SpecFlow.Bindings.MethodBinding.InvokeAction(IContextManager contextManager, Object[] arguments, ITestTracer testTracer, TimeSpan&amp; duration)
   at TechTalk.SpecFlow.Bindings.StepDefinitionBinding.Invoke(IContextManager contextManager, ITestTracer testTracer, Object[] arguments, TimeSpan&amp; duration)
   at TechTalk.SpecFlow.Infrastructure.TestExecutionEngine.ExecuteStepMatch(BindingMatch match, Object[] arguments)
   at TechTalk.SpecFlow.Infrastructure.TestExecutionEngine.ExecuteStep(StepArgs stepArgs)
   at TechTalk.SpecFlow.Infrastructure.TestExecutionEngine.OnAfterLastStep()
   at TechTalk.SpecFlow.TestRunner.CollectScenarioErrors()
   at PornCantina.UIAutomation.Scenarios.EpicPandaCashFeature.ScenarioCleanup() in C:\Users\TMacBlane\Documents\DevelopmentProjects\PornCantina.UIAutomation\Scenarios\EpicPandaCash.feature.cs:line 0
   at PornCantina.UIAutomation.Scenarios.EpicPandaCashFeature.PopulateEpicPandaCashGalleries(String site, String modelName, String[] exampleTags) in c:\Users\TMacBlane\Documents\DevelopmentProjects\PornCantina.UIAutomation\Scenarios\EpicPandaCash.feature:line 14
   at PornCantina.UIAutomation.Scenarios.EpicPandaCashFeature.PopulateEpicPandaCashGalleries_MistyGates() in C:\Users\TMacBlane\Documents\DevelopmentProjects\PornCantina.UIAutomation\Scenarios\EpicPandaCash.feature.cs:line 0
</StackTrace>
        </ErrorInfo>
      </Output>
    </UnitTestResult>
    <UnitTestResult executionId="2d2a9142-febd-43ee-9b44-de970769c4ef" testId="36a18326-5378-2751-6673-68fb2102b50e" testName="PopulateEpicPandaCashGalleries_BrookeMarks" computerName="FIREFLY" duration="00:00:10.5696506" startTime="2012-09-14T13:32:00.9739530-04:00" endTime="2012-09-14T13:32:11.5519530-04:00" testType="13cdc9d9-ddb5-4fa4-a97d-d965ccfc6d4b" outcome="Failed" testListId="8c84fa94-04c1-424b-9868-57a2d4851a1d" relativeResultsDirectory="2d2a9142-febd-43ee-9b44-de970769c4ef">
      <Output>
        <StdOut>Given I open the epicpandacash page
-&gt; done: StepDefinitions.GivenIOpenTheSpecifiedPage("epicpandacash") (4.2s)
Then I should be on the epicpandacash page
-&gt; done: StepDefinitions.IShouldBeOnTheSpecifiedPage("epicpandacash") (0.0s)
When I select Brooke Marks from the site dropdown list
-&gt; done: HostedGalleriesManagerStepDefinitions.WhenISelectTheModelNameFromTheSiteDropdownList("Brooke Marks") (0.3s)
And I select the All date range
-&gt; done: HostedGalleriesManagerStepDefinitions.WhenISelectTheDateRangeDateRange("All") (0.1s)
And I select the type of Pics
-&gt; done: HostedGalleriesManagerStepDefinitions.WhenISelectTheSpecifiedType("Pics") (0.2s)
And I select to display All galleries per page
-&gt; done: HostedGalleriesManagerStepDefinitions.WhenISelectToDisplaySpecifiedNumberOfGalleriesPerPage("All") (0.1s)
And I click the generate button
-&gt; done: HostedGalleriesManagerStepDefinitions.WhenIClickTheGenerateButton() (2.3s)
Then I should see the populated list of galleries
-&gt; done: HostedGalleriesManagerStepDefinitions.ThenIShouldSeeThePopulatedListOfGalleries() (0.0s)
And I should create any new Brooke Marks epicpandacash galleries
58
4
9f9cf8ec-6dda-486c-8d74-b08780e31956
Brooke-Marks-Naked-On-The-Stairs
5
9f9cf8ec-6dda-486c-8d74-b08780e31956
Brooke-Marks-Bare-Bubbles-Zipset
6
9f9cf8ec-6dda-486c-8d74-b08780e31956
Private-Wet-T-Contest-Spring-Break-Misty-Rachel-Brooke-Avery
7
9f9cf8ec-6dda-486c-8d74-b08780e31956
Brooke-Marks-68-You-Owe-Me-One
8
9f9cf8ec-6dda-486c-8d74-b08780e31956
Brooke-Marks-Private-School-Girl
9
9f9cf8ec-6dda-486c-8d74-b08780e31956
Brooke-Marks-Star-Wars-Babe
10
9f9cf8ec-6dda-486c-8d74-b08780e31956
Brooke-Marks-Beer-Me
11
9f9cf8ec-6dda-486c-8d74-b08780e31956
Brooke-Marks-Worlds-Smallest-Bikini-Zipset
12
9f9cf8ec-6dda-486c-8d74-b08780e31956
Brooke-Marks-Naughtiest-School-Girl
13
9f9cf8ec-6dda-486c-8d74-b08780e31956
Brooke-Marks-Midori-West-Bailey-Knox-Three-Angels
14
9f9cf8ec-6dda-486c-8d74-b08780e31956
Brooke-Marks-Shaves-The-Kitty-Zipset
15
9f9cf8ec-6dda-486c-8d74-b08780e31956
Brooke-Marks-Closet-Devil
16
9f9cf8ec-6dda-486c-8d74-b08780e31956
Brooke-Marks-Is-A-Heartbreaker
17
9f9cf8ec-6dda-486c-8d74-b08780e31956
Four-Girl-Strip-Beer-Pong-Misty-Rachel-Brooke-Avery
18
9f9cf8ec-6dda-486c-8d74-b08780e31956
Brooke-Marks-Tear-Drop-Mini-Bikini
19
9f9cf8ec-6dda-486c-8d74-b08780e31956
Brooke-Marks-Shredded-Daisies
20
9f9cf8ec-6dda-486c-8d74-b08780e31956
Brooke-Marks-Wet-Wild-Zipset
21
9f9cf8ec-6dda-486c-8d74-b08780e31956
Brooke-Marks-Secretary-On-Lunch-Break
22
9f9cf8ec-6dda-486c-8d74-b08780e31956
Brooke-Cat-Suit
23
9f9cf8ec-6dda-486c-8d74-b08780e31956
Stockings-And-Heels-Brooke-Marks
24
9f9cf8ec-6dda-486c-8d74-b08780e31956
Brooke-Marks-Game-Room
25
9f9cf8ec-6dda-486c-8d74-b08780e31956
Brooke-Marks-See-Through-Party-Top
26
9f9cf8ec-6dda-486c-8d74-b08780e31956
Brooke-Marks-Sheer-Top-Zipset
27
9f9cf8ec-6dda-486c-8d74-b08780e31956
Brooke-Marks-Misty-Plastic-Wrap-Bikinis
28
9f9cf8ec-6dda-486c-8d74-b08780e31956
Brooke-Marks-Cheerleader-Candids
29
9f9cf8ec-6dda-486c-8d74-b08780e31956
Brooke-Marks-America-Fuck-Yeah
30
9f9cf8ec-6dda-486c-8d74-b08780e31956
Brooke-Marks-Naked-Bath
31
9f9cf8ec-6dda-486c-8d74-b08780e31956
Brooke-Marks-Titty-Pasties
32
9f9cf8ec-6dda-486c-8d74-b08780e31956
Brooke-Marks-Revealing-Cut-Off-Tank-Top
33
-&gt; error: Object reference not set to an instance of an object.</StdOut>
        <ErrorInfo>
          <Message>Test method PornCantina.UIAutomation.Scenarios.EpicPandaCashFeature.PopulateEpicPandaCashGalleries_BrookeMarks threw exception: 
System.NullReferenceException: Object reference not set to an instance of an object.</Message>
          <StackTrace>    at PornCantina.UIAutomation.StepDefinitions.EpicPandaCashStepDefinitions.ThenIShouldCreateAnyNewModelNameEpicpandacashGalleries(String modelName) in C:\Users\TMacBlane\Documents\DevelopmentProjects\PornCantina.UIAutomation\StepDefinitions\EpicPandaCashStepDefinitions.cs:line 63
   at lambda_method(Closure , IContextManager , String )
   at TechTalk.SpecFlow.Bindings.MethodBinding.InvokeAction(IContextManager contextManager, Object[] arguments, ITestTracer testTracer, TimeSpan&amp; duration)
   at TechTalk.SpecFlow.Bindings.StepDefinitionBinding.Invoke(IContextManager contextManager, ITestTracer testTracer, Object[] arguments, TimeSpan&amp; duration)
   at TechTalk.SpecFlow.Infrastructure.TestExecutionEngine.ExecuteStepMatch(BindingMatch match, Object[] arguments)
   at TechTalk.SpecFlow.Infrastructure.TestExecutionEngine.ExecuteStep(StepArgs stepArgs)
   at TechTalk.SpecFlow.Infrastructure.TestExecutionEngine.OnAfterLastStep()
   at TechTalk.SpecFlow.TestRunner.CollectScenarioErrors()
   at PornCantina.UIAutomation.Scenarios.EpicPandaCashFeature.ScenarioCleanup() in C:\Users\TMacBlane\Documents\DevelopmentProjects\PornCantina.UIAutomation\Scenarios\EpicPandaCash.feature.cs:line 0
   at PornCantina.UIAutomation.Scenarios.EpicPandaCashFeature.PopulateEpicPandaCashGalleries(String site, String modelName, String[] exampleTags) in c:\Users\TMacBlane\Documents\DevelopmentProjects\PornCantina.UIAutomation\Scenarios\EpicPandaCash.feature:line 14
   at PornCantina.UIAutomation.Scenarios.EpicPandaCashFeature.PopulateEpicPandaCashGalleries_BrookeMarks() in C:\Users\TMacBlane\Documents\DevelopmentProjects\PornCantina.UIAutomation\Scenarios\EpicPandaCash.feature.cs:line 0
</StackTrace>
        </ErrorInfo>
      </Output>
    </UnitTestResult>
    <UnitTestResult executionId="ef79475e-48aa-4b29-9a61-69c4ef7e74b7" testId="d0390afa-4a21-297c-771f-2a8050db7de4" testName="PopulateEpicPandaCashGalleries_PartyAll_Star" computerName="FIREFLY" duration="00:00:10.5079982" startTime="2012-09-14T13:32:11.5549530-04:00" endTime="2012-09-14T13:32:22.0779530-04:00" testType="13cdc9d9-ddb5-4fa4-a97d-d965ccfc6d4b" outcome="Passed" testListId="8c84fa94-04c1-424b-9868-57a2d4851a1d" relativeResultsDirectory="ef79475e-48aa-4b29-9a61-69c4ef7e74b7">
      <Output>
        <StdOut>Given I open the epicpandacash page
-&gt; done: StepDefinitions.GivenIOpenTheSpecifiedPage("epicpandacash") (5.3s)
Then I should be on the epicpandacash page
-&gt; done: StepDefinitions.IShouldBeOnTheSpecifiedPage("epicpandacash") (0.0s)
When I select Party All-Star from the site dropdown list
-&gt; done: HostedGalleriesManagerStepDefinitions.WhenISelectTheModelNameFromTheSiteDropdownList("Party All-Star") (0.5s)
And I select the All date range
-&gt; done: HostedGalleriesManagerStepDefinitions.WhenISelectTheDateRangeDateRange("All") (0.1s)
And I select the type of Pics
-&gt; done: HostedGalleriesManagerStepDefinitions.WhenISelectTheSpecifiedType("Pics") (0.2s)
And I select to display All galleries per page
-&gt; done: HostedGalleriesManagerStepDefinitions.WhenISelectToDisplaySpecifiedNumberOfGalleriesPerPage("All") (0.1s)
And I click the generate button
-&gt; done: HostedGalleriesManagerStepDefinitions.WhenIClickTheGenerateButton() (1.3s)
Then I should see the populated list of galleries
-&gt; done: HostedGalleriesManagerStepDefinitions.ThenIShouldSeeThePopulatedListOfGalleries() (0.0s)
And I should create any new Party All-Star epicpandacash galleries
32
4
a2b650a0-469d-4018-a0db-f473c8f37067
Sidney-Party-All-Star-Fitness-Babe-Toned-Athletic-Beauty
5
a2b650a0-469d-4018-a0db-f473c8f37067
Private-Wet-T-Contest-Spring-Break-Misty-Rachel-Brooke-Avery
6
a2b650a0-469d-4018-a0db-f473c8f37067
Christine-Party-All-Star-Zipset
7
a2b650a0-469d-4018-a0db-f473c8f37067
Jenny-B-Is-Perfect-Party-All-Star
8
a2b650a0-469d-4018-a0db-f473c8f37067
Shayla-Party-All-Star-Beach
9
a2b650a0-469d-4018-a0db-f473c8f37067
Avery-Sex-Kitten-party-all-star
10
a2b650a0-469d-4018-a0db-f473c8f37067
Party-All-Star-Zipset-Tiffany-shaved-sporty-and-flexible
11
a2b650a0-469d-4018-a0db-f473c8f37067
Madison-Sheer-Beauty-On-The-Stairs
12
a2b650a0-469d-4018-a0db-f473c8f37067
Angel-And-Jenny-Perfect-Together-Party-All-Star
13
a2b650a0-469d-4018-a0db-f473c8f37067
Avery-Party-All-Star-Swim-At-Your-Own-Risk
14
a2b650a0-469d-4018-a0db-f473c8f37067
Christine-hot-asian-babe-tanning-in-pasties
15
a2b650a0-469d-4018-a0db-f473c8f37067
Four-Girl-Strip-Beer-Pong-Misty-Rachel-Brooke-Avery
16
a2b650a0-469d-4018-a0db-f473c8f37067
Madison-Lollipop-Party-All-Star
17
a2b650a0-469d-4018-a0db-f473c8f37067
Avery-Spooky-Horror-Movie-Temptress-From-The-Woods
18
a2b650a0-469d-4018-a0db-f473c8f37067
Veronica-Topless-Zipset
19
a2b650a0-469d-4018-a0db-f473c8f37067
Charlie-Topless-Zipset
20
a2b650a0-469d-4018-a0db-f473c8f37067
Party-All-Star-Wet-Shirt-Contest
21
a2b650a0-469d-4018-a0db-f473c8f37067
Avery-Naked-In-The-Hot-Tub
22
a2b650a0-469d-4018-a0db-f473c8f37067
Kellie-Naked-zipset
23
a2b650a0-469d-4018-a0db-f473c8f37067
Bailey-stripping-on-the-party-cabin-porch
24
a2b650a0-469d-4018-a0db-f473c8f37067
Charlie-party-all-star-snacking-on-tunes
25
a2b650a0-469d-4018-a0db-f473c8f37067
Veronica-in-leopard-lingerie-stripping-on-porch
26
a2b650a0-469d-4018-a0db-f473c8f37067
Bailey-party-all-star-condo-bar
27
a2b650a0-469d-4018-a0db-f473c8f37067
shayla-party-all-star-blue-micro-bikini-on-beach
28
a2b650a0-469d-4018-a0db-f473c8f37067
party-all-star-hot-tub-avery-bailey-veronica
29
a2b650a0-469d-4018-a0db-f473c8f37067
Avery-super-girl-party-all-star
30
a2b650a0-469d-4018-a0db-f473c8f37067
Bailey-party-all-star-red-bikini-and-star-pasties
31
a2b650a0-469d-4018-a0db-f473c8f37067
tanning-bed-stripping-Charlie-party-all-star
32
a2b650a0-469d-4018-a0db-f473c8f37067
kellie-party-all-star-blue-retro-nintendo
-&gt; done: EpicPandaCashStepDefinitions.ThenIShouldCreateAnyNewModelNameEpicpandacashGalleries("Party All-Star") (1.9s)</StdOut>
      </Output>
    </UnitTestResult>
    <UnitTestResult executionId="373861bc-e71a-472e-9266-f86000bbb831" testId="e1e0aada-64a3-6d63-9035-77bad23b408c" testName="PopulateEpicPandaCashGalleries_CarlottaChampagne" computerName="FIREFLY" duration="00:00:09.7501028" startTime="2012-09-14T13:32:22.0829530-04:00" endTime="2012-09-14T13:32:31.8379530-04:00" testType="13cdc9d9-ddb5-4fa4-a97d-d965ccfc6d4b" outcome="Passed" testListId="8c84fa94-04c1-424b-9868-57a2d4851a1d" relativeResultsDirectory="373861bc-e71a-472e-9266-f86000bbb831">
      <Output>
        <StdOut>Given I open the epicpandacash page
-&gt; done: StepDefinitions.GivenIOpenTheSpecifiedPage("epicpandacash") (4.3s)
Then I should be on the epicpandacash page
-&gt; done: StepDefinitions.IShouldBeOnTheSpecifiedPage("epicpandacash") (0.0s)
When I select Carlotta Champagne from the site dropdown list
-&gt; done: HostedGalleriesManagerStepDefinitions.WhenISelectTheModelNameFromTheSiteDropdownList("Carlotta Champagne") (0.3s)
And I select the All date range
-&gt; done: HostedGalleriesManagerStepDefinitions.WhenISelectTheDateRangeDateRange("All") (0.1s)
And I select the type of Pics
-&gt; done: HostedGalleriesManagerStepDefinitions.WhenISelectTheSpecifiedType("Pics") (0.2s)
And I select to display All galleries per page
-&gt; done: HostedGalleriesManagerStepDefinitions.WhenISelectToDisplaySpecifiedNumberOfGalleriesPerPage("All") (0.1s)
And I click the generate button
-&gt; done: HostedGalleriesManagerStepDefinitions.WhenIClickTheGenerateButton() (2.1s)
Then I should see the populated list of galleries
-&gt; done: HostedGalleriesManagerStepDefinitions.ThenIShouldSeeThePopulatedListOfGalleries() (0.1s)
And I should create any new Carlotta Champagne epicpandacash galleries
25
4
704cc119-d31f-4f10-9f93-bd8a066bc687
Carlotta-Champagne-Slave-Leia
5
704cc119-d31f-4f10-9f93-bd8a066bc687
Carlotta-Champagne-Dirty-Lapdance-Zipset
6
704cc119-d31f-4f10-9f93-bd8a066bc687
Carlotta-Champagne-Red-Leather
7
704cc119-d31f-4f10-9f93-bd8a066bc687
Carlotta-Champagne-Private-Iphone-Naked-Pics-Stolen-From-Her-Hacked-Phone
8
704cc119-d31f-4f10-9f93-bd8a066bc687
Carlotta-Champagne-Clear-Bikini-On-The-Home-Stripper-Pole
9
704cc119-d31f-4f10-9f93-bd8a066bc687
Carlotta-Champagne-Christmas-Go-Go
10
704cc119-d31f-4f10-9f93-bd8a066bc687
Leeloo-Dallas-Multipass-5th-Element-Carlotta-Champagne
11
704cc119-d31f-4f10-9f93-bd8a066bc687
Carlotta-Champagne-First-Time-With-Shaved-Pussy-Zipset
12
704cc119-d31f-4f10-9f93-bd8a066bc687
Carlotta-Champagne-Climbing-The-Rope-In-Gym-Class-Naked
13
704cc119-d31f-4f10-9f93-bd8a066bc687
Carlotta-Ga-Ga-Returns
14
704cc119-d31f-4f10-9f93-bd8a066bc687
Carlotta-Champagne-Double-The-Pussy-Zipset
15
704cc119-d31f-4f10-9f93-bd8a066bc687
Carlotta-Champagne-Is-Harley-Quinn
16
704cc119-d31f-4f10-9f93-bd8a066bc687
Carlotta-Champagne-Shower-And-Latex
17
704cc119-d31f-4f10-9f93-bd8a066bc687
Carlotta-Champagne-School-Girl
18
704cc119-d31f-4f10-9f93-bd8a066bc687
Carlotta-Champagne-Ga-Ga
19
704cc119-d31f-4f10-9f93-bd8a066bc687
Carlotta-Champagne-Naughty-Zipset
20
704cc119-d31f-4f10-9f93-bd8a066bc687
Carlotta-Champagne-Crunk
21
704cc119-d31f-4f10-9f93-bd8a066bc687
Carlotta-Champagne-Baby-Pool
22
704cc119-d31f-4f10-9f93-bd8a066bc687
Carlotta-Champagne-Sweeping-Up-In-A-Sundress
23
704cc119-d31f-4f10-9f93-bd8a066bc687
Carlotta-Champagne-Public-Beach-Nudity
24
704cc119-d31f-4f10-9f93-bd8a066bc687
Carlotta-Champagne-Wonder-Woman
25
704cc119-d31f-4f10-9f93-bd8a066bc687
Carlotta-Champagne-Naughty-Fruit-Loving
-&gt; done: EpicPandaCashStepDefinitions.ThenIShouldCreateAnyNewModelNameEpicpandacashGalleries("Carlotta Champagne") (1.4s)</StdOut>
      </Output>
    </UnitTestResult>
  </Results>
</TestRun>