<?xml version="1.0" encoding="UTF-8"?>
<TestRun id="0e4fd188-dcdb-47eb-b7f3-bc5a5c63afe4" name="TMacBlane@FIREFLY 2012-11-08 11:05:31" runUser="Firefly\TMacBlane" xmlns="http://microsoft.com/schemas/VisualStudio/TeamTest/2010">
  <TestSettings name="Default Test Settings" id="500cec8d-8e4a-4a42-bd92-e879cd0b14ea">
    <Deployment runDeploymentRoot="TMacBlane_FIREFLY 2012-11-08 11_05_31">
      <DeploymentItem filename="C:\Users\TMacBlane\Documents\DevelopmentProjects\AutomationFramework\bin\Debug\AutomationFramework.dll" />
      <DeploymentItem filename="C:\Users\TMacBlane\Documents\DevelopmentProjects\PornCantina\packages\Microsoft.AspNet.WebPages.2.0.20710.0\lib\net40\System.Web.WebPages.Deployment.dll" />
      <DeploymentItem filename="C:\Users\TMacBlane\Documents\DevelopmentProjects\PornCantina\PornCantina\bin\PornCantina.dll" />
      <DeploymentItem filename="C:\Users\TMacBlane\Documents\DevelopmentProjects\PornCantina\packages\Microsoft.AspNet.Mvc.4.0.20505.0\lib\net40\System.Web.Mvc.dll" />
      <DeploymentItem filename="C:\Users\TMacBlane\Documents\DevelopmentProjects\PornCantina\packages\Selenium.WebDriver.2.26.0\lib\net40\WebDriver.dll" />
      <DeploymentItem filename="C:\Users\TMacBlane\Documents\DevelopmentProjects\PornCantina\packages\Microsoft.AspNet.WebPages.2.0.20710.0\lib\net40\System.Web.Helpers.dll" />
      <DeploymentItem filename="C:\Users\TMacBlane\Documents\DevelopmentProjects\PornCantina\packages\Selenium.Support.2.26.0\lib\net40\WebDriver.Support.dll" />
      <DeploymentItem filename="C:\Users\TMacBlane\Documents\DevelopmentProjects\PornCantina\packages\Microsoft.AspNet.WebPages.2.0.20710.0\lib\net40\System.Web.WebPages.dll" />
      <DeploymentItem filename="C:\Users\TMacBlane\Documents\DevelopmentProjects\PornCantina\packages\Microsoft.Web.Infrastructure.1.0.0.0\lib\net40\Microsoft.Web.Infrastructure.dll" />
      <DeploymentItem filename="C:\Users\TMacBlane\Documents\DevelopmentProjects\PornCantina\packages\Microsoft.AspNet.WebPages.2.0.20710.0\lib\net40\System.Web.WebPages.Razor.dll" />
      <DeploymentItem filename="C:\Users\TMacBlane\Documents\DevelopmentProjects\PornCantina\packages\Microsoft.AspNet.Razor.2.0.20710.0\lib\net40\System.Web.Razor.dll" />
      <DeploymentItem filename="C:\Users\TMacBlane\Documents\DevelopmentProjects\PornCantina.UIAutomation\bin\Debug\Castle.Core.dll" />
      <DeploymentItem filename="C:\Users\TMacBlane\Documents\DevelopmentProjects\PornCantina\packages\SpecFlow.1.9.0\lib\net35\TechTalk.SpecFlow.dll" />
    </Deployment>
    <Execution>
      <TestTypeSpecific />
      <AgentRule name="Execution Agents">
      </AgentRule>
    </Execution>
  </TestSettings>
  <Times creation="2012-11-08T11:05:31.9610000-05:00" queuing="2012-11-08T11:05:35.1350000-05:00" start="2012-11-08T11:05:35.3440000-05:00" finish="2012-11-08T11:08:17.5230000-05:00" />
  <ResultSummary outcome="Aborted">
    <Counters total="51" executed="1" error="0" failed="0" timeout="0" aborted="1" inconclusive="0" passedButRunAborted="0" notRunnable="0" notExecuted="50" disconnected="0" warning="0" passed="0" completed="0" inProgress="0" pending="0" />
  </ResultSummary>
  <TestDefinitions>
    <UnitTest name="PopulatePacinoCashGalleries_MadisonLain" storage="c:\users\tmacblane\documents\developmentprojects\porncantina.uiautomation\bin\debug\porncantina.uiautomation.dll" id="0e293ab0-9375-e2a4-2482-49fbaa7ebeb7">
      <Description>Populate PacinoCash Galleries</Description>
      <Execution id="94441047-ea6f-44c1-af41-c4e1d1e5bfe2" />
      <Properties>
        <Property>
          <Key>FeatureTitle</Key>
          <Value>PacinoCash</Value>
        </Property>
        <Property>
          <Key>VariantName</Key>
          <Value>Madison Lain</Value>
        </Property>
        <Property>
          <Key>Parameter:type</Key>
          <Value>Nude</Value>
        </Property>
        <Property>
          <Key>Parameter:modelName</Key>
          <Value>Madison Lain</Value>
        </Property>
      </Properties>
      <TestMethod codeBase="C:/Users/TMacBlane/Documents/DevelopmentProjects/PornCantina.UIAutomation/bin/Debug/PornCantina.UIAutomation.DLL" adapterTypeName="Microsoft.VisualStudio.TestTools.TestTypes.Unit.UnitTestAdapter, Microsoft.VisualStudio.QualityTools.Tips.UnitTest.Adapter, Version=10.0.0.0, Culture=neutral, PublicKeyToken=b03f5f7f11d50a3a" className="PornCantina.UIAutomation.Scenarios.PacinoCashFeature, PornCantina.UIAutomation, Version=1.0.0.0, Culture=neutral, PublicKeyToken=null" name="PopulatePacinoCashGalleries_MadisonLain" />
    </UnitTest>
    <UnitTest name="PopulateBellaCashGalleries_HunterLeigh" storage="c:\users\tmacblane\documents\developmentprojects\porncantina.uiautomation\bin\debug\porncantina.uiautomation.dll" id="ec2c6f0a-2450-dc25-0d39-ade2ab07c845">
      <Description>Populate BellaCash Galleries</Description>
      <Execution id="3cc06a30-fc23-48de-8161-2edf1c53e835" />
      <Properties>
        <Property>
          <Key>FeatureTitle</Key>
          <Value>BellaCash</Value>
        </Property>
        <Property>
          <Key>VariantName</Key>
          <Value>Hunter Leigh</Value>
        </Property>
        <Property>
          <Key>Parameter:modelName</Key>
          <Value>Hunter Leigh</Value>
        </Property>
      </Properties>
      <TestMethod codeBase="C:/Users/TMacBlane/Documents/DevelopmentProjects/PornCantina.UIAutomation/bin/Debug/PornCantina.UIAutomation.DLL" adapterTypeName="Microsoft.VisualStudio.TestTools.TestTypes.Unit.UnitTestAdapter, Microsoft.VisualStudio.QualityTools.Tips.UnitTest.Adapter, Version=10.0.0.0, Culture=neutral, PublicKeyToken=b03f5f7f11d50a3a" className="PornCantina.UIAutomation.Scenarios.BellaCashFeature, PornCantina.UIAutomation, Version=1.0.0.0, Culture=neutral, PublicKeyToken=null" name="PopulateBellaCashGalleries_HunterLeigh" />
    </UnitTest>
    <UnitTest name="PopulateLatinTeenCashGalleries_PamelaSpice" storage="c:\users\tmacblane\documents\developmentprojects\porncantina.uiautomation\bin\debug\porncantina.uiautomation.dll" id="13e1a459-1c49-3ad3-1408-a2fc2bd5bb3a">
      <Description>Populate LatinTeenCash Galleries</Description>
      <Execution id="6060daaf-4e62-4563-a93f-ab28825752f9" />
      <Properties>
        <Property>
          <Key>FeatureTitle</Key>
          <Value>LatinTeenCash</Value>
        </Property>
        <Property>
          <Key>VariantName</Key>
          <Value>Pamela Spice</Value>
        </Property>
        <Property>
          <Key>Parameter:type</Key>
          <Value>Nude</Value>
        </Property>
        <Property>
          <Key>Parameter:modelName</Key>
          <Value>Pamela Spice</Value>
        </Property>
      </Properties>
      <TestMethod codeBase="C:/Users/TMacBlane/Documents/DevelopmentProjects/PornCantina.UIAutomation/bin/Debug/PornCantina.UIAutomation.DLL" adapterTypeName="Microsoft.VisualStudio.TestTools.TestTypes.Unit.UnitTestAdapter, Microsoft.VisualStudio.QualityTools.Tips.UnitTest.Adapter, Version=10.0.0.0, Culture=neutral, PublicKeyToken=b03f5f7f11d50a3a" className="PornCantina.UIAutomation.Scenarios.LatinTeenCashFeature, PornCantina.UIAutomation, Version=1.0.0.0, Culture=neutral, PublicKeyToken=null" name="PopulateLatinTeenCashGalleries_PamelaSpice" />
    </UnitTest>
    <UnitTest name="PopulatePinkVelvetVaultGalleries_LynnPops_Com" storage="c:\users\tmacblane\documents\developmentprojects\porncantina.uiautomation\bin\debug\porncantina.uiautomation.dll" id="70329624-f7cc-6664-b631-4cc70d51a00f">
      <Description>Populate PinkVelvetVault Galleries</Description>
      <Execution id="2901eec5-c2fc-4f2a-a2eb-eee99561388d" />
      <Properties>
        <Property>
          <Key>FeatureTitle</Key>
          <Value>PinkVelvetVault</Value>
        </Property>
        <Property>
          <Key>VariantName</Key>
          <Value>LynnPops.com</Value>
        </Property>
        <Property>
          <Key>Parameter:site</Key>
          <Value>LynnPops.com</Value>
        </Property>
        <Property>
          <Key>Parameter:modelName</Key>
          <Value>Lynn Pops</Value>
        </Property>
      </Properties>
      <TestMethod codeBase="C:/Users/TMacBlane/Documents/DevelopmentProjects/PornCantina.UIAutomation/bin/Debug/PornCantina.UIAutomation.DLL" adapterTypeName="Microsoft.VisualStudio.TestTools.TestTypes.Unit.UnitTestAdapter, Microsoft.VisualStudio.QualityTools.Tips.UnitTest.Adapter, Version=10.0.0.0, Culture=neutral, PublicKeyToken=b03f5f7f11d50a3a" className="PornCantina.UIAutomation.Scenarios.PinkVelvetVaultFeature, PornCantina.UIAutomation, Version=1.0.0.0, Culture=neutral, PublicKeyToken=null" name="PopulatePinkVelvetVaultGalleries_LynnPops_Com" />
    </UnitTest>
    <UnitTest name="PopulatePinkVelvetVaultGalleries_BellaXOXO_Com" storage="c:\users\tmacblane\documents\developmentprojects\porncantina.uiautomation\bin\debug\porncantina.uiautomation.dll" id="330e0218-b1c3-0599-b86f-bb99241a385f">
      <Description>Populate PinkVelvetVault Galleries</Description>
      <Execution id="657b4f47-0f50-4c99-9e6d-c470fc25320d" />
      <Properties>
        <Property>
          <Key>FeatureTitle</Key>
          <Value>PinkVelvetVault</Value>
        </Property>
        <Property>
          <Key>VariantName</Key>
          <Value>BellaXOXO.com</Value>
        </Property>
        <Property>
          <Key>Parameter:site</Key>
          <Value>BellaXOXO.com</Value>
        </Property>
        <Property>
          <Key>Parameter:modelName</Key>
          <Value>Bella XOXO</Value>
        </Property>
      </Properties>
      <TestMethod codeBase="C:/Users/TMacBlane/Documents/DevelopmentProjects/PornCantina.UIAutomation/bin/Debug/PornCantina.UIAutomation.DLL" adapterTypeName="Microsoft.VisualStudio.TestTools.TestTypes.Unit.UnitTestAdapter, Microsoft.VisualStudio.QualityTools.Tips.UnitTest.Adapter, Version=10.0.0.0, Culture=neutral, PublicKeyToken=b03f5f7f11d50a3a" className="PornCantina.UIAutomation.Scenarios.PinkVelvetVaultFeature, PornCantina.UIAutomation, Version=1.0.0.0, Culture=neutral, PublicKeyToken=null" name="PopulatePinkVelvetVaultGalleries_BellaXOXO_Com" />
    </UnitTest>
    <UnitTest name="PopulateEpicPandaCashGalleries_MidoriWest" storage="c:\users\tmacblane\documents\developmentprojects\porncantina.uiautomation\bin\debug\porncantina.uiautomation.dll" id="746ca17d-0c95-55f7-2444-fcda2e970d75">
      <Description>Populate EpicPandaCash Galleries</Description>
      <Execution id="58eac84a-e5f1-4c6e-aad7-ae83028ebdad" />
      <Properties>
        <Property>
          <Key>FeatureTitle</Key>
          <Value>EpicPandaCash</Value>
        </Property>
        <Property>
          <Key>VariantName</Key>
          <Value>Midori West</Value>
        </Property>
        <Property>
          <Key>Parameter:site</Key>
          <Value>Midori West</Value>
        </Property>
        <Property>
          <Key>Parameter:modelName</Key>
          <Value>Midori West</Value>
        </Property>
      </Properties>
      <TestMethod codeBase="C:/Users/TMacBlane/Documents/DevelopmentProjects/PornCantina.UIAutomation/bin/Debug/PornCantina.UIAutomation.DLL" adapterTypeName="Microsoft.VisualStudio.TestTools.TestTypes.Unit.UnitTestAdapter, Microsoft.VisualStudio.QualityTools.Tips.UnitTest.Adapter, Version=10.0.0.0, Culture=neutral, PublicKeyToken=b03f5f7f11d50a3a" className="PornCantina.UIAutomation.Scenarios.EpicPandaCashFeature, PornCantina.UIAutomation, Version=1.0.0.0, Culture=neutral, PublicKeyToken=null" name="PopulateEpicPandaCashGalleries_MidoriWest" />
    </UnitTest>
    <UnitTest name="PopulatePinkVelvetVaultGalleries_RadiantDesire_Com" storage="c:\users\tmacblane\documents\developmentprojects\porncantina.uiautomation\bin\debug\porncantina.uiautomation.dll" id="6ab30983-7e28-5632-d87f-2957844134d4">
      <Description>Populate PinkVelvetVault Galleries</Description>
      <Execution id="53894ae9-8b8d-452a-a26d-0713b86e7c49" />
      <Properties>
        <Property>
          <Key>FeatureTitle</Key>
          <Value>PinkVelvetVault</Value>
        </Property>
        <Property>
          <Key>VariantName</Key>
          <Value>RadiantDesire.com</Value>
        </Property>
        <Property>
          <Key>Parameter:site</Key>
          <Value>RadiantDesire.com</Value>
        </Property>
        <Property>
          <Key>Parameter:modelName</Key>
          <Value>Radiant Desire</Value>
        </Property>
      </Properties>
      <TestMethod codeBase="C:/Users/TMacBlane/Documents/DevelopmentProjects/PornCantina.UIAutomation/bin/Debug/PornCantina.UIAutomation.DLL" adapterTypeName="Microsoft.VisualStudio.TestTools.TestTypes.Unit.UnitTestAdapter, Microsoft.VisualStudio.QualityTools.Tips.UnitTest.Adapter, Version=10.0.0.0, Culture=neutral, PublicKeyToken=b03f5f7f11d50a3a" className="PornCantina.UIAutomation.Scenarios.PinkVelvetVaultFeature, PornCantina.UIAutomation, Version=1.0.0.0, Culture=neutral, PublicKeyToken=null" name="PopulatePinkVelvetVaultGalleries_RadiantDesire_Com" />
    </UnitTest>
    <UnitTest name="PopulateEpicPandaCashGalleries_MistyGates" storage="c:\users\tmacblane\documents\developmentprojects\porncantina.uiautomation\bin\debug\porncantina.uiautomation.dll" id="7fae0b54-1d2c-0d9d-1805-b2ab2adfc550">
      <Description>Populate EpicPandaCash Galleries</Description>
      <Execution id="d9a34596-1f1b-4915-87e0-cceef44239b8" />
      <Properties>
        <Property>
          <Key>FeatureTitle</Key>
          <Value>EpicPandaCash</Value>
        </Property>
        <Property>
          <Key>VariantName</Key>
          <Value>Misty Gates</Value>
        </Property>
        <Property>
          <Key>Parameter:site</Key>
          <Value>Misty Gates</Value>
        </Property>
        <Property>
          <Key>Parameter:modelName</Key>
          <Value>Misty Gates</Value>
        </Property>
      </Properties>
      <TestMethod codeBase="C:/Users/TMacBlane/Documents/DevelopmentProjects/PornCantina.UIAutomation/bin/Debug/PornCantina.UIAutomation.DLL" adapterTypeName="Microsoft.VisualStudio.TestTools.TestTypes.Unit.UnitTestAdapter, Microsoft.VisualStudio.QualityTools.Tips.UnitTest.Adapter, Version=10.0.0.0, Culture=neutral, PublicKeyToken=b03f5f7f11d50a3a" className="PornCantina.UIAutomation.Scenarios.EpicPandaCashFeature, PornCantina.UIAutomation, Version=1.0.0.0, Culture=neutral, PublicKeyToken=null" name="PopulateEpicPandaCashGalleries_MistyGates" />
    </UnitTest>
    <UnitTest name="PopulateLatinTeenCashGalleries_KarlaSpice" storage="c:\users\tmacblane\documents\developmentprojects\porncantina.uiautomation\bin\debug\porncantina.uiautomation.dll" id="732e0271-3646-904e-0de5-cd01a1e05c83">
      <Description>Populate LatinTeenCash Galleries</Description>
      <Execution id="bf0d0311-2c15-4f06-8b46-15e1f36d5ee9" />
      <Properties>
        <Property>
          <Key>FeatureTitle</Key>
          <Value>LatinTeenCash</Value>
        </Property>
        <Property>
          <Key>VariantName</Key>
          <Value>Karla Spice</Value>
        </Property>
        <Property>
          <Key>Parameter:type</Key>
          <Value>Non-Nude</Value>
        </Property>
        <Property>
          <Key>Parameter:modelName</Key>
          <Value>Karla Spice</Value>
        </Property>
      </Properties>
      <TestMethod codeBase="C:/Users/TMacBlane/Documents/DevelopmentProjects/PornCantina.UIAutomation/bin/Debug/PornCantina.UIAutomation.DLL" adapterTypeName="Microsoft.VisualStudio.TestTools.TestTypes.Unit.UnitTestAdapter, Microsoft.VisualStudio.QualityTools.Tips.UnitTest.Adapter, Version=10.0.0.0, Culture=neutral, PublicKeyToken=b03f5f7f11d50a3a" className="PornCantina.UIAutomation.Scenarios.LatinTeenCashFeature, PornCantina.UIAutomation, Version=1.0.0.0, Culture=neutral, PublicKeyToken=null" name="PopulateLatinTeenCashGalleries_KarlaSpice" />
    </UnitTest>
    <UnitTest name="PopulatePacinoCashGalleries_TaylorLain" storage="c:\users\tmacblane\documents\developmentprojects\porncantina.uiautomation\bin\debug\porncantina.uiautomation.dll" id="77113a8f-62ef-a696-16b0-d2a18a7d4895">
      <Description>Populate PacinoCash Galleries</Description>
      <Execution id="03525e1e-bf14-4ce1-bc4c-8c180c2baae9" />
      <Properties>
        <Property>
          <Key>Parameter:type</Key>
          <Value>Nude</Value>
        </Property>
        <Property>
          <Key>VariantName</Key>
          <Value>Taylor Lain</Value>
        </Property>
        <Property>
          <Key>FeatureTitle</Key>
          <Value>PacinoCash</Value>
        </Property>
        <Property>
          <Key>Parameter:modelName</Key>
          <Value>Taylor Lain</Value>
        </Property>
      </Properties>
      <TestMethod codeBase="C:/Users/TMacBlane/Documents/DevelopmentProjects/PornCantina.UIAutomation/bin/Debug/PornCantina.UIAutomation.DLL" adapterTypeName="Microsoft.VisualStudio.TestTools.TestTypes.Unit.UnitTestAdapter, Microsoft.VisualStudio.QualityTools.Tips.UnitTest.Adapter, Version=10.0.0.0, Culture=neutral, PublicKeyToken=b03f5f7f11d50a3a" className="PornCantina.UIAutomation.Scenarios.PacinoCashFeature, PornCantina.UIAutomation, Version=1.0.0.0, Culture=neutral, PublicKeyToken=null" name="PopulatePacinoCashGalleries_TaylorLain" />
    </UnitTest>
    <UnitTest name="PopulateBellaCashGalleries_MonroeLee" storage="c:\users\tmacblane\documents\developmentprojects\porncantina.uiautomation\bin\debug\porncantina.uiautomation.dll" id="6af92fa9-0ccf-8383-ab91-02e618ce084c">
      <Description>Populate BellaCash Galleries</Description>
      <Execution id="615cd966-91f4-4425-b3e3-bf6cfc56bc3c" />
      <Properties>
        <Property>
          <Key>FeatureTitle</Key>
          <Value>BellaCash</Value>
        </Property>
        <Property>
          <Key>VariantName</Key>
          <Value>Monroe Lee</Value>
        </Property>
        <Property>
          <Key>Parameter:modelName</Key>
          <Value>Monroe Lee</Value>
        </Property>
      </Properties>
      <TestMethod codeBase="C:/Users/TMacBlane/Documents/DevelopmentProjects/PornCantina.UIAutomation/bin/Debug/PornCantina.UIAutomation.DLL" adapterTypeName="Microsoft.VisualStudio.TestTools.TestTypes.Unit.UnitTestAdapter, Microsoft.VisualStudio.QualityTools.Tips.UnitTest.Adapter, Version=10.0.0.0, Culture=neutral, PublicKeyToken=b03f5f7f11d50a3a" className="PornCantina.UIAutomation.Scenarios.BellaCashFeature, PornCantina.UIAutomation, Version=1.0.0.0, Culture=neutral, PublicKeyToken=null" name="PopulateBellaCashGalleries_MonroeLee" />
    </UnitTest>
    <UnitTest name="PopulateEpicPandaCashGalleries_SpencerNicks" storage="c:\users\tmacblane\documents\developmentprojects\porncantina.uiautomation\bin\debug\porncantina.uiautomation.dll" id="0833e762-dd78-d87c-6052-d9944bd1c4a8">
      <Description>Populate EpicPandaCash Galleries</Description>
      <Execution id="485d9372-e96f-48eb-819d-29b65ad03541" />
      <Properties>
        <Property>
          <Key>FeatureTitle</Key>
          <Value>EpicPandaCash</Value>
        </Property>
        <Property>
          <Key>VariantName</Key>
          <Value>Spencer Nicks</Value>
        </Property>
        <Property>
          <Key>Parameter:site</Key>
          <Value>Spencer Nicks</Value>
        </Property>
        <Property>
          <Key>Parameter:modelName</Key>
          <Value>Spencer Nicks</Value>
        </Property>
      </Properties>
      <TestMethod codeBase="C:/Users/TMacBlane/Documents/DevelopmentProjects/PornCantina.UIAutomation/bin/Debug/PornCantina.UIAutomation.DLL" adapterTypeName="Microsoft.VisualStudio.TestTools.TestTypes.Unit.UnitTestAdapter, Microsoft.VisualStudio.QualityTools.Tips.UnitTest.Adapter, Version=10.0.0.0, Culture=neutral, PublicKeyToken=b03f5f7f11d50a3a" className="PornCantina.UIAutomation.Scenarios.EpicPandaCashFeature, PornCantina.UIAutomation, Version=1.0.0.0, Culture=neutral, PublicKeyToken=null" name="PopulateEpicPandaCashGalleries_SpencerNicks" />
    </UnitTest>
    <UnitTest name="PopulateLatinTeenCashGalleries_PacinosAdventures" storage="c:\users\tmacblane\documents\developmentprojects\porncantina.uiautomation\bin\debug\porncantina.uiautomation.dll" id="5264e98b-d59f-ee56-149b-fc83642626d4">
      <Description>Populate LatinTeenCash Galleries</Description>
      <Execution id="725d5514-6fdf-492b-a6ac-0fa5cada2e7c" />
      <Properties>
        <Property>
          <Key>FeatureTitle</Key>
          <Value>LatinTeenCash</Value>
        </Property>
        <Property>
          <Key>VariantName</Key>
          <Value>Pacinos Adventures</Value>
        </Property>
        <Property>
          <Key>Parameter:type</Key>
          <Value>Nude</Value>
        </Property>
        <Property>
          <Key>Parameter:modelName</Key>
          <Value>Pacinos Adventures</Value>
        </Property>
      </Properties>
      <TestMethod codeBase="C:/Users/TMacBlane/Documents/DevelopmentProjects/PornCantina.UIAutomation/bin/Debug/PornCantina.UIAutomation.DLL" adapterTypeName="Microsoft.VisualStudio.TestTools.TestTypes.Unit.UnitTestAdapter, Microsoft.VisualStudio.QualityTools.Tips.UnitTest.Adapter, Version=10.0.0.0, Culture=neutral, PublicKeyToken=b03f5f7f11d50a3a" className="PornCantina.UIAutomation.Scenarios.LatinTeenCashFeature, PornCantina.UIAutomation, Version=1.0.0.0, Culture=neutral, PublicKeyToken=null" name="PopulateLatinTeenCashGalleries_PacinosAdventures" />
    </UnitTest>
    <UnitTest name="PopulateZellysCashGalleries_Zellys_Com" storage="c:\users\tmacblane\documents\developmentprojects\porncantina.uiautomation\bin\debug\porncantina.uiautomation.dll" id="efe8e8c2-3563-b091-1ee4-879573922381">
      <Description>Populate ZellysCash Galleries</Description>
      <Execution id="f1570360-a0fd-4c03-8e0c-4e3215f4aa4f" />
      <Properties>
        <Property>
          <Key>FeatureTitle</Key>
          <Value>ZellysCash</Value>
        </Property>
        <Property>
          <Key>VariantName</Key>
          <Value>Zellys.com</Value>
        </Property>
        <Property>
          <Key>Parameter:modelName</Key>
          <Value>Zellys.com</Value>
        </Property>
      </Properties>
      <TestMethod codeBase="C:/Users/TMacBlane/Documents/DevelopmentProjects/PornCantina.UIAutomation/bin/Debug/PornCantina.UIAutomation.DLL" adapterTypeName="Microsoft.VisualStudio.TestTools.TestTypes.Unit.UnitTestAdapter, Microsoft.VisualStudio.QualityTools.Tips.UnitTest.Adapter, Version=10.0.0.0, Culture=neutral, PublicKeyToken=b03f5f7f11d50a3a" className="PornCantina.UIAutomation.Scenarios.ZellysCashFeature, PornCantina.UIAutomation, Version=1.0.0.0, Culture=neutral, PublicKeyToken=null" name="PopulateZellysCashGalleries_Zellys_Com" />
    </UnitTest>
    <UnitTest name="PopulateEpicPandaCashGalleries_RachelSexton" storage="c:\users\tmacblane\documents\developmentprojects\porncantina.uiautomation\bin\debug\porncantina.uiautomation.dll" id="6f823177-fac0-1695-39d6-789688bb1a48">
      <Description>Populate EpicPandaCash Galleries</Description>
      <Execution id="2a9af868-32a9-4388-b732-454fe4d94895" />
      <Properties>
        <Property>
          <Key>FeatureTitle</Key>
          <Value>EpicPandaCash</Value>
        </Property>
        <Property>
          <Key>VariantName</Key>
          <Value>Rachel Sexton</Value>
        </Property>
        <Property>
          <Key>Parameter:site</Key>
          <Value>Rachel Sexton</Value>
        </Property>
        <Property>
          <Key>Parameter:modelName</Key>
          <Value>Rachel Sexton</Value>
        </Property>
      </Properties>
      <TestMethod codeBase="C:/Users/TMacBlane/Documents/DevelopmentProjects/PornCantina.UIAutomation/bin/Debug/PornCantina.UIAutomation.DLL" adapterTypeName="Microsoft.VisualStudio.TestTools.TestTypes.Unit.UnitTestAdapter, Microsoft.VisualStudio.QualityTools.Tips.UnitTest.Adapter, Version=10.0.0.0, Culture=neutral, PublicKeyToken=b03f5f7f11d50a3a" className="PornCantina.UIAutomation.Scenarios.EpicPandaCashFeature, PornCantina.UIAutomation, Version=1.0.0.0, Culture=neutral, PublicKeyToken=null" name="PopulateEpicPandaCashGalleries_RachelSexton" />
    </UnitTest>
    <UnitTest name="PopulatePinkVelvetVaultGalleries_KendraRain_Com" storage="c:\users\tmacblane\documents\developmentprojects\porncantina.uiautomation\bin\debug\porncantina.uiautomation.dll" id="faee341e-3298-bbd5-13d9-4d169a7040ed">
      <Description>Populate PinkVelvetVault Galleries</Description>
      <Execution id="641b6715-f4cb-4b6d-82b7-73525203fcdf" />
      <Properties>
        <Property>
          <Key>FeatureTitle</Key>
          <Value>PinkVelvetVault</Value>
        </Property>
        <Property>
          <Key>VariantName</Key>
          <Value>KendraRain.com</Value>
        </Property>
        <Property>
          <Key>Parameter:site</Key>
          <Value>KendraRain.com</Value>
        </Property>
        <Property>
          <Key>Parameter:modelName</Key>
          <Value>Kendra Rain</Value>
        </Property>
      </Properties>
      <TestMethod codeBase="C:/Users/TMacBlane/Documents/DevelopmentProjects/PornCantina.UIAutomation/bin/Debug/PornCantina.UIAutomation.DLL" adapterTypeName="Microsoft.VisualStudio.TestTools.TestTypes.Unit.UnitTestAdapter, Microsoft.VisualStudio.QualityTools.Tips.UnitTest.Adapter, Version=10.0.0.0, Culture=neutral, PublicKeyToken=b03f5f7f11d50a3a" className="PornCantina.UIAutomation.Scenarios.PinkVelvetVaultFeature, PornCantina.UIAutomation, Version=1.0.0.0, Culture=neutral, PublicKeyToken=null" name="PopulatePinkVelvetVaultGalleries_KendraRain_Com" />
    </UnitTest>
    <UnitTest name="PopulateEpicPandaCashGalleries_BrookeMarks" storage="c:\users\tmacblane\documents\developmentprojects\porncantina.uiautomation\bin\debug\porncantina.uiautomation.dll" id="36a18326-5378-2751-6673-68fb2102b50e">
      <Description>Populate EpicPandaCash Galleries</Description>
      <Execution id="c246127a-dae8-4fb3-843e-8597d0f64df9" />
      <Properties>
        <Property>
          <Key>FeatureTitle</Key>
          <Value>EpicPandaCash</Value>
        </Property>
        <Property>
          <Key>VariantName</Key>
          <Value>Brooke Marks</Value>
        </Property>
        <Property>
          <Key>Parameter:site</Key>
          <Value>Brooke Marks</Value>
        </Property>
        <Property>
          <Key>Parameter:modelName</Key>
          <Value>Brooke Marks</Value>
        </Property>
      </Properties>
      <TestMethod codeBase="C:/Users/TMacBlane/Documents/DevelopmentProjects/PornCantina.UIAutomation/bin/Debug/PornCantina.UIAutomation.DLL" adapterTypeName="Microsoft.VisualStudio.TestTools.TestTypes.Unit.UnitTestAdapter, Microsoft.VisualStudio.QualityTools.Tips.UnitTest.Adapter, Version=10.0.0.0, Culture=neutral, PublicKeyToken=b03f5f7f11d50a3a" className="PornCantina.UIAutomation.Scenarios.EpicPandaCashFeature, PornCantina.UIAutomation, Version=1.0.0.0, Culture=neutral, PublicKeyToken=null" name="PopulateEpicPandaCashGalleries_BrookeMarks" />
    </UnitTest>
    <UnitTest name="PopulateLatinTeenCashGalleries_LaZonaModelos" storage="c:\users\tmacblane\documents\developmentprojects\porncantina.uiautomation\bin\debug\porncantina.uiautomation.dll" id="f796dec0-3ebb-a230-ecb5-c2c98ad99720">
      <Description>Populate LatinTeenCash Galleries</Description>
      <Execution id="6e2a19e9-5750-46d1-ae65-bc8fb114511a" />
      <Properties>
        <Property>
          <Key>FeatureTitle</Key>
          <Value>LatinTeenCash</Value>
        </Property>
        <Property>
          <Key>VariantName</Key>
          <Value>La Zona Modelos</Value>
        </Property>
        <Property>
          <Key>Parameter:type</Key>
          <Value>Nude</Value>
        </Property>
        <Property>
          <Key>Parameter:modelName</Key>
          <Value>La Zona Modelos</Value>
        </Property>
      </Properties>
      <TestMethod codeBase="C:/Users/TMacBlane/Documents/DevelopmentProjects/PornCantina.UIAutomation/bin/Debug/PornCantina.UIAutomation.DLL" adapterTypeName="Microsoft.VisualStudio.TestTools.TestTypes.Unit.UnitTestAdapter, Microsoft.VisualStudio.QualityTools.Tips.UnitTest.Adapter, Version=10.0.0.0, Culture=neutral, PublicKeyToken=b03f5f7f11d50a3a" className="PornCantina.UIAutomation.Scenarios.LatinTeenCashFeature, PornCantina.UIAutomation, Version=1.0.0.0, Culture=neutral, PublicKeyToken=null" name="PopulateLatinTeenCashGalleries_LaZonaModelos" />
    </UnitTest>
    <UnitTest name="PopulateEpicPandaCashGalleries_PartyAll_Star" storage="c:\users\tmacblane\documents\developmentprojects\porncantina.uiautomation\bin\debug\porncantina.uiautomation.dll" id="d0390afa-4a21-297c-771f-2a8050db7de4">
      <Description>Populate EpicPandaCash Galleries</Description>
      <Execution id="90231630-5340-4e7d-907e-5a073711d93b" />
      <Properties>
        <Property>
          <Key>FeatureTitle</Key>
          <Value>EpicPandaCash</Value>
        </Property>
        <Property>
          <Key>VariantName</Key>
          <Value>Party All-Star</Value>
        </Property>
        <Property>
          <Key>Parameter:site</Key>
          <Value>Party All-Star</Value>
        </Property>
        <Property>
          <Key>Parameter:modelName</Key>
          <Value>Party All-Star</Value>
        </Property>
      </Properties>
      <TestMethod codeBase="C:/Users/TMacBlane/Documents/DevelopmentProjects/PornCantina.UIAutomation/bin/Debug/PornCantina.UIAutomation.DLL" adapterTypeName="Microsoft.VisualStudio.TestTools.TestTypes.Unit.UnitTestAdapter, Microsoft.VisualStudio.QualityTools.Tips.UnitTest.Adapter, Version=10.0.0.0, Culture=neutral, PublicKeyToken=b03f5f7f11d50a3a" className="PornCantina.UIAutomation.Scenarios.EpicPandaCashFeature, PornCantina.UIAutomation, Version=1.0.0.0, Culture=neutral, PublicKeyToken=null" name="PopulateEpicPandaCashGalleries_PartyAll_Star" />
    </UnitTest>
    <UnitTest name="PopulatePinkVelvetVaultGalleries_Sockblocked_Com" storage="c:\users\tmacblane\documents\developmentprojects\porncantina.uiautomation\bin\debug\porncantina.uiautomation.dll" id="b4f0a9e8-5d81-3545-39ca-78302cfc2e4c">
      <Description>Populate PinkVelvetVault Galleries</Description>
      <Execution id="049be2be-8b33-48a2-a957-534b31c1b559" />
      <Properties>
        <Property>
          <Key>FeatureTitle</Key>
          <Value>PinkVelvetVault</Value>
        </Property>
        <Property>
          <Key>VariantName</Key>
          <Value>Sockblocked.com</Value>
        </Property>
        <Property>
          <Key>Parameter:site</Key>
          <Value>Sockblocked.com</Value>
        </Property>
        <Property>
          <Key>Parameter:modelName</Key>
          <Value>Sock Blocked</Value>
        </Property>
      </Properties>
      <TestMethod codeBase="C:/Users/TMacBlane/Documents/DevelopmentProjects/PornCantina.UIAutomation/bin/Debug/PornCantina.UIAutomation.DLL" adapterTypeName="Microsoft.VisualStudio.TestTools.TestTypes.Unit.UnitTestAdapter, Microsoft.VisualStudio.QualityTools.Tips.UnitTest.Adapter, Version=10.0.0.0, Culture=neutral, PublicKeyToken=b03f5f7f11d50a3a" className="PornCantina.UIAutomation.Scenarios.PinkVelvetVaultFeature, PornCantina.UIAutomation, Version=1.0.0.0, Culture=neutral, PublicKeyToken=null" name="PopulatePinkVelvetVaultGalleries_Sockblocked_Com" />
    </UnitTest>
    <UnitTest name="PopulateBellaCashGalleries_RennaRyann" storage="c:\users\tmacblane\documents\developmentprojects\porncantina.uiautomation\bin\debug\porncantina.uiautomation.dll" id="dfed4799-d8fd-25dc-42b0-c8ea9ee23c63">
      <Description>Populate BellaCash Galleries</Description>
      <Execution id="a49684bf-49f9-4b08-8bcd-90b8dad45f6f" />
      <Properties>
        <Property>
          <Key>FeatureTitle</Key>
          <Value>BellaCash</Value>
        </Property>
        <Property>
          <Key>VariantName</Key>
          <Value>Renna Ryann</Value>
        </Property>
        <Property>
          <Key>Parameter:modelName</Key>
          <Value>Renna Ryann</Value>
        </Property>
      </Properties>
      <TestMethod codeBase="C:/Users/TMacBlane/Documents/DevelopmentProjects/PornCantina.UIAutomation/bin/Debug/PornCantina.UIAutomation.DLL" adapterTypeName="Microsoft.VisualStudio.TestTools.TestTypes.Unit.UnitTestAdapter, Microsoft.VisualStudio.QualityTools.Tips.UnitTest.Adapter, Version=10.0.0.0, Culture=neutral, PublicKeyToken=b03f5f7f11d50a3a" className="PornCantina.UIAutomation.Scenarios.BellaCashFeature, PornCantina.UIAutomation, Version=1.0.0.0, Culture=neutral, PublicKeyToken=null" name="PopulateBellaCashGalleries_RennaRyann" />
    </UnitTest>
    <UnitTest name="PopulatePinkVelvetVaultGalleries_MeetMadden_Com" storage="c:\users\tmacblane\documents\developmentprojects\porncantina.uiautomation\bin\debug\porncantina.uiautomation.dll" id="9b8a8829-6f71-8101-2626-855991eddcfc">
      <Description>Populate PinkVelvetVault Galleries</Description>
      <Execution id="202005ae-8924-4eda-83f4-617476710688" />
      <Properties>
        <Property>
          <Key>FeatureTitle</Key>
          <Value>PinkVelvetVault</Value>
        </Property>
        <Property>
          <Key>VariantName</Key>
          <Value>MeetMadden.com</Value>
        </Property>
        <Property>
          <Key>Parameter:site</Key>
          <Value>MeetMadden.com</Value>
        </Property>
        <Property>
          <Key>Parameter:modelName</Key>
          <Value>Meet Madden</Value>
        </Property>
      </Properties>
      <TestMethod codeBase="C:/Users/TMacBlane/Documents/DevelopmentProjects/PornCantina.UIAutomation/bin/Debug/PornCantina.UIAutomation.DLL" adapterTypeName="Microsoft.VisualStudio.TestTools.TestTypes.Unit.UnitTestAdapter, Microsoft.VisualStudio.QualityTools.Tips.UnitTest.Adapter, Version=10.0.0.0, Culture=neutral, PublicKeyToken=b03f5f7f11d50a3a" className="PornCantina.UIAutomation.Scenarios.PinkVelvetVaultFeature, PornCantina.UIAutomation, Version=1.0.0.0, Culture=neutral, PublicKeyToken=null" name="PopulatePinkVelvetVaultGalleries_MeetMadden_Com" />
    </UnitTest>
    <UnitTest name="PopulateLatinTeenCashGalleries_NataliaSpice" storage="c:\users\tmacblane\documents\developmentprojects\porncantina.uiautomation\bin\debug\porncantina.uiautomation.dll" id="2d0fc9e1-ddb6-e1a3-2e4b-63cd236f3727">
      <Description>Populate LatinTeenCash Galleries</Description>
      <Execution id="74f6c53a-1447-42b3-9bf3-955fbef691c9" />
      <Properties>
        <Property>
          <Key>FeatureTitle</Key>
          <Value>LatinTeenCash</Value>
        </Property>
        <Property>
          <Key>VariantName</Key>
          <Value>Natalia Spice</Value>
        </Property>
        <Property>
          <Key>Parameter:type</Key>
          <Value>Nude</Value>
        </Property>
        <Property>
          <Key>Parameter:modelName</Key>
          <Value>Natalia Spice</Value>
        </Property>
      </Properties>
      <TestMethod codeBase="C:/Users/TMacBlane/Documents/DevelopmentProjects/PornCantina.UIAutomation/bin/Debug/PornCantina.UIAutomation.DLL" adapterTypeName="Microsoft.VisualStudio.TestTools.TestTypes.Unit.UnitTestAdapter, Microsoft.VisualStudio.QualityTools.Tips.UnitTest.Adapter, Version=10.0.0.0, Culture=neutral, PublicKeyToken=b03f5f7f11d50a3a" className="PornCantina.UIAutomation.Scenarios.LatinTeenCashFeature, PornCantina.UIAutomation, Version=1.0.0.0, Culture=neutral, PublicKeyToken=null" name="PopulateLatinTeenCashGalleries_NataliaSpice" />
    </UnitTest>
    <UnitTest name="PopulateBellaCashGalleries_AvaDawn" storage="c:\users\tmacblane\documents\developmentprojects\porncantina.uiautomation\bin\debug\porncantina.uiautomation.dll" id="2272289c-032b-1243-7330-eb5092e584fc">
      <Description>Populate BellaCash Galleries</Description>
      <Execution id="00ac4b56-b832-415c-969f-57c55f43452d" />
      <Properties>
        <Property>
          <Key>FeatureTitle</Key>
          <Value>BellaCash</Value>
        </Property>
        <Property>
          <Key>VariantName</Key>
          <Value>Ava Dawn</Value>
        </Property>
        <Property>
          <Key>Parameter:modelName</Key>
          <Value>Ava Dawn</Value>
        </Property>
      </Properties>
      <TestMethod codeBase="C:/Users/TMacBlane/Documents/DevelopmentProjects/PornCantina.UIAutomation/bin/Debug/PornCantina.UIAutomation.DLL" adapterTypeName="Microsoft.VisualStudio.TestTools.TestTypes.Unit.UnitTestAdapter, Microsoft.VisualStudio.QualityTools.Tips.UnitTest.Adapter, Version=10.0.0.0, Culture=neutral, PublicKeyToken=b03f5f7f11d50a3a" className="PornCantina.UIAutomation.Scenarios.BellaCashFeature, PornCantina.UIAutomation, Version=1.0.0.0, Culture=neutral, PublicKeyToken=null" name="PopulateBellaCashGalleries_AvaDawn" />
    </UnitTest>
    <UnitTest name="PopulateLatinTeenCashGalleries_TaniaSpice" storage="c:\users\tmacblane\documents\developmentprojects\porncantina.uiautomation\bin\debug\porncantina.uiautomation.dll" id="7a45e85a-1f59-0abe-b4e5-74cee7eb6bca">
      <Description>Populate LatinTeenCash Galleries</Description>
      <Execution id="8dd792ca-f495-40b7-9404-3d238361dc80" />
      <Properties>
        <Property>
          <Key>Parameter:type</Key>
          <Value>Nude</Value>
        </Property>
        <Property>
          <Key>VariantName</Key>
          <Value>Tania Spice</Value>
        </Property>
        <Property>
          <Key>FeatureTitle</Key>
          <Value>LatinTeenCash</Value>
        </Property>
        <Property>
          <Key>Parameter:modelName</Key>
          <Value>Tania Spice</Value>
        </Property>
      </Properties>
      <TestMethod codeBase="C:/Users/TMacBlane/Documents/DevelopmentProjects/PornCantina.UIAutomation/bin/Debug/PornCantina.UIAutomation.DLL" adapterTypeName="Microsoft.VisualStudio.TestTools.TestTypes.Unit.UnitTestAdapter, Microsoft.VisualStudio.QualityTools.Tips.UnitTest.Adapter, Version=10.0.0.0, Culture=neutral, PublicKeyToken=b03f5f7f11d50a3a" className="PornCantina.UIAutomation.Scenarios.LatinTeenCashFeature, PornCantina.UIAutomation, Version=1.0.0.0, Culture=neutral, PublicKeyToken=null" name="PopulateLatinTeenCashGalleries_TaniaSpice" />
    </UnitTest>
    <UnitTest name="PopulatePinkVelvetVaultGalleries_Brittany_Avalon_Com" storage="c:\users\tmacblane\documents\developmentprojects\porncantina.uiautomation\bin\debug\porncantina.uiautomation.dll" id="2910964a-1343-9aba-d7b0-6918c25f5329">
      <Description>Populate PinkVelvetVault Galleries</Description>
      <Execution id="c2553b74-3b27-470a-965b-02c69fe63d95" />
      <Properties>
        <Property>
          <Key>FeatureTitle</Key>
          <Value>PinkVelvetVault</Value>
        </Property>
        <Property>
          <Key>VariantName</Key>
          <Value>Brittany-Avalon.com</Value>
        </Property>
        <Property>
          <Key>Parameter:site</Key>
          <Value>Brittany-Avalon.com</Value>
        </Property>
        <Property>
          <Key>Parameter:modelName</Key>
          <Value>Brittany Avalon</Value>
        </Property>
      </Properties>
      <TestMethod codeBase="C:/Users/TMacBlane/Documents/DevelopmentProjects/PornCantina.UIAutomation/bin/Debug/PornCantina.UIAutomation.DLL" adapterTypeName="Microsoft.VisualStudio.TestTools.TestTypes.Unit.UnitTestAdapter, Microsoft.VisualStudio.QualityTools.Tips.UnitTest.Adapter, Version=10.0.0.0, Culture=neutral, PublicKeyToken=b03f5f7f11d50a3a" className="PornCantina.UIAutomation.Scenarios.PinkVelvetVaultFeature, PornCantina.UIAutomation, Version=1.0.0.0, Culture=neutral, PublicKeyToken=null" name="PopulatePinkVelvetVaultGalleries_Brittany_Avalon_Com" />
    </UnitTest>
    <UnitTest name="PopulateLatinTeenCashGalleries_SpiceTwins" storage="c:\users\tmacblane\documents\developmentprojects\porncantina.uiautomation\bin\debug\porncantina.uiautomation.dll" id="ef5d542a-b37f-13af-ab00-4285784f3377">
      <Description>Populate LatinTeenCash Galleries</Description>
      <Execution id="5a9caf94-3251-468c-9533-dfcf1169951d" />
      <Properties>
        <Property>
          <Key>FeatureTitle</Key>
          <Value>LatinTeenCash</Value>
        </Property>
        <Property>
          <Key>VariantName</Key>
          <Value>Spice Twins</Value>
        </Property>
        <Property>
          <Key>Parameter:type</Key>
          <Value>Non-Nude</Value>
        </Property>
        <Property>
          <Key>Parameter:modelName</Key>
          <Value>Spice Twins</Value>
        </Property>
      </Properties>
      <TestMethod codeBase="C:/Users/TMacBlane/Documents/DevelopmentProjects/PornCantina.UIAutomation/bin/Debug/PornCantina.UIAutomation.DLL" adapterTypeName="Microsoft.VisualStudio.TestTools.TestTypes.Unit.UnitTestAdapter, Microsoft.VisualStudio.QualityTools.Tips.UnitTest.Adapter, Version=10.0.0.0, Culture=neutral, PublicKeyToken=b03f5f7f11d50a3a" className="PornCantina.UIAutomation.Scenarios.LatinTeenCashFeature, PornCantina.UIAutomation, Version=1.0.0.0, Culture=neutral, PublicKeyToken=null" name="PopulateLatinTeenCashGalleries_SpiceTwins" />
    </UnitTest>
    <UnitTest name="PopulateEpicPandaCashGalleries_BaileyKnox" storage="c:\users\tmacblane\documents\developmentprojects\porncantina.uiautomation\bin\debug\porncantina.uiautomation.dll" id="eb9b8e2b-e634-3f71-8b78-2aca84a14cf3">
      <Description>Populate EpicPandaCash Galleries</Description>
      <Execution id="083addec-18aa-4d67-b879-60338ca76b83" />
      <Properties>
        <Property>
          <Key>FeatureTitle</Key>
          <Value>EpicPandaCash</Value>
        </Property>
        <Property>
          <Key>VariantName</Key>
          <Value>Bailey Knox</Value>
        </Property>
        <Property>
          <Key>Parameter:site</Key>
          <Value>Bailey Knox</Value>
        </Property>
        <Property>
          <Key>Parameter:modelName</Key>
          <Value>Bailey Knox</Value>
        </Property>
      </Properties>
      <TestMethod codeBase="C:/Users/TMacBlane/Documents/DevelopmentProjects/PornCantina.UIAutomation/bin/Debug/PornCantina.UIAutomation.DLL" adapterTypeName="Microsoft.VisualStudio.TestTools.TestTypes.Unit.UnitTestAdapter, Microsoft.VisualStudio.QualityTools.Tips.UnitTest.Adapter, Version=10.0.0.0, Culture=neutral, PublicKeyToken=b03f5f7f11d50a3a" className="PornCantina.UIAutomation.Scenarios.EpicPandaCashFeature, PornCantina.UIAutomation, Version=1.0.0.0, Culture=neutral, PublicKeyToken=null" name="PopulateEpicPandaCashGalleries_BaileyKnox" />
    </UnitTest>
    <UnitTest name="PopulateLatinTeenCashGalleries_MariahSpice" storage="c:\users\tmacblane\documents\developmentprojects\porncantina.uiautomation\bin\debug\porncantina.uiautomation.dll" id="398d7b5e-bf85-40e6-19ea-4a768f60f793">
      <Description>Populate LatinTeenCash Galleries</Description>
      <Execution id="47348dd1-98e2-4f9b-b7d7-b4a8e3c52bee" />
      <Properties>
        <Property>
          <Key>Parameter:type</Key>
          <Value>Nude</Value>
        </Property>
        <Property>
          <Key>VariantName</Key>
          <Value>Mariah Spice</Value>
        </Property>
        <Property>
          <Key>FeatureTitle</Key>
          <Value>LatinTeenCash</Value>
        </Property>
        <Property>
          <Key>Parameter:modelName</Key>
          <Value>Mariah Spice</Value>
        </Property>
      </Properties>
      <TestMethod codeBase="C:/Users/TMacBlane/Documents/DevelopmentProjects/PornCantina.UIAutomation/bin/Debug/PornCantina.UIAutomation.DLL" adapterTypeName="Microsoft.VisualStudio.TestTools.TestTypes.Unit.UnitTestAdapter, Microsoft.VisualStudio.QualityTools.Tips.UnitTest.Adapter, Version=10.0.0.0, Culture=neutral, PublicKeyToken=b03f5f7f11d50a3a" className="PornCantina.UIAutomation.Scenarios.LatinTeenCashFeature, PornCantina.UIAutomation, Version=1.0.0.0, Culture=neutral, PublicKeyToken=null" name="PopulateLatinTeenCashGalleries_MariahSpice" />
    </UnitTest>
    <UnitTest name="PopulateMinxManiaGalleries" storage="c:\users\tmacblane\documents\developmentprojects\porncantina.uiautomation\bin\debug\porncantina.uiautomation.dll" id="56f54296-15ab-8819-79de-9cb8a298433f">
      <Description>Populate MinxMania Galleries</Description>
      <Execution id="70388ece-2e95-4b14-a647-dbbb0278d79f" />
      <Properties>
        <Property>
          <Key>FeatureTitle</Key>
          <Value>MinxMafia</Value>
        </Property>
      </Properties>
      <TestMethod codeBase="C:/Users/TMacBlane/Documents/DevelopmentProjects/PornCantina.UIAutomation/bin/Debug/PornCantina.UIAutomation.DLL" adapterTypeName="Microsoft.VisualStudio.TestTools.TestTypes.Unit.UnitTestAdapter, Microsoft.VisualStudio.QualityTools.Tips.UnitTest.Adapter, Version=10.0.0.0, Culture=neutral, PublicKeyToken=b03f5f7f11d50a3a" className="PornCantina.UIAutomation.Scenarios.MinxMafiaFeature, PornCantina.UIAutomation, Version=1.0.0.0, Culture=neutral, PublicKeyToken=null" name="PopulateMinxManiaGalleries" />
    </UnitTest>
    <UnitTest name="PopulateJewelsGoldGalleries" storage="c:\users\tmacblane\documents\developmentprojects\porncantina.uiautomation\bin\debug\porncantina.uiautomation.dll" id="64a7a8aa-d2a3-43db-0a19-db0baa07537e">
      <Description>Populate JewelsGold Galleries</Description>
      <Execution id="c628a07d-925d-422b-aa9c-237d317c6ab9" />
      <Properties>
        <Property>
          <Key>FeatureTitle</Key>
          <Value>JewelsGold</Value>
        </Property>
      </Properties>
      <TestMethod codeBase="C:/Users/TMacBlane/Documents/DevelopmentProjects/PornCantina.UIAutomation/bin/Debug/PornCantina.UIAutomation.DLL" adapterTypeName="Microsoft.VisualStudio.TestTools.TestTypes.Unit.UnitTestAdapter, Microsoft.VisualStudio.QualityTools.Tips.UnitTest.Adapter, Version=10.0.0.0, Culture=neutral, PublicKeyToken=b03f5f7f11d50a3a" className="PornCantina.UIAutomation.Scenarios.JewelsGoldFeature, PornCantina.UIAutomation, Version=1.0.0.0, Culture=neutral, PublicKeyToken=null" name="PopulateJewelsGoldGalleries" />
    </UnitTest>
    <UnitTest name="PopulatePinkVelvetVaultGalleries_Nikkisplaymates_Com" storage="c:\users\tmacblane\documents\developmentprojects\porncantina.uiautomation\bin\debug\porncantina.uiautomation.dll" id="4cbca76b-5162-199c-dd79-ce8dc44ed77b">
      <Description>Populate PinkVelvetVault Galleries</Description>
      <Execution id="b01a1644-ea62-4a4f-83ba-5af2ba9516fe" />
      <Properties>
        <Property>
          <Key>FeatureTitle</Key>
          <Value>PinkVelvetVault</Value>
        </Property>
        <Property>
          <Key>VariantName</Key>
          <Value>Nikkisplaymates.com</Value>
        </Property>
        <Property>
          <Key>Parameter:site</Key>
          <Value>Nikkisplaymates.com</Value>
        </Property>
        <Property>
          <Key>Parameter:modelName</Key>
          <Value>Nikkis Sims</Value>
        </Property>
      </Properties>
      <TestMethod codeBase="C:/Users/TMacBlane/Documents/DevelopmentProjects/PornCantina.UIAutomation/bin/Debug/PornCantina.UIAutomation.DLL" adapterTypeName="Microsoft.VisualStudio.TestTools.TestTypes.Unit.UnitTestAdapter, Microsoft.VisualStudio.QualityTools.Tips.UnitTest.Adapter, Version=10.0.0.0, Culture=neutral, PublicKeyToken=b03f5f7f11d50a3a" className="PornCantina.UIAutomation.Scenarios.PinkVelvetVaultFeature, PornCantina.UIAutomation, Version=1.0.0.0, Culture=neutral, PublicKeyToken=null" name="PopulatePinkVelvetVaultGalleries_Nikkisplaymates_Com" />
    </UnitTest>
    <UnitTest name="PopulateBellaCashGalleries_KatieBanks" storage="c:\users\tmacblane\documents\developmentprojects\porncantina.uiautomation\bin\debug\porncantina.uiautomation.dll" id="8c136c51-948d-db20-6929-2e8f37a20b36">
      <Description>Populate BellaCash Galleries</Description>
      <Execution id="dfa945a1-1d01-4b84-a689-d634853bc3b1" />
      <Properties>
        <Property>
          <Key>FeatureTitle</Key>
          <Value>BellaCash</Value>
        </Property>
        <Property>
          <Key>VariantName</Key>
          <Value>Katie Banks</Value>
        </Property>
        <Property>
          <Key>Parameter:modelName</Key>
          <Value>Katie Banks</Value>
        </Property>
      </Properties>
      <TestMethod codeBase="C:/Users/TMacBlane/Documents/DevelopmentProjects/PornCantina.UIAutomation/bin/Debug/PornCantina.UIAutomation.DLL" adapterTypeName="Microsoft.VisualStudio.TestTools.TestTypes.Unit.UnitTestAdapter, Microsoft.VisualStudio.QualityTools.Tips.UnitTest.Adapter, Version=10.0.0.0, Culture=neutral, PublicKeyToken=b03f5f7f11d50a3a" className="PornCantina.UIAutomation.Scenarios.BellaCashFeature, PornCantina.UIAutomation, Version=1.0.0.0, Culture=neutral, PublicKeyToken=null" name="PopulateBellaCashGalleries_KatieBanks" />
    </UnitTest>
    <UnitTest name="PopulatePinkVelvetVaultGalleries_TaylorTrue" storage="c:\users\tmacblane\documents\developmentprojects\porncantina.uiautomation\bin\debug\porncantina.uiautomation.dll" id="90275ed3-6b7f-be6c-3123-37a1d67aeee3">
      <Description>Populate PinkVelvetVault Galleries</Description>
      <Execution id="b2578997-9d42-49cc-a0eb-2d888d0f8f48" />
      <Properties>
        <Property>
          <Key>FeatureTitle</Key>
          <Value>PinkVelvetVault</Value>
        </Property>
        <Property>
          <Key>VariantName</Key>
          <Value>TaylorTrue</Value>
        </Property>
        <Property>
          <Key>Parameter:site</Key>
          <Value>TaylorTrue</Value>
        </Property>
        <Property>
          <Key>Parameter:modelName</Key>
          <Value>Taylor True</Value>
        </Property>
      </Properties>
      <TestMethod codeBase="C:/Users/TMacBlane/Documents/DevelopmentProjects/PornCantina.UIAutomation/bin/Debug/PornCantina.UIAutomation.DLL" adapterTypeName="Microsoft.VisualStudio.TestTools.TestTypes.Unit.UnitTestAdapter, Microsoft.VisualStudio.QualityTools.Tips.UnitTest.Adapter, Version=10.0.0.0, Culture=neutral, PublicKeyToken=b03f5f7f11d50a3a" className="PornCantina.UIAutomation.Scenarios.PinkVelvetVaultFeature, PornCantina.UIAutomation, Version=1.0.0.0, Culture=neutral, PublicKeyToken=null" name="PopulatePinkVelvetVaultGalleries_TaylorTrue" />
    </UnitTest>
    <UnitTest name="PopulateBellaCashGalleries_Bryci" storage="c:\users\tmacblane\documents\developmentprojects\porncantina.uiautomation\bin\debug\porncantina.uiautomation.dll" id="66f4f75a-e39b-800c-c209-257f1c101b17">
      <Description>Populate BellaCash Galleries</Description>
      <Execution id="164753ec-bdb6-4f7a-ba3f-55b43ef5e674" />
      <Properties>
        <Property>
          <Key>FeatureTitle</Key>
          <Value>BellaCash</Value>
        </Property>
        <Property>
          <Key>VariantName</Key>
          <Value>Bryci</Value>
        </Property>
        <Property>
          <Key>Parameter:modelName</Key>
          <Value>Bryci</Value>
        </Property>
      </Properties>
      <TestMethod codeBase="C:/Users/TMacBlane/Documents/DevelopmentProjects/PornCantina.UIAutomation/bin/Debug/PornCantina.UIAutomation.DLL" adapterTypeName="Microsoft.VisualStudio.TestTools.TestTypes.Unit.UnitTestAdapter, Microsoft.VisualStudio.QualityTools.Tips.UnitTest.Adapter, Version=10.0.0.0, Culture=neutral, PublicKeyToken=b03f5f7f11d50a3a" className="PornCantina.UIAutomation.Scenarios.BellaCashFeature, PornCantina.UIAutomation, Version=1.0.0.0, Culture=neutral, PublicKeyToken=null" name="PopulateBellaCashGalleries_Bryci" />
    </UnitTest>
    <UnitTest name="PopulatePinkVelvetVaultGalleries_TiffanyAlexis_Com" storage="c:\users\tmacblane\documents\developmentprojects\porncantina.uiautomation\bin\debug\porncantina.uiautomation.dll" id="09f339eb-e1ff-0d96-dca9-6e24e2f7cfbf">
      <Description>Populate PinkVelvetVault Galleries</Description>
      <Execution id="085d1970-0580-4591-b87a-0270894fb977" />
      <Properties>
        <Property>
          <Key>FeatureTitle</Key>
          <Value>PinkVelvetVault</Value>
        </Property>
        <Property>
          <Key>VariantName</Key>
          <Value>TiffanyAlexis.com</Value>
        </Property>
        <Property>
          <Key>Parameter:site</Key>
          <Value>TiffanyAlexis.com</Value>
        </Property>
        <Property>
          <Key>Parameter:modelName</Key>
          <Value>Tiffany Alexis</Value>
        </Property>
      </Properties>
      <TestMethod codeBase="C:/Users/TMacBlane/Documents/DevelopmentProjects/PornCantina.UIAutomation/bin/Debug/PornCantina.UIAutomation.DLL" adapterTypeName="Microsoft.VisualStudio.TestTools.TestTypes.Unit.UnitTestAdapter, Microsoft.VisualStudio.QualityTools.Tips.UnitTest.Adapter, Version=10.0.0.0, Culture=neutral, PublicKeyToken=b03f5f7f11d50a3a" className="PornCantina.UIAutomation.Scenarios.PinkVelvetVaultFeature, PornCantina.UIAutomation, Version=1.0.0.0, Culture=neutral, PublicKeyToken=null" name="PopulatePinkVelvetVaultGalleries_TiffanyAlexis_Com" />
    </UnitTest>
    <UnitTest name="PopulateBellaCashGalleries_TaliaShepard" storage="c:\users\tmacblane\documents\developmentprojects\porncantina.uiautomation\bin\debug\porncantina.uiautomation.dll" id="b2fe822b-5976-20eb-494c-a2e70b73f8a8">
      <Description>Populate BellaCash Galleries</Description>
      <Execution id="3de71946-e091-4500-9a4e-316cf3df6c56" />
      <Properties>
        <Property>
          <Key>FeatureTitle</Key>
          <Value>BellaCash</Value>
        </Property>
        <Property>
          <Key>VariantName</Key>
          <Value>Talia Shepard</Value>
        </Property>
        <Property>
          <Key>Parameter:modelName</Key>
          <Value>Talia Shepard</Value>
        </Property>
      </Properties>
      <TestMethod codeBase="C:/Users/TMacBlane/Documents/DevelopmentProjects/PornCantina.UIAutomation/bin/Debug/PornCantina.UIAutomation.DLL" adapterTypeName="Microsoft.VisualStudio.TestTools.TestTypes.Unit.UnitTestAdapter, Microsoft.VisualStudio.QualityTools.Tips.UnitTest.Adapter, Version=10.0.0.0, Culture=neutral, PublicKeyToken=b03f5f7f11d50a3a" className="PornCantina.UIAutomation.Scenarios.BellaCashFeature, PornCantina.UIAutomation, Version=1.0.0.0, Culture=neutral, PublicKeyToken=null" name="PopulateBellaCashGalleries_TaliaShepard" />
    </UnitTest>
    <UnitTest name="PopulateZellysCashGalleries_MelissaXoXo" storage="c:\users\tmacblane\documents\developmentprojects\porncantina.uiautomation\bin\debug\porncantina.uiautomation.dll" id="3244bd33-62ad-5b0c-a0f8-17623bcb7156">
      <Description>Populate ZellysCash Galleries</Description>
      <Execution id="07b80e9b-1037-4dc4-846e-4fbd153b4613" />
      <Properties>
        <Property>
          <Key>FeatureTitle</Key>
          <Value>ZellysCash</Value>
        </Property>
        <Property>
          <Key>VariantName</Key>
          <Value>Melissa XoXo</Value>
        </Property>
        <Property>
          <Key>Parameter:modelName</Key>
          <Value>Melissa XoXo</Value>
        </Property>
      </Properties>
      <TestMethod codeBase="C:/Users/TMacBlane/Documents/DevelopmentProjects/PornCantina.UIAutomation/bin/Debug/PornCantina.UIAutomation.DLL" adapterTypeName="Microsoft.VisualStudio.TestTools.TestTypes.Unit.UnitTestAdapter, Microsoft.VisualStudio.QualityTools.Tips.UnitTest.Adapter, Version=10.0.0.0, Culture=neutral, PublicKeyToken=b03f5f7f11d50a3a" className="PornCantina.UIAutomation.Scenarios.ZellysCashFeature, PornCantina.UIAutomation, Version=1.0.0.0, Culture=neutral, PublicKeyToken=null" name="PopulateZellysCashGalleries_MelissaXoXo" />
    </UnitTest>
    <UnitTest name="PopulatePacinoCashGalleries_IvySnow" storage="c:\users\tmacblane\documents\developmentprojects\porncantina.uiautomation\bin\debug\porncantina.uiautomation.dll" id="96545bb1-b2a0-ad54-b954-e408025e44ce">
      <Description>Populate PacinoCash Galleries</Description>
      <Execution id="6325da25-b38f-4778-8f48-0545625281c0" />
      <Properties>
        <Property>
          <Key>FeatureTitle</Key>
          <Value>PacinoCash</Value>
        </Property>
        <Property>
          <Key>VariantName</Key>
          <Value>Ivy Snow</Value>
        </Property>
        <Property>
          <Key>Parameter:type</Key>
          <Value>Nude</Value>
        </Property>
        <Property>
          <Key>Parameter:modelName</Key>
          <Value>Ivy Snow</Value>
        </Property>
      </Properties>
      <TestMethod codeBase="C:/Users/TMacBlane/Documents/DevelopmentProjects/PornCantina.UIAutomation/bin/Debug/PornCantina.UIAutomation.DLL" adapterTypeName="Microsoft.VisualStudio.TestTools.TestTypes.Unit.UnitTestAdapter, Microsoft.VisualStudio.QualityTools.Tips.UnitTest.Adapter, Version=10.0.0.0, Culture=neutral, PublicKeyToken=b03f5f7f11d50a3a" className="PornCantina.UIAutomation.Scenarios.PacinoCashFeature, PornCantina.UIAutomation, Version=1.0.0.0, Culture=neutral, PublicKeyToken=null" name="PopulatePacinoCashGalleries_IvySnow" />
    </UnitTest>
    <UnitTest name="PopulateLatinTeenCashGalleries_GigiSpice" storage="c:\users\tmacblane\documents\developmentprojects\porncantina.uiautomation\bin\debug\porncantina.uiautomation.dll" id="a54bbd81-de28-c5a1-9d12-ca028d3f093b">
      <Description>Populate LatinTeenCash Galleries</Description>
      <Execution id="5bccb4de-19f3-4d79-9b4e-d58584b04fcf" />
      <Properties>
        <Property>
          <Key>FeatureTitle</Key>
          <Value>LatinTeenCash</Value>
        </Property>
        <Property>
          <Key>VariantName</Key>
          <Value>Gigi Spice</Value>
        </Property>
        <Property>
          <Key>Parameter:type</Key>
          <Value>Nude</Value>
        </Property>
        <Property>
          <Key>Parameter:modelName</Key>
          <Value>Gigi Spice</Value>
        </Property>
      </Properties>
      <TestMethod codeBase="C:/Users/TMacBlane/Documents/DevelopmentProjects/PornCantina.UIAutomation/bin/Debug/PornCantina.UIAutomation.DLL" adapterTypeName="Microsoft.VisualStudio.TestTools.TestTypes.Unit.UnitTestAdapter, Microsoft.VisualStudio.QualityTools.Tips.UnitTest.Adapter, Version=10.0.0.0, Culture=neutral, PublicKeyToken=b03f5f7f11d50a3a" className="PornCantina.UIAutomation.Scenarios.LatinTeenCashFeature, PornCantina.UIAutomation, Version=1.0.0.0, Culture=neutral, PublicKeyToken=null" name="PopulateLatinTeenCashGalleries_GigiSpice" />
    </UnitTest>
    <UnitTest name="PopulateLatinTeenCashGalleries_PacinosWorld" storage="c:\users\tmacblane\documents\developmentprojects\porncantina.uiautomation\bin\debug\porncantina.uiautomation.dll" id="1fc74d3e-f8b6-d564-aca5-16763c6dfeac">
      <Description>Populate LatinTeenCash Galleries</Description>
      <Execution id="b09acb91-f9a4-4d37-ab5b-02d9e9bbd8ca" />
      <Properties>
        <Property>
          <Key>FeatureTitle</Key>
          <Value>LatinTeenCash</Value>
        </Property>
        <Property>
          <Key>VariantName</Key>
          <Value>Pacinos World</Value>
        </Property>
        <Property>
          <Key>Parameter:type</Key>
          <Value>Nude</Value>
        </Property>
        <Property>
          <Key>Parameter:modelName</Key>
          <Value>Pacinos World</Value>
        </Property>
      </Properties>
      <TestMethod codeBase="C:/Users/TMacBlane/Documents/DevelopmentProjects/PornCantina.UIAutomation/bin/Debug/PornCantina.UIAutomation.DLL" adapterTypeName="Microsoft.VisualStudio.TestTools.TestTypes.Unit.UnitTestAdapter, Microsoft.VisualStudio.QualityTools.Tips.UnitTest.Adapter, Version=10.0.0.0, Culture=neutral, PublicKeyToken=b03f5f7f11d50a3a" className="PornCantina.UIAutomation.Scenarios.LatinTeenCashFeature, PornCantina.UIAutomation, Version=1.0.0.0, Culture=neutral, PublicKeyToken=null" name="PopulateLatinTeenCashGalleries_PacinosWorld" />
    </UnitTest>
    <UnitTest name="PopulateZellysCashGalleries_BluEyedCass" storage="c:\users\tmacblane\documents\developmentprojects\porncantina.uiautomation\bin\debug\porncantina.uiautomation.dll" id="d4651545-402e-63fd-5727-2f619b78f07c">
      <Description>Populate ZellysCash Galleries</Description>
      <Execution id="e8ae0eee-421c-48bc-9c08-cfa1931a42f4" />
      <Properties>
        <Property>
          <Key>FeatureTitle</Key>
          <Value>ZellysCash</Value>
        </Property>
        <Property>
          <Key>VariantName</Key>
          <Value>BluEyedCass</Value>
        </Property>
        <Property>
          <Key>Parameter:modelName</Key>
          <Value>BluEyedCass</Value>
        </Property>
      </Properties>
      <TestMethod codeBase="C:/Users/TMacBlane/Documents/DevelopmentProjects/PornCantina.UIAutomation/bin/Debug/PornCantina.UIAutomation.DLL" adapterTypeName="Microsoft.VisualStudio.TestTools.TestTypes.Unit.UnitTestAdapter, Microsoft.VisualStudio.QualityTools.Tips.UnitTest.Adapter, Version=10.0.0.0, Culture=neutral, PublicKeyToken=b03f5f7f11d50a3a" className="PornCantina.UIAutomation.Scenarios.ZellysCashFeature, PornCantina.UIAutomation, Version=1.0.0.0, Culture=neutral, PublicKeyToken=null" name="PopulateZellysCashGalleries_BluEyedCass" />
    </UnitTest>
    <UnitTest name="PopulateEpicPandaCashGalleries_CarlottaChampagne" storage="c:\users\tmacblane\documents\developmentprojects\porncantina.uiautomation\bin\debug\porncantina.uiautomation.dll" id="e1e0aada-64a3-6d63-9035-77bad23b408c">
      <Description>Populate EpicPandaCash Galleries</Description>
      <Execution id="0579d0b6-3a3e-4f80-aa31-1dfcb9ed5116" />
      <Properties>
        <Property>
          <Key>FeatureTitle</Key>
          <Value>EpicPandaCash</Value>
        </Property>
        <Property>
          <Key>VariantName</Key>
          <Value>Carlotta Champagne</Value>
        </Property>
        <Property>
          <Key>Parameter:site</Key>
          <Value>Carlotta Champagne</Value>
        </Property>
        <Property>
          <Key>Parameter:modelName</Key>
          <Value>Carlotta Champagne</Value>
        </Property>
      </Properties>
      <TestMethod codeBase="C:/Users/TMacBlane/Documents/DevelopmentProjects/PornCantina.UIAutomation/bin/Debug/PornCantina.UIAutomation.DLL" adapterTypeName="Microsoft.VisualStudio.TestTools.TestTypes.Unit.UnitTestAdapter, Microsoft.VisualStudio.QualityTools.Tips.UnitTest.Adapter, Version=10.0.0.0, Culture=neutral, PublicKeyToken=b03f5f7f11d50a3a" className="PornCantina.UIAutomation.Scenarios.EpicPandaCashFeature, PornCantina.UIAutomation, Version=1.0.0.0, Culture=neutral, PublicKeyToken=null" name="PopulateEpicPandaCashGalleries_CarlottaChampagne" />
    </UnitTest>
    <UnitTest name="PopulateLatinTeenCashGalleries_CierraSpice" storage="c:\users\tmacblane\documents\developmentprojects\porncantina.uiautomation\bin\debug\porncantina.uiautomation.dll" id="8328e058-f44f-1617-9580-129c03893814">
      <Description>Populate LatinTeenCash Galleries</Description>
      <Execution id="bbe74f74-fa5b-4450-b3e7-ab06e31fb8d8" />
      <Properties>
        <Property>
          <Key>Parameter:type</Key>
          <Value>Nude</Value>
        </Property>
        <Property>
          <Key>VariantName</Key>
          <Value>Cierra Spice</Value>
        </Property>
        <Property>
          <Key>FeatureTitle</Key>
          <Value>LatinTeenCash</Value>
        </Property>
        <Property>
          <Key>Parameter:modelName</Key>
          <Value>Cierra Spice</Value>
        </Property>
      </Properties>
      <TestMethod codeBase="C:/Users/TMacBlane/Documents/DevelopmentProjects/PornCantina.UIAutomation/bin/Debug/PornCantina.UIAutomation.DLL" adapterTypeName="Microsoft.VisualStudio.TestTools.TestTypes.Unit.UnitTestAdapter, Microsoft.VisualStudio.QualityTools.Tips.UnitTest.Adapter, Version=10.0.0.0, Culture=neutral, PublicKeyToken=b03f5f7f11d50a3a" className="PornCantina.UIAutomation.Scenarios.LatinTeenCashFeature, PornCantina.UIAutomation, Version=1.0.0.0, Culture=neutral, PublicKeyToken=null" name="PopulateLatinTeenCashGalleries_CierraSpice" />
    </UnitTest>
    <UnitTest name="PopulatePinkVelvetVaultGalleries_BrianaLeeOnline" storage="c:\users\tmacblane\documents\developmentprojects\porncantina.uiautomation\bin\debug\porncantina.uiautomation.dll" id="b561c79c-303d-25b6-3666-9b140d099ec6">
      <Description>Populate PinkVelvetVault Galleries</Description>
      <Execution id="9d219f3e-15aa-43c8-aea4-bf89855a1094" />
      <Properties>
        <Property>
          <Key>FeatureTitle</Key>
          <Value>PinkVelvetVault</Value>
        </Property>
        <Property>
          <Key>VariantName</Key>
          <Value>BrianaLeeOnline</Value>
        </Property>
        <Property>
          <Key>Parameter:site</Key>
          <Value>BrianaLeeOnline</Value>
        </Property>
        <Property>
          <Key>Parameter:modelName</Key>
          <Value>Briana Lee Online</Value>
        </Property>
      </Properties>
      <TestMethod codeBase="C:/Users/TMacBlane/Documents/DevelopmentProjects/PornCantina.UIAutomation/bin/Debug/PornCantina.UIAutomation.DLL" adapterTypeName="Microsoft.VisualStudio.TestTools.TestTypes.Unit.UnitTestAdapter, Microsoft.VisualStudio.QualityTools.Tips.UnitTest.Adapter, Version=10.0.0.0, Culture=neutral, PublicKeyToken=b03f5f7f11d50a3a" className="PornCantina.UIAutomation.Scenarios.PinkVelvetVaultFeature, PornCantina.UIAutomation, Version=1.0.0.0, Culture=neutral, PublicKeyToken=null" name="PopulatePinkVelvetVaultGalleries_BrianaLeeOnline" />
    </UnitTest>
    <UnitTest name="PopulateBellaCashGalleries_LexiMason" storage="c:\users\tmacblane\documents\developmentprojects\porncantina.uiautomation\bin\debug\porncantina.uiautomation.dll" id="cb48dcef-796c-d2b0-fdbf-4d69a8dc994d">
      <Description>Populate BellaCash Galleries</Description>
      <Execution id="211653a9-41bb-4362-a43d-7d5eee991348" />
      <Properties>
        <Property>
          <Key>FeatureTitle</Key>
          <Value>BellaCash</Value>
        </Property>
        <Property>
          <Key>VariantName</Key>
          <Value>Lexi Mason</Value>
        </Property>
        <Property>
          <Key>Parameter:modelName</Key>
          <Value>Lexi Mason</Value>
        </Property>
      </Properties>
      <TestMethod codeBase="C:/Users/TMacBlane/Documents/DevelopmentProjects/PornCantina.UIAutomation/bin/Debug/PornCantina.UIAutomation.DLL" adapterTypeName="Microsoft.VisualStudio.TestTools.TestTypes.Unit.UnitTestAdapter, Microsoft.VisualStudio.QualityTools.Tips.UnitTest.Adapter, Version=10.0.0.0, Culture=neutral, PublicKeyToken=b03f5f7f11d50a3a" className="PornCantina.UIAutomation.Scenarios.BellaCashFeature, PornCantina.UIAutomation, Version=1.0.0.0, Culture=neutral, PublicKeyToken=null" name="PopulateBellaCashGalleries_LexiMason" />
    </UnitTest>
    <UnitTest name="PopulatePinkVelvetVaultGalleries_CherryZips_Com" storage="c:\users\tmacblane\documents\developmentprojects\porncantina.uiautomation\bin\debug\porncantina.uiautomation.dll" id="6723ee26-ffeb-9536-ffc6-148f6bd91bb4">
      <Description>Populate PinkVelvetVault Galleries</Description>
      <Execution id="9d7801f5-f538-4eb3-9cab-f5affa847444" />
      <Properties>
        <Property>
          <Key>FeatureTitle</Key>
          <Value>PinkVelvetVault</Value>
        </Property>
        <Property>
          <Key>VariantName</Key>
          <Value>CherryZips.com</Value>
        </Property>
        <Property>
          <Key>Parameter:site</Key>
          <Value>CherryZips.com</Value>
        </Property>
        <Property>
          <Key>Parameter:modelName</Key>
          <Value>Cherry Zips</Value>
        </Property>
      </Properties>
      <TestMethod codeBase="C:/Users/TMacBlane/Documents/DevelopmentProjects/PornCantina.UIAutomation/bin/Debug/PornCantina.UIAutomation.DLL" adapterTypeName="Microsoft.VisualStudio.TestTools.TestTypes.Unit.UnitTestAdapter, Microsoft.VisualStudio.QualityTools.Tips.UnitTest.Adapter, Version=10.0.0.0, Culture=neutral, PublicKeyToken=b03f5f7f11d50a3a" className="PornCantina.UIAutomation.Scenarios.PinkVelvetVaultFeature, PornCantina.UIAutomation, Version=1.0.0.0, Culture=neutral, PublicKeyToken=null" name="PopulatePinkVelvetVaultGalleries_CherryZips_Com" />
    </UnitTest>
    <UnitTest name="PopulateLatinTeenCashGalleries_SelenaSpice" storage="c:\users\tmacblane\documents\developmentprojects\porncantina.uiautomation\bin\debug\porncantina.uiautomation.dll" id="9f33c672-2a2b-7ca7-eae4-406262c592bc">
      <Description>Populate LatinTeenCash Galleries</Description>
      <Execution id="f43285f8-0212-4c5b-a600-f1cb9225160e" />
      <Properties>
        <Property>
          <Key>FeatureTitle</Key>
          <Value>LatinTeenCash</Value>
        </Property>
        <Property>
          <Key>VariantName</Key>
          <Value>Selena Spice</Value>
        </Property>
        <Property>
          <Key>Parameter:type</Key>
          <Value>Non-Nude</Value>
        </Property>
        <Property>
          <Key>Parameter:modelName</Key>
          <Value>Selena Spice</Value>
        </Property>
      </Properties>
      <TestMethod codeBase="C:/Users/TMacBlane/Documents/DevelopmentProjects/PornCantina.UIAutomation/bin/Debug/PornCantina.UIAutomation.DLL" adapterTypeName="Microsoft.VisualStudio.TestTools.TestTypes.Unit.UnitTestAdapter, Microsoft.VisualStudio.QualityTools.Tips.UnitTest.Adapter, Version=10.0.0.0, Culture=neutral, PublicKeyToken=b03f5f7f11d50a3a" className="PornCantina.UIAutomation.Scenarios.LatinTeenCashFeature, PornCantina.UIAutomation, Version=1.0.0.0, Culture=neutral, PublicKeyToken=null" name="PopulateLatinTeenCashGalleries_SelenaSpice" />
    </UnitTest>
    <UnitTest name="PopulatePacinoCashGalleries_LucyOHara" storage="c:\users\tmacblane\documents\developmentprojects\porncantina.uiautomation\bin\debug\porncantina.uiautomation.dll" id="43e133cb-4a9a-524b-9d8e-6cf328e98e4c">
      <Description>Populate PacinoCash Galleries</Description>
      <Execution id="a0ecfac8-0802-4212-b0a1-09fde34f7b3d" />
      <Properties>
        <Property>
          <Key>Parameter:type</Key>
          <Value>Nude</Value>
        </Property>
        <Property>
          <Key>VariantName</Key>
          <Value>Lucy OHara</Value>
        </Property>
        <Property>
          <Key>FeatureTitle</Key>
          <Value>PacinoCash</Value>
        </Property>
        <Property>
          <Key>Parameter:modelName</Key>
          <Value>Lucy OHara</Value>
        </Property>
      </Properties>
      <TestMethod codeBase="C:/Users/TMacBlane/Documents/DevelopmentProjects/PornCantina.UIAutomation/bin/Debug/PornCantina.UIAutomation.DLL" adapterTypeName="Microsoft.VisualStudio.TestTools.TestTypes.Unit.UnitTestAdapter, Microsoft.VisualStudio.QualityTools.Tips.UnitTest.Adapter, Version=10.0.0.0, Culture=neutral, PublicKeyToken=b03f5f7f11d50a3a" className="PornCantina.UIAutomation.Scenarios.PacinoCashFeature, PornCantina.UIAutomation, Version=1.0.0.0, Culture=neutral, PublicKeyToken=null" name="PopulatePacinoCashGalleries_LucyOHara" />
    </UnitTest>
    <UnitTest name="PopulateLatinTeenCashGalleries_BellaSpice" storage="c:\users\tmacblane\documents\developmentprojects\porncantina.uiautomation\bin\debug\porncantina.uiautomation.dll" id="a9992471-646c-2976-753b-1557db3f93ef">
      <Description>Populate LatinTeenCash Galleries</Description>
      <Execution id="d4d24a90-4d24-4023-831a-23ee7c645d4e" />
      <Properties>
        <Property>
          <Key>FeatureTitle</Key>
          <Value>LatinTeenCash</Value>
        </Property>
        <Property>
          <Key>VariantName</Key>
          <Value>Bella Spice</Value>
        </Property>
        <Property>
          <Key>Parameter:type</Key>
          <Value>Nude</Value>
        </Property>
        <Property>
          <Key>Parameter:modelName</Key>
          <Value>Bella Spice</Value>
        </Property>
      </Properties>
      <TestMethod codeBase="C:/Users/TMacBlane/Documents/DevelopmentProjects/PornCantina.UIAutomation/bin/Debug/PornCantina.UIAutomation.DLL" adapterTypeName="Microsoft.VisualStudio.TestTools.TestTypes.Unit.UnitTestAdapter, Microsoft.VisualStudio.QualityTools.Tips.UnitTest.Adapter, Version=10.0.0.0, Culture=neutral, PublicKeyToken=b03f5f7f11d50a3a" className="PornCantina.UIAutomation.Scenarios.LatinTeenCashFeature, PornCantina.UIAutomation, Version=1.0.0.0, Culture=neutral, PublicKeyToken=null" name="PopulateLatinTeenCashGalleries_BellaSpice" />
    </UnitTest>
    <UnitTest name="PopulatePinkVelvetVaultGalleries_BrianaLeeExtreme_Com" storage="c:\users\tmacblane\documents\developmentprojects\porncantina.uiautomation\bin\debug\porncantina.uiautomation.dll" id="076a81dd-d8a3-782a-c412-1ea2d0276610">
      <Description>Populate PinkVelvetVault Galleries</Description>
      <Execution id="d8a9d1f8-cdb0-4928-a11b-43b8397cba40" />
      <Properties>
        <Property>
          <Key>FeatureTitle</Key>
          <Value>PinkVelvetVault</Value>
        </Property>
        <Property>
          <Key>VariantName</Key>
          <Value>BrianaLeeExtreme.com</Value>
        </Property>
        <Property>
          <Key>Parameter:site</Key>
          <Value>BrianaLeeExtreme.com</Value>
        </Property>
        <Property>
          <Key>Parameter:modelName</Key>
          <Value>Briana Lee Extreme</Value>
        </Property>
      </Properties>
      <TestMethod codeBase="C:/Users/TMacBlane/Documents/DevelopmentProjects/PornCantina.UIAutomation/bin/Debug/PornCantina.UIAutomation.DLL" adapterTypeName="Microsoft.VisualStudio.TestTools.TestTypes.Unit.UnitTestAdapter, Microsoft.VisualStudio.QualityTools.Tips.UnitTest.Adapter, Version=10.0.0.0, Culture=neutral, PublicKeyToken=b03f5f7f11d50a3a" className="PornCantina.UIAutomation.Scenarios.PinkVelvetVaultFeature, PornCantina.UIAutomation, Version=1.0.0.0, Culture=neutral, PublicKeyToken=null" name="PopulatePinkVelvetVaultGalleries_BrianaLeeExtreme_Com" />
    </UnitTest>
  </TestDefinitions>
  <TestLists>
    <TestList name="All Loaded Results" id="19431567-8539-422a-85d7-44ee4e166bda" />
    <TestList name="Lists of Results" id="8c43106b-9dc1-4907-a29f-aa66a61bf5b6" />
    <TestList name="Sites" id="8ba83221-1a26-45ff-8a75-ce587dd12d36" parentListId="8c43106b-9dc1-4907-a29f-aa66a61bf5b6">
      <TestLinks>
        <TestLink id="2d0fc9e1-ddb6-e1a3-2e4b-63cd236f3727" name="PopulateLatinTeenCashGalleries_NataliaSpice" storage="c:\users\tmacblane\documents\developmentprojects\porncantina.uiautomation\bin\debug\porncantina.uiautomation.dll" type="Microsoft.VisualStudio.TestTools.TestTypes.Unit.UnitTestElement, Microsoft.VisualStudio.QualityTools.Tips.UnitTest.ObjectModel, Version=10.0.0.0, Culture=neutral, PublicKeyToken=b03f5f7f11d50a3a" />
        <TestLink id="8c136c51-948d-db20-6929-2e8f37a20b36" name="PopulateBellaCashGalleries_KatieBanks" storage="c:\users\tmacblane\documents\developmentprojects\porncantina.uiautomation\bin\debug\porncantina.uiautomation.dll" type="Microsoft.VisualStudio.TestTools.TestTypes.Unit.UnitTestElement, Microsoft.VisualStudio.QualityTools.Tips.UnitTest.ObjectModel, Version=10.0.0.0, Culture=neutral, PublicKeyToken=b03f5f7f11d50a3a" />
        <TestLink id="96545bb1-b2a0-ad54-b954-e408025e44ce" name="PopulatePacinoCashGalleries_IvySnow" storage="c:\users\tmacblane\documents\developmentprojects\porncantina.uiautomation\bin\debug\porncantina.uiautomation.dll" type="Microsoft.VisualStudio.TestTools.TestTypes.Unit.UnitTestElement, Microsoft.VisualStudio.QualityTools.Tips.UnitTest.ObjectModel, Version=10.0.0.0, Culture=neutral, PublicKeyToken=b03f5f7f11d50a3a" />
        <TestLink id="f796dec0-3ebb-a230-ecb5-c2c98ad99720" name="PopulateLatinTeenCashGalleries_LaZonaModelos" storage="c:\users\tmacblane\documents\developmentprojects\porncantina.uiautomation\bin\debug\porncantina.uiautomation.dll" type="Microsoft.VisualStudio.TestTools.TestTypes.Unit.UnitTestElement, Microsoft.VisualStudio.QualityTools.Tips.UnitTest.ObjectModel, Version=10.0.0.0, Culture=neutral, PublicKeyToken=b03f5f7f11d50a3a" />
        <TestLink id="dfed4799-d8fd-25dc-42b0-c8ea9ee23c63" name="PopulateBellaCashGalleries_RennaRyann" storage="c:\users\tmacblane\documents\developmentprojects\porncantina.uiautomation\bin\debug\porncantina.uiautomation.dll" type="Microsoft.VisualStudio.TestTools.TestTypes.Unit.UnitTestElement, Microsoft.VisualStudio.QualityTools.Tips.UnitTest.ObjectModel, Version=10.0.0.0, Culture=neutral, PublicKeyToken=b03f5f7f11d50a3a" />
        <TestLink id="d4651545-402e-63fd-5727-2f619b78f07c" name="PopulateZellysCashGalleries_BluEyedCass" storage="c:\users\tmacblane\documents\developmentprojects\porncantina.uiautomation\bin\debug\porncantina.uiautomation.dll" type="Microsoft.VisualStudio.TestTools.TestTypes.Unit.UnitTestElement, Microsoft.VisualStudio.QualityTools.Tips.UnitTest.ObjectModel, Version=10.0.0.0, Culture=neutral, PublicKeyToken=b03f5f7f11d50a3a" />
        <TestLink id="09f339eb-e1ff-0d96-dca9-6e24e2f7cfbf" name="PopulatePinkVelvetVaultGalleries_TiffanyAlexis_Com" storage="c:\users\tmacblane\documents\developmentprojects\porncantina.uiautomation\bin\debug\porncantina.uiautomation.dll" type="Microsoft.VisualStudio.TestTools.TestTypes.Unit.UnitTestElement, Microsoft.VisualStudio.QualityTools.Tips.UnitTest.ObjectModel, Version=10.0.0.0, Culture=neutral, PublicKeyToken=b03f5f7f11d50a3a" />
        <TestLink id="a54bbd81-de28-c5a1-9d12-ca028d3f093b" name="PopulateLatinTeenCashGalleries_GigiSpice" storage="c:\users\tmacblane\documents\developmentprojects\porncantina.uiautomation\bin\debug\porncantina.uiautomation.dll" type="Microsoft.VisualStudio.TestTools.TestTypes.Unit.UnitTestElement, Microsoft.VisualStudio.QualityTools.Tips.UnitTest.ObjectModel, Version=10.0.0.0, Culture=neutral, PublicKeyToken=b03f5f7f11d50a3a" />
        <TestLink id="eb9b8e2b-e634-3f71-8b78-2aca84a14cf3" name="PopulateEpicPandaCashGalleries_BaileyKnox" storage="c:\users\tmacblane\documents\developmentprojects\porncantina.uiautomation\bin\debug\porncantina.uiautomation.dll" type="Microsoft.VisualStudio.TestTools.TestTypes.Unit.UnitTestElement, Microsoft.VisualStudio.QualityTools.Tips.UnitTest.ObjectModel, Version=10.0.0.0, Culture=neutral, PublicKeyToken=b03f5f7f11d50a3a" />
        <TestLink id="3244bd33-62ad-5b0c-a0f8-17623bcb7156" name="PopulateZellysCashGalleries_MelissaXoXo" storage="c:\users\tmacblane\documents\developmentprojects\porncantina.uiautomation\bin\debug\porncantina.uiautomation.dll" type="Microsoft.VisualStudio.TestTools.TestTypes.Unit.UnitTestElement, Microsoft.VisualStudio.QualityTools.Tips.UnitTest.ObjectModel, Version=10.0.0.0, Culture=neutral, PublicKeyToken=b03f5f7f11d50a3a" />
        <TestLink id="d0390afa-4a21-297c-771f-2a8050db7de4" name="PopulateEpicPandaCashGalleries_PartyAll_Star" storage="c:\users\tmacblane\documents\developmentprojects\porncantina.uiautomation\bin\debug\porncantina.uiautomation.dll" type="Microsoft.VisualStudio.TestTools.TestTypes.Unit.UnitTestElement, Microsoft.VisualStudio.QualityTools.Tips.UnitTest.ObjectModel, Version=10.0.0.0, Culture=neutral, PublicKeyToken=b03f5f7f11d50a3a" />
        <TestLink id="076a81dd-d8a3-782a-c412-1ea2d0276610" name="PopulatePinkVelvetVaultGalleries_BrianaLeeExtreme_Com" storage="c:\users\tmacblane\documents\developmentprojects\porncantina.uiautomation\bin\debug\porncantina.uiautomation.dll" type="Microsoft.VisualStudio.TestTools.TestTypes.Unit.UnitTestElement, Microsoft.VisualStudio.QualityTools.Tips.UnitTest.ObjectModel, Version=10.0.0.0, Culture=neutral, PublicKeyToken=b03f5f7f11d50a3a" />
        <TestLink id="398d7b5e-bf85-40e6-19ea-4a768f60f793" name="PopulateLatinTeenCashGalleries_MariahSpice" storage="c:\users\tmacblane\documents\developmentprojects\porncantina.uiautomation\bin\debug\porncantina.uiautomation.dll" type="Microsoft.VisualStudio.TestTools.TestTypes.Unit.UnitTestElement, Microsoft.VisualStudio.QualityTools.Tips.UnitTest.ObjectModel, Version=10.0.0.0, Culture=neutral, PublicKeyToken=b03f5f7f11d50a3a" />
        <TestLink id="64a7a8aa-d2a3-43db-0a19-db0baa07537e" name="PopulateJewelsGoldGalleries" storage="c:\users\tmacblane\documents\developmentprojects\porncantina.uiautomation\bin\debug\porncantina.uiautomation.dll" type="Microsoft.VisualStudio.TestTools.TestTypes.Unit.UnitTestElement, Microsoft.VisualStudio.QualityTools.Tips.UnitTest.ObjectModel, Version=10.0.0.0, Culture=neutral, PublicKeyToken=b03f5f7f11d50a3a" />
        <TestLink id="9f33c672-2a2b-7ca7-eae4-406262c592bc" name="PopulateLatinTeenCashGalleries_SelenaSpice" storage="c:\users\tmacblane\documents\developmentprojects\porncantina.uiautomation\bin\debug\porncantina.uiautomation.dll" type="Microsoft.VisualStudio.TestTools.TestTypes.Unit.UnitTestElement, Microsoft.VisualStudio.QualityTools.Tips.UnitTest.ObjectModel, Version=10.0.0.0, Culture=neutral, PublicKeyToken=b03f5f7f11d50a3a" />
        <TestLink id="0833e762-dd78-d87c-6052-d9944bd1c4a8" name="PopulateEpicPandaCashGalleries_SpencerNicks" storage="c:\users\tmacblane\documents\developmentprojects\porncantina.uiautomation\bin\debug\porncantina.uiautomation.dll" type="Microsoft.VisualStudio.TestTools.TestTypes.Unit.UnitTestElement, Microsoft.VisualStudio.QualityTools.Tips.UnitTest.ObjectModel, Version=10.0.0.0, Culture=neutral, PublicKeyToken=b03f5f7f11d50a3a" />
        <TestLink id="6f823177-fac0-1695-39d6-789688bb1a48" name="PopulateEpicPandaCashGalleries_RachelSexton" storage="c:\users\tmacblane\documents\developmentprojects\porncantina.uiautomation\bin\debug\porncantina.uiautomation.dll" type="Microsoft.VisualStudio.TestTools.TestTypes.Unit.UnitTestElement, Microsoft.VisualStudio.QualityTools.Tips.UnitTest.ObjectModel, Version=10.0.0.0, Culture=neutral, PublicKeyToken=b03f5f7f11d50a3a" />
        <TestLink id="ec2c6f0a-2450-dc25-0d39-ade2ab07c845" name="PopulateBellaCashGalleries_HunterLeigh" storage="c:\users\tmacblane\documents\developmentprojects\porncantina.uiautomation\bin\debug\porncantina.uiautomation.dll" type="Microsoft.VisualStudio.TestTools.TestTypes.Unit.UnitTestElement, Microsoft.VisualStudio.QualityTools.Tips.UnitTest.ObjectModel, Version=10.0.0.0, Culture=neutral, PublicKeyToken=b03f5f7f11d50a3a" />
        <TestLink id="2910964a-1343-9aba-d7b0-6918c25f5329" name="PopulatePinkVelvetVaultGalleries_Brittany_Avalon_Com" storage="c:\users\tmacblane\documents\developmentprojects\porncantina.uiautomation\bin\debug\porncantina.uiautomation.dll" type="Microsoft.VisualStudio.TestTools.TestTypes.Unit.UnitTestElement, Microsoft.VisualStudio.QualityTools.Tips.UnitTest.ObjectModel, Version=10.0.0.0, Culture=neutral, PublicKeyToken=b03f5f7f11d50a3a" />
        <TestLink id="0e293ab0-9375-e2a4-2482-49fbaa7ebeb7" name="PopulatePacinoCashGalleries_MadisonLain" storage="c:\users\tmacblane\documents\developmentprojects\porncantina.uiautomation\bin\debug\porncantina.uiautomation.dll" type="Microsoft.VisualStudio.TestTools.TestTypes.Unit.UnitTestElement, Microsoft.VisualStudio.QualityTools.Tips.UnitTest.ObjectModel, Version=10.0.0.0, Culture=neutral, PublicKeyToken=b03f5f7f11d50a3a" />
        <TestLink id="1fc74d3e-f8b6-d564-aca5-16763c6dfeac" name="PopulateLatinTeenCashGalleries_PacinosWorld" storage="c:\users\tmacblane\documents\developmentprojects\porncantina.uiautomation\bin\debug\porncantina.uiautomation.dll" type="Microsoft.VisualStudio.TestTools.TestTypes.Unit.UnitTestElement, Microsoft.VisualStudio.QualityTools.Tips.UnitTest.ObjectModel, Version=10.0.0.0, Culture=neutral, PublicKeyToken=b03f5f7f11d50a3a" />
        <TestLink id="330e0218-b1c3-0599-b86f-bb99241a385f" name="PopulatePinkVelvetVaultGalleries_BellaXOXO_Com" storage="c:\users\tmacblane\documents\developmentprojects\porncantina.uiautomation\bin\debug\porncantina.uiautomation.dll" type="Microsoft.VisualStudio.TestTools.TestTypes.Unit.UnitTestElement, Microsoft.VisualStudio.QualityTools.Tips.UnitTest.ObjectModel, Version=10.0.0.0, Culture=neutral, PublicKeyToken=b03f5f7f11d50a3a" />
        <TestLink id="6af92fa9-0ccf-8383-ab91-02e618ce084c" name="PopulateBellaCashGalleries_MonroeLee" storage="c:\users\tmacblane\documents\developmentprojects\porncantina.uiautomation\bin\debug\porncantina.uiautomation.dll" type="Microsoft.VisualStudio.TestTools.TestTypes.Unit.UnitTestElement, Microsoft.VisualStudio.QualityTools.Tips.UnitTest.ObjectModel, Version=10.0.0.0, Culture=neutral, PublicKeyToken=b03f5f7f11d50a3a" />
        <TestLink id="cb48dcef-796c-d2b0-fdbf-4d69a8dc994d" name="PopulateBellaCashGalleries_LexiMason" storage="c:\users\tmacblane\documents\developmentprojects\porncantina.uiautomation\bin\debug\porncantina.uiautomation.dll" type="Microsoft.VisualStudio.TestTools.TestTypes.Unit.UnitTestElement, Microsoft.VisualStudio.QualityTools.Tips.UnitTest.ObjectModel, Version=10.0.0.0, Culture=neutral, PublicKeyToken=b03f5f7f11d50a3a" />
        <TestLink id="2272289c-032b-1243-7330-eb5092e584fc" name="PopulateBellaCashGalleries_AvaDawn" storage="c:\users\tmacblane\documents\developmentprojects\porncantina.uiautomation\bin\debug\porncantina.uiautomation.dll" type="Microsoft.VisualStudio.TestTools.TestTypes.Unit.UnitTestElement, Microsoft.VisualStudio.QualityTools.Tips.UnitTest.ObjectModel, Version=10.0.0.0, Culture=neutral, PublicKeyToken=b03f5f7f11d50a3a" />
        <TestLink id="66f4f75a-e39b-800c-c209-257f1c101b17" name="PopulateBellaCashGalleries_Bryci" storage="c:\users\tmacblane\documents\developmentprojects\porncantina.uiautomation\bin\debug\porncantina.uiautomation.dll" type="Microsoft.VisualStudio.TestTools.TestTypes.Unit.UnitTestElement, Microsoft.VisualStudio.QualityTools.Tips.UnitTest.ObjectModel, Version=10.0.0.0, Culture=neutral, PublicKeyToken=b03f5f7f11d50a3a" />
        <TestLink id="70329624-f7cc-6664-b631-4cc70d51a00f" name="PopulatePinkVelvetVaultGalleries_LynnPops_Com" storage="c:\users\tmacblane\documents\developmentprojects\porncantina.uiautomation\bin\debug\porncantina.uiautomation.dll" type="Microsoft.VisualStudio.TestTools.TestTypes.Unit.UnitTestElement, Microsoft.VisualStudio.QualityTools.Tips.UnitTest.ObjectModel, Version=10.0.0.0, Culture=neutral, PublicKeyToken=b03f5f7f11d50a3a" />
        <TestLink id="5264e98b-d59f-ee56-149b-fc83642626d4" name="PopulateLatinTeenCashGalleries_PacinosAdventures" storage="c:\users\tmacblane\documents\developmentprojects\porncantina.uiautomation\bin\debug\porncantina.uiautomation.dll" type="Microsoft.VisualStudio.TestTools.TestTypes.Unit.UnitTestElement, Microsoft.VisualStudio.QualityTools.Tips.UnitTest.ObjectModel, Version=10.0.0.0, Culture=neutral, PublicKeyToken=b03f5f7f11d50a3a" />
        <TestLink id="a9992471-646c-2976-753b-1557db3f93ef" name="PopulateLatinTeenCashGalleries_BellaSpice" storage="c:\users\tmacblane\documents\developmentprojects\porncantina.uiautomation\bin\debug\porncantina.uiautomation.dll" type="Microsoft.VisualStudio.TestTools.TestTypes.Unit.UnitTestElement, Microsoft.VisualStudio.QualityTools.Tips.UnitTest.ObjectModel, Version=10.0.0.0, Culture=neutral, PublicKeyToken=b03f5f7f11d50a3a" />
        <TestLink id="56f54296-15ab-8819-79de-9cb8a298433f" name="PopulateMinxManiaGalleries" storage="c:\users\tmacblane\documents\developmentprojects\porncantina.uiautomation\bin\debug\porncantina.uiautomation.dll" type="Microsoft.VisualStudio.TestTools.TestTypes.Unit.UnitTestElement, Microsoft.VisualStudio.QualityTools.Tips.UnitTest.ObjectModel, Version=10.0.0.0, Culture=neutral, PublicKeyToken=b03f5f7f11d50a3a" />
        <TestLink id="b561c79c-303d-25b6-3666-9b140d099ec6" name="PopulatePinkVelvetVaultGalleries_BrianaLeeOnline" storage="c:\users\tmacblane\documents\developmentprojects\porncantina.uiautomation\bin\debug\porncantina.uiautomation.dll" type="Microsoft.VisualStudio.TestTools.TestTypes.Unit.UnitTestElement, Microsoft.VisualStudio.QualityTools.Tips.UnitTest.ObjectModel, Version=10.0.0.0, Culture=neutral, PublicKeyToken=b03f5f7f11d50a3a" />
        <TestLink id="9b8a8829-6f71-8101-2626-855991eddcfc" name="PopulatePinkVelvetVaultGalleries_MeetMadden_Com" storage="c:\users\tmacblane\documents\developmentprojects\porncantina.uiautomation\bin\debug\porncantina.uiautomation.dll" type="Microsoft.VisualStudio.TestTools.TestTypes.Unit.UnitTestElement, Microsoft.VisualStudio.QualityTools.Tips.UnitTest.ObjectModel, Version=10.0.0.0, Culture=neutral, PublicKeyToken=b03f5f7f11d50a3a" />
        <TestLink id="6ab30983-7e28-5632-d87f-2957844134d4" name="PopulatePinkVelvetVaultGalleries_RadiantDesire_Com" storage="c:\users\tmacblane\documents\developmentprojects\porncantina.uiautomation\bin\debug\porncantina.uiautomation.dll" type="Microsoft.VisualStudio.TestTools.TestTypes.Unit.UnitTestElement, Microsoft.VisualStudio.QualityTools.Tips.UnitTest.ObjectModel, Version=10.0.0.0, Culture=neutral, PublicKeyToken=b03f5f7f11d50a3a" />
        <TestLink id="43e133cb-4a9a-524b-9d8e-6cf328e98e4c" name="PopulatePacinoCashGalleries_LucyOHara" storage="c:\users\tmacblane\documents\developmentprojects\porncantina.uiautomation\bin\debug\porncantina.uiautomation.dll" type="Microsoft.VisualStudio.TestTools.TestTypes.Unit.UnitTestElement, Microsoft.VisualStudio.QualityTools.Tips.UnitTest.ObjectModel, Version=10.0.0.0, Culture=neutral, PublicKeyToken=b03f5f7f11d50a3a" />
        <TestLink id="b4f0a9e8-5d81-3545-39ca-78302cfc2e4c" name="PopulatePinkVelvetVaultGalleries_Sockblocked_Com" storage="c:\users\tmacblane\documents\developmentprojects\porncantina.uiautomation\bin\debug\porncantina.uiautomation.dll" type="Microsoft.VisualStudio.TestTools.TestTypes.Unit.UnitTestElement, Microsoft.VisualStudio.QualityTools.Tips.UnitTest.ObjectModel, Version=10.0.0.0, Culture=neutral, PublicKeyToken=b03f5f7f11d50a3a" />
        <TestLink id="90275ed3-6b7f-be6c-3123-37a1d67aeee3" name="PopulatePinkVelvetVaultGalleries_TaylorTrue" storage="c:\users\tmacblane\documents\developmentprojects\porncantina.uiautomation\bin\debug\porncantina.uiautomation.dll" type="Microsoft.VisualStudio.TestTools.TestTypes.Unit.UnitTestElement, Microsoft.VisualStudio.QualityTools.Tips.UnitTest.ObjectModel, Version=10.0.0.0, Culture=neutral, PublicKeyToken=b03f5f7f11d50a3a" />
        <TestLink id="4cbca76b-5162-199c-dd79-ce8dc44ed77b" name="PopulatePinkVelvetVaultGalleries_Nikkisplaymates_Com" storage="c:\users\tmacblane\documents\developmentprojects\porncantina.uiautomation\bin\debug\porncantina.uiautomation.dll" type="Microsoft.VisualStudio.TestTools.TestTypes.Unit.UnitTestElement, Microsoft.VisualStudio.QualityTools.Tips.UnitTest.ObjectModel, Version=10.0.0.0, Culture=neutral, PublicKeyToken=b03f5f7f11d50a3a" />
        <TestLink id="faee341e-3298-bbd5-13d9-4d169a7040ed" name="PopulatePinkVelvetVaultGalleries_KendraRain_Com" storage="c:\users\tmacblane\documents\developmentprojects\porncantina.uiautomation\bin\debug\porncantina.uiautomation.dll" type="Microsoft.VisualStudio.TestTools.TestTypes.Unit.UnitTestElement, Microsoft.VisualStudio.QualityTools.Tips.UnitTest.ObjectModel, Version=10.0.0.0, Culture=neutral, PublicKeyToken=b03f5f7f11d50a3a" />
        <TestLink id="36a18326-5378-2751-6673-68fb2102b50e" name="PopulateEpicPandaCashGalleries_BrookeMarks" storage="c:\users\tmacblane\documents\developmentprojects\porncantina.uiautomation\bin\debug\porncantina.uiautomation.dll" type="Microsoft.VisualStudio.TestTools.TestTypes.Unit.UnitTestElement, Microsoft.VisualStudio.QualityTools.Tips.UnitTest.ObjectModel, Version=10.0.0.0, Culture=neutral, PublicKeyToken=b03f5f7f11d50a3a" />
        <TestLink id="77113a8f-62ef-a696-16b0-d2a18a7d4895" name="PopulatePacinoCashGalleries_TaylorLain" storage="c:\users\tmacblane\documents\developmentprojects\porncantina.uiautomation\bin\debug\porncantina.uiautomation.dll" type="Microsoft.VisualStudio.TestTools.TestTypes.Unit.UnitTestElement, Microsoft.VisualStudio.QualityTools.Tips.UnitTest.ObjectModel, Version=10.0.0.0, Culture=neutral, PublicKeyToken=b03f5f7f11d50a3a" />
        <TestLink id="746ca17d-0c95-55f7-2444-fcda2e970d75" name="PopulateEpicPandaCashGalleries_MidoriWest" storage="c:\users\tmacblane\documents\developmentprojects\porncantina.uiautomation\bin\debug\porncantina.uiautomation.dll" type="Microsoft.VisualStudio.TestTools.TestTypes.Unit.UnitTestElement, Microsoft.VisualStudio.QualityTools.Tips.UnitTest.ObjectModel, Version=10.0.0.0, Culture=neutral, PublicKeyToken=b03f5f7f11d50a3a" />
        <TestLink id="6723ee26-ffeb-9536-ffc6-148f6bd91bb4" name="PopulatePinkVelvetVaultGalleries_CherryZips_Com" storage="c:\users\tmacblane\documents\developmentprojects\porncantina.uiautomation\bin\debug\porncantina.uiautomation.dll" type="Microsoft.VisualStudio.TestTools.TestTypes.Unit.UnitTestElement, Microsoft.VisualStudio.QualityTools.Tips.UnitTest.ObjectModel, Version=10.0.0.0, Culture=neutral, PublicKeyToken=b03f5f7f11d50a3a" />
        <TestLink id="8328e058-f44f-1617-9580-129c03893814" name="PopulateLatinTeenCashGalleries_CierraSpice" storage="c:\users\tmacblane\documents\developmentprojects\porncantina.uiautomation\bin\debug\porncantina.uiautomation.dll" type="Microsoft.VisualStudio.TestTools.TestTypes.Unit.UnitTestElement, Microsoft.VisualStudio.QualityTools.Tips.UnitTest.ObjectModel, Version=10.0.0.0, Culture=neutral, PublicKeyToken=b03f5f7f11d50a3a" />
        <TestLink id="7fae0b54-1d2c-0d9d-1805-b2ab2adfc550" name="PopulateEpicPandaCashGalleries_MistyGates" storage="c:\users\tmacblane\documents\developmentprojects\porncantina.uiautomation\bin\debug\porncantina.uiautomation.dll" type="Microsoft.VisualStudio.TestTools.TestTypes.Unit.UnitTestElement, Microsoft.VisualStudio.QualityTools.Tips.UnitTest.ObjectModel, Version=10.0.0.0, Culture=neutral, PublicKeyToken=b03f5f7f11d50a3a" />
        <TestLink id="efe8e8c2-3563-b091-1ee4-879573922381" name="PopulateZellysCashGalleries_Zellys_Com" storage="c:\users\tmacblane\documents\developmentprojects\porncantina.uiautomation\bin\debug\porncantina.uiautomation.dll" type="Microsoft.VisualStudio.TestTools.TestTypes.Unit.UnitTestElement, Microsoft.VisualStudio.QualityTools.Tips.UnitTest.ObjectModel, Version=10.0.0.0, Culture=neutral, PublicKeyToken=b03f5f7f11d50a3a" />
        <TestLink id="e1e0aada-64a3-6d63-9035-77bad23b408c" name="PopulateEpicPandaCashGalleries_CarlottaChampagne" storage="c:\users\tmacblane\documents\developmentprojects\porncantina.uiautomation\bin\debug\porncantina.uiautomation.dll" type="Microsoft.VisualStudio.TestTools.TestTypes.Unit.UnitTestElement, Microsoft.VisualStudio.QualityTools.Tips.UnitTest.ObjectModel, Version=10.0.0.0, Culture=neutral, PublicKeyToken=b03f5f7f11d50a3a" />
        <TestLink id="7a45e85a-1f59-0abe-b4e5-74cee7eb6bca" name="PopulateLatinTeenCashGalleries_TaniaSpice" storage="c:\users\tmacblane\documents\developmentprojects\porncantina.uiautomation\bin\debug\porncantina.uiautomation.dll" type="Microsoft.VisualStudio.TestTools.TestTypes.Unit.UnitTestElement, Microsoft.VisualStudio.QualityTools.Tips.UnitTest.ObjectModel, Version=10.0.0.0, Culture=neutral, PublicKeyToken=b03f5f7f11d50a3a" />
        <TestLink id="b2fe822b-5976-20eb-494c-a2e70b73f8a8" name="PopulateBellaCashGalleries_TaliaShepard" storage="c:\users\tmacblane\documents\developmentprojects\porncantina.uiautomation\bin\debug\porncantina.uiautomation.dll" type="Microsoft.VisualStudio.TestTools.TestTypes.Unit.UnitTestElement, Microsoft.VisualStudio.QualityTools.Tips.UnitTest.ObjectModel, Version=10.0.0.0, Culture=neutral, PublicKeyToken=b03f5f7f11d50a3a" />
        <TestLink id="13e1a459-1c49-3ad3-1408-a2fc2bd5bb3a" name="PopulateLatinTeenCashGalleries_PamelaSpice" storage="c:\users\tmacblane\documents\developmentprojects\porncantina.uiautomation\bin\debug\porncantina.uiautomation.dll" type="Microsoft.VisualStudio.TestTools.TestTypes.Unit.UnitTestElement, Microsoft.VisualStudio.QualityTools.Tips.UnitTest.ObjectModel, Version=10.0.0.0, Culture=neutral, PublicKeyToken=b03f5f7f11d50a3a" />
        <TestLink id="ef5d542a-b37f-13af-ab00-4285784f3377" name="PopulateLatinTeenCashGalleries_SpiceTwins" storage="c:\users\tmacblane\documents\developmentprojects\porncantina.uiautomation\bin\debug\porncantina.uiautomation.dll" type="Microsoft.VisualStudio.TestTools.TestTypes.Unit.UnitTestElement, Microsoft.VisualStudio.QualityTools.Tips.UnitTest.ObjectModel, Version=10.0.0.0, Culture=neutral, PublicKeyToken=b03f5f7f11d50a3a" />
        <TestLink id="732e0271-3646-904e-0de5-cd01a1e05c83" name="PopulateLatinTeenCashGalleries_KarlaSpice" storage="c:\users\tmacblane\documents\developmentprojects\porncantina.uiautomation\bin\debug\porncantina.uiautomation.dll" type="Microsoft.VisualStudio.TestTools.TestTypes.Unit.UnitTestElement, Microsoft.VisualStudio.QualityTools.Tips.UnitTest.ObjectModel, Version=10.0.0.0, Culture=neutral, PublicKeyToken=b03f5f7f11d50a3a" />
      </TestLinks>
    </TestList>
  </TestLists>
  <TestEntries>
    <TestEntry testId="ec2c6f0a-2450-dc25-0d39-ade2ab07c845" executionId="3cc06a30-fc23-48de-8161-2edf1c53e835" testListId="8ba83221-1a26-45ff-8a75-ce587dd12d36" />
    <TestEntry testId="2910964a-1343-9aba-d7b0-6918c25f5329" executionId="c2553b74-3b27-470a-965b-02c69fe63d95" testListId="8ba83221-1a26-45ff-8a75-ce587dd12d36" />
    <TestEntry testId="70329624-f7cc-6664-b631-4cc70d51a00f" executionId="2901eec5-c2fc-4f2a-a2eb-eee99561388d" testListId="8ba83221-1a26-45ff-8a75-ce587dd12d36" />
    <TestEntry testId="330e0218-b1c3-0599-b86f-bb99241a385f" executionId="657b4f47-0f50-4c99-9e6d-c470fc25320d" testListId="8ba83221-1a26-45ff-8a75-ce587dd12d36" />
    <TestEntry testId="90275ed3-6b7f-be6c-3123-37a1d67aeee3" executionId="b2578997-9d42-49cc-a0eb-2d888d0f8f48" testListId="8ba83221-1a26-45ff-8a75-ce587dd12d36" />
    <TestEntry testId="6ab30983-7e28-5632-d87f-2957844134d4" executionId="53894ae9-8b8d-452a-a26d-0713b86e7c49" testListId="8ba83221-1a26-45ff-8a75-ce587dd12d36" />
    <TestEntry testId="cb48dcef-796c-d2b0-fdbf-4d69a8dc994d" executionId="211653a9-41bb-4362-a43d-7d5eee991348" testListId="8ba83221-1a26-45ff-8a75-ce587dd12d36" />
    <TestEntry testId="66f4f75a-e39b-800c-c209-257f1c101b17" executionId="164753ec-bdb6-4f7a-ba3f-55b43ef5e674" testListId="8ba83221-1a26-45ff-8a75-ce587dd12d36" />
    <TestEntry testId="36a18326-5378-2751-6673-68fb2102b50e" executionId="c246127a-dae8-4fb3-843e-8597d0f64df9" testListId="8ba83221-1a26-45ff-8a75-ce587dd12d36" />
    <TestEntry testId="43e133cb-4a9a-524b-9d8e-6cf328e98e4c" executionId="a0ecfac8-0802-4212-b0a1-09fde34f7b3d" testListId="8ba83221-1a26-45ff-8a75-ce587dd12d36" />
    <TestEntry testId="6f823177-fac0-1695-39d6-789688bb1a48" executionId="2a9af868-32a9-4388-b732-454fe4d94895" testListId="8ba83221-1a26-45ff-8a75-ce587dd12d36" />
    <TestEntry testId="3244bd33-62ad-5b0c-a0f8-17623bcb7156" executionId="07b80e9b-1037-4dc4-846e-4fbd153b4613" testListId="8ba83221-1a26-45ff-8a75-ce587dd12d36" />
    <TestEntry testId="7a45e85a-1f59-0abe-b4e5-74cee7eb6bca" executionId="8dd792ca-f495-40b7-9404-3d238361dc80" testListId="8ba83221-1a26-45ff-8a75-ce587dd12d36" />
    <TestEntry testId="2d0fc9e1-ddb6-e1a3-2e4b-63cd236f3727" executionId="74f6c53a-1447-42b3-9bf3-955fbef691c9" testListId="8ba83221-1a26-45ff-8a75-ce587dd12d36" />
    <TestEntry testId="6723ee26-ffeb-9536-ffc6-148f6bd91bb4" executionId="9d7801f5-f538-4eb3-9cab-f5affa847444" testListId="8ba83221-1a26-45ff-8a75-ce587dd12d36" />
    <TestEntry testId="398d7b5e-bf85-40e6-19ea-4a768f60f793" executionId="47348dd1-98e2-4f9b-b7d7-b4a8e3c52bee" testListId="8ba83221-1a26-45ff-8a75-ce587dd12d36" />
    <TestEntry testId="13e1a459-1c49-3ad3-1408-a2fc2bd5bb3a" executionId="6060daaf-4e62-4563-a93f-ab28825752f9" testListId="8ba83221-1a26-45ff-8a75-ce587dd12d36" />
    <TestEntry testId="7fae0b54-1d2c-0d9d-1805-b2ab2adfc550" executionId="d9a34596-1f1b-4915-87e0-cceef44239b8" testListId="8ba83221-1a26-45ff-8a75-ce587dd12d36" />
    <TestEntry testId="dfed4799-d8fd-25dc-42b0-c8ea9ee23c63" executionId="a49684bf-49f9-4b08-8bcd-90b8dad45f6f" testListId="8ba83221-1a26-45ff-8a75-ce587dd12d36" />
    <TestEntry testId="a9992471-646c-2976-753b-1557db3f93ef" executionId="d4d24a90-4d24-4023-831a-23ee7c645d4e" testListId="8ba83221-1a26-45ff-8a75-ce587dd12d36" />
    <TestEntry testId="076a81dd-d8a3-782a-c412-1ea2d0276610" executionId="d8a9d1f8-cdb0-4928-a11b-43b8397cba40" testListId="8ba83221-1a26-45ff-8a75-ce587dd12d36" />
    <TestEntry testId="f796dec0-3ebb-a230-ecb5-c2c98ad99720" executionId="6e2a19e9-5750-46d1-ae65-bc8fb114511a" testListId="8ba83221-1a26-45ff-8a75-ce587dd12d36" />
    <TestEntry testId="8c136c51-948d-db20-6929-2e8f37a20b36" executionId="dfa945a1-1d01-4b84-a689-d634853bc3b1" testListId="8ba83221-1a26-45ff-8a75-ce587dd12d36" />
    <TestEntry testId="746ca17d-0c95-55f7-2444-fcda2e970d75" executionId="58eac84a-e5f1-4c6e-aad7-ae83028ebdad" testListId="8ba83221-1a26-45ff-8a75-ce587dd12d36" />
    <TestEntry testId="8328e058-f44f-1617-9580-129c03893814" executionId="bbe74f74-fa5b-4450-b3e7-ab06e31fb8d8" testListId="8ba83221-1a26-45ff-8a75-ce587dd12d36" />
    <TestEntry testId="9f33c672-2a2b-7ca7-eae4-406262c592bc" executionId="f43285f8-0212-4c5b-a600-f1cb9225160e" testListId="8ba83221-1a26-45ff-8a75-ce587dd12d36" />
    <TestEntry testId="b561c79c-303d-25b6-3666-9b140d099ec6" executionId="9d219f3e-15aa-43c8-aea4-bf89855a1094" testListId="8ba83221-1a26-45ff-8a75-ce587dd12d36" />
    <TestEntry testId="d0390afa-4a21-297c-771f-2a8050db7de4" executionId="90231630-5340-4e7d-907e-5a073711d93b" testListId="8ba83221-1a26-45ff-8a75-ce587dd12d36" />
    <TestEntry testId="09f339eb-e1ff-0d96-dca9-6e24e2f7cfbf" executionId="085d1970-0580-4591-b87a-0270894fb977" testListId="8ba83221-1a26-45ff-8a75-ce587dd12d36" />
    <TestEntry testId="b2fe822b-5976-20eb-494c-a2e70b73f8a8" executionId="3de71946-e091-4500-9a4e-316cf3df6c56" testListId="8ba83221-1a26-45ff-8a75-ce587dd12d36" />
    <TestEntry testId="0e293ab0-9375-e2a4-2482-49fbaa7ebeb7" executionId="94441047-ea6f-44c1-af41-c4e1d1e5bfe2" testListId="8ba83221-1a26-45ff-8a75-ce587dd12d36" />
    <TestEntry testId="732e0271-3646-904e-0de5-cd01a1e05c83" executionId="bf0d0311-2c15-4f06-8b46-15e1f36d5ee9" testListId="8ba83221-1a26-45ff-8a75-ce587dd12d36" />
    <TestEntry testId="0833e762-dd78-d87c-6052-d9944bd1c4a8" executionId="485d9372-e96f-48eb-819d-29b65ad03541" testListId="8ba83221-1a26-45ff-8a75-ce587dd12d36" />
    <TestEntry testId="96545bb1-b2a0-ad54-b954-e408025e44ce" executionId="6325da25-b38f-4778-8f48-0545625281c0" testListId="8ba83221-1a26-45ff-8a75-ce587dd12d36" />
    <TestEntry testId="9b8a8829-6f71-8101-2626-855991eddcfc" executionId="202005ae-8924-4eda-83f4-617476710688" testListId="8ba83221-1a26-45ff-8a75-ce587dd12d36" />
    <TestEntry testId="64a7a8aa-d2a3-43db-0a19-db0baa07537e" executionId="c628a07d-925d-422b-aa9c-237d317c6ab9" testListId="8ba83221-1a26-45ff-8a75-ce587dd12d36" />
    <TestEntry testId="eb9b8e2b-e634-3f71-8b78-2aca84a14cf3" executionId="083addec-18aa-4d67-b879-60338ca76b83" testListId="8ba83221-1a26-45ff-8a75-ce587dd12d36" />
    <TestEntry testId="a54bbd81-de28-c5a1-9d12-ca028d3f093b" executionId="5bccb4de-19f3-4d79-9b4e-d58584b04fcf" testListId="8ba83221-1a26-45ff-8a75-ce587dd12d36" />
    <TestEntry testId="b4f0a9e8-5d81-3545-39ca-78302cfc2e4c" executionId="049be2be-8b33-48a2-a957-534b31c1b559" testListId="8ba83221-1a26-45ff-8a75-ce587dd12d36" />
    <TestEntry testId="faee341e-3298-bbd5-13d9-4d169a7040ed" executionId="641b6715-f4cb-4b6d-82b7-73525203fcdf" testListId="8ba83221-1a26-45ff-8a75-ce587dd12d36" />
    <TestEntry testId="d4651545-402e-63fd-5727-2f619b78f07c" executionId="e8ae0eee-421c-48bc-9c08-cfa1931a42f4" testListId="8ba83221-1a26-45ff-8a75-ce587dd12d36" />
    <TestEntry testId="5264e98b-d59f-ee56-149b-fc83642626d4" executionId="725d5514-6fdf-492b-a6ac-0fa5cada2e7c" testListId="8ba83221-1a26-45ff-8a75-ce587dd12d36" />
    <TestEntry testId="1fc74d3e-f8b6-d564-aca5-16763c6dfeac" executionId="b09acb91-f9a4-4d37-ab5b-02d9e9bbd8ca" testListId="8ba83221-1a26-45ff-8a75-ce587dd12d36" />
    <TestEntry testId="efe8e8c2-3563-b091-1ee4-879573922381" executionId="f1570360-a0fd-4c03-8e0c-4e3215f4aa4f" testListId="8ba83221-1a26-45ff-8a75-ce587dd12d36" />
    <TestEntry testId="ef5d542a-b37f-13af-ab00-4285784f3377" executionId="5a9caf94-3251-468c-9533-dfcf1169951d" testListId="8ba83221-1a26-45ff-8a75-ce587dd12d36" />
    <TestEntry testId="e1e0aada-64a3-6d63-9035-77bad23b408c" executionId="0579d0b6-3a3e-4f80-aa31-1dfcb9ed5116" testListId="8ba83221-1a26-45ff-8a75-ce587dd12d36" />
    <TestEntry testId="77113a8f-62ef-a696-16b0-d2a18a7d4895" executionId="03525e1e-bf14-4ce1-bc4c-8c180c2baae9" testListId="8ba83221-1a26-45ff-8a75-ce587dd12d36" />
    <TestEntry testId="4cbca76b-5162-199c-dd79-ce8dc44ed77b" executionId="b01a1644-ea62-4a4f-83ba-5af2ba9516fe" testListId="8ba83221-1a26-45ff-8a75-ce587dd12d36" />
    <TestEntry testId="6af92fa9-0ccf-8383-ab91-02e618ce084c" executionId="615cd966-91f4-4425-b3e3-bf6cfc56bc3c" testListId="8ba83221-1a26-45ff-8a75-ce587dd12d36" />
    <TestEntry testId="56f54296-15ab-8819-79de-9cb8a298433f" executionId="70388ece-2e95-4b14-a647-dbbb0278d79f" testListId="8ba83221-1a26-45ff-8a75-ce587dd12d36" />
    <TestEntry testId="2272289c-032b-1243-7330-eb5092e584fc" executionId="00ac4b56-b832-415c-969f-57c55f43452d" testListId="8ba83221-1a26-45ff-8a75-ce587dd12d36" />
  </TestEntries>
  <Results>
    <UnitTestResult executionId="3cc06a30-fc23-48de-8161-2edf1c53e835" testId="ec2c6f0a-2450-dc25-0d39-ade2ab07c845" testName="PopulateBellaCashGalleries_HunterLeigh" computerName="FIREFLY" duration="00:02:24.8790000" startTime="2012-11-08T11:05:35.4440000-05:00" endTime="2012-11-08T11:08:00.3230000-05:00" testType="13cdc9d9-ddb5-4fa4-a97d-d965ccfc6d4b" outcome="Aborted" testListId="8ba83221-1a26-45ff-8a75-ce587dd12d36" relativeResultsDirectory="3cc06a30-fc23-48de-8161-2edf1c53e835">
      <Output>
        <StdOut>Given I open the bellacash page</StdOut>
        <ErrorInfo>
          <Message>User aborted test run.</Message>
        </ErrorInfo>
      </Output>
    </UnitTestResult>
    <UnitTestResult executionId="c2553b74-3b27-470a-965b-02c69fe63d95" testId="2910964a-1343-9aba-d7b0-6918c25f5329" testName="PopulatePinkVelvetVaultGalleries_Brittany_Avalon_Com" computerName="FIREFLY" testType="13cdc9d9-ddb5-4fa4-a97d-d965ccfc6d4b" outcome="NotExecuted" testListId="8ba83221-1a26-45ff-8a75-ce587dd12d36" relativeResultsDirectory="c2553b74-3b27-470a-965b-02c69fe63d95">
    </UnitTestResult>
    <UnitTestResult executionId="2901eec5-c2fc-4f2a-a2eb-eee99561388d" testId="70329624-f7cc-6664-b631-4cc70d51a00f" testName="PopulatePinkVelvetVaultGalleries_LynnPops_Com" computerName="FIREFLY" testType="13cdc9d9-ddb5-4fa4-a97d-d965ccfc6d4b" outcome="NotExecuted" testListId="8ba83221-1a26-45ff-8a75-ce587dd12d36" relativeResultsDirectory="2901eec5-c2fc-4f2a-a2eb-eee99561388d">
    </UnitTestResult>
    <UnitTestResult executionId="657b4f47-0f50-4c99-9e6d-c470fc25320d" testId="330e0218-b1c3-0599-b86f-bb99241a385f" testName="PopulatePinkVelvetVaultGalleries_BellaXOXO_Com" computerName="FIREFLY" testType="13cdc9d9-ddb5-4fa4-a97d-d965ccfc6d4b" outcome="NotExecuted" testListId="8ba83221-1a26-45ff-8a75-ce587dd12d36" relativeResultsDirectory="657b4f47-0f50-4c99-9e6d-c470fc25320d">
    </UnitTestResult>
    <UnitTestResult executionId="b2578997-9d42-49cc-a0eb-2d888d0f8f48" testId="90275ed3-6b7f-be6c-3123-37a1d67aeee3" testName="PopulatePinkVelvetVaultGalleries_TaylorTrue" computerName="FIREFLY" testType="13cdc9d9-ddb5-4fa4-a97d-d965ccfc6d4b" outcome="NotExecuted" testListId="8ba83221-1a26-45ff-8a75-ce587dd12d36" relativeResultsDirectory="b2578997-9d42-49cc-a0eb-2d888d0f8f48">
    </UnitTestResult>
    <UnitTestResult executionId="53894ae9-8b8d-452a-a26d-0713b86e7c49" testId="6ab30983-7e28-5632-d87f-2957844134d4" testName="PopulatePinkVelvetVaultGalleries_RadiantDesire_Com" computerName="FIREFLY" testType="13cdc9d9-ddb5-4fa4-a97d-d965ccfc6d4b" outcome="NotExecuted" testListId="8ba83221-1a26-45ff-8a75-ce587dd12d36" relativeResultsDirectory="53894ae9-8b8d-452a-a26d-0713b86e7c49">
    </UnitTestResult>
    <UnitTestResult executionId="211653a9-41bb-4362-a43d-7d5eee991348" testId="cb48dcef-796c-d2b0-fdbf-4d69a8dc994d" testName="PopulateBellaCashGalleries_LexiMason" computerName="FIREFLY" testType="13cdc9d9-ddb5-4fa4-a97d-d965ccfc6d4b" outcome="NotExecuted" testListId="8ba83221-1a26-45ff-8a75-ce587dd12d36" relativeResultsDirectory="211653a9-41bb-4362-a43d-7d5eee991348">
    </UnitTestResult>
    <UnitTestResult executionId="164753ec-bdb6-4f7a-ba3f-55b43ef5e674" testId="66f4f75a-e39b-800c-c209-257f1c101b17" testName="PopulateBellaCashGalleries_Bryci" computerName="FIREFLY" testType="13cdc9d9-ddb5-4fa4-a97d-d965ccfc6d4b" outcome="NotExecuted" testListId="8ba83221-1a26-45ff-8a75-ce587dd12d36" relativeResultsDirectory="164753ec-bdb6-4f7a-ba3f-55b43ef5e674">
    </UnitTestResult>
    <UnitTestResult executionId="c246127a-dae8-4fb3-843e-8597d0f64df9" testId="36a18326-5378-2751-6673-68fb2102b50e" testName="PopulateEpicPandaCashGalleries_BrookeMarks" computerName="FIREFLY" testType="13cdc9d9-ddb5-4fa4-a97d-d965ccfc6d4b" outcome="NotExecuted" testListId="8ba83221-1a26-45ff-8a75-ce587dd12d36" relativeResultsDirectory="c246127a-dae8-4fb3-843e-8597d0f64df9">
    </UnitTestResult>
    <UnitTestResult executionId="a0ecfac8-0802-4212-b0a1-09fde34f7b3d" testId="43e133cb-4a9a-524b-9d8e-6cf328e98e4c" testName="PopulatePacinoCashGalleries_LucyOHara" computerName="FIREFLY" testType="13cdc9d9-ddb5-4fa4-a97d-d965ccfc6d4b" outcome="NotExecuted" testListId="8ba83221-1a26-45ff-8a75-ce587dd12d36" relativeResultsDirectory="a0ecfac8-0802-4212-b0a1-09fde34f7b3d">
    </UnitTestResult>
    <UnitTestResult executionId="2a9af868-32a9-4388-b732-454fe4d94895" testId="6f823177-fac0-1695-39d6-789688bb1a48" testName="PopulateEpicPandaCashGalleries_RachelSexton" computerName="FIREFLY" testType="13cdc9d9-ddb5-4fa4-a97d-d965ccfc6d4b" outcome="NotExecuted" testListId="8ba83221-1a26-45ff-8a75-ce587dd12d36" relativeResultsDirectory="2a9af868-32a9-4388-b732-454fe4d94895">
    </UnitTestResult>
    <UnitTestResult executionId="07b80e9b-1037-4dc4-846e-4fbd153b4613" testId="3244bd33-62ad-5b0c-a0f8-17623bcb7156" testName="PopulateZellysCashGalleries_MelissaXoXo" computerName="FIREFLY" testType="13cdc9d9-ddb5-4fa4-a97d-d965ccfc6d4b" outcome="NotExecuted" testListId="8ba83221-1a26-45ff-8a75-ce587dd12d36" relativeResultsDirectory="07b80e9b-1037-4dc4-846e-4fbd153b4613">
    </UnitTestResult>
    <UnitTestResult executionId="8dd792ca-f495-40b7-9404-3d238361dc80" testId="7a45e85a-1f59-0abe-b4e5-74cee7eb6bca" testName="PopulateLatinTeenCashGalleries_TaniaSpice" computerName="FIREFLY" testType="13cdc9d9-ddb5-4fa4-a97d-d965ccfc6d4b" outcome="NotExecuted" testListId="8ba83221-1a26-45ff-8a75-ce587dd12d36" relativeResultsDirectory="8dd792ca-f495-40b7-9404-3d238361dc80">
    </UnitTestResult>
    <UnitTestResult executionId="74f6c53a-1447-42b3-9bf3-955fbef691c9" testId="2d0fc9e1-ddb6-e1a3-2e4b-63cd236f3727" testName="PopulateLatinTeenCashGalleries_NataliaSpice" computerName="FIREFLY" testType="13cdc9d9-ddb5-4fa4-a97d-d965ccfc6d4b" outcome="NotExecuted" testListId="8ba83221-1a26-45ff-8a75-ce587dd12d36" relativeResultsDirectory="74f6c53a-1447-42b3-9bf3-955fbef691c9">
    </UnitTestResult>
    <UnitTestResult executionId="9d7801f5-f538-4eb3-9cab-f5affa847444" testId="6723ee26-ffeb-9536-ffc6-148f6bd91bb4" testName="PopulatePinkVelvetVaultGalleries_CherryZips_Com" computerName="FIREFLY" testType="13cdc9d9-ddb5-4fa4-a97d-d965ccfc6d4b" outcome="NotExecuted" testListId="8ba83221-1a26-45ff-8a75-ce587dd12d36" relativeResultsDirectory="9d7801f5-f538-4eb3-9cab-f5affa847444">
    </UnitTestResult>
    <UnitTestResult executionId="47348dd1-98e2-4f9b-b7d7-b4a8e3c52bee" testId="398d7b5e-bf85-40e6-19ea-4a768f60f793" testName="PopulateLatinTeenCashGalleries_MariahSpice" computerName="FIREFLY" testType="13cdc9d9-ddb5-4fa4-a97d-d965ccfc6d4b" outcome="NotExecuted" testListId="8ba83221-1a26-45ff-8a75-ce587dd12d36" relativeResultsDirectory="47348dd1-98e2-4f9b-b7d7-b4a8e3c52bee">
    </UnitTestResult>
    <UnitTestResult executionId="6060daaf-4e62-4563-a93f-ab28825752f9" testId="13e1a459-1c49-3ad3-1408-a2fc2bd5bb3a" testName="PopulateLatinTeenCashGalleries_PamelaSpice" computerName="FIREFLY" testType="13cdc9d9-ddb5-4fa4-a97d-d965ccfc6d4b" outcome="NotExecuted" testListId="8ba83221-1a26-45ff-8a75-ce587dd12d36" relativeResultsDirectory="6060daaf-4e62-4563-a93f-ab28825752f9">
    </UnitTestResult>
    <UnitTestResult executionId="d9a34596-1f1b-4915-87e0-cceef44239b8" testId="7fae0b54-1d2c-0d9d-1805-b2ab2adfc550" testName="PopulateEpicPandaCashGalleries_MistyGates" computerName="FIREFLY" testType="13cdc9d9-ddb5-4fa4-a97d-d965ccfc6d4b" outcome="NotExecuted" testListId="8ba83221-1a26-45ff-8a75-ce587dd12d36" relativeResultsDirectory="d9a34596-1f1b-4915-87e0-cceef44239b8">
    </UnitTestResult>
    <UnitTestResult executionId="a49684bf-49f9-4b08-8bcd-90b8dad45f6f" testId="dfed4799-d8fd-25dc-42b0-c8ea9ee23c63" testName="PopulateBellaCashGalleries_RennaRyann" computerName="FIREFLY" testType="13cdc9d9-ddb5-4fa4-a97d-d965ccfc6d4b" outcome="NotExecuted" testListId="8ba83221-1a26-45ff-8a75-ce587dd12d36" relativeResultsDirectory="a49684bf-49f9-4b08-8bcd-90b8dad45f6f">
    </UnitTestResult>
    <UnitTestResult executionId="d4d24a90-4d24-4023-831a-23ee7c645d4e" testId="a9992471-646c-2976-753b-1557db3f93ef" testName="PopulateLatinTeenCashGalleries_BellaSpice" computerName="FIREFLY" testType="13cdc9d9-ddb5-4fa4-a97d-d965ccfc6d4b" outcome="NotExecuted" testListId="8ba83221-1a26-45ff-8a75-ce587dd12d36" relativeResultsDirectory="d4d24a90-4d24-4023-831a-23ee7c645d4e">
    </UnitTestResult>
    <UnitTestResult executionId="d8a9d1f8-cdb0-4928-a11b-43b8397cba40" testId="076a81dd-d8a3-782a-c412-1ea2d0276610" testName="PopulatePinkVelvetVaultGalleries_BrianaLeeExtreme_Com" computerName="FIREFLY" testType="13cdc9d9-ddb5-4fa4-a97d-d965ccfc6d4b" outcome="NotExecuted" testListId="8ba83221-1a26-45ff-8a75-ce587dd12d36" relativeResultsDirectory="d8a9d1f8-cdb0-4928-a11b-43b8397cba40">
    </UnitTestResult>
    <UnitTestResult executionId="6e2a19e9-5750-46d1-ae65-bc8fb114511a" testId="f796dec0-3ebb-a230-ecb5-c2c98ad99720" testName="PopulateLatinTeenCashGalleries_LaZonaModelos" computerName="FIREFLY" testType="13cdc9d9-ddb5-4fa4-a97d-d965ccfc6d4b" outcome="NotExecuted" testListId="8ba83221-1a26-45ff-8a75-ce587dd12d36" relativeResultsDirectory="6e2a19e9-5750-46d1-ae65-bc8fb114511a">
    </UnitTestResult>
    <UnitTestResult executionId="dfa945a1-1d01-4b84-a689-d634853bc3b1" testId="8c136c51-948d-db20-6929-2e8f37a20b36" testName="PopulateBellaCashGalleries_KatieBanks" computerName="FIREFLY" testType="13cdc9d9-ddb5-4fa4-a97d-d965ccfc6d4b" outcome="NotExecuted" testListId="8ba83221-1a26-45ff-8a75-ce587dd12d36" relativeResultsDirectory="dfa945a1-1d01-4b84-a689-d634853bc3b1">
    </UnitTestResult>
    <UnitTestResult executionId="58eac84a-e5f1-4c6e-aad7-ae83028ebdad" testId="746ca17d-0c95-55f7-2444-fcda2e970d75" testName="PopulateEpicPandaCashGalleries_MidoriWest" computerName="FIREFLY" testType="13cdc9d9-ddb5-4fa4-a97d-d965ccfc6d4b" outcome="NotExecuted" testListId="8ba83221-1a26-45ff-8a75-ce587dd12d36" relativeResultsDirectory="58eac84a-e5f1-4c6e-aad7-ae83028ebdad">
    </UnitTestResult>
    <UnitTestResult executionId="bbe74f74-fa5b-4450-b3e7-ab06e31fb8d8" testId="8328e058-f44f-1617-9580-129c03893814" testName="PopulateLatinTeenCashGalleries_CierraSpice" computerName="FIREFLY" testType="13cdc9d9-ddb5-4fa4-a97d-d965ccfc6d4b" outcome="NotExecuted" testListId="8ba83221-1a26-45ff-8a75-ce587dd12d36" relativeResultsDirectory="bbe74f74-fa5b-4450-b3e7-ab06e31fb8d8">
    </UnitTestResult>
    <UnitTestResult executionId="f43285f8-0212-4c5b-a600-f1cb9225160e" testId="9f33c672-2a2b-7ca7-eae4-406262c592bc" testName="PopulateLatinTeenCashGalleries_SelenaSpice" computerName="FIREFLY" testType="13cdc9d9-ddb5-4fa4-a97d-d965ccfc6d4b" outcome="NotExecuted" testListId="8ba83221-1a26-45ff-8a75-ce587dd12d36" relativeResultsDirectory="f43285f8-0212-4c5b-a600-f1cb9225160e">
    </UnitTestResult>
    <UnitTestResult executionId="9d219f3e-15aa-43c8-aea4-bf89855a1094" testId="b561c79c-303d-25b6-3666-9b140d099ec6" testName="PopulatePinkVelvetVaultGalleries_BrianaLeeOnline" computerName="FIREFLY" testType="13cdc9d9-ddb5-4fa4-a97d-d965ccfc6d4b" outcome="NotExecuted" testListId="8ba83221-1a26-45ff-8a75-ce587dd12d36" relativeResultsDirectory="9d219f3e-15aa-43c8-aea4-bf89855a1094">
    </UnitTestResult>
    <UnitTestResult executionId="90231630-5340-4e7d-907e-5a073711d93b" testId="d0390afa-4a21-297c-771f-2a8050db7de4" testName="PopulateEpicPandaCashGalleries_PartyAll_Star" computerName="FIREFLY" testType="13cdc9d9-ddb5-4fa4-a97d-d965ccfc6d4b" outcome="NotExecuted" testListId="8ba83221-1a26-45ff-8a75-ce587dd12d36" relativeResultsDirectory="90231630-5340-4e7d-907e-5a073711d93b">
    </UnitTestResult>
    <UnitTestResult executionId="085d1970-0580-4591-b87a-0270894fb977" testId="09f339eb-e1ff-0d96-dca9-6e24e2f7cfbf" testName="PopulatePinkVelvetVaultGalleries_TiffanyAlexis_Com" computerName="FIREFLY" testType="13cdc9d9-ddb5-4fa4-a97d-d965ccfc6d4b" outcome="NotExecuted" testListId="8ba83221-1a26-45ff-8a75-ce587dd12d36" relativeResultsDirectory="085d1970-0580-4591-b87a-0270894fb977">
    </UnitTestResult>
    <UnitTestResult executionId="3de71946-e091-4500-9a4e-316cf3df6c56" testId="b2fe822b-5976-20eb-494c-a2e70b73f8a8" testName="PopulateBellaCashGalleries_TaliaShepard" computerName="FIREFLY" testType="13cdc9d9-ddb5-4fa4-a97d-d965ccfc6d4b" outcome="NotExecuted" testListId="8ba83221-1a26-45ff-8a75-ce587dd12d36" relativeResultsDirectory="3de71946-e091-4500-9a4e-316cf3df6c56">
    </UnitTestResult>
    <UnitTestResult executionId="94441047-ea6f-44c1-af41-c4e1d1e5bfe2" testId="0e293ab0-9375-e2a4-2482-49fbaa7ebeb7" testName="PopulatePacinoCashGalleries_MadisonLain" computerName="FIREFLY" testType="13cdc9d9-ddb5-4fa4-a97d-d965ccfc6d4b" outcome="NotExecuted" testListId="8ba83221-1a26-45ff-8a75-ce587dd12d36" relativeResultsDirectory="94441047-ea6f-44c1-af41-c4e1d1e5bfe2">
    </UnitTestResult>
    <UnitTestResult executionId="bf0d0311-2c15-4f06-8b46-15e1f36d5ee9" testId="732e0271-3646-904e-0de5-cd01a1e05c83" testName="PopulateLatinTeenCashGalleries_KarlaSpice" computerName="FIREFLY" testType="13cdc9d9-ddb5-4fa4-a97d-d965ccfc6d4b" outcome="NotExecuted" testListId="8ba83221-1a26-45ff-8a75-ce587dd12d36" relativeResultsDirectory="bf0d0311-2c15-4f06-8b46-15e1f36d5ee9">
    </UnitTestResult>
    <UnitTestResult executionId="485d9372-e96f-48eb-819d-29b65ad03541" testId="0833e762-dd78-d87c-6052-d9944bd1c4a8" testName="PopulateEpicPandaCashGalleries_SpencerNicks" computerName="FIREFLY" testType="13cdc9d9-ddb5-4fa4-a97d-d965ccfc6d4b" outcome="NotExecuted" testListId="8ba83221-1a26-45ff-8a75-ce587dd12d36" relativeResultsDirectory="485d9372-e96f-48eb-819d-29b65ad03541">
    </UnitTestResult>
    <UnitTestResult executionId="6325da25-b38f-4778-8f48-0545625281c0" testId="96545bb1-b2a0-ad54-b954-e408025e44ce" testName="PopulatePacinoCashGalleries_IvySnow" computerName="FIREFLY" testType="13cdc9d9-ddb5-4fa4-a97d-d965ccfc6d4b" outcome="NotExecuted" testListId="8ba83221-1a26-45ff-8a75-ce587dd12d36" relativeResultsDirectory="6325da25-b38f-4778-8f48-0545625281c0">
    </UnitTestResult>
    <UnitTestResult executionId="202005ae-8924-4eda-83f4-617476710688" testId="9b8a8829-6f71-8101-2626-855991eddcfc" testName="PopulatePinkVelvetVaultGalleries_MeetMadden_Com" computerName="FIREFLY" testType="13cdc9d9-ddb5-4fa4-a97d-d965ccfc6d4b" outcome="NotExecuted" testListId="8ba83221-1a26-45ff-8a75-ce587dd12d36" relativeResultsDirectory="202005ae-8924-4eda-83f4-617476710688">
    </UnitTestResult>
    <UnitTestResult executionId="c628a07d-925d-422b-aa9c-237d317c6ab9" testId="64a7a8aa-d2a3-43db-0a19-db0baa07537e" testName="PopulateJewelsGoldGalleries" computerName="FIREFLY" testType="13cdc9d9-ddb5-4fa4-a97d-d965ccfc6d4b" outcome="NotExecuted" testListId="8ba83221-1a26-45ff-8a75-ce587dd12d36" relativeResultsDirectory="c628a07d-925d-422b-aa9c-237d317c6ab9">
    </UnitTestResult>
    <UnitTestResult executionId="083addec-18aa-4d67-b879-60338ca76b83" testId="eb9b8e2b-e634-3f71-8b78-2aca84a14cf3" testName="PopulateEpicPandaCashGalleries_BaileyKnox" computerName="FIREFLY" testType="13cdc9d9-ddb5-4fa4-a97d-d965ccfc6d4b" outcome="NotExecuted" testListId="8ba83221-1a26-45ff-8a75-ce587dd12d36" relativeResultsDirectory="083addec-18aa-4d67-b879-60338ca76b83">
    </UnitTestResult>
    <UnitTestResult executionId="5bccb4de-19f3-4d79-9b4e-d58584b04fcf" testId="a54bbd81-de28-c5a1-9d12-ca028d3f093b" testName="PopulateLatinTeenCashGalleries_GigiSpice" computerName="FIREFLY" testType="13cdc9d9-ddb5-4fa4-a97d-d965ccfc6d4b" outcome="NotExecuted" testListId="8ba83221-1a26-45ff-8a75-ce587dd12d36" relativeResultsDirectory="5bccb4de-19f3-4d79-9b4e-d58584b04fcf">
    </UnitTestResult>
    <UnitTestResult executionId="049be2be-8b33-48a2-a957-534b31c1b559" testId="b4f0a9e8-5d81-3545-39ca-78302cfc2e4c" testName="PopulatePinkVelvetVaultGalleries_Sockblocked_Com" computerName="FIREFLY" testType="13cdc9d9-ddb5-4fa4-a97d-d965ccfc6d4b" outcome="NotExecuted" testListId="8ba83221-1a26-45ff-8a75-ce587dd12d36" relativeResultsDirectory="049be2be-8b33-48a2-a957-534b31c1b559">
    </UnitTestResult>
    <UnitTestResult executionId="641b6715-f4cb-4b6d-82b7-73525203fcdf" testId="faee341e-3298-bbd5-13d9-4d169a7040ed" testName="PopulatePinkVelvetVaultGalleries_KendraRain_Com" computerName="FIREFLY" testType="13cdc9d9-ddb5-4fa4-a97d-d965ccfc6d4b" outcome="NotExecuted" testListId="8ba83221-1a26-45ff-8a75-ce587dd12d36" relativeResultsDirectory="641b6715-f4cb-4b6d-82b7-73525203fcdf">
    </UnitTestResult>
    <UnitTestResult executionId="e8ae0eee-421c-48bc-9c08-cfa1931a42f4" testId="d4651545-402e-63fd-5727-2f619b78f07c" testName="PopulateZellysCashGalleries_BluEyedCass" computerName="FIREFLY" testType="13cdc9d9-ddb5-4fa4-a97d-d965ccfc6d4b" outcome="NotExecuted" testListId="8ba83221-1a26-45ff-8a75-ce587dd12d36" relativeResultsDirectory="e8ae0eee-421c-48bc-9c08-cfa1931a42f4">
    </UnitTestResult>
    <UnitTestResult executionId="725d5514-6fdf-492b-a6ac-0fa5cada2e7c" testId="5264e98b-d59f-ee56-149b-fc83642626d4" testName="PopulateLatinTeenCashGalleries_PacinosAdventures" computerName="FIREFLY" testType="13cdc9d9-ddb5-4fa4-a97d-d965ccfc6d4b" outcome="NotExecuted" testListId="8ba83221-1a26-45ff-8a75-ce587dd12d36" relativeResultsDirectory="725d5514-6fdf-492b-a6ac-0fa5cada2e7c">
    </UnitTestResult>
    <UnitTestResult executionId="b09acb91-f9a4-4d37-ab5b-02d9e9bbd8ca" testId="1fc74d3e-f8b6-d564-aca5-16763c6dfeac" testName="PopulateLatinTeenCashGalleries_PacinosWorld" computerName="FIREFLY" testType="13cdc9d9-ddb5-4fa4-a97d-d965ccfc6d4b" outcome="NotExecuted" testListId="8ba83221-1a26-45ff-8a75-ce587dd12d36" relativeResultsDirectory="b09acb91-f9a4-4d37-ab5b-02d9e9bbd8ca">
    </UnitTestResult>
    <UnitTestResult executionId="f1570360-a0fd-4c03-8e0c-4e3215f4aa4f" testId="efe8e8c2-3563-b091-1ee4-879573922381" testName="PopulateZellysCashGalleries_Zellys_Com" computerName="FIREFLY" testType="13cdc9d9-ddb5-4fa4-a97d-d965ccfc6d4b" outcome="NotExecuted" testListId="8ba83221-1a26-45ff-8a75-ce587dd12d36" relativeResultsDirectory="f1570360-a0fd-4c03-8e0c-4e3215f4aa4f">
    </UnitTestResult>
    <UnitTestResult executionId="5a9caf94-3251-468c-9533-dfcf1169951d" testId="ef5d542a-b37f-13af-ab00-4285784f3377" testName="PopulateLatinTeenCashGalleries_SpiceTwins" computerName="FIREFLY" testType="13cdc9d9-ddb5-4fa4-a97d-d965ccfc6d4b" outcome="NotExecuted" testListId="8ba83221-1a26-45ff-8a75-ce587dd12d36" relativeResultsDirectory="5a9caf94-3251-468c-9533-dfcf1169951d">
    </UnitTestResult>
    <UnitTestResult executionId="0579d0b6-3a3e-4f80-aa31-1dfcb9ed5116" testId="e1e0aada-64a3-6d63-9035-77bad23b408c" testName="PopulateEpicPandaCashGalleries_CarlottaChampagne" computerName="FIREFLY" testType="13cdc9d9-ddb5-4fa4-a97d-d965ccfc6d4b" outcome="NotExecuted" testListId="8ba83221-1a26-45ff-8a75-ce587dd12d36" relativeResultsDirectory="0579d0b6-3a3e-4f80-aa31-1dfcb9ed5116">
    </UnitTestResult>
    <UnitTestResult executionId="03525e1e-bf14-4ce1-bc4c-8c180c2baae9" testId="77113a8f-62ef-a696-16b0-d2a18a7d4895" testName="PopulatePacinoCashGalleries_TaylorLain" computerName="FIREFLY" testType="13cdc9d9-ddb5-4fa4-a97d-d965ccfc6d4b" outcome="NotExecuted" testListId="8ba83221-1a26-45ff-8a75-ce587dd12d36" relativeResultsDirectory="03525e1e-bf14-4ce1-bc4c-8c180c2baae9">
    </UnitTestResult>
    <UnitTestResult executionId="b01a1644-ea62-4a4f-83ba-5af2ba9516fe" testId="4cbca76b-5162-199c-dd79-ce8dc44ed77b" testName="PopulatePinkVelvetVaultGalleries_Nikkisplaymates_Com" computerName="FIREFLY" testType="13cdc9d9-ddb5-4fa4-a97d-d965ccfc6d4b" outcome="NotExecuted" testListId="8ba83221-1a26-45ff-8a75-ce587dd12d36" relativeResultsDirectory="b01a1644-ea62-4a4f-83ba-5af2ba9516fe">
    </UnitTestResult>
    <UnitTestResult executionId="615cd966-91f4-4425-b3e3-bf6cfc56bc3c" testId="6af92fa9-0ccf-8383-ab91-02e618ce084c" testName="PopulateBellaCashGalleries_MonroeLee" computerName="FIREFLY" testType="13cdc9d9-ddb5-4fa4-a97d-d965ccfc6d4b" outcome="NotExecuted" testListId="8ba83221-1a26-45ff-8a75-ce587dd12d36" relativeResultsDirectory="615cd966-91f4-4425-b3e3-bf6cfc56bc3c">
    </UnitTestResult>
    <UnitTestResult executionId="70388ece-2e95-4b14-a647-dbbb0278d79f" testId="56f54296-15ab-8819-79de-9cb8a298433f" testName="PopulateMinxManiaGalleries" computerName="FIREFLY" testType="13cdc9d9-ddb5-4fa4-a97d-d965ccfc6d4b" outcome="NotExecuted" testListId="8ba83221-1a26-45ff-8a75-ce587dd12d36" relativeResultsDirectory="70388ece-2e95-4b14-a647-dbbb0278d79f">
    </UnitTestResult>
    <UnitTestResult executionId="00ac4b56-b832-415c-969f-57c55f43452d" testId="2272289c-032b-1243-7330-eb5092e584fc" testName="PopulateBellaCashGalleries_AvaDawn" computerName="FIREFLY" testType="13cdc9d9-ddb5-4fa4-a97d-d965ccfc6d4b" outcome="NotExecuted" testListId="8ba83221-1a26-45ff-8a75-ce587dd12d36" relativeResultsDirectory="00ac4b56-b832-415c-969f-57c55f43452d">
    </UnitTestResult>
  </Results>
</TestRun>