<?xml version="1.0" encoding="UTF-8"?>
<TestRun id="d683baee-2930-4c18-8dde-f5003e9b8438" name="TMacBlane@FIREFLY 2012-11-20 22:54:59" runUser="Firefly\TMacBlane" xmlns="http://microsoft.com/schemas/VisualStudio/TeamTest/2010">
  <TestSettings name="Default Test Settings" id="58cb23f5-ce79-485f-8509-0af5452c49cd">
    <Deployment runDeploymentRoot="TMacBlane_FIREFLY 2012-11-20 22_54_59">
      <DeploymentItem filename="C:\Users\TMacBlane\Documents\DevelopmentProjects\AutomationFramework\bin\Debug\AutomationFramework.dll" />
      <DeploymentItem filename="C:\Users\TMacBlane\Documents\DevelopmentProjects\PornCantina\packages\Microsoft.AspNet.WebPages.2.0.20710.0\lib\net40\System.Web.WebPages.Deployment.dll" />
      <DeploymentItem filename="C:\Users\TMacBlane\Documents\DevelopmentProjects\PornCantina\PornCantina\bin\PornCantina.dll" />
      <DeploymentItem filename="C:\Users\TMacBlane\Documents\DevelopmentProjects\PornCantina\packages\Microsoft.AspNet.Mvc.4.0.20505.0\lib\net40\System.Web.Mvc.dll" />
      <DeploymentItem filename="C:\Users\TMacBlane\Documents\DevelopmentProjects\PornCantina\packages\Selenium.WebDriver.2.26.0\lib\net40\WebDriver.dll" />
      <DeploymentItem filename="C:\Users\TMacBlane\Documents\DevelopmentProjects\PornCantina\packages\Microsoft.AspNet.WebPages.2.0.20710.0\lib\net40\System.Web.Helpers.dll" />
      <DeploymentItem filename="C:\Users\TMacBlane\Documents\DevelopmentProjects\PornCantina\packages\Selenium.Support.2.26.0\lib\net40\WebDriver.Support.dll" />
      <DeploymentItem filename="C:\Users\TMacBlane\Documents\DevelopmentProjects\PornCantina\packages\Microsoft.AspNet.WebPages.2.0.20710.0\lib\net40\System.Web.WebPages.dll" />
      <DeploymentItem filename="C:\Users\TMacBlane\Documents\DevelopmentProjects\PornCantina\packages\Microsoft.Web.Infrastructure.1.0.0.0\lib\net40\Microsoft.Web.Infrastructure.dll" />
      <DeploymentItem filename="C:\Users\TMacBlane\Documents\DevelopmentProjects\PornCantina\packages\Microsoft.AspNet.WebPages.2.0.20710.0\lib\net40\System.Web.WebPages.Razor.dll" />
      <DeploymentItem filename="C:\Users\TMacBlane\Documents\DevelopmentProjects\PornCantina\packages\Microsoft.AspNet.Razor.2.0.20710.0\lib\net40\System.Web.Razor.dll" />
      <DeploymentItem filename="C:\Users\TMacBlane\Documents\DevelopmentProjects\PornCantina.UIAutomation\bin\Debug\Castle.Core.dll" />
      <DeploymentItem filename="C:\Users\TMacBlane\Documents\DevelopmentProjects\PornCantina\packages\SpecFlow.1.9.0\lib\net35\TechTalk.SpecFlow.dll" />
    </Deployment>
    <Execution>
      <TestTypeSpecific />
      <AgentRule name="Execution Agents">
      </AgentRule>
    </Execution>
  </TestSettings>
  <Times creation="2012-11-20T22:54:59.4671709-05:00" queuing="2012-11-20T22:55:04.1471709-05:00" start="2012-11-20T22:55:04.3071709-05:00" finish="2012-11-21T01:05:47.9491709-05:00" />
  <ResultSummary outcome="Failed">
    <Counters total="51" executed="51" passed="49" error="0" failed="2" timeout="0" aborted="0" inconclusive="0" passedButRunAborted="0" notRunnable="0" notExecuted="0" disconnected="0" warning="0" completed="0" inProgress="0" pending="0" />
  </ResultSummary>
  <TestDefinitions>
    <UnitTest name="PopulatePacinoCashGalleries_MadisonLain" storage="c:\users\tmacblane\documents\developmentprojects\porncantina.uiautomation\bin\debug\porncantina.uiautomation.dll" id="0e293ab0-9375-e2a4-2482-49fbaa7ebeb7">
      <Description>Populate PacinoCash Galleries</Description>
      <Execution id="0d9a9fd8-907d-41a6-a1e0-76c3b53dab0a" />
      <Properties>
        <Property>
          <Key>FeatureTitle</Key>
          <Value>PacinoCash</Value>
        </Property>
        <Property>
          <Key>VariantName</Key>
          <Value>Madison Lain</Value>
        </Property>
        <Property>
          <Key>Parameter:type</Key>
          <Value>Nude</Value>
        </Property>
        <Property>
          <Key>Parameter:modelName</Key>
          <Value>Madison Lain</Value>
        </Property>
      </Properties>
      <TestMethod codeBase="C:/Users/TMacBlane/Documents/DevelopmentProjects/PornCantina.UIAutomation/bin/Debug/PornCantina.UIAutomation.DLL" adapterTypeName="Microsoft.VisualStudio.TestTools.TestTypes.Unit.UnitTestAdapter, Microsoft.VisualStudio.QualityTools.Tips.UnitTest.Adapter, Version=10.0.0.0, Culture=neutral, PublicKeyToken=b03f5f7f11d50a3a" className="PornCantina.UIAutomation.Scenarios.PacinoCashFeature, PornCantina.UIAutomation, Version=1.0.0.0, Culture=neutral, PublicKeyToken=null" name="PopulatePacinoCashGalleries_MadisonLain" />
    </UnitTest>
    <UnitTest name="PopulateBellaCashGalleries_HunterLeigh" storage="c:\users\tmacblane\documents\developmentprojects\porncantina.uiautomation\bin\debug\porncantina.uiautomation.dll" id="ec2c6f0a-2450-dc25-0d39-ade2ab07c845">
      <Description>Populate BellaCash Galleries</Description>
      <Execution id="834911df-1066-44c8-a557-da217228b203" />
      <Properties>
        <Property>
          <Key>FeatureTitle</Key>
          <Value>BellaCash</Value>
        </Property>
        <Property>
          <Key>VariantName</Key>
          <Value>Hunter Leigh</Value>
        </Property>
        <Property>
          <Key>Parameter:modelName</Key>
          <Value>Hunter Leigh</Value>
        </Property>
      </Properties>
      <TestMethod codeBase="C:/Users/TMacBlane/Documents/DevelopmentProjects/PornCantina.UIAutomation/bin/Debug/PornCantina.UIAutomation.DLL" adapterTypeName="Microsoft.VisualStudio.TestTools.TestTypes.Unit.UnitTestAdapter, Microsoft.VisualStudio.QualityTools.Tips.UnitTest.Adapter, Version=10.0.0.0, Culture=neutral, PublicKeyToken=b03f5f7f11d50a3a" className="PornCantina.UIAutomation.Scenarios.BellaCashFeature, PornCantina.UIAutomation, Version=1.0.0.0, Culture=neutral, PublicKeyToken=null" name="PopulateBellaCashGalleries_HunterLeigh" />
    </UnitTest>
    <UnitTest name="PopulateLatinTeenCashGalleries_PamelaSpice" storage="c:\users\tmacblane\documents\developmentprojects\porncantina.uiautomation\bin\debug\porncantina.uiautomation.dll" id="13e1a459-1c49-3ad3-1408-a2fc2bd5bb3a">
      <Description>Populate LatinTeenCash Galleries</Description>
      <Execution id="2ab82f9d-9f3f-4079-b36c-0cb61dcb9ee1" />
      <Properties>
        <Property>
          <Key>FeatureTitle</Key>
          <Value>LatinTeenCash</Value>
        </Property>
        <Property>
          <Key>VariantName</Key>
          <Value>Pamela Spice</Value>
        </Property>
        <Property>
          <Key>Parameter:type</Key>
          <Value>Nude</Value>
        </Property>
        <Property>
          <Key>Parameter:modelName</Key>
          <Value>Pamela Spice</Value>
        </Property>
      </Properties>
      <TestMethod codeBase="C:/Users/TMacBlane/Documents/DevelopmentProjects/PornCantina.UIAutomation/bin/Debug/PornCantina.UIAutomation.DLL" adapterTypeName="Microsoft.VisualStudio.TestTools.TestTypes.Unit.UnitTestAdapter, Microsoft.VisualStudio.QualityTools.Tips.UnitTest.Adapter, Version=10.0.0.0, Culture=neutral, PublicKeyToken=b03f5f7f11d50a3a" className="PornCantina.UIAutomation.Scenarios.LatinTeenCashFeature, PornCantina.UIAutomation, Version=1.0.0.0, Culture=neutral, PublicKeyToken=null" name="PopulateLatinTeenCashGalleries_PamelaSpice" />
    </UnitTest>
    <UnitTest name="PopulatePinkVelvetVaultGalleries_LynnPops_Com" storage="c:\users\tmacblane\documents\developmentprojects\porncantina.uiautomation\bin\debug\porncantina.uiautomation.dll" id="70329624-f7cc-6664-b631-4cc70d51a00f">
      <Description>Populate PinkVelvetVault Galleries</Description>
      <Execution id="89f6c158-ac18-436b-bc59-18896d2fa9b9" />
      <Properties>
        <Property>
          <Key>FeatureTitle</Key>
          <Value>PinkVelvetVault</Value>
        </Property>
        <Property>
          <Key>VariantName</Key>
          <Value>LynnPops.com</Value>
        </Property>
        <Property>
          <Key>Parameter:site</Key>
          <Value>LynnPops.com</Value>
        </Property>
        <Property>
          <Key>Parameter:modelName</Key>
          <Value>Lynn Pops</Value>
        </Property>
      </Properties>
      <TestMethod codeBase="C:/Users/TMacBlane/Documents/DevelopmentProjects/PornCantina.UIAutomation/bin/Debug/PornCantina.UIAutomation.DLL" adapterTypeName="Microsoft.VisualStudio.TestTools.TestTypes.Unit.UnitTestAdapter, Microsoft.VisualStudio.QualityTools.Tips.UnitTest.Adapter, Version=10.0.0.0, Culture=neutral, PublicKeyToken=b03f5f7f11d50a3a" className="PornCantina.UIAutomation.Scenarios.PinkVelvetVaultFeature, PornCantina.UIAutomation, Version=1.0.0.0, Culture=neutral, PublicKeyToken=null" name="PopulatePinkVelvetVaultGalleries_LynnPops_Com" />
    </UnitTest>
    <UnitTest name="PopulatePinkVelvetVaultGalleries_BellaXOXO_Com" storage="c:\users\tmacblane\documents\developmentprojects\porncantina.uiautomation\bin\debug\porncantina.uiautomation.dll" id="330e0218-b1c3-0599-b86f-bb99241a385f">
      <Description>Populate PinkVelvetVault Galleries</Description>
      <Execution id="f51dee89-0845-4d62-a366-0e6e0be376c7" />
      <Properties>
        <Property>
          <Key>FeatureTitle</Key>
          <Value>PinkVelvetVault</Value>
        </Property>
        <Property>
          <Key>VariantName</Key>
          <Value>BellaXOXO.com</Value>
        </Property>
        <Property>
          <Key>Parameter:site</Key>
          <Value>BellaXOXO.com</Value>
        </Property>
        <Property>
          <Key>Parameter:modelName</Key>
          <Value>Bella XOXO</Value>
        </Property>
      </Properties>
      <TestMethod codeBase="C:/Users/TMacBlane/Documents/DevelopmentProjects/PornCantina.UIAutomation/bin/Debug/PornCantina.UIAutomation.DLL" adapterTypeName="Microsoft.VisualStudio.TestTools.TestTypes.Unit.UnitTestAdapter, Microsoft.VisualStudio.QualityTools.Tips.UnitTest.Adapter, Version=10.0.0.0, Culture=neutral, PublicKeyToken=b03f5f7f11d50a3a" className="PornCantina.UIAutomation.Scenarios.PinkVelvetVaultFeature, PornCantina.UIAutomation, Version=1.0.0.0, Culture=neutral, PublicKeyToken=null" name="PopulatePinkVelvetVaultGalleries_BellaXOXO_Com" />
    </UnitTest>
    <UnitTest name="PopulateEpicPandaCashGalleries_MidoriWest" storage="c:\users\tmacblane\documents\developmentprojects\porncantina.uiautomation\bin\debug\porncantina.uiautomation.dll" id="746ca17d-0c95-55f7-2444-fcda2e970d75">
      <Description>Populate EpicPandaCash Galleries</Description>
      <Execution id="9bf371c4-0a3a-4d05-b793-6ea6c34060bc" />
      <Properties>
        <Property>
          <Key>FeatureTitle</Key>
          <Value>EpicPandaCash</Value>
        </Property>
        <Property>
          <Key>VariantName</Key>
          <Value>Midori West</Value>
        </Property>
        <Property>
          <Key>Parameter:site</Key>
          <Value>Midori West</Value>
        </Property>
        <Property>
          <Key>Parameter:modelName</Key>
          <Value>Midori West</Value>
        </Property>
      </Properties>
      <TestMethod codeBase="C:/Users/TMacBlane/Documents/DevelopmentProjects/PornCantina.UIAutomation/bin/Debug/PornCantina.UIAutomation.DLL" adapterTypeName="Microsoft.VisualStudio.TestTools.TestTypes.Unit.UnitTestAdapter, Microsoft.VisualStudio.QualityTools.Tips.UnitTest.Adapter, Version=10.0.0.0, Culture=neutral, PublicKeyToken=b03f5f7f11d50a3a" className="PornCantina.UIAutomation.Scenarios.EpicPandaCashFeature, PornCantina.UIAutomation, Version=1.0.0.0, Culture=neutral, PublicKeyToken=null" name="PopulateEpicPandaCashGalleries_MidoriWest" />
    </UnitTest>
    <UnitTest name="PopulatePinkVelvetVaultGalleries_RadiantDesire_Com" storage="c:\users\tmacblane\documents\developmentprojects\porncantina.uiautomation\bin\debug\porncantina.uiautomation.dll" id="6ab30983-7e28-5632-d87f-2957844134d4">
      <Description>Populate PinkVelvetVault Galleries</Description>
      <Execution id="fb85a481-5184-43d1-959e-3b5665286b84" />
      <Properties>
        <Property>
          <Key>FeatureTitle</Key>
          <Value>PinkVelvetVault</Value>
        </Property>
        <Property>
          <Key>VariantName</Key>
          <Value>RadiantDesire.com</Value>
        </Property>
        <Property>
          <Key>Parameter:site</Key>
          <Value>RadiantDesire.com</Value>
        </Property>
        <Property>
          <Key>Parameter:modelName</Key>
          <Value>Radiant Desire</Value>
        </Property>
      </Properties>
      <TestMethod codeBase="C:/Users/TMacBlane/Documents/DevelopmentProjects/PornCantina.UIAutomation/bin/Debug/PornCantina.UIAutomation.DLL" adapterTypeName="Microsoft.VisualStudio.TestTools.TestTypes.Unit.UnitTestAdapter, Microsoft.VisualStudio.QualityTools.Tips.UnitTest.Adapter, Version=10.0.0.0, Culture=neutral, PublicKeyToken=b03f5f7f11d50a3a" className="PornCantina.UIAutomation.Scenarios.PinkVelvetVaultFeature, PornCantina.UIAutomation, Version=1.0.0.0, Culture=neutral, PublicKeyToken=null" name="PopulatePinkVelvetVaultGalleries_RadiantDesire_Com" />
    </UnitTest>
    <UnitTest name="PopulateEpicPandaCashGalleries_MistyGates" storage="c:\users\tmacblane\documents\developmentprojects\porncantina.uiautomation\bin\debug\porncantina.uiautomation.dll" id="7fae0b54-1d2c-0d9d-1805-b2ab2adfc550">
      <Description>Populate EpicPandaCash Galleries</Description>
      <Execution id="7635c86d-abb1-4ed2-839f-8d3f2564de20" />
      <Properties>
        <Property>
          <Key>FeatureTitle</Key>
          <Value>EpicPandaCash</Value>
        </Property>
        <Property>
          <Key>VariantName</Key>
          <Value>Misty Gates</Value>
        </Property>
        <Property>
          <Key>Parameter:site</Key>
          <Value>Misty Gates</Value>
        </Property>
        <Property>
          <Key>Parameter:modelName</Key>
          <Value>Misty Gates</Value>
        </Property>
      </Properties>
      <TestMethod codeBase="C:/Users/TMacBlane/Documents/DevelopmentProjects/PornCantina.UIAutomation/bin/Debug/PornCantina.UIAutomation.DLL" adapterTypeName="Microsoft.VisualStudio.TestTools.TestTypes.Unit.UnitTestAdapter, Microsoft.VisualStudio.QualityTools.Tips.UnitTest.Adapter, Version=10.0.0.0, Culture=neutral, PublicKeyToken=b03f5f7f11d50a3a" className="PornCantina.UIAutomation.Scenarios.EpicPandaCashFeature, PornCantina.UIAutomation, Version=1.0.0.0, Culture=neutral, PublicKeyToken=null" name="PopulateEpicPandaCashGalleries_MistyGates" />
    </UnitTest>
    <UnitTest name="PopulateLatinTeenCashGalleries_KarlaSpice" storage="c:\users\tmacblane\documents\developmentprojects\porncantina.uiautomation\bin\debug\porncantina.uiautomation.dll" id="732e0271-3646-904e-0de5-cd01a1e05c83">
      <Description>Populate LatinTeenCash Galleries</Description>
      <Execution id="a006e1ae-04c9-4b12-8db0-6078b1690c8d" />
      <Properties>
        <Property>
          <Key>FeatureTitle</Key>
          <Value>LatinTeenCash</Value>
        </Property>
        <Property>
          <Key>VariantName</Key>
          <Value>Karla Spice</Value>
        </Property>
        <Property>
          <Key>Parameter:type</Key>
          <Value>Non-Nude</Value>
        </Property>
        <Property>
          <Key>Parameter:modelName</Key>
          <Value>Karla Spice</Value>
        </Property>
      </Properties>
      <TestMethod codeBase="C:/Users/TMacBlane/Documents/DevelopmentProjects/PornCantina.UIAutomation/bin/Debug/PornCantina.UIAutomation.DLL" adapterTypeName="Microsoft.VisualStudio.TestTools.TestTypes.Unit.UnitTestAdapter, Microsoft.VisualStudio.QualityTools.Tips.UnitTest.Adapter, Version=10.0.0.0, Culture=neutral, PublicKeyToken=b03f5f7f11d50a3a" className="PornCantina.UIAutomation.Scenarios.LatinTeenCashFeature, PornCantina.UIAutomation, Version=1.0.0.0, Culture=neutral, PublicKeyToken=null" name="PopulateLatinTeenCashGalleries_KarlaSpice" />
    </UnitTest>
    <UnitTest name="PopulatePacinoCashGalleries_TaylorLain" storage="c:\users\tmacblane\documents\developmentprojects\porncantina.uiautomation\bin\debug\porncantina.uiautomation.dll" id="77113a8f-62ef-a696-16b0-d2a18a7d4895">
      <Description>Populate PacinoCash Galleries</Description>
      <Execution id="488acac3-b038-4e20-9d17-5dad3d34bbd7" />
      <Properties>
        <Property>
          <Key>Parameter:type</Key>
          <Value>Nude</Value>
        </Property>
        <Property>
          <Key>VariantName</Key>
          <Value>Taylor Lain</Value>
        </Property>
        <Property>
          <Key>FeatureTitle</Key>
          <Value>PacinoCash</Value>
        </Property>
        <Property>
          <Key>Parameter:modelName</Key>
          <Value>Taylor Lain</Value>
        </Property>
      </Properties>
      <TestMethod codeBase="C:/Users/TMacBlane/Documents/DevelopmentProjects/PornCantina.UIAutomation/bin/Debug/PornCantina.UIAutomation.DLL" adapterTypeName="Microsoft.VisualStudio.TestTools.TestTypes.Unit.UnitTestAdapter, Microsoft.VisualStudio.QualityTools.Tips.UnitTest.Adapter, Version=10.0.0.0, Culture=neutral, PublicKeyToken=b03f5f7f11d50a3a" className="PornCantina.UIAutomation.Scenarios.PacinoCashFeature, PornCantina.UIAutomation, Version=1.0.0.0, Culture=neutral, PublicKeyToken=null" name="PopulatePacinoCashGalleries_TaylorLain" />
    </UnitTest>
    <UnitTest name="PopulateBellaCashGalleries_MonroeLee" storage="c:\users\tmacblane\documents\developmentprojects\porncantina.uiautomation\bin\debug\porncantina.uiautomation.dll" id="6af92fa9-0ccf-8383-ab91-02e618ce084c">
      <Description>Populate BellaCash Galleries</Description>
      <Execution id="b3b34580-909c-4a35-a972-4bd3238f4ae6" />
      <Properties>
        <Property>
          <Key>FeatureTitle</Key>
          <Value>BellaCash</Value>
        </Property>
        <Property>
          <Key>VariantName</Key>
          <Value>Monroe Lee</Value>
        </Property>
        <Property>
          <Key>Parameter:modelName</Key>
          <Value>Monroe Lee</Value>
        </Property>
      </Properties>
      <TestMethod codeBase="C:/Users/TMacBlane/Documents/DevelopmentProjects/PornCantina.UIAutomation/bin/Debug/PornCantina.UIAutomation.DLL" adapterTypeName="Microsoft.VisualStudio.TestTools.TestTypes.Unit.UnitTestAdapter, Microsoft.VisualStudio.QualityTools.Tips.UnitTest.Adapter, Version=10.0.0.0, Culture=neutral, PublicKeyToken=b03f5f7f11d50a3a" className="PornCantina.UIAutomation.Scenarios.BellaCashFeature, PornCantina.UIAutomation, Version=1.0.0.0, Culture=neutral, PublicKeyToken=null" name="PopulateBellaCashGalleries_MonroeLee" />
    </UnitTest>
    <UnitTest name="PopulateEpicPandaCashGalleries_SpencerNicks" storage="c:\users\tmacblane\documents\developmentprojects\porncantina.uiautomation\bin\debug\porncantina.uiautomation.dll" id="0833e762-dd78-d87c-6052-d9944bd1c4a8">
      <Description>Populate EpicPandaCash Galleries</Description>
      <Execution id="e2c6c7c6-8173-42ac-9ace-cddae4f900fb" />
      <Properties>
        <Property>
          <Key>FeatureTitle</Key>
          <Value>EpicPandaCash</Value>
        </Property>
        <Property>
          <Key>VariantName</Key>
          <Value>Spencer Nicks</Value>
        </Property>
        <Property>
          <Key>Parameter:site</Key>
          <Value>Spencer Nicks</Value>
        </Property>
        <Property>
          <Key>Parameter:modelName</Key>
          <Value>Spencer Nicks</Value>
        </Property>
      </Properties>
      <TestMethod codeBase="C:/Users/TMacBlane/Documents/DevelopmentProjects/PornCantina.UIAutomation/bin/Debug/PornCantina.UIAutomation.DLL" adapterTypeName="Microsoft.VisualStudio.TestTools.TestTypes.Unit.UnitTestAdapter, Microsoft.VisualStudio.QualityTools.Tips.UnitTest.Adapter, Version=10.0.0.0, Culture=neutral, PublicKeyToken=b03f5f7f11d50a3a" className="PornCantina.UIAutomation.Scenarios.EpicPandaCashFeature, PornCantina.UIAutomation, Version=1.0.0.0, Culture=neutral, PublicKeyToken=null" name="PopulateEpicPandaCashGalleries_SpencerNicks" />
    </UnitTest>
    <UnitTest name="PopulateLatinTeenCashGalleries_PacinosAdventures" storage="c:\users\tmacblane\documents\developmentprojects\porncantina.uiautomation\bin\debug\porncantina.uiautomation.dll" id="5264e98b-d59f-ee56-149b-fc83642626d4">
      <Description>Populate LatinTeenCash Galleries</Description>
      <Execution id="5a7cbe57-a8a1-4b62-95ba-58862c80f662" />
      <Properties>
        <Property>
          <Key>FeatureTitle</Key>
          <Value>LatinTeenCash</Value>
        </Property>
        <Property>
          <Key>VariantName</Key>
          <Value>Pacinos Adventures</Value>
        </Property>
        <Property>
          <Key>Parameter:type</Key>
          <Value>Nude</Value>
        </Property>
        <Property>
          <Key>Parameter:modelName</Key>
          <Value>Pacinos Adventures</Value>
        </Property>
      </Properties>
      <TestMethod codeBase="C:/Users/TMacBlane/Documents/DevelopmentProjects/PornCantina.UIAutomation/bin/Debug/PornCantina.UIAutomation.DLL" adapterTypeName="Microsoft.VisualStudio.TestTools.TestTypes.Unit.UnitTestAdapter, Microsoft.VisualStudio.QualityTools.Tips.UnitTest.Adapter, Version=10.0.0.0, Culture=neutral, PublicKeyToken=b03f5f7f11d50a3a" className="PornCantina.UIAutomation.Scenarios.LatinTeenCashFeature, PornCantina.UIAutomation, Version=1.0.0.0, Culture=neutral, PublicKeyToken=null" name="PopulateLatinTeenCashGalleries_PacinosAdventures" />
    </UnitTest>
    <UnitTest name="PopulateZellysCashGalleries_Zellys_Com" storage="c:\users\tmacblane\documents\developmentprojects\porncantina.uiautomation\bin\debug\porncantina.uiautomation.dll" id="efe8e8c2-3563-b091-1ee4-879573922381">
      <Description>Populate ZellysCash Galleries</Description>
      <Execution id="0729911c-cc08-4bab-a297-2dcc48850dc5" />
      <Properties>
        <Property>
          <Key>FeatureTitle</Key>
          <Value>ZellysCash</Value>
        </Property>
        <Property>
          <Key>VariantName</Key>
          <Value>Zellys.com</Value>
        </Property>
        <Property>
          <Key>Parameter:modelName</Key>
          <Value>Zellys.com</Value>
        </Property>
      </Properties>
      <TestMethod codeBase="C:/Users/TMacBlane/Documents/DevelopmentProjects/PornCantina.UIAutomation/bin/Debug/PornCantina.UIAutomation.DLL" adapterTypeName="Microsoft.VisualStudio.TestTools.TestTypes.Unit.UnitTestAdapter, Microsoft.VisualStudio.QualityTools.Tips.UnitTest.Adapter, Version=10.0.0.0, Culture=neutral, PublicKeyToken=b03f5f7f11d50a3a" className="PornCantina.UIAutomation.Scenarios.ZellysCashFeature, PornCantina.UIAutomation, Version=1.0.0.0, Culture=neutral, PublicKeyToken=null" name="PopulateZellysCashGalleries_Zellys_Com" />
    </UnitTest>
    <UnitTest name="PopulateEpicPandaCashGalleries_RachelSexton" storage="c:\users\tmacblane\documents\developmentprojects\porncantina.uiautomation\bin\debug\porncantina.uiautomation.dll" id="6f823177-fac0-1695-39d6-789688bb1a48">
      <Description>Populate EpicPandaCash Galleries</Description>
      <Execution id="b417c0af-3a11-4d27-b98c-c40d4dbe72b1" />
      <Properties>
        <Property>
          <Key>FeatureTitle</Key>
          <Value>EpicPandaCash</Value>
        </Property>
        <Property>
          <Key>VariantName</Key>
          <Value>Rachel Sexton</Value>
        </Property>
        <Property>
          <Key>Parameter:site</Key>
          <Value>Rachel Sexton</Value>
        </Property>
        <Property>
          <Key>Parameter:modelName</Key>
          <Value>Rachel Sexton</Value>
        </Property>
      </Properties>
      <TestMethod codeBase="C:/Users/TMacBlane/Documents/DevelopmentProjects/PornCantina.UIAutomation/bin/Debug/PornCantina.UIAutomation.DLL" adapterTypeName="Microsoft.VisualStudio.TestTools.TestTypes.Unit.UnitTestAdapter, Microsoft.VisualStudio.QualityTools.Tips.UnitTest.Adapter, Version=10.0.0.0, Culture=neutral, PublicKeyToken=b03f5f7f11d50a3a" className="PornCantina.UIAutomation.Scenarios.EpicPandaCashFeature, PornCantina.UIAutomation, Version=1.0.0.0, Culture=neutral, PublicKeyToken=null" name="PopulateEpicPandaCashGalleries_RachelSexton" />
    </UnitTest>
    <UnitTest name="PopulatePinkVelvetVaultGalleries_KendraRain_Com" storage="c:\users\tmacblane\documents\developmentprojects\porncantina.uiautomation\bin\debug\porncantina.uiautomation.dll" id="faee341e-3298-bbd5-13d9-4d169a7040ed">
      <Description>Populate PinkVelvetVault Galleries</Description>
      <Execution id="1714bb39-e585-48b9-8952-325541980358" />
      <Properties>
        <Property>
          <Key>FeatureTitle</Key>
          <Value>PinkVelvetVault</Value>
        </Property>
        <Property>
          <Key>VariantName</Key>
          <Value>KendraRain.com</Value>
        </Property>
        <Property>
          <Key>Parameter:site</Key>
          <Value>KendraRain.com</Value>
        </Property>
        <Property>
          <Key>Parameter:modelName</Key>
          <Value>Kendra Rain</Value>
        </Property>
      </Properties>
      <TestMethod codeBase="C:/Users/TMacBlane/Documents/DevelopmentProjects/PornCantina.UIAutomation/bin/Debug/PornCantina.UIAutomation.DLL" adapterTypeName="Microsoft.VisualStudio.TestTools.TestTypes.Unit.UnitTestAdapter, Microsoft.VisualStudio.QualityTools.Tips.UnitTest.Adapter, Version=10.0.0.0, Culture=neutral, PublicKeyToken=b03f5f7f11d50a3a" className="PornCantina.UIAutomation.Scenarios.PinkVelvetVaultFeature, PornCantina.UIAutomation, Version=1.0.0.0, Culture=neutral, PublicKeyToken=null" name="PopulatePinkVelvetVaultGalleries_KendraRain_Com" />
    </UnitTest>
    <UnitTest name="PopulateEpicPandaCashGalleries_BrookeMarks" storage="c:\users\tmacblane\documents\developmentprojects\porncantina.uiautomation\bin\debug\porncantina.uiautomation.dll" id="36a18326-5378-2751-6673-68fb2102b50e">
      <Description>Populate EpicPandaCash Galleries</Description>
      <Execution id="7ac27057-c7bb-4337-b805-940b6126de99" />
      <Properties>
        <Property>
          <Key>FeatureTitle</Key>
          <Value>EpicPandaCash</Value>
        </Property>
        <Property>
          <Key>VariantName</Key>
          <Value>Brooke Marks</Value>
        </Property>
        <Property>
          <Key>Parameter:site</Key>
          <Value>Brooke Marks</Value>
        </Property>
        <Property>
          <Key>Parameter:modelName</Key>
          <Value>Brooke Marks</Value>
        </Property>
      </Properties>
      <TestMethod codeBase="C:/Users/TMacBlane/Documents/DevelopmentProjects/PornCantina.UIAutomation/bin/Debug/PornCantina.UIAutomation.DLL" adapterTypeName="Microsoft.VisualStudio.TestTools.TestTypes.Unit.UnitTestAdapter, Microsoft.VisualStudio.QualityTools.Tips.UnitTest.Adapter, Version=10.0.0.0, Culture=neutral, PublicKeyToken=b03f5f7f11d50a3a" className="PornCantina.UIAutomation.Scenarios.EpicPandaCashFeature, PornCantina.UIAutomation, Version=1.0.0.0, Culture=neutral, PublicKeyToken=null" name="PopulateEpicPandaCashGalleries_BrookeMarks" />
    </UnitTest>
    <UnitTest name="PopulateLatinTeenCashGalleries_LaZonaModelos" storage="c:\users\tmacblane\documents\developmentprojects\porncantina.uiautomation\bin\debug\porncantina.uiautomation.dll" id="f796dec0-3ebb-a230-ecb5-c2c98ad99720">
      <Description>Populate LatinTeenCash Galleries</Description>
      <Execution id="9b1ebb61-02bf-4255-ac40-2779ce649e76" />
      <Properties>
        <Property>
          <Key>FeatureTitle</Key>
          <Value>LatinTeenCash</Value>
        </Property>
        <Property>
          <Key>VariantName</Key>
          <Value>La Zona Modelos</Value>
        </Property>
        <Property>
          <Key>Parameter:type</Key>
          <Value>Nude</Value>
        </Property>
        <Property>
          <Key>Parameter:modelName</Key>
          <Value>La Zona Modelos</Value>
        </Property>
      </Properties>
      <TestMethod codeBase="C:/Users/TMacBlane/Documents/DevelopmentProjects/PornCantina.UIAutomation/bin/Debug/PornCantina.UIAutomation.DLL" adapterTypeName="Microsoft.VisualStudio.TestTools.TestTypes.Unit.UnitTestAdapter, Microsoft.VisualStudio.QualityTools.Tips.UnitTest.Adapter, Version=10.0.0.0, Culture=neutral, PublicKeyToken=b03f5f7f11d50a3a" className="PornCantina.UIAutomation.Scenarios.LatinTeenCashFeature, PornCantina.UIAutomation, Version=1.0.0.0, Culture=neutral, PublicKeyToken=null" name="PopulateLatinTeenCashGalleries_LaZonaModelos" />
    </UnitTest>
    <UnitTest name="PopulateEpicPandaCashGalleries_PartyAll_Star" storage="c:\users\tmacblane\documents\developmentprojects\porncantina.uiautomation\bin\debug\porncantina.uiautomation.dll" id="d0390afa-4a21-297c-771f-2a8050db7de4">
      <Description>Populate EpicPandaCash Galleries</Description>
      <Execution id="893c5f09-f208-45aa-b471-5fd524ccb7b7" />
      <Properties>
        <Property>
          <Key>FeatureTitle</Key>
          <Value>EpicPandaCash</Value>
        </Property>
        <Property>
          <Key>VariantName</Key>
          <Value>Party All-Star</Value>
        </Property>
        <Property>
          <Key>Parameter:site</Key>
          <Value>Party All-Star</Value>
        </Property>
        <Property>
          <Key>Parameter:modelName</Key>
          <Value>Party All-Star</Value>
        </Property>
      </Properties>
      <TestMethod codeBase="C:/Users/TMacBlane/Documents/DevelopmentProjects/PornCantina.UIAutomation/bin/Debug/PornCantina.UIAutomation.DLL" adapterTypeName="Microsoft.VisualStudio.TestTools.TestTypes.Unit.UnitTestAdapter, Microsoft.VisualStudio.QualityTools.Tips.UnitTest.Adapter, Version=10.0.0.0, Culture=neutral, PublicKeyToken=b03f5f7f11d50a3a" className="PornCantina.UIAutomation.Scenarios.EpicPandaCashFeature, PornCantina.UIAutomation, Version=1.0.0.0, Culture=neutral, PublicKeyToken=null" name="PopulateEpicPandaCashGalleries_PartyAll_Star" />
    </UnitTest>
    <UnitTest name="PopulatePinkVelvetVaultGalleries_Sockblocked_Com" storage="c:\users\tmacblane\documents\developmentprojects\porncantina.uiautomation\bin\debug\porncantina.uiautomation.dll" id="b4f0a9e8-5d81-3545-39ca-78302cfc2e4c">
      <Description>Populate PinkVelvetVault Galleries</Description>
      <Execution id="dceeb8e4-cb21-4903-9de0-09dcc3b11691" />
      <Properties>
        <Property>
          <Key>FeatureTitle</Key>
          <Value>PinkVelvetVault</Value>
        </Property>
        <Property>
          <Key>VariantName</Key>
          <Value>Sockblocked.com</Value>
        </Property>
        <Property>
          <Key>Parameter:site</Key>
          <Value>Sockblocked.com</Value>
        </Property>
        <Property>
          <Key>Parameter:modelName</Key>
          <Value>Sock Blocked</Value>
        </Property>
      </Properties>
      <TestMethod codeBase="C:/Users/TMacBlane/Documents/DevelopmentProjects/PornCantina.UIAutomation/bin/Debug/PornCantina.UIAutomation.DLL" adapterTypeName="Microsoft.VisualStudio.TestTools.TestTypes.Unit.UnitTestAdapter, Microsoft.VisualStudio.QualityTools.Tips.UnitTest.Adapter, Version=10.0.0.0, Culture=neutral, PublicKeyToken=b03f5f7f11d50a3a" className="PornCantina.UIAutomation.Scenarios.PinkVelvetVaultFeature, PornCantina.UIAutomation, Version=1.0.0.0, Culture=neutral, PublicKeyToken=null" name="PopulatePinkVelvetVaultGalleries_Sockblocked_Com" />
    </UnitTest>
    <UnitTest name="PopulateBellaCashGalleries_RennaRyann" storage="c:\users\tmacblane\documents\developmentprojects\porncantina.uiautomation\bin\debug\porncantina.uiautomation.dll" id="dfed4799-d8fd-25dc-42b0-c8ea9ee23c63">
      <Description>Populate BellaCash Galleries</Description>
      <Execution id="e0dce435-8af5-4e0f-9c82-d661c407b556" />
      <Properties>
        <Property>
          <Key>FeatureTitle</Key>
          <Value>BellaCash</Value>
        </Property>
        <Property>
          <Key>VariantName</Key>
          <Value>Renna Ryann</Value>
        </Property>
        <Property>
          <Key>Parameter:modelName</Key>
          <Value>Renna Ryann</Value>
        </Property>
      </Properties>
      <TestMethod codeBase="C:/Users/TMacBlane/Documents/DevelopmentProjects/PornCantina.UIAutomation/bin/Debug/PornCantina.UIAutomation.DLL" adapterTypeName="Microsoft.VisualStudio.TestTools.TestTypes.Unit.UnitTestAdapter, Microsoft.VisualStudio.QualityTools.Tips.UnitTest.Adapter, Version=10.0.0.0, Culture=neutral, PublicKeyToken=b03f5f7f11d50a3a" className="PornCantina.UIAutomation.Scenarios.BellaCashFeature, PornCantina.UIAutomation, Version=1.0.0.0, Culture=neutral, PublicKeyToken=null" name="PopulateBellaCashGalleries_RennaRyann" />
    </UnitTest>
    <UnitTest name="PopulatePinkVelvetVaultGalleries_MeetMadden_Com" storage="c:\users\tmacblane\documents\developmentprojects\porncantina.uiautomation\bin\debug\porncantina.uiautomation.dll" id="9b8a8829-6f71-8101-2626-855991eddcfc">
      <Description>Populate PinkVelvetVault Galleries</Description>
      <Execution id="4347aaeb-ee8c-45a3-a681-630fcbc6e0eb" />
      <Properties>
        <Property>
          <Key>FeatureTitle</Key>
          <Value>PinkVelvetVault</Value>
        </Property>
        <Property>
          <Key>VariantName</Key>
          <Value>MeetMadden.com</Value>
        </Property>
        <Property>
          <Key>Parameter:site</Key>
          <Value>MeetMadden.com</Value>
        </Property>
        <Property>
          <Key>Parameter:modelName</Key>
          <Value>Meet Madden</Value>
        </Property>
      </Properties>
      <TestMethod codeBase="C:/Users/TMacBlane/Documents/DevelopmentProjects/PornCantina.UIAutomation/bin/Debug/PornCantina.UIAutomation.DLL" adapterTypeName="Microsoft.VisualStudio.TestTools.TestTypes.Unit.UnitTestAdapter, Microsoft.VisualStudio.QualityTools.Tips.UnitTest.Adapter, Version=10.0.0.0, Culture=neutral, PublicKeyToken=b03f5f7f11d50a3a" className="PornCantina.UIAutomation.Scenarios.PinkVelvetVaultFeature, PornCantina.UIAutomation, Version=1.0.0.0, Culture=neutral, PublicKeyToken=null" name="PopulatePinkVelvetVaultGalleries_MeetMadden_Com" />
    </UnitTest>
    <UnitTest name="PopulateLatinTeenCashGalleries_NataliaSpice" storage="c:\users\tmacblane\documents\developmentprojects\porncantina.uiautomation\bin\debug\porncantina.uiautomation.dll" id="2d0fc9e1-ddb6-e1a3-2e4b-63cd236f3727">
      <Description>Populate LatinTeenCash Galleries</Description>
      <Execution id="6f3b0d5f-0af3-4c05-9430-f88aefe4b424" />
      <Properties>
        <Property>
          <Key>FeatureTitle</Key>
          <Value>LatinTeenCash</Value>
        </Property>
        <Property>
          <Key>VariantName</Key>
          <Value>Natalia Spice</Value>
        </Property>
        <Property>
          <Key>Parameter:type</Key>
          <Value>Nude</Value>
        </Property>
        <Property>
          <Key>Parameter:modelName</Key>
          <Value>Natalia Spice</Value>
        </Property>
      </Properties>
      <TestMethod codeBase="C:/Users/TMacBlane/Documents/DevelopmentProjects/PornCantina.UIAutomation/bin/Debug/PornCantina.UIAutomation.DLL" adapterTypeName="Microsoft.VisualStudio.TestTools.TestTypes.Unit.UnitTestAdapter, Microsoft.VisualStudio.QualityTools.Tips.UnitTest.Adapter, Version=10.0.0.0, Culture=neutral, PublicKeyToken=b03f5f7f11d50a3a" className="PornCantina.UIAutomation.Scenarios.LatinTeenCashFeature, PornCantina.UIAutomation, Version=1.0.0.0, Culture=neutral, PublicKeyToken=null" name="PopulateLatinTeenCashGalleries_NataliaSpice" />
    </UnitTest>
    <UnitTest name="PopulateBellaCashGalleries_AvaDawn" storage="c:\users\tmacblane\documents\developmentprojects\porncantina.uiautomation\bin\debug\porncantina.uiautomation.dll" id="2272289c-032b-1243-7330-eb5092e584fc">
      <Description>Populate BellaCash Galleries</Description>
      <Execution id="29df32e7-aa97-4222-a823-aa10932b7e57" />
      <Properties>
        <Property>
          <Key>FeatureTitle</Key>
          <Value>BellaCash</Value>
        </Property>
        <Property>
          <Key>VariantName</Key>
          <Value>Ava Dawn</Value>
        </Property>
        <Property>
          <Key>Parameter:modelName</Key>
          <Value>Ava Dawn</Value>
        </Property>
      </Properties>
      <TestMethod codeBase="C:/Users/TMacBlane/Documents/DevelopmentProjects/PornCantina.UIAutomation/bin/Debug/PornCantina.UIAutomation.DLL" adapterTypeName="Microsoft.VisualStudio.TestTools.TestTypes.Unit.UnitTestAdapter, Microsoft.VisualStudio.QualityTools.Tips.UnitTest.Adapter, Version=10.0.0.0, Culture=neutral, PublicKeyToken=b03f5f7f11d50a3a" className="PornCantina.UIAutomation.Scenarios.BellaCashFeature, PornCantina.UIAutomation, Version=1.0.0.0, Culture=neutral, PublicKeyToken=null" name="PopulateBellaCashGalleries_AvaDawn" />
    </UnitTest>
    <UnitTest name="PopulateLatinTeenCashGalleries_TaniaSpice" storage="c:\users\tmacblane\documents\developmentprojects\porncantina.uiautomation\bin\debug\porncantina.uiautomation.dll" id="7a45e85a-1f59-0abe-b4e5-74cee7eb6bca">
      <Description>Populate LatinTeenCash Galleries</Description>
      <Execution id="968ee016-3549-480e-8798-256798f48127" />
      <Properties>
        <Property>
          <Key>Parameter:type</Key>
          <Value>Nude</Value>
        </Property>
        <Property>
          <Key>VariantName</Key>
          <Value>Tania Spice</Value>
        </Property>
        <Property>
          <Key>FeatureTitle</Key>
          <Value>LatinTeenCash</Value>
        </Property>
        <Property>
          <Key>Parameter:modelName</Key>
          <Value>Tania Spice</Value>
        </Property>
      </Properties>
      <TestMethod codeBase="C:/Users/TMacBlane/Documents/DevelopmentProjects/PornCantina.UIAutomation/bin/Debug/PornCantina.UIAutomation.DLL" adapterTypeName="Microsoft.VisualStudio.TestTools.TestTypes.Unit.UnitTestAdapter, Microsoft.VisualStudio.QualityTools.Tips.UnitTest.Adapter, Version=10.0.0.0, Culture=neutral, PublicKeyToken=b03f5f7f11d50a3a" className="PornCantina.UIAutomation.Scenarios.LatinTeenCashFeature, PornCantina.UIAutomation, Version=1.0.0.0, Culture=neutral, PublicKeyToken=null" name="PopulateLatinTeenCashGalleries_TaniaSpice" />
    </UnitTest>
    <UnitTest name="PopulatePinkVelvetVaultGalleries_Brittany_Avalon_Com" storage="c:\users\tmacblane\documents\developmentprojects\porncantina.uiautomation\bin\debug\porncantina.uiautomation.dll" id="2910964a-1343-9aba-d7b0-6918c25f5329">
      <Description>Populate PinkVelvetVault Galleries</Description>
      <Execution id="2aadc2b7-f676-4eb9-b2f7-4782bdb84257" />
      <Properties>
        <Property>
          <Key>FeatureTitle</Key>
          <Value>PinkVelvetVault</Value>
        </Property>
        <Property>
          <Key>VariantName</Key>
          <Value>Brittany-Avalon.com</Value>
        </Property>
        <Property>
          <Key>Parameter:site</Key>
          <Value>Brittany-Avalon.com</Value>
        </Property>
        <Property>
          <Key>Parameter:modelName</Key>
          <Value>Brittany Avalon</Value>
        </Property>
      </Properties>
      <TestMethod codeBase="C:/Users/TMacBlane/Documents/DevelopmentProjects/PornCantina.UIAutomation/bin/Debug/PornCantina.UIAutomation.DLL" adapterTypeName="Microsoft.VisualStudio.TestTools.TestTypes.Unit.UnitTestAdapter, Microsoft.VisualStudio.QualityTools.Tips.UnitTest.Adapter, Version=10.0.0.0, Culture=neutral, PublicKeyToken=b03f5f7f11d50a3a" className="PornCantina.UIAutomation.Scenarios.PinkVelvetVaultFeature, PornCantina.UIAutomation, Version=1.0.0.0, Culture=neutral, PublicKeyToken=null" name="PopulatePinkVelvetVaultGalleries_Brittany_Avalon_Com" />
    </UnitTest>
    <UnitTest name="PopulateLatinTeenCashGalleries_SpiceTwins" storage="c:\users\tmacblane\documents\developmentprojects\porncantina.uiautomation\bin\debug\porncantina.uiautomation.dll" id="ef5d542a-b37f-13af-ab00-4285784f3377">
      <Description>Populate LatinTeenCash Galleries</Description>
      <Execution id="bc28338b-a5d9-4bcb-b16b-8c9bd933a7cd" />
      <Properties>
        <Property>
          <Key>FeatureTitle</Key>
          <Value>LatinTeenCash</Value>
        </Property>
        <Property>
          <Key>VariantName</Key>
          <Value>Spice Twins</Value>
        </Property>
        <Property>
          <Key>Parameter:type</Key>
          <Value>Non-Nude</Value>
        </Property>
        <Property>
          <Key>Parameter:modelName</Key>
          <Value>Spice Twins</Value>
        </Property>
      </Properties>
      <TestMethod codeBase="C:/Users/TMacBlane/Documents/DevelopmentProjects/PornCantina.UIAutomation/bin/Debug/PornCantina.UIAutomation.DLL" adapterTypeName="Microsoft.VisualStudio.TestTools.TestTypes.Unit.UnitTestAdapter, Microsoft.VisualStudio.QualityTools.Tips.UnitTest.Adapter, Version=10.0.0.0, Culture=neutral, PublicKeyToken=b03f5f7f11d50a3a" className="PornCantina.UIAutomation.Scenarios.LatinTeenCashFeature, PornCantina.UIAutomation, Version=1.0.0.0, Culture=neutral, PublicKeyToken=null" name="PopulateLatinTeenCashGalleries_SpiceTwins" />
    </UnitTest>
    <UnitTest name="PopulateEpicPandaCashGalleries_BaileyKnox" storage="c:\users\tmacblane\documents\developmentprojects\porncantina.uiautomation\bin\debug\porncantina.uiautomation.dll" id="eb9b8e2b-e634-3f71-8b78-2aca84a14cf3">
      <Description>Populate EpicPandaCash Galleries</Description>
      <Execution id="3f58a395-dc0e-41b6-ab90-62dc7a2b2072" />
      <Properties>
        <Property>
          <Key>FeatureTitle</Key>
          <Value>EpicPandaCash</Value>
        </Property>
        <Property>
          <Key>VariantName</Key>
          <Value>Bailey Knox</Value>
        </Property>
        <Property>
          <Key>Parameter:site</Key>
          <Value>Bailey Knox</Value>
        </Property>
        <Property>
          <Key>Parameter:modelName</Key>
          <Value>Bailey Knox</Value>
        </Property>
      </Properties>
      <TestMethod codeBase="C:/Users/TMacBlane/Documents/DevelopmentProjects/PornCantina.UIAutomation/bin/Debug/PornCantina.UIAutomation.DLL" adapterTypeName="Microsoft.VisualStudio.TestTools.TestTypes.Unit.UnitTestAdapter, Microsoft.VisualStudio.QualityTools.Tips.UnitTest.Adapter, Version=10.0.0.0, Culture=neutral, PublicKeyToken=b03f5f7f11d50a3a" className="PornCantina.UIAutomation.Scenarios.EpicPandaCashFeature, PornCantina.UIAutomation, Version=1.0.0.0, Culture=neutral, PublicKeyToken=null" name="PopulateEpicPandaCashGalleries_BaileyKnox" />
    </UnitTest>
    <UnitTest name="PopulateLatinTeenCashGalleries_MariahSpice" storage="c:\users\tmacblane\documents\developmentprojects\porncantina.uiautomation\bin\debug\porncantina.uiautomation.dll" id="398d7b5e-bf85-40e6-19ea-4a768f60f793">
      <Description>Populate LatinTeenCash Galleries</Description>
      <Execution id="6e2b6e9b-31c3-4b7e-884e-fe17cedd47ef" />
      <Properties>
        <Property>
          <Key>Parameter:type</Key>
          <Value>Nude</Value>
        </Property>
        <Property>
          <Key>VariantName</Key>
          <Value>Mariah Spice</Value>
        </Property>
        <Property>
          <Key>FeatureTitle</Key>
          <Value>LatinTeenCash</Value>
        </Property>
        <Property>
          <Key>Parameter:modelName</Key>
          <Value>Mariah Spice</Value>
        </Property>
      </Properties>
      <TestMethod codeBase="C:/Users/TMacBlane/Documents/DevelopmentProjects/PornCantina.UIAutomation/bin/Debug/PornCantina.UIAutomation.DLL" adapterTypeName="Microsoft.VisualStudio.TestTools.TestTypes.Unit.UnitTestAdapter, Microsoft.VisualStudio.QualityTools.Tips.UnitTest.Adapter, Version=10.0.0.0, Culture=neutral, PublicKeyToken=b03f5f7f11d50a3a" className="PornCantina.UIAutomation.Scenarios.LatinTeenCashFeature, PornCantina.UIAutomation, Version=1.0.0.0, Culture=neutral, PublicKeyToken=null" name="PopulateLatinTeenCashGalleries_MariahSpice" />
    </UnitTest>
    <UnitTest name="PopulateMinxManiaGalleries" storage="c:\users\tmacblane\documents\developmentprojects\porncantina.uiautomation\bin\debug\porncantina.uiautomation.dll" id="56f54296-15ab-8819-79de-9cb8a298433f">
      <Description>Populate MinxMania Galleries</Description>
      <Execution id="2513ae68-e4b8-45ff-8b37-aafc2b908008" />
      <Properties>
        <Property>
          <Key>FeatureTitle</Key>
          <Value>MinxMafia</Value>
        </Property>
      </Properties>
      <TestMethod codeBase="C:/Users/TMacBlane/Documents/DevelopmentProjects/PornCantina.UIAutomation/bin/Debug/PornCantina.UIAutomation.DLL" adapterTypeName="Microsoft.VisualStudio.TestTools.TestTypes.Unit.UnitTestAdapter, Microsoft.VisualStudio.QualityTools.Tips.UnitTest.Adapter, Version=10.0.0.0, Culture=neutral, PublicKeyToken=b03f5f7f11d50a3a" className="PornCantina.UIAutomation.Scenarios.MinxMafiaFeature, PornCantina.UIAutomation, Version=1.0.0.0, Culture=neutral, PublicKeyToken=null" name="PopulateMinxManiaGalleries" />
    </UnitTest>
    <UnitTest name="PopulateJewelsGoldGalleries" storage="c:\users\tmacblane\documents\developmentprojects\porncantina.uiautomation\bin\debug\porncantina.uiautomation.dll" id="64a7a8aa-d2a3-43db-0a19-db0baa07537e">
      <Description>Populate JewelsGold Galleries</Description>
      <Execution id="b5c85e89-41e0-4aa7-bdda-2c43c80df7a1" />
      <Properties>
        <Property>
          <Key>FeatureTitle</Key>
          <Value>JewelsGold</Value>
        </Property>
      </Properties>
      <TestMethod codeBase="C:/Users/TMacBlane/Documents/DevelopmentProjects/PornCantina.UIAutomation/bin/Debug/PornCantina.UIAutomation.DLL" adapterTypeName="Microsoft.VisualStudio.TestTools.TestTypes.Unit.UnitTestAdapter, Microsoft.VisualStudio.QualityTools.Tips.UnitTest.Adapter, Version=10.0.0.0, Culture=neutral, PublicKeyToken=b03f5f7f11d50a3a" className="PornCantina.UIAutomation.Scenarios.JewelsGoldFeature, PornCantina.UIAutomation, Version=1.0.0.0, Culture=neutral, PublicKeyToken=null" name="PopulateJewelsGoldGalleries" />
    </UnitTest>
    <UnitTest name="PopulatePinkVelvetVaultGalleries_Nikkisplaymates_Com" storage="c:\users\tmacblane\documents\developmentprojects\porncantina.uiautomation\bin\debug\porncantina.uiautomation.dll" id="4cbca76b-5162-199c-dd79-ce8dc44ed77b">
      <Description>Populate PinkVelvetVault Galleries</Description>
      <Execution id="fc87d9f2-25cf-4c11-b479-0c9e083e9874" />
      <Properties>
        <Property>
          <Key>FeatureTitle</Key>
          <Value>PinkVelvetVault</Value>
        </Property>
        <Property>
          <Key>VariantName</Key>
          <Value>Nikkisplaymates.com</Value>
        </Property>
        <Property>
          <Key>Parameter:site</Key>
          <Value>Nikkisplaymates.com</Value>
        </Property>
        <Property>
          <Key>Parameter:modelName</Key>
          <Value>Nikkis Sims</Value>
        </Property>
      </Properties>
      <TestMethod codeBase="C:/Users/TMacBlane/Documents/DevelopmentProjects/PornCantina.UIAutomation/bin/Debug/PornCantina.UIAutomation.DLL" adapterTypeName="Microsoft.VisualStudio.TestTools.TestTypes.Unit.UnitTestAdapter, Microsoft.VisualStudio.QualityTools.Tips.UnitTest.Adapter, Version=10.0.0.0, Culture=neutral, PublicKeyToken=b03f5f7f11d50a3a" className="PornCantina.UIAutomation.Scenarios.PinkVelvetVaultFeature, PornCantina.UIAutomation, Version=1.0.0.0, Culture=neutral, PublicKeyToken=null" name="PopulatePinkVelvetVaultGalleries_Nikkisplaymates_Com" />
    </UnitTest>
    <UnitTest name="PopulateBellaCashGalleries_KatieBanks" storage="c:\users\tmacblane\documents\developmentprojects\porncantina.uiautomation\bin\debug\porncantina.uiautomation.dll" id="8c136c51-948d-db20-6929-2e8f37a20b36">
      <Description>Populate BellaCash Galleries</Description>
      <Execution id="f6d2659f-4c42-48ab-a120-5c7077eb0346" />
      <Properties>
        <Property>
          <Key>FeatureTitle</Key>
          <Value>BellaCash</Value>
        </Property>
        <Property>
          <Key>VariantName</Key>
          <Value>Katie Banks</Value>
        </Property>
        <Property>
          <Key>Parameter:modelName</Key>
          <Value>Katie Banks</Value>
        </Property>
      </Properties>
      <TestMethod codeBase="C:/Users/TMacBlane/Documents/DevelopmentProjects/PornCantina.UIAutomation/bin/Debug/PornCantina.UIAutomation.DLL" adapterTypeName="Microsoft.VisualStudio.TestTools.TestTypes.Unit.UnitTestAdapter, Microsoft.VisualStudio.QualityTools.Tips.UnitTest.Adapter, Version=10.0.0.0, Culture=neutral, PublicKeyToken=b03f5f7f11d50a3a" className="PornCantina.UIAutomation.Scenarios.BellaCashFeature, PornCantina.UIAutomation, Version=1.0.0.0, Culture=neutral, PublicKeyToken=null" name="PopulateBellaCashGalleries_KatieBanks" />
    </UnitTest>
    <UnitTest name="PopulatePinkVelvetVaultGalleries_TaylorTrue" storage="c:\users\tmacblane\documents\developmentprojects\porncantina.uiautomation\bin\debug\porncantina.uiautomation.dll" id="90275ed3-6b7f-be6c-3123-37a1d67aeee3">
      <Description>Populate PinkVelvetVault Galleries</Description>
      <Execution id="395eb513-8f65-421a-839f-9cdcfc6ee8ea" />
      <Properties>
        <Property>
          <Key>FeatureTitle</Key>
          <Value>PinkVelvetVault</Value>
        </Property>
        <Property>
          <Key>VariantName</Key>
          <Value>TaylorTrue</Value>
        </Property>
        <Property>
          <Key>Parameter:site</Key>
          <Value>TaylorTrue</Value>
        </Property>
        <Property>
          <Key>Parameter:modelName</Key>
          <Value>Taylor True</Value>
        </Property>
      </Properties>
      <TestMethod codeBase="C:/Users/TMacBlane/Documents/DevelopmentProjects/PornCantina.UIAutomation/bin/Debug/PornCantina.UIAutomation.DLL" adapterTypeName="Microsoft.VisualStudio.TestTools.TestTypes.Unit.UnitTestAdapter, Microsoft.VisualStudio.QualityTools.Tips.UnitTest.Adapter, Version=10.0.0.0, Culture=neutral, PublicKeyToken=b03f5f7f11d50a3a" className="PornCantina.UIAutomation.Scenarios.PinkVelvetVaultFeature, PornCantina.UIAutomation, Version=1.0.0.0, Culture=neutral, PublicKeyToken=null" name="PopulatePinkVelvetVaultGalleries_TaylorTrue" />
    </UnitTest>
    <UnitTest name="PopulateBellaCashGalleries_Bryci" storage="c:\users\tmacblane\documents\developmentprojects\porncantina.uiautomation\bin\debug\porncantina.uiautomation.dll" id="66f4f75a-e39b-800c-c209-257f1c101b17">
      <Description>Populate BellaCash Galleries</Description>
      <Execution id="8f5989d5-a146-47b6-914c-ba8318e90a99" />
      <Properties>
        <Property>
          <Key>FeatureTitle</Key>
          <Value>BellaCash</Value>
        </Property>
        <Property>
          <Key>VariantName</Key>
          <Value>Bryci</Value>
        </Property>
        <Property>
          <Key>Parameter:modelName</Key>
          <Value>Bryci</Value>
        </Property>
      </Properties>
      <TestMethod codeBase="C:/Users/TMacBlane/Documents/DevelopmentProjects/PornCantina.UIAutomation/bin/Debug/PornCantina.UIAutomation.DLL" adapterTypeName="Microsoft.VisualStudio.TestTools.TestTypes.Unit.UnitTestAdapter, Microsoft.VisualStudio.QualityTools.Tips.UnitTest.Adapter, Version=10.0.0.0, Culture=neutral, PublicKeyToken=b03f5f7f11d50a3a" className="PornCantina.UIAutomation.Scenarios.BellaCashFeature, PornCantina.UIAutomation, Version=1.0.0.0, Culture=neutral, PublicKeyToken=null" name="PopulateBellaCashGalleries_Bryci" />
    </UnitTest>
    <UnitTest name="PopulatePinkVelvetVaultGalleries_TiffanyAlexis_Com" storage="c:\users\tmacblane\documents\developmentprojects\porncantina.uiautomation\bin\debug\porncantina.uiautomation.dll" id="09f339eb-e1ff-0d96-dca9-6e24e2f7cfbf">
      <Description>Populate PinkVelvetVault Galleries</Description>
      <Execution id="8c11817b-725e-4468-94ba-4cea279911db" />
      <Properties>
        <Property>
          <Key>FeatureTitle</Key>
          <Value>PinkVelvetVault</Value>
        </Property>
        <Property>
          <Key>VariantName</Key>
          <Value>TiffanyAlexis.com</Value>
        </Property>
        <Property>
          <Key>Parameter:site</Key>
          <Value>TiffanyAlexis.com</Value>
        </Property>
        <Property>
          <Key>Parameter:modelName</Key>
          <Value>Tiffany Alexis</Value>
        </Property>
      </Properties>
      <TestMethod codeBase="C:/Users/TMacBlane/Documents/DevelopmentProjects/PornCantina.UIAutomation/bin/Debug/PornCantina.UIAutomation.DLL" adapterTypeName="Microsoft.VisualStudio.TestTools.TestTypes.Unit.UnitTestAdapter, Microsoft.VisualStudio.QualityTools.Tips.UnitTest.Adapter, Version=10.0.0.0, Culture=neutral, PublicKeyToken=b03f5f7f11d50a3a" className="PornCantina.UIAutomation.Scenarios.PinkVelvetVaultFeature, PornCantina.UIAutomation, Version=1.0.0.0, Culture=neutral, PublicKeyToken=null" name="PopulatePinkVelvetVaultGalleries_TiffanyAlexis_Com" />
    </UnitTest>
    <UnitTest name="PopulateBellaCashGalleries_TaliaShepard" storage="c:\users\tmacblane\documents\developmentprojects\porncantina.uiautomation\bin\debug\porncantina.uiautomation.dll" id="b2fe822b-5976-20eb-494c-a2e70b73f8a8">
      <Description>Populate BellaCash Galleries</Description>
      <Execution id="436e2e4f-781d-43bb-9048-ed946e444612" />
      <Properties>
        <Property>
          <Key>FeatureTitle</Key>
          <Value>BellaCash</Value>
        </Property>
        <Property>
          <Key>VariantName</Key>
          <Value>Talia Shepard</Value>
        </Property>
        <Property>
          <Key>Parameter:modelName</Key>
          <Value>Talia Shepard</Value>
        </Property>
      </Properties>
      <TestMethod codeBase="C:/Users/TMacBlane/Documents/DevelopmentProjects/PornCantina.UIAutomation/bin/Debug/PornCantina.UIAutomation.DLL" adapterTypeName="Microsoft.VisualStudio.TestTools.TestTypes.Unit.UnitTestAdapter, Microsoft.VisualStudio.QualityTools.Tips.UnitTest.Adapter, Version=10.0.0.0, Culture=neutral, PublicKeyToken=b03f5f7f11d50a3a" className="PornCantina.UIAutomation.Scenarios.BellaCashFeature, PornCantina.UIAutomation, Version=1.0.0.0, Culture=neutral, PublicKeyToken=null" name="PopulateBellaCashGalleries_TaliaShepard" />
    </UnitTest>
    <UnitTest name="PopulateZellysCashGalleries_MelissaXoXo" storage="c:\users\tmacblane\documents\developmentprojects\porncantina.uiautomation\bin\debug\porncantina.uiautomation.dll" id="3244bd33-62ad-5b0c-a0f8-17623bcb7156">
      <Description>Populate ZellysCash Galleries</Description>
      <Execution id="b1c612dc-85e5-4f8a-9159-ab3d77ec4941" />
      <Properties>
        <Property>
          <Key>FeatureTitle</Key>
          <Value>ZellysCash</Value>
        </Property>
        <Property>
          <Key>VariantName</Key>
          <Value>Melissa XoXo</Value>
        </Property>
        <Property>
          <Key>Parameter:modelName</Key>
          <Value>Melissa XoXo</Value>
        </Property>
      </Properties>
      <TestMethod codeBase="C:/Users/TMacBlane/Documents/DevelopmentProjects/PornCantina.UIAutomation/bin/Debug/PornCantina.UIAutomation.DLL" adapterTypeName="Microsoft.VisualStudio.TestTools.TestTypes.Unit.UnitTestAdapter, Microsoft.VisualStudio.QualityTools.Tips.UnitTest.Adapter, Version=10.0.0.0, Culture=neutral, PublicKeyToken=b03f5f7f11d50a3a" className="PornCantina.UIAutomation.Scenarios.ZellysCashFeature, PornCantina.UIAutomation, Version=1.0.0.0, Culture=neutral, PublicKeyToken=null" name="PopulateZellysCashGalleries_MelissaXoXo" />
    </UnitTest>
    <UnitTest name="PopulatePacinoCashGalleries_IvySnow" storage="c:\users\tmacblane\documents\developmentprojects\porncantina.uiautomation\bin\debug\porncantina.uiautomation.dll" id="96545bb1-b2a0-ad54-b954-e408025e44ce">
      <Description>Populate PacinoCash Galleries</Description>
      <Execution id="71349d1c-9879-46f2-baa6-9c08ad891d29" />
      <Properties>
        <Property>
          <Key>FeatureTitle</Key>
          <Value>PacinoCash</Value>
        </Property>
        <Property>
          <Key>VariantName</Key>
          <Value>Ivy Snow</Value>
        </Property>
        <Property>
          <Key>Parameter:type</Key>
          <Value>Nude</Value>
        </Property>
        <Property>
          <Key>Parameter:modelName</Key>
          <Value>Ivy Snow</Value>
        </Property>
      </Properties>
      <TestMethod codeBase="C:/Users/TMacBlane/Documents/DevelopmentProjects/PornCantina.UIAutomation/bin/Debug/PornCantina.UIAutomation.DLL" adapterTypeName="Microsoft.VisualStudio.TestTools.TestTypes.Unit.UnitTestAdapter, Microsoft.VisualStudio.QualityTools.Tips.UnitTest.Adapter, Version=10.0.0.0, Culture=neutral, PublicKeyToken=b03f5f7f11d50a3a" className="PornCantina.UIAutomation.Scenarios.PacinoCashFeature, PornCantina.UIAutomation, Version=1.0.0.0, Culture=neutral, PublicKeyToken=null" name="PopulatePacinoCashGalleries_IvySnow" />
    </UnitTest>
    <UnitTest name="PopulateLatinTeenCashGalleries_GigiSpice" storage="c:\users\tmacblane\documents\developmentprojects\porncantina.uiautomation\bin\debug\porncantina.uiautomation.dll" id="a54bbd81-de28-c5a1-9d12-ca028d3f093b">
      <Description>Populate LatinTeenCash Galleries</Description>
      <Execution id="45046dc5-f160-4054-b764-94ac56302eac" />
      <Properties>
        <Property>
          <Key>FeatureTitle</Key>
          <Value>LatinTeenCash</Value>
        </Property>
        <Property>
          <Key>VariantName</Key>
          <Value>Gigi Spice</Value>
        </Property>
        <Property>
          <Key>Parameter:type</Key>
          <Value>Nude</Value>
        </Property>
        <Property>
          <Key>Parameter:modelName</Key>
          <Value>Gigi Spice</Value>
        </Property>
      </Properties>
      <TestMethod codeBase="C:/Users/TMacBlane/Documents/DevelopmentProjects/PornCantina.UIAutomation/bin/Debug/PornCantina.UIAutomation.DLL" adapterTypeName="Microsoft.VisualStudio.TestTools.TestTypes.Unit.UnitTestAdapter, Microsoft.VisualStudio.QualityTools.Tips.UnitTest.Adapter, Version=10.0.0.0, Culture=neutral, PublicKeyToken=b03f5f7f11d50a3a" className="PornCantina.UIAutomation.Scenarios.LatinTeenCashFeature, PornCantina.UIAutomation, Version=1.0.0.0, Culture=neutral, PublicKeyToken=null" name="PopulateLatinTeenCashGalleries_GigiSpice" />
    </UnitTest>
    <UnitTest name="PopulateLatinTeenCashGalleries_PacinosWorld" storage="c:\users\tmacblane\documents\developmentprojects\porncantina.uiautomation\bin\debug\porncantina.uiautomation.dll" id="1fc74d3e-f8b6-d564-aca5-16763c6dfeac">
      <Description>Populate LatinTeenCash Galleries</Description>
      <Execution id="20b2b37b-6a82-4769-a32d-6b9110b77fe6" />
      <Properties>
        <Property>
          <Key>FeatureTitle</Key>
          <Value>LatinTeenCash</Value>
        </Property>
        <Property>
          <Key>VariantName</Key>
          <Value>Pacinos World</Value>
        </Property>
        <Property>
          <Key>Parameter:type</Key>
          <Value>Nude</Value>
        </Property>
        <Property>
          <Key>Parameter:modelName</Key>
          <Value>Pacinos World</Value>
        </Property>
      </Properties>
      <TestMethod codeBase="C:/Users/TMacBlane/Documents/DevelopmentProjects/PornCantina.UIAutomation/bin/Debug/PornCantina.UIAutomation.DLL" adapterTypeName="Microsoft.VisualStudio.TestTools.TestTypes.Unit.UnitTestAdapter, Microsoft.VisualStudio.QualityTools.Tips.UnitTest.Adapter, Version=10.0.0.0, Culture=neutral, PublicKeyToken=b03f5f7f11d50a3a" className="PornCantina.UIAutomation.Scenarios.LatinTeenCashFeature, PornCantina.UIAutomation, Version=1.0.0.0, Culture=neutral, PublicKeyToken=null" name="PopulateLatinTeenCashGalleries_PacinosWorld" />
    </UnitTest>
    <UnitTest name="PopulateZellysCashGalleries_BluEyedCass" storage="c:\users\tmacblane\documents\developmentprojects\porncantina.uiautomation\bin\debug\porncantina.uiautomation.dll" id="d4651545-402e-63fd-5727-2f619b78f07c">
      <Description>Populate ZellysCash Galleries</Description>
      <Execution id="c3f1a017-930c-46e9-817f-7494ef2d8246" />
      <Properties>
        <Property>
          <Key>FeatureTitle</Key>
          <Value>ZellysCash</Value>
        </Property>
        <Property>
          <Key>VariantName</Key>
          <Value>BluEyedCass</Value>
        </Property>
        <Property>
          <Key>Parameter:modelName</Key>
          <Value>BluEyedCass</Value>
        </Property>
      </Properties>
      <TestMethod codeBase="C:/Users/TMacBlane/Documents/DevelopmentProjects/PornCantina.UIAutomation/bin/Debug/PornCantina.UIAutomation.DLL" adapterTypeName="Microsoft.VisualStudio.TestTools.TestTypes.Unit.UnitTestAdapter, Microsoft.VisualStudio.QualityTools.Tips.UnitTest.Adapter, Version=10.0.0.0, Culture=neutral, PublicKeyToken=b03f5f7f11d50a3a" className="PornCantina.UIAutomation.Scenarios.ZellysCashFeature, PornCantina.UIAutomation, Version=1.0.0.0, Culture=neutral, PublicKeyToken=null" name="PopulateZellysCashGalleries_BluEyedCass" />
    </UnitTest>
    <UnitTest name="PopulateEpicPandaCashGalleries_CarlottaChampagne" storage="c:\users\tmacblane\documents\developmentprojects\porncantina.uiautomation\bin\debug\porncantina.uiautomation.dll" id="e1e0aada-64a3-6d63-9035-77bad23b408c">
      <Description>Populate EpicPandaCash Galleries</Description>
      <Execution id="0bbedc90-3bb0-45fe-a3b1-26181a29be4f" />
      <Properties>
        <Property>
          <Key>FeatureTitle</Key>
          <Value>EpicPandaCash</Value>
        </Property>
        <Property>
          <Key>VariantName</Key>
          <Value>Carlotta Champagne</Value>
        </Property>
        <Property>
          <Key>Parameter:site</Key>
          <Value>Carlotta Champagne</Value>
        </Property>
        <Property>
          <Key>Parameter:modelName</Key>
          <Value>Carlotta Champagne</Value>
        </Property>
      </Properties>
      <TestMethod codeBase="C:/Users/TMacBlane/Documents/DevelopmentProjects/PornCantina.UIAutomation/bin/Debug/PornCantina.UIAutomation.DLL" adapterTypeName="Microsoft.VisualStudio.TestTools.TestTypes.Unit.UnitTestAdapter, Microsoft.VisualStudio.QualityTools.Tips.UnitTest.Adapter, Version=10.0.0.0, Culture=neutral, PublicKeyToken=b03f5f7f11d50a3a" className="PornCantina.UIAutomation.Scenarios.EpicPandaCashFeature, PornCantina.UIAutomation, Version=1.0.0.0, Culture=neutral, PublicKeyToken=null" name="PopulateEpicPandaCashGalleries_CarlottaChampagne" />
    </UnitTest>
    <UnitTest name="PopulateLatinTeenCashGalleries_CierraSpice" storage="c:\users\tmacblane\documents\developmentprojects\porncantina.uiautomation\bin\debug\porncantina.uiautomation.dll" id="8328e058-f44f-1617-9580-129c03893814">
      <Description>Populate LatinTeenCash Galleries</Description>
      <Execution id="a91066d1-1aea-41ae-b9e6-e1d30137bb95" />
      <Properties>
        <Property>
          <Key>Parameter:type</Key>
          <Value>Nude</Value>
        </Property>
        <Property>
          <Key>VariantName</Key>
          <Value>Cierra Spice</Value>
        </Property>
        <Property>
          <Key>FeatureTitle</Key>
          <Value>LatinTeenCash</Value>
        </Property>
        <Property>
          <Key>Parameter:modelName</Key>
          <Value>Cierra Spice</Value>
        </Property>
      </Properties>
      <TestMethod codeBase="C:/Users/TMacBlane/Documents/DevelopmentProjects/PornCantina.UIAutomation/bin/Debug/PornCantina.UIAutomation.DLL" adapterTypeName="Microsoft.VisualStudio.TestTools.TestTypes.Unit.UnitTestAdapter, Microsoft.VisualStudio.QualityTools.Tips.UnitTest.Adapter, Version=10.0.0.0, Culture=neutral, PublicKeyToken=b03f5f7f11d50a3a" className="PornCantina.UIAutomation.Scenarios.LatinTeenCashFeature, PornCantina.UIAutomation, Version=1.0.0.0, Culture=neutral, PublicKeyToken=null" name="PopulateLatinTeenCashGalleries_CierraSpice" />
    </UnitTest>
    <UnitTest name="PopulatePinkVelvetVaultGalleries_BrianaLeeOnline" storage="c:\users\tmacblane\documents\developmentprojects\porncantina.uiautomation\bin\debug\porncantina.uiautomation.dll" id="b561c79c-303d-25b6-3666-9b140d099ec6">
      <Description>Populate PinkVelvetVault Galleries</Description>
      <Execution id="6f83493d-ef8a-42c8-b2ed-4d25791a3912" />
      <Properties>
        <Property>
          <Key>FeatureTitle</Key>
          <Value>PinkVelvetVault</Value>
        </Property>
        <Property>
          <Key>VariantName</Key>
          <Value>BrianaLeeOnline</Value>
        </Property>
        <Property>
          <Key>Parameter:site</Key>
          <Value>BrianaLeeOnline</Value>
        </Property>
        <Property>
          <Key>Parameter:modelName</Key>
          <Value>Briana Lee Online</Value>
        </Property>
      </Properties>
      <TestMethod codeBase="C:/Users/TMacBlane/Documents/DevelopmentProjects/PornCantina.UIAutomation/bin/Debug/PornCantina.UIAutomation.DLL" adapterTypeName="Microsoft.VisualStudio.TestTools.TestTypes.Unit.UnitTestAdapter, Microsoft.VisualStudio.QualityTools.Tips.UnitTest.Adapter, Version=10.0.0.0, Culture=neutral, PublicKeyToken=b03f5f7f11d50a3a" className="PornCantina.UIAutomation.Scenarios.PinkVelvetVaultFeature, PornCantina.UIAutomation, Version=1.0.0.0, Culture=neutral, PublicKeyToken=null" name="PopulatePinkVelvetVaultGalleries_BrianaLeeOnline" />
    </UnitTest>
    <UnitTest name="PopulateBellaCashGalleries_LexiMason" storage="c:\users\tmacblane\documents\developmentprojects\porncantina.uiautomation\bin\debug\porncantina.uiautomation.dll" id="cb48dcef-796c-d2b0-fdbf-4d69a8dc994d">
      <Description>Populate BellaCash Galleries</Description>
      <Execution id="0133f834-87bf-4a57-a90f-b1a346d59ea0" />
      <Properties>
        <Property>
          <Key>FeatureTitle</Key>
          <Value>BellaCash</Value>
        </Property>
        <Property>
          <Key>VariantName</Key>
          <Value>Lexi Mason</Value>
        </Property>
        <Property>
          <Key>Parameter:modelName</Key>
          <Value>Lexi Mason</Value>
        </Property>
      </Properties>
      <TestMethod codeBase="C:/Users/TMacBlane/Documents/DevelopmentProjects/PornCantina.UIAutomation/bin/Debug/PornCantina.UIAutomation.DLL" adapterTypeName="Microsoft.VisualStudio.TestTools.TestTypes.Unit.UnitTestAdapter, Microsoft.VisualStudio.QualityTools.Tips.UnitTest.Adapter, Version=10.0.0.0, Culture=neutral, PublicKeyToken=b03f5f7f11d50a3a" className="PornCantina.UIAutomation.Scenarios.BellaCashFeature, PornCantina.UIAutomation, Version=1.0.0.0, Culture=neutral, PublicKeyToken=null" name="PopulateBellaCashGalleries_LexiMason" />
    </UnitTest>
    <UnitTest name="PopulatePinkVelvetVaultGalleries_CherryZips_Com" storage="c:\users\tmacblane\documents\developmentprojects\porncantina.uiautomation\bin\debug\porncantina.uiautomation.dll" id="6723ee26-ffeb-9536-ffc6-148f6bd91bb4">
      <Description>Populate PinkVelvetVault Galleries</Description>
      <Execution id="ef5891f2-ec45-40bf-b749-639f97078ba9" />
      <Properties>
        <Property>
          <Key>FeatureTitle</Key>
          <Value>PinkVelvetVault</Value>
        </Property>
        <Property>
          <Key>VariantName</Key>
          <Value>CherryZips.com</Value>
        </Property>
        <Property>
          <Key>Parameter:site</Key>
          <Value>CherryZips.com</Value>
        </Property>
        <Property>
          <Key>Parameter:modelName</Key>
          <Value>Cherry Zips</Value>
        </Property>
      </Properties>
      <TestMethod codeBase="C:/Users/TMacBlane/Documents/DevelopmentProjects/PornCantina.UIAutomation/bin/Debug/PornCantina.UIAutomation.DLL" adapterTypeName="Microsoft.VisualStudio.TestTools.TestTypes.Unit.UnitTestAdapter, Microsoft.VisualStudio.QualityTools.Tips.UnitTest.Adapter, Version=10.0.0.0, Culture=neutral, PublicKeyToken=b03f5f7f11d50a3a" className="PornCantina.UIAutomation.Scenarios.PinkVelvetVaultFeature, PornCantina.UIAutomation, Version=1.0.0.0, Culture=neutral, PublicKeyToken=null" name="PopulatePinkVelvetVaultGalleries_CherryZips_Com" />
    </UnitTest>
    <UnitTest name="PopulateLatinTeenCashGalleries_SelenaSpice" storage="c:\users\tmacblane\documents\developmentprojects\porncantina.uiautomation\bin\debug\porncantina.uiautomation.dll" id="9f33c672-2a2b-7ca7-eae4-406262c592bc">
      <Description>Populate LatinTeenCash Galleries</Description>
      <Execution id="6031434b-e8bf-4e79-8876-3ac38f73c547" />
      <Properties>
        <Property>
          <Key>FeatureTitle</Key>
          <Value>LatinTeenCash</Value>
        </Property>
        <Property>
          <Key>VariantName</Key>
          <Value>Selena Spice</Value>
        </Property>
        <Property>
          <Key>Parameter:type</Key>
          <Value>Non-Nude</Value>
        </Property>
        <Property>
          <Key>Parameter:modelName</Key>
          <Value>Selena Spice</Value>
        </Property>
      </Properties>
      <TestMethod codeBase="C:/Users/TMacBlane/Documents/DevelopmentProjects/PornCantina.UIAutomation/bin/Debug/PornCantina.UIAutomation.DLL" adapterTypeName="Microsoft.VisualStudio.TestTools.TestTypes.Unit.UnitTestAdapter, Microsoft.VisualStudio.QualityTools.Tips.UnitTest.Adapter, Version=10.0.0.0, Culture=neutral, PublicKeyToken=b03f5f7f11d50a3a" className="PornCantina.UIAutomation.Scenarios.LatinTeenCashFeature, PornCantina.UIAutomation, Version=1.0.0.0, Culture=neutral, PublicKeyToken=null" name="PopulateLatinTeenCashGalleries_SelenaSpice" />
    </UnitTest>
    <UnitTest name="PopulatePacinoCashGalleries_LucyOHara" storage="c:\users\tmacblane\documents\developmentprojects\porncantina.uiautomation\bin\debug\porncantina.uiautomation.dll" id="43e133cb-4a9a-524b-9d8e-6cf328e98e4c">
      <Description>Populate PacinoCash Galleries</Description>
      <Execution id="7634e280-726a-468b-8c36-f76bdfbef8d0" />
      <Properties>
        <Property>
          <Key>Parameter:type</Key>
          <Value>Nude</Value>
        </Property>
        <Property>
          <Key>VariantName</Key>
          <Value>Lucy OHara</Value>
        </Property>
        <Property>
          <Key>FeatureTitle</Key>
          <Value>PacinoCash</Value>
        </Property>
        <Property>
          <Key>Parameter:modelName</Key>
          <Value>Lucy OHara</Value>
        </Property>
      </Properties>
      <TestMethod codeBase="C:/Users/TMacBlane/Documents/DevelopmentProjects/PornCantina.UIAutomation/bin/Debug/PornCantina.UIAutomation.DLL" adapterTypeName="Microsoft.VisualStudio.TestTools.TestTypes.Unit.UnitTestAdapter, Microsoft.VisualStudio.QualityTools.Tips.UnitTest.Adapter, Version=10.0.0.0, Culture=neutral, PublicKeyToken=b03f5f7f11d50a3a" className="PornCantina.UIAutomation.Scenarios.PacinoCashFeature, PornCantina.UIAutomation, Version=1.0.0.0, Culture=neutral, PublicKeyToken=null" name="PopulatePacinoCashGalleries_LucyOHara" />
    </UnitTest>
    <UnitTest name="PopulateLatinTeenCashGalleries_BellaSpice" storage="c:\users\tmacblane\documents\developmentprojects\porncantina.uiautomation\bin\debug\porncantina.uiautomation.dll" id="a9992471-646c-2976-753b-1557db3f93ef">
      <Description>Populate LatinTeenCash Galleries</Description>
      <Execution id="2975feb0-a334-478c-b077-bd13f9ce6cd4" />
      <Properties>
        <Property>
          <Key>FeatureTitle</Key>
          <Value>LatinTeenCash</Value>
        </Property>
        <Property>
          <Key>VariantName</Key>
          <Value>Bella Spice</Value>
        </Property>
        <Property>
          <Key>Parameter:type</Key>
          <Value>Nude</Value>
        </Property>
        <Property>
          <Key>Parameter:modelName</Key>
          <Value>Bella Spice</Value>
        </Property>
      </Properties>
      <TestMethod codeBase="C:/Users/TMacBlane/Documents/DevelopmentProjects/PornCantina.UIAutomation/bin/Debug/PornCantina.UIAutomation.DLL" adapterTypeName="Microsoft.VisualStudio.TestTools.TestTypes.Unit.UnitTestAdapter, Microsoft.VisualStudio.QualityTools.Tips.UnitTest.Adapter, Version=10.0.0.0, Culture=neutral, PublicKeyToken=b03f5f7f11d50a3a" className="PornCantina.UIAutomation.Scenarios.LatinTeenCashFeature, PornCantina.UIAutomation, Version=1.0.0.0, Culture=neutral, PublicKeyToken=null" name="PopulateLatinTeenCashGalleries_BellaSpice" />
    </UnitTest>
    <UnitTest name="PopulatePinkVelvetVaultGalleries_BrianaLeeExtreme_Com" storage="c:\users\tmacblane\documents\developmentprojects\porncantina.uiautomation\bin\debug\porncantina.uiautomation.dll" id="076a81dd-d8a3-782a-c412-1ea2d0276610">
      <Description>Populate PinkVelvetVault Galleries</Description>
      <Execution id="26f5dc8e-22d3-4a34-9611-293bad16dc05" />
      <Properties>
        <Property>
          <Key>FeatureTitle</Key>
          <Value>PinkVelvetVault</Value>
        </Property>
        <Property>
          <Key>VariantName</Key>
          <Value>BrianaLeeExtreme.com</Value>
        </Property>
        <Property>
          <Key>Parameter:site</Key>
          <Value>BrianaLeeExtreme.com</Value>
        </Property>
        <Property>
          <Key>Parameter:modelName</Key>
          <Value>Briana Lee Extreme</Value>
        </Property>
      </Properties>
      <TestMethod codeBase="C:/Users/TMacBlane/Documents/DevelopmentProjects/PornCantina.UIAutomation/bin/Debug/PornCantina.UIAutomation.DLL" adapterTypeName="Microsoft.VisualStudio.TestTools.TestTypes.Unit.UnitTestAdapter, Microsoft.VisualStudio.QualityTools.Tips.UnitTest.Adapter, Version=10.0.0.0, Culture=neutral, PublicKeyToken=b03f5f7f11d50a3a" className="PornCantina.UIAutomation.Scenarios.PinkVelvetVaultFeature, PornCantina.UIAutomation, Version=1.0.0.0, Culture=neutral, PublicKeyToken=null" name="PopulatePinkVelvetVaultGalleries_BrianaLeeExtreme_Com" />
    </UnitTest>
  </TestDefinitions>
  <TestLists>
    <TestList name="All Loaded Results" id="19431567-8539-422a-85d7-44ee4e166bda" />
    <TestList name="Lists of Results" id="8c43106b-9dc1-4907-a29f-aa66a61bf5b6" />
    <TestList name="Sites" id="8ba83221-1a26-45ff-8a75-ce587dd12d36" parentListId="8c43106b-9dc1-4907-a29f-aa66a61bf5b6">
      <TestLinks>
        <TestLink id="2272289c-032b-1243-7330-eb5092e584fc" name="PopulateBellaCashGalleries_AvaDawn" storage="c:\users\tmacblane\documents\developmentprojects\porncantina.uiautomation\bin\debug\porncantina.uiautomation.dll" type="Microsoft.VisualStudio.TestTools.TestTypes.Unit.UnitTestElement, Microsoft.VisualStudio.QualityTools.Tips.UnitTest.ObjectModel, Version=10.0.0.0, Culture=neutral, PublicKeyToken=b03f5f7f11d50a3a" />
        <TestLink id="a9992471-646c-2976-753b-1557db3f93ef" name="PopulateLatinTeenCashGalleries_BellaSpice" storage="c:\users\tmacblane\documents\developmentprojects\porncantina.uiautomation\bin\debug\porncantina.uiautomation.dll" type="Microsoft.VisualStudio.TestTools.TestTypes.Unit.UnitTestElement, Microsoft.VisualStudio.QualityTools.Tips.UnitTest.ObjectModel, Version=10.0.0.0, Culture=neutral, PublicKeyToken=b03f5f7f11d50a3a" />
        <TestLink id="0e293ab0-9375-e2a4-2482-49fbaa7ebeb7" name="PopulatePacinoCashGalleries_MadisonLain" storage="c:\users\tmacblane\documents\developmentprojects\porncantina.uiautomation\bin\debug\porncantina.uiautomation.dll" type="Microsoft.VisualStudio.TestTools.TestTypes.Unit.UnitTestElement, Microsoft.VisualStudio.QualityTools.Tips.UnitTest.ObjectModel, Version=10.0.0.0, Culture=neutral, PublicKeyToken=b03f5f7f11d50a3a" />
        <TestLink id="7a45e85a-1f59-0abe-b4e5-74cee7eb6bca" name="PopulateLatinTeenCashGalleries_TaniaSpice" storage="c:\users\tmacblane\documents\developmentprojects\porncantina.uiautomation\bin\debug\porncantina.uiautomation.dll" type="Microsoft.VisualStudio.TestTools.TestTypes.Unit.UnitTestElement, Microsoft.VisualStudio.QualityTools.Tips.UnitTest.ObjectModel, Version=10.0.0.0, Culture=neutral, PublicKeyToken=b03f5f7f11d50a3a" />
        <TestLink id="6723ee26-ffeb-9536-ffc6-148f6bd91bb4" name="PopulatePinkVelvetVaultGalleries_CherryZips_Com" storage="c:\users\tmacblane\documents\developmentprojects\porncantina.uiautomation\bin\debug\porncantina.uiautomation.dll" type="Microsoft.VisualStudio.TestTools.TestTypes.Unit.UnitTestElement, Microsoft.VisualStudio.QualityTools.Tips.UnitTest.ObjectModel, Version=10.0.0.0, Culture=neutral, PublicKeyToken=b03f5f7f11d50a3a" />
        <TestLink id="b2fe822b-5976-20eb-494c-a2e70b73f8a8" name="PopulateBellaCashGalleries_TaliaShepard" storage="c:\users\tmacblane\documents\developmentprojects\porncantina.uiautomation\bin\debug\porncantina.uiautomation.dll" type="Microsoft.VisualStudio.TestTools.TestTypes.Unit.UnitTestElement, Microsoft.VisualStudio.QualityTools.Tips.UnitTest.ObjectModel, Version=10.0.0.0, Culture=neutral, PublicKeyToken=b03f5f7f11d50a3a" />
        <TestLink id="cb48dcef-796c-d2b0-fdbf-4d69a8dc994d" name="PopulateBellaCashGalleries_LexiMason" storage="c:\users\tmacblane\documents\developmentprojects\porncantina.uiautomation\bin\debug\porncantina.uiautomation.dll" type="Microsoft.VisualStudio.TestTools.TestTypes.Unit.UnitTestElement, Microsoft.VisualStudio.QualityTools.Tips.UnitTest.ObjectModel, Version=10.0.0.0, Culture=neutral, PublicKeyToken=b03f5f7f11d50a3a" />
        <TestLink id="1fc74d3e-f8b6-d564-aca5-16763c6dfeac" name="PopulateLatinTeenCashGalleries_PacinosWorld" storage="c:\users\tmacblane\documents\developmentprojects\porncantina.uiautomation\bin\debug\porncantina.uiautomation.dll" type="Microsoft.VisualStudio.TestTools.TestTypes.Unit.UnitTestElement, Microsoft.VisualStudio.QualityTools.Tips.UnitTest.ObjectModel, Version=10.0.0.0, Culture=neutral, PublicKeyToken=b03f5f7f11d50a3a" />
        <TestLink id="eb9b8e2b-e634-3f71-8b78-2aca84a14cf3" name="PopulateEpicPandaCashGalleries_BaileyKnox" storage="c:\users\tmacblane\documents\developmentprojects\porncantina.uiautomation\bin\debug\porncantina.uiautomation.dll" type="Microsoft.VisualStudio.TestTools.TestTypes.Unit.UnitTestElement, Microsoft.VisualStudio.QualityTools.Tips.UnitTest.ObjectModel, Version=10.0.0.0, Culture=neutral, PublicKeyToken=b03f5f7f11d50a3a" />
        <TestLink id="746ca17d-0c95-55f7-2444-fcda2e970d75" name="PopulateEpicPandaCashGalleries_MidoriWest" storage="c:\users\tmacblane\documents\developmentprojects\porncantina.uiautomation\bin\debug\porncantina.uiautomation.dll" type="Microsoft.VisualStudio.TestTools.TestTypes.Unit.UnitTestElement, Microsoft.VisualStudio.QualityTools.Tips.UnitTest.ObjectModel, Version=10.0.0.0, Culture=neutral, PublicKeyToken=b03f5f7f11d50a3a" />
        <TestLink id="dfed4799-d8fd-25dc-42b0-c8ea9ee23c63" name="PopulateBellaCashGalleries_RennaRyann" storage="c:\users\tmacblane\documents\developmentprojects\porncantina.uiautomation\bin\debug\porncantina.uiautomation.dll" type="Microsoft.VisualStudio.TestTools.TestTypes.Unit.UnitTestElement, Microsoft.VisualStudio.QualityTools.Tips.UnitTest.ObjectModel, Version=10.0.0.0, Culture=neutral, PublicKeyToken=b03f5f7f11d50a3a" />
        <TestLink id="2910964a-1343-9aba-d7b0-6918c25f5329" name="PopulatePinkVelvetVaultGalleries_Brittany_Avalon_Com" storage="c:\users\tmacblane\documents\developmentprojects\porncantina.uiautomation\bin\debug\porncantina.uiautomation.dll" type="Microsoft.VisualStudio.TestTools.TestTypes.Unit.UnitTestElement, Microsoft.VisualStudio.QualityTools.Tips.UnitTest.ObjectModel, Version=10.0.0.0, Culture=neutral, PublicKeyToken=b03f5f7f11d50a3a" />
        <TestLink id="36a18326-5378-2751-6673-68fb2102b50e" name="PopulateEpicPandaCashGalleries_BrookeMarks" storage="c:\users\tmacblane\documents\developmentprojects\porncantina.uiautomation\bin\debug\porncantina.uiautomation.dll" type="Microsoft.VisualStudio.TestTools.TestTypes.Unit.UnitTestElement, Microsoft.VisualStudio.QualityTools.Tips.UnitTest.ObjectModel, Version=10.0.0.0, Culture=neutral, PublicKeyToken=b03f5f7f11d50a3a" />
        <TestLink id="9f33c672-2a2b-7ca7-eae4-406262c592bc" name="PopulateLatinTeenCashGalleries_SelenaSpice" storage="c:\users\tmacblane\documents\developmentprojects\porncantina.uiautomation\bin\debug\porncantina.uiautomation.dll" type="Microsoft.VisualStudio.TestTools.TestTypes.Unit.UnitTestElement, Microsoft.VisualStudio.QualityTools.Tips.UnitTest.ObjectModel, Version=10.0.0.0, Culture=neutral, PublicKeyToken=b03f5f7f11d50a3a" />
        <TestLink id="7fae0b54-1d2c-0d9d-1805-b2ab2adfc550" name="PopulateEpicPandaCashGalleries_MistyGates" storage="c:\users\tmacblane\documents\developmentprojects\porncantina.uiautomation\bin\debug\porncantina.uiautomation.dll" type="Microsoft.VisualStudio.TestTools.TestTypes.Unit.UnitTestElement, Microsoft.VisualStudio.QualityTools.Tips.UnitTest.ObjectModel, Version=10.0.0.0, Culture=neutral, PublicKeyToken=b03f5f7f11d50a3a" />
        <TestLink id="70329624-f7cc-6664-b631-4cc70d51a00f" name="PopulatePinkVelvetVaultGalleries_LynnPops_Com" storage="c:\users\tmacblane\documents\developmentprojects\porncantina.uiautomation\bin\debug\porncantina.uiautomation.dll" type="Microsoft.VisualStudio.TestTools.TestTypes.Unit.UnitTestElement, Microsoft.VisualStudio.QualityTools.Tips.UnitTest.ObjectModel, Version=10.0.0.0, Culture=neutral, PublicKeyToken=b03f5f7f11d50a3a" />
        <TestLink id="d4651545-402e-63fd-5727-2f619b78f07c" name="PopulateZellysCashGalleries_BluEyedCass" storage="c:\users\tmacblane\documents\developmentprojects\porncantina.uiautomation\bin\debug\porncantina.uiautomation.dll" type="Microsoft.VisualStudio.TestTools.TestTypes.Unit.UnitTestElement, Microsoft.VisualStudio.QualityTools.Tips.UnitTest.ObjectModel, Version=10.0.0.0, Culture=neutral, PublicKeyToken=b03f5f7f11d50a3a" />
        <TestLink id="96545bb1-b2a0-ad54-b954-e408025e44ce" name="PopulatePacinoCashGalleries_IvySnow" storage="c:\users\tmacblane\documents\developmentprojects\porncantina.uiautomation\bin\debug\porncantina.uiautomation.dll" type="Microsoft.VisualStudio.TestTools.TestTypes.Unit.UnitTestElement, Microsoft.VisualStudio.QualityTools.Tips.UnitTest.ObjectModel, Version=10.0.0.0, Culture=neutral, PublicKeyToken=b03f5f7f11d50a3a" />
        <TestLink id="66f4f75a-e39b-800c-c209-257f1c101b17" name="PopulateBellaCashGalleries_Bryci" storage="c:\users\tmacblane\documents\developmentprojects\porncantina.uiautomation\bin\debug\porncantina.uiautomation.dll" type="Microsoft.VisualStudio.TestTools.TestTypes.Unit.UnitTestElement, Microsoft.VisualStudio.QualityTools.Tips.UnitTest.ObjectModel, Version=10.0.0.0, Culture=neutral, PublicKeyToken=b03f5f7f11d50a3a" />
        <TestLink id="076a81dd-d8a3-782a-c412-1ea2d0276610" name="PopulatePinkVelvetVaultGalleries_BrianaLeeExtreme_Com" storage="c:\users\tmacblane\documents\developmentprojects\porncantina.uiautomation\bin\debug\porncantina.uiautomation.dll" type="Microsoft.VisualStudio.TestTools.TestTypes.Unit.UnitTestElement, Microsoft.VisualStudio.QualityTools.Tips.UnitTest.ObjectModel, Version=10.0.0.0, Culture=neutral, PublicKeyToken=b03f5f7f11d50a3a" />
        <TestLink id="d0390afa-4a21-297c-771f-2a8050db7de4" name="PopulateEpicPandaCashGalleries_PartyAll_Star" storage="c:\users\tmacblane\documents\developmentprojects\porncantina.uiautomation\bin\debug\porncantina.uiautomation.dll" type="Microsoft.VisualStudio.TestTools.TestTypes.Unit.UnitTestElement, Microsoft.VisualStudio.QualityTools.Tips.UnitTest.ObjectModel, Version=10.0.0.0, Culture=neutral, PublicKeyToken=b03f5f7f11d50a3a" />
        <TestLink id="ec2c6f0a-2450-dc25-0d39-ade2ab07c845" name="PopulateBellaCashGalleries_HunterLeigh" storage="c:\users\tmacblane\documents\developmentprojects\porncantina.uiautomation\bin\debug\porncantina.uiautomation.dll" type="Microsoft.VisualStudio.TestTools.TestTypes.Unit.UnitTestElement, Microsoft.VisualStudio.QualityTools.Tips.UnitTest.ObjectModel, Version=10.0.0.0, Culture=neutral, PublicKeyToken=b03f5f7f11d50a3a" />
        <TestLink id="efe8e8c2-3563-b091-1ee4-879573922381" name="PopulateZellysCashGalleries_Zellys_Com" storage="c:\users\tmacblane\documents\developmentprojects\porncantina.uiautomation\bin\debug\porncantina.uiautomation.dll" type="Microsoft.VisualStudio.TestTools.TestTypes.Unit.UnitTestElement, Microsoft.VisualStudio.QualityTools.Tips.UnitTest.ObjectModel, Version=10.0.0.0, Culture=neutral, PublicKeyToken=b03f5f7f11d50a3a" />
        <TestLink id="6af92fa9-0ccf-8383-ab91-02e618ce084c" name="PopulateBellaCashGalleries_MonroeLee" storage="c:\users\tmacblane\documents\developmentprojects\porncantina.uiautomation\bin\debug\porncantina.uiautomation.dll" type="Microsoft.VisualStudio.TestTools.TestTypes.Unit.UnitTestElement, Microsoft.VisualStudio.QualityTools.Tips.UnitTest.ObjectModel, Version=10.0.0.0, Culture=neutral, PublicKeyToken=b03f5f7f11d50a3a" />
        <TestLink id="faee341e-3298-bbd5-13d9-4d169a7040ed" name="PopulatePinkVelvetVaultGalleries_KendraRain_Com" storage="c:\users\tmacblane\documents\developmentprojects\porncantina.uiautomation\bin\debug\porncantina.uiautomation.dll" type="Microsoft.VisualStudio.TestTools.TestTypes.Unit.UnitTestElement, Microsoft.VisualStudio.QualityTools.Tips.UnitTest.ObjectModel, Version=10.0.0.0, Culture=neutral, PublicKeyToken=b03f5f7f11d50a3a" />
        <TestLink id="9b8a8829-6f71-8101-2626-855991eddcfc" name="PopulatePinkVelvetVaultGalleries_MeetMadden_Com" storage="c:\users\tmacblane\documents\developmentprojects\porncantina.uiautomation\bin\debug\porncantina.uiautomation.dll" type="Microsoft.VisualStudio.TestTools.TestTypes.Unit.UnitTestElement, Microsoft.VisualStudio.QualityTools.Tips.UnitTest.ObjectModel, Version=10.0.0.0, Culture=neutral, PublicKeyToken=b03f5f7f11d50a3a" />
        <TestLink id="f796dec0-3ebb-a230-ecb5-c2c98ad99720" name="PopulateLatinTeenCashGalleries_LaZonaModelos" storage="c:\users\tmacblane\documents\developmentprojects\porncantina.uiautomation\bin\debug\porncantina.uiautomation.dll" type="Microsoft.VisualStudio.TestTools.TestTypes.Unit.UnitTestElement, Microsoft.VisualStudio.QualityTools.Tips.UnitTest.ObjectModel, Version=10.0.0.0, Culture=neutral, PublicKeyToken=b03f5f7f11d50a3a" />
        <TestLink id="77113a8f-62ef-a696-16b0-d2a18a7d4895" name="PopulatePacinoCashGalleries_TaylorLain" storage="c:\users\tmacblane\documents\developmentprojects\porncantina.uiautomation\bin\debug\porncantina.uiautomation.dll" type="Microsoft.VisualStudio.TestTools.TestTypes.Unit.UnitTestElement, Microsoft.VisualStudio.QualityTools.Tips.UnitTest.ObjectModel, Version=10.0.0.0, Culture=neutral, PublicKeyToken=b03f5f7f11d50a3a" />
        <TestLink id="8328e058-f44f-1617-9580-129c03893814" name="PopulateLatinTeenCashGalleries_CierraSpice" storage="c:\users\tmacblane\documents\developmentprojects\porncantina.uiautomation\bin\debug\porncantina.uiautomation.dll" type="Microsoft.VisualStudio.TestTools.TestTypes.Unit.UnitTestElement, Microsoft.VisualStudio.QualityTools.Tips.UnitTest.ObjectModel, Version=10.0.0.0, Culture=neutral, PublicKeyToken=b03f5f7f11d50a3a" />
        <TestLink id="732e0271-3646-904e-0de5-cd01a1e05c83" name="PopulateLatinTeenCashGalleries_KarlaSpice" storage="c:\users\tmacblane\documents\developmentprojects\porncantina.uiautomation\bin\debug\porncantina.uiautomation.dll" type="Microsoft.VisualStudio.TestTools.TestTypes.Unit.UnitTestElement, Microsoft.VisualStudio.QualityTools.Tips.UnitTest.ObjectModel, Version=10.0.0.0, Culture=neutral, PublicKeyToken=b03f5f7f11d50a3a" />
        <TestLink id="4cbca76b-5162-199c-dd79-ce8dc44ed77b" name="PopulatePinkVelvetVaultGalleries_Nikkisplaymates_Com" storage="c:\users\tmacblane\documents\developmentprojects\porncantina.uiautomation\bin\debug\porncantina.uiautomation.dll" type="Microsoft.VisualStudio.TestTools.TestTypes.Unit.UnitTestElement, Microsoft.VisualStudio.QualityTools.Tips.UnitTest.ObjectModel, Version=10.0.0.0, Culture=neutral, PublicKeyToken=b03f5f7f11d50a3a" />
        <TestLink id="e1e0aada-64a3-6d63-9035-77bad23b408c" name="PopulateEpicPandaCashGalleries_CarlottaChampagne" storage="c:\users\tmacblane\documents\developmentprojects\porncantina.uiautomation\bin\debug\porncantina.uiautomation.dll" type="Microsoft.VisualStudio.TestTools.TestTypes.Unit.UnitTestElement, Microsoft.VisualStudio.QualityTools.Tips.UnitTest.ObjectModel, Version=10.0.0.0, Culture=neutral, PublicKeyToken=b03f5f7f11d50a3a" />
        <TestLink id="43e133cb-4a9a-524b-9d8e-6cf328e98e4c" name="PopulatePacinoCashGalleries_LucyOHara" storage="c:\users\tmacblane\documents\developmentprojects\porncantina.uiautomation\bin\debug\porncantina.uiautomation.dll" type="Microsoft.VisualStudio.TestTools.TestTypes.Unit.UnitTestElement, Microsoft.VisualStudio.QualityTools.Tips.UnitTest.ObjectModel, Version=10.0.0.0, Culture=neutral, PublicKeyToken=b03f5f7f11d50a3a" />
        <TestLink id="90275ed3-6b7f-be6c-3123-37a1d67aeee3" name="PopulatePinkVelvetVaultGalleries_TaylorTrue" storage="c:\users\tmacblane\documents\developmentprojects\porncantina.uiautomation\bin\debug\porncantina.uiautomation.dll" type="Microsoft.VisualStudio.TestTools.TestTypes.Unit.UnitTestElement, Microsoft.VisualStudio.QualityTools.Tips.UnitTest.ObjectModel, Version=10.0.0.0, Culture=neutral, PublicKeyToken=b03f5f7f11d50a3a" />
        <TestLink id="6ab30983-7e28-5632-d87f-2957844134d4" name="PopulatePinkVelvetVaultGalleries_RadiantDesire_Com" storage="c:\users\tmacblane\documents\developmentprojects\porncantina.uiautomation\bin\debug\porncantina.uiautomation.dll" type="Microsoft.VisualStudio.TestTools.TestTypes.Unit.UnitTestElement, Microsoft.VisualStudio.QualityTools.Tips.UnitTest.ObjectModel, Version=10.0.0.0, Culture=neutral, PublicKeyToken=b03f5f7f11d50a3a" />
        <TestLink id="64a7a8aa-d2a3-43db-0a19-db0baa07537e" name="PopulateJewelsGoldGalleries" storage="c:\users\tmacblane\documents\developmentprojects\porncantina.uiautomation\bin\debug\porncantina.uiautomation.dll" type="Microsoft.VisualStudio.TestTools.TestTypes.Unit.UnitTestElement, Microsoft.VisualStudio.QualityTools.Tips.UnitTest.ObjectModel, Version=10.0.0.0, Culture=neutral, PublicKeyToken=b03f5f7f11d50a3a" />
        <TestLink id="b4f0a9e8-5d81-3545-39ca-78302cfc2e4c" name="PopulatePinkVelvetVaultGalleries_Sockblocked_Com" storage="c:\users\tmacblane\documents\developmentprojects\porncantina.uiautomation\bin\debug\porncantina.uiautomation.dll" type="Microsoft.VisualStudio.TestTools.TestTypes.Unit.UnitTestElement, Microsoft.VisualStudio.QualityTools.Tips.UnitTest.ObjectModel, Version=10.0.0.0, Culture=neutral, PublicKeyToken=b03f5f7f11d50a3a" />
        <TestLink id="13e1a459-1c49-3ad3-1408-a2fc2bd5bb3a" name="PopulateLatinTeenCashGalleries_PamelaSpice" storage="c:\users\tmacblane\documents\developmentprojects\porncantina.uiautomation\bin\debug\porncantina.uiautomation.dll" type="Microsoft.VisualStudio.TestTools.TestTypes.Unit.UnitTestElement, Microsoft.VisualStudio.QualityTools.Tips.UnitTest.ObjectModel, Version=10.0.0.0, Culture=neutral, PublicKeyToken=b03f5f7f11d50a3a" />
        <TestLink id="a54bbd81-de28-c5a1-9d12-ca028d3f093b" name="PopulateLatinTeenCashGalleries_GigiSpice" storage="c:\users\tmacblane\documents\developmentprojects\porncantina.uiautomation\bin\debug\porncantina.uiautomation.dll" type="Microsoft.VisualStudio.TestTools.TestTypes.Unit.UnitTestElement, Microsoft.VisualStudio.QualityTools.Tips.UnitTest.ObjectModel, Version=10.0.0.0, Culture=neutral, PublicKeyToken=b03f5f7f11d50a3a" />
        <TestLink id="6f823177-fac0-1695-39d6-789688bb1a48" name="PopulateEpicPandaCashGalleries_RachelSexton" storage="c:\users\tmacblane\documents\developmentprojects\porncantina.uiautomation\bin\debug\porncantina.uiautomation.dll" type="Microsoft.VisualStudio.TestTools.TestTypes.Unit.UnitTestElement, Microsoft.VisualStudio.QualityTools.Tips.UnitTest.ObjectModel, Version=10.0.0.0, Culture=neutral, PublicKeyToken=b03f5f7f11d50a3a" />
        <TestLink id="3244bd33-62ad-5b0c-a0f8-17623bcb7156" name="PopulateZellysCashGalleries_MelissaXoXo" storage="c:\users\tmacblane\documents\developmentprojects\porncantina.uiautomation\bin\debug\porncantina.uiautomation.dll" type="Microsoft.VisualStudio.TestTools.TestTypes.Unit.UnitTestElement, Microsoft.VisualStudio.QualityTools.Tips.UnitTest.ObjectModel, Version=10.0.0.0, Culture=neutral, PublicKeyToken=b03f5f7f11d50a3a" />
        <TestLink id="ef5d542a-b37f-13af-ab00-4285784f3377" name="PopulateLatinTeenCashGalleries_SpiceTwins" storage="c:\users\tmacblane\documents\developmentprojects\porncantina.uiautomation\bin\debug\porncantina.uiautomation.dll" type="Microsoft.VisualStudio.TestTools.TestTypes.Unit.UnitTestElement, Microsoft.VisualStudio.QualityTools.Tips.UnitTest.ObjectModel, Version=10.0.0.0, Culture=neutral, PublicKeyToken=b03f5f7f11d50a3a" />
        <TestLink id="5264e98b-d59f-ee56-149b-fc83642626d4" name="PopulateLatinTeenCashGalleries_PacinosAdventures" storage="c:\users\tmacblane\documents\developmentprojects\porncantina.uiautomation\bin\debug\porncantina.uiautomation.dll" type="Microsoft.VisualStudio.TestTools.TestTypes.Unit.UnitTestElement, Microsoft.VisualStudio.QualityTools.Tips.UnitTest.ObjectModel, Version=10.0.0.0, Culture=neutral, PublicKeyToken=b03f5f7f11d50a3a" />
        <TestLink id="09f339eb-e1ff-0d96-dca9-6e24e2f7cfbf" name="PopulatePinkVelvetVaultGalleries_TiffanyAlexis_Com" storage="c:\users\tmacblane\documents\developmentprojects\porncantina.uiautomation\bin\debug\porncantina.uiautomation.dll" type="Microsoft.VisualStudio.TestTools.TestTypes.Unit.UnitTestElement, Microsoft.VisualStudio.QualityTools.Tips.UnitTest.ObjectModel, Version=10.0.0.0, Culture=neutral, PublicKeyToken=b03f5f7f11d50a3a" />
        <TestLink id="b561c79c-303d-25b6-3666-9b140d099ec6" name="PopulatePinkVelvetVaultGalleries_BrianaLeeOnline" storage="c:\users\tmacblane\documents\developmentprojects\porncantina.uiautomation\bin\debug\porncantina.uiautomation.dll" type="Microsoft.VisualStudio.TestTools.TestTypes.Unit.UnitTestElement, Microsoft.VisualStudio.QualityTools.Tips.UnitTest.ObjectModel, Version=10.0.0.0, Culture=neutral, PublicKeyToken=b03f5f7f11d50a3a" />
        <TestLink id="2d0fc9e1-ddb6-e1a3-2e4b-63cd236f3727" name="PopulateLatinTeenCashGalleries_NataliaSpice" storage="c:\users\tmacblane\documents\developmentprojects\porncantina.uiautomation\bin\debug\porncantina.uiautomation.dll" type="Microsoft.VisualStudio.TestTools.TestTypes.Unit.UnitTestElement, Microsoft.VisualStudio.QualityTools.Tips.UnitTest.ObjectModel, Version=10.0.0.0, Culture=neutral, PublicKeyToken=b03f5f7f11d50a3a" />
        <TestLink id="330e0218-b1c3-0599-b86f-bb99241a385f" name="PopulatePinkVelvetVaultGalleries_BellaXOXO_Com" storage="c:\users\tmacblane\documents\developmentprojects\porncantina.uiautomation\bin\debug\porncantina.uiautomation.dll" type="Microsoft.VisualStudio.TestTools.TestTypes.Unit.UnitTestElement, Microsoft.VisualStudio.QualityTools.Tips.UnitTest.ObjectModel, Version=10.0.0.0, Culture=neutral, PublicKeyToken=b03f5f7f11d50a3a" />
        <TestLink id="0833e762-dd78-d87c-6052-d9944bd1c4a8" name="PopulateEpicPandaCashGalleries_SpencerNicks" storage="c:\users\tmacblane\documents\developmentprojects\porncantina.uiautomation\bin\debug\porncantina.uiautomation.dll" type="Microsoft.VisualStudio.TestTools.TestTypes.Unit.UnitTestElement, Microsoft.VisualStudio.QualityTools.Tips.UnitTest.ObjectModel, Version=10.0.0.0, Culture=neutral, PublicKeyToken=b03f5f7f11d50a3a" />
        <TestLink id="56f54296-15ab-8819-79de-9cb8a298433f" name="PopulateMinxManiaGalleries" storage="c:\users\tmacblane\documents\developmentprojects\porncantina.uiautomation\bin\debug\porncantina.uiautomation.dll" type="Microsoft.VisualStudio.TestTools.TestTypes.Unit.UnitTestElement, Microsoft.VisualStudio.QualityTools.Tips.UnitTest.ObjectModel, Version=10.0.0.0, Culture=neutral, PublicKeyToken=b03f5f7f11d50a3a" />
        <TestLink id="8c136c51-948d-db20-6929-2e8f37a20b36" name="PopulateBellaCashGalleries_KatieBanks" storage="c:\users\tmacblane\documents\developmentprojects\porncantina.uiautomation\bin\debug\porncantina.uiautomation.dll" type="Microsoft.VisualStudio.TestTools.TestTypes.Unit.UnitTestElement, Microsoft.VisualStudio.QualityTools.Tips.UnitTest.ObjectModel, Version=10.0.0.0, Culture=neutral, PublicKeyToken=b03f5f7f11d50a3a" />
        <TestLink id="398d7b5e-bf85-40e6-19ea-4a768f60f793" name="PopulateLatinTeenCashGalleries_MariahSpice" storage="c:\users\tmacblane\documents\developmentprojects\porncantina.uiautomation\bin\debug\porncantina.uiautomation.dll" type="Microsoft.VisualStudio.TestTools.TestTypes.Unit.UnitTestElement, Microsoft.VisualStudio.QualityTools.Tips.UnitTest.ObjectModel, Version=10.0.0.0, Culture=neutral, PublicKeyToken=b03f5f7f11d50a3a" />
      </TestLinks>
    </TestList>
  </TestLists>
  <TestEntries>
    <TestEntry testId="ec2c6f0a-2450-dc25-0d39-ade2ab07c845" executionId="834911df-1066-44c8-a557-da217228b203" testListId="8ba83221-1a26-45ff-8a75-ce587dd12d36" />
    <TestEntry testId="2910964a-1343-9aba-d7b0-6918c25f5329" executionId="2aadc2b7-f676-4eb9-b2f7-4782bdb84257" testListId="8ba83221-1a26-45ff-8a75-ce587dd12d36" />
    <TestEntry testId="70329624-f7cc-6664-b631-4cc70d51a00f" executionId="89f6c158-ac18-436b-bc59-18896d2fa9b9" testListId="8ba83221-1a26-45ff-8a75-ce587dd12d36" />
    <TestEntry testId="330e0218-b1c3-0599-b86f-bb99241a385f" executionId="f51dee89-0845-4d62-a366-0e6e0be376c7" testListId="8ba83221-1a26-45ff-8a75-ce587dd12d36" />
    <TestEntry testId="90275ed3-6b7f-be6c-3123-37a1d67aeee3" executionId="395eb513-8f65-421a-839f-9cdcfc6ee8ea" testListId="8ba83221-1a26-45ff-8a75-ce587dd12d36" />
    <TestEntry testId="6ab30983-7e28-5632-d87f-2957844134d4" executionId="fb85a481-5184-43d1-959e-3b5665286b84" testListId="8ba83221-1a26-45ff-8a75-ce587dd12d36" />
    <TestEntry testId="cb48dcef-796c-d2b0-fdbf-4d69a8dc994d" executionId="0133f834-87bf-4a57-a90f-b1a346d59ea0" testListId="8ba83221-1a26-45ff-8a75-ce587dd12d36" />
    <TestEntry testId="66f4f75a-e39b-800c-c209-257f1c101b17" executionId="8f5989d5-a146-47b6-914c-ba8318e90a99" testListId="8ba83221-1a26-45ff-8a75-ce587dd12d36" />
    <TestEntry testId="36a18326-5378-2751-6673-68fb2102b50e" executionId="7ac27057-c7bb-4337-b805-940b6126de99" testListId="8ba83221-1a26-45ff-8a75-ce587dd12d36" />
    <TestEntry testId="43e133cb-4a9a-524b-9d8e-6cf328e98e4c" executionId="7634e280-726a-468b-8c36-f76bdfbef8d0" testListId="8ba83221-1a26-45ff-8a75-ce587dd12d36" />
    <TestEntry testId="6f823177-fac0-1695-39d6-789688bb1a48" executionId="b417c0af-3a11-4d27-b98c-c40d4dbe72b1" testListId="8ba83221-1a26-45ff-8a75-ce587dd12d36" />
    <TestEntry testId="3244bd33-62ad-5b0c-a0f8-17623bcb7156" executionId="b1c612dc-85e5-4f8a-9159-ab3d77ec4941" testListId="8ba83221-1a26-45ff-8a75-ce587dd12d36" />
    <TestEntry testId="7a45e85a-1f59-0abe-b4e5-74cee7eb6bca" executionId="968ee016-3549-480e-8798-256798f48127" testListId="8ba83221-1a26-45ff-8a75-ce587dd12d36" />
    <TestEntry testId="2d0fc9e1-ddb6-e1a3-2e4b-63cd236f3727" executionId="6f3b0d5f-0af3-4c05-9430-f88aefe4b424" testListId="8ba83221-1a26-45ff-8a75-ce587dd12d36" />
    <TestEntry testId="6723ee26-ffeb-9536-ffc6-148f6bd91bb4" executionId="ef5891f2-ec45-40bf-b749-639f97078ba9" testListId="8ba83221-1a26-45ff-8a75-ce587dd12d36" />
    <TestEntry testId="398d7b5e-bf85-40e6-19ea-4a768f60f793" executionId="6e2b6e9b-31c3-4b7e-884e-fe17cedd47ef" testListId="8ba83221-1a26-45ff-8a75-ce587dd12d36" />
    <TestEntry testId="13e1a459-1c49-3ad3-1408-a2fc2bd5bb3a" executionId="2ab82f9d-9f3f-4079-b36c-0cb61dcb9ee1" testListId="8ba83221-1a26-45ff-8a75-ce587dd12d36" />
    <TestEntry testId="7fae0b54-1d2c-0d9d-1805-b2ab2adfc550" executionId="7635c86d-abb1-4ed2-839f-8d3f2564de20" testListId="8ba83221-1a26-45ff-8a75-ce587dd12d36" />
    <TestEntry testId="dfed4799-d8fd-25dc-42b0-c8ea9ee23c63" executionId="e0dce435-8af5-4e0f-9c82-d661c407b556" testListId="8ba83221-1a26-45ff-8a75-ce587dd12d36" />
    <TestEntry testId="a9992471-646c-2976-753b-1557db3f93ef" executionId="2975feb0-a334-478c-b077-bd13f9ce6cd4" testListId="8ba83221-1a26-45ff-8a75-ce587dd12d36" />
    <TestEntry testId="076a81dd-d8a3-782a-c412-1ea2d0276610" executionId="26f5dc8e-22d3-4a34-9611-293bad16dc05" testListId="8ba83221-1a26-45ff-8a75-ce587dd12d36" />
    <TestEntry testId="f796dec0-3ebb-a230-ecb5-c2c98ad99720" executionId="9b1ebb61-02bf-4255-ac40-2779ce649e76" testListId="8ba83221-1a26-45ff-8a75-ce587dd12d36" />
    <TestEntry testId="8c136c51-948d-db20-6929-2e8f37a20b36" executionId="f6d2659f-4c42-48ab-a120-5c7077eb0346" testListId="8ba83221-1a26-45ff-8a75-ce587dd12d36" />
    <TestEntry testId="746ca17d-0c95-55f7-2444-fcda2e970d75" executionId="9bf371c4-0a3a-4d05-b793-6ea6c34060bc" testListId="8ba83221-1a26-45ff-8a75-ce587dd12d36" />
    <TestEntry testId="8328e058-f44f-1617-9580-129c03893814" executionId="a91066d1-1aea-41ae-b9e6-e1d30137bb95" testListId="8ba83221-1a26-45ff-8a75-ce587dd12d36" />
    <TestEntry testId="9f33c672-2a2b-7ca7-eae4-406262c592bc" executionId="6031434b-e8bf-4e79-8876-3ac38f73c547" testListId="8ba83221-1a26-45ff-8a75-ce587dd12d36" />
    <TestEntry testId="b561c79c-303d-25b6-3666-9b140d099ec6" executionId="6f83493d-ef8a-42c8-b2ed-4d25791a3912" testListId="8ba83221-1a26-45ff-8a75-ce587dd12d36" />
    <TestEntry testId="d0390afa-4a21-297c-771f-2a8050db7de4" executionId="893c5f09-f208-45aa-b471-5fd524ccb7b7" testListId="8ba83221-1a26-45ff-8a75-ce587dd12d36" />
    <TestEntry testId="09f339eb-e1ff-0d96-dca9-6e24e2f7cfbf" executionId="8c11817b-725e-4468-94ba-4cea279911db" testListId="8ba83221-1a26-45ff-8a75-ce587dd12d36" />
    <TestEntry testId="b2fe822b-5976-20eb-494c-a2e70b73f8a8" executionId="436e2e4f-781d-43bb-9048-ed946e444612" testListId="8ba83221-1a26-45ff-8a75-ce587dd12d36" />
    <TestEntry testId="0e293ab0-9375-e2a4-2482-49fbaa7ebeb7" executionId="0d9a9fd8-907d-41a6-a1e0-76c3b53dab0a" testListId="8ba83221-1a26-45ff-8a75-ce587dd12d36" />
    <TestEntry testId="732e0271-3646-904e-0de5-cd01a1e05c83" executionId="a006e1ae-04c9-4b12-8db0-6078b1690c8d" testListId="8ba83221-1a26-45ff-8a75-ce587dd12d36" />
    <TestEntry testId="0833e762-dd78-d87c-6052-d9944bd1c4a8" executionId="e2c6c7c6-8173-42ac-9ace-cddae4f900fb" testListId="8ba83221-1a26-45ff-8a75-ce587dd12d36" />
    <TestEntry testId="96545bb1-b2a0-ad54-b954-e408025e44ce" executionId="71349d1c-9879-46f2-baa6-9c08ad891d29" testListId="8ba83221-1a26-45ff-8a75-ce587dd12d36" />
    <TestEntry testId="9b8a8829-6f71-8101-2626-855991eddcfc" executionId="4347aaeb-ee8c-45a3-a681-630fcbc6e0eb" testListId="8ba83221-1a26-45ff-8a75-ce587dd12d36" />
    <TestEntry testId="64a7a8aa-d2a3-43db-0a19-db0baa07537e" executionId="b5c85e89-41e0-4aa7-bdda-2c43c80df7a1" testListId="8ba83221-1a26-45ff-8a75-ce587dd12d36" />
    <TestEntry testId="eb9b8e2b-e634-3f71-8b78-2aca84a14cf3" executionId="3f58a395-dc0e-41b6-ab90-62dc7a2b2072" testListId="8ba83221-1a26-45ff-8a75-ce587dd12d36" />
    <TestEntry testId="a54bbd81-de28-c5a1-9d12-ca028d3f093b" executionId="45046dc5-f160-4054-b764-94ac56302eac" testListId="8ba83221-1a26-45ff-8a75-ce587dd12d36" />
    <TestEntry testId="b4f0a9e8-5d81-3545-39ca-78302cfc2e4c" executionId="dceeb8e4-cb21-4903-9de0-09dcc3b11691" testListId="8ba83221-1a26-45ff-8a75-ce587dd12d36" />
    <TestEntry testId="faee341e-3298-bbd5-13d9-4d169a7040ed" executionId="1714bb39-e585-48b9-8952-325541980358" testListId="8ba83221-1a26-45ff-8a75-ce587dd12d36" />
    <TestEntry testId="d4651545-402e-63fd-5727-2f619b78f07c" executionId="c3f1a017-930c-46e9-817f-7494ef2d8246" testListId="8ba83221-1a26-45ff-8a75-ce587dd12d36" />
    <TestEntry testId="5264e98b-d59f-ee56-149b-fc83642626d4" executionId="5a7cbe57-a8a1-4b62-95ba-58862c80f662" testListId="8ba83221-1a26-45ff-8a75-ce587dd12d36" />
    <TestEntry testId="1fc74d3e-f8b6-d564-aca5-16763c6dfeac" executionId="20b2b37b-6a82-4769-a32d-6b9110b77fe6" testListId="8ba83221-1a26-45ff-8a75-ce587dd12d36" />
    <TestEntry testId="efe8e8c2-3563-b091-1ee4-879573922381" executionId="0729911c-cc08-4bab-a297-2dcc48850dc5" testListId="8ba83221-1a26-45ff-8a75-ce587dd12d36" />
    <TestEntry testId="ef5d542a-b37f-13af-ab00-4285784f3377" executionId="bc28338b-a5d9-4bcb-b16b-8c9bd933a7cd" testListId="8ba83221-1a26-45ff-8a75-ce587dd12d36" />
    <TestEntry testId="e1e0aada-64a3-6d63-9035-77bad23b408c" executionId="0bbedc90-3bb0-45fe-a3b1-26181a29be4f" testListId="8ba83221-1a26-45ff-8a75-ce587dd12d36" />
    <TestEntry testId="77113a8f-62ef-a696-16b0-d2a18a7d4895" executionId="488acac3-b038-4e20-9d17-5dad3d34bbd7" testListId="8ba83221-1a26-45ff-8a75-ce587dd12d36" />
    <TestEntry testId="4cbca76b-5162-199c-dd79-ce8dc44ed77b" executionId="fc87d9f2-25cf-4c11-b479-0c9e083e9874" testListId="8ba83221-1a26-45ff-8a75-ce587dd12d36" />
    <TestEntry testId="6af92fa9-0ccf-8383-ab91-02e618ce084c" executionId="b3b34580-909c-4a35-a972-4bd3238f4ae6" testListId="8ba83221-1a26-45ff-8a75-ce587dd12d36" />
    <TestEntry testId="56f54296-15ab-8819-79de-9cb8a298433f" executionId="2513ae68-e4b8-45ff-8b37-aafc2b908008" testListId="8ba83221-1a26-45ff-8a75-ce587dd12d36" />
    <TestEntry testId="2272289c-032b-1243-7330-eb5092e584fc" executionId="29df32e7-aa97-4222-a823-aa10932b7e57" testListId="8ba83221-1a26-45ff-8a75-ce587dd12d36" />
  </TestEntries>
  <Results>
    <UnitTestResult executionId="834911df-1066-44c8-a557-da217228b203" testId="ec2c6f0a-2450-dc25-0d39-ade2ab07c845" testName="PopulateBellaCashGalleries_HunterLeigh" computerName="FIREFLY" duration="00:01:32.7181720" startTime="2012-11-20T22:55:04.4421709-05:00" endTime="2012-11-20T22:56:38.3601709-05:00" testType="13cdc9d9-ddb5-4fa4-a97d-d965ccfc6d4b" outcome="Passed" testListId="8ba83221-1a26-45ff-8a75-ce587dd12d36" relativeResultsDirectory="834911df-1066-44c8-a557-da217228b203">
      <Output>
        <StdOut>Given I open the bellacash page
-&gt; done: StepDefinitions.IAmOnTheSpecifiedPage("bellacash") (75.4s)
Then I should be on the bellacash page
-&gt; done: StepDefinitions.IShouldBeOnTheSpecifiedPage("bellacash") (0.1s)
When I select the Hunter Leigh bellapass paysite
-&gt; done: BellaCashStepDefinitions.WhenISelectTheSpecifiedPaysite("Hunter Leigh") (0.5s)
Then I should see the Hunter Leigh bellapass hosted galleries
-&gt; done: BellaCashStepDefinitions.ThenIShouldSeeTheSpecifiedHostedGalleries("Hunter Leigh") (2.2s)
And I should create any new Hunter Leigh bellapass galleries
-&gt; done: BellaCashStepDefinitions.ThenIShouldCreateAnyNewModelNameBellapassGalleries("Hunter Leigh") (13.0s)</StdOut>
      </Output>
    </UnitTestResult>
    <UnitTestResult executionId="2aadc2b7-f676-4eb9-b2f7-4782bdb84257" testId="2910964a-1343-9aba-d7b0-6918c25f5329" testName="PopulatePinkVelvetVaultGalleries_Brittany_Avalon_Com" computerName="FIREFLY" duration="00:01:13.1213677" startTime="2012-11-20T22:56:38.3631709-05:00" endTime="2012-11-20T22:57:51.4871709-05:00" testType="13cdc9d9-ddb5-4fa4-a97d-d965ccfc6d4b" outcome="Passed" testListId="8ba83221-1a26-45ff-8a75-ce587dd12d36" relativeResultsDirectory="2aadc2b7-f676-4eb9-b2f7-4782bdb84257">
      <Output>
        <StdOut>Given I open the pinkvelvet page
-&gt; done: StepDefinitions.IAmOnTheSpecifiedPage("pinkvelvet") (69.7s)
Then I should be on the pinkvelvet page
-&gt; done: StepDefinitions.IShouldBeOnTheSpecifiedPage("pinkvelvet") (0.2s)
When I enter the PinkVelvetVault ccbill id
-&gt; done: HostedGalleriesManagerStepDefinitions.WhenIEnterTheSpecifiedCcbillId("PinkVelvetVault") (0.5s)
And I select Brittany-Avalon.com from the site dropdown list
-&gt; done: HostedGalleriesManagerStepDefinitions.WhenISelectTheModelNameFromTheSiteDropdownList("Brittany-Avalon.com") (0.6s)
And I select the Past Week date range
-&gt; done: HostedGalleriesManagerStepDefinitions.WhenISelectTheDateRangeDateRange("Past Week") (0.1s)
And I select the type of Pics
-&gt; done: HostedGalleriesManagerStepDefinitions.WhenISelectTheSpecifiedType("Pics") (0.2s)
And I select to display All galleries per page
-&gt; done: HostedGalleriesManagerStepDefinitions.WhenISelectToDisplaySpecifiedNumberOfGalleriesPerPage("All") (0.2s)
And I click the generate button
-&gt; done: HostedGalleriesManagerStepDefinitions.WhenIClickTheGenerateButton() (0.4s)
Then I should see the populated list of galleries
-&gt; done: HostedGalleriesManagerStepDefinitions.ThenIShouldSeeThePopulatedListOfGalleries() (0.1s)
And I should create any new Brittany Avalon pinkvelvetvault galleries
-&gt; done: PinkVelvetVaultStepDefinitions.ThenIShouldCreateAnyNewModelNamePinkvelvetvaultGalleries("Brittany Avalon") (0.0s)</StdOut>
      </Output>
    </UnitTestResult>
    <UnitTestResult executionId="89f6c158-ac18-436b-bc59-18896d2fa9b9" testId="70329624-f7cc-6664-b631-4cc70d51a00f" testName="PopulatePinkVelvetVaultGalleries_LynnPops_Com" computerName="FIREFLY" duration="00:01:16.7498487" startTime="2012-11-20T22:57:51.4911709-05:00" endTime="2012-11-20T22:59:08.2411709-05:00" testType="13cdc9d9-ddb5-4fa4-a97d-d965ccfc6d4b" outcome="Passed" testListId="8ba83221-1a26-45ff-8a75-ce587dd12d36" relativeResultsDirectory="89f6c158-ac18-436b-bc59-18896d2fa9b9">
      <Output>
        <StdOut>Given I open the pinkvelvet page
-&gt; done: StepDefinitions.IAmOnTheSpecifiedPage("pinkvelvet") (71.5s)
Then I should be on the pinkvelvet page
-&gt; done: StepDefinitions.IShouldBeOnTheSpecifiedPage("pinkvelvet") (0.2s)
When I enter the PinkVelvetVault ccbill id
-&gt; done: HostedGalleriesManagerStepDefinitions.WhenIEnterTheSpecifiedCcbillId("PinkVelvetVault") (0.5s)
And I select LynnPops.com from the site dropdown list
-&gt; done: HostedGalleriesManagerStepDefinitions.WhenISelectTheModelNameFromTheSiteDropdownList("LynnPops.com") (0.9s)
And I select the Past Week date range
-&gt; done: HostedGalleriesManagerStepDefinitions.WhenISelectTheDateRangeDateRange("Past Week") (0.1s)
And I select the type of Pics
-&gt; done: HostedGalleriesManagerStepDefinitions.WhenISelectTheSpecifiedType("Pics") (1.7s)
And I select to display All galleries per page
-&gt; done: HostedGalleriesManagerStepDefinitions.WhenISelectToDisplaySpecifiedNumberOfGalleriesPerPage("All") (0.2s)
And I click the generate button
-&gt; done: HostedGalleriesManagerStepDefinitions.WhenIClickTheGenerateButton() (0.4s)
Then I should see the populated list of galleries
-&gt; done: HostedGalleriesManagerStepDefinitions.ThenIShouldSeeThePopulatedListOfGalleries() (0.1s)
And I should create any new Lynn Pops pinkvelvetvault galleries
-&gt; done: PinkVelvetVaultStepDefinitions.ThenIShouldCreateAnyNewModelNamePinkvelvetvaultGalleries("Lynn Pops") (0.0s)</StdOut>
      </Output>
    </UnitTestResult>
    <UnitTestResult executionId="f51dee89-0845-4d62-a366-0e6e0be376c7" testId="330e0218-b1c3-0599-b86f-bb99241a385f" testName="PopulatePinkVelvetVaultGalleries_BellaXOXO_Com" computerName="FIREFLY" duration="00:01:12.8339585" startTime="2012-11-20T22:59:08.2481709-05:00" endTime="2012-11-20T23:00:21.0841709-05:00" testType="13cdc9d9-ddb5-4fa4-a97d-d965ccfc6d4b" outcome="Passed" testListId="8ba83221-1a26-45ff-8a75-ce587dd12d36" relativeResultsDirectory="f51dee89-0845-4d62-a366-0e6e0be376c7">
      <Output>
        <StdOut>Given I open the pinkvelvet page
-&gt; done: StepDefinitions.IAmOnTheSpecifiedPage("pinkvelvet") (69.4s)
Then I should be on the pinkvelvet page
-&gt; done: StepDefinitions.IShouldBeOnTheSpecifiedPage("pinkvelvet") (0.3s)
When I enter the PinkVelvetVault ccbill id
-&gt; done: HostedGalleriesManagerStepDefinitions.WhenIEnterTheSpecifiedCcbillId("PinkVelvetVault") (0.5s)
And I select BellaXOXO.com from the site dropdown list
-&gt; done: HostedGalleriesManagerStepDefinitions.WhenISelectTheModelNameFromTheSiteDropdownList("BellaXOXO.com") (0.4s)
And I select the Past Week date range
-&gt; done: HostedGalleriesManagerStepDefinitions.WhenISelectTheDateRangeDateRange("Past Week") (0.1s)
And I select the type of Pics
-&gt; done: HostedGalleriesManagerStepDefinitions.WhenISelectTheSpecifiedType("Pics") (0.2s)
And I select to display All galleries per page
-&gt; done: HostedGalleriesManagerStepDefinitions.WhenISelectToDisplaySpecifiedNumberOfGalleriesPerPage("All") (0.2s)
And I click the generate button
-&gt; done: HostedGalleriesManagerStepDefinitions.WhenIClickTheGenerateButton() (0.5s)
Then I should see the populated list of galleries
-&gt; done: HostedGalleriesManagerStepDefinitions.ThenIShouldSeeThePopulatedListOfGalleries() (0.1s)
And I should create any new Bella XOXO pinkvelvetvault galleries
-&gt; done: PinkVelvetVaultStepDefinitions.ThenIShouldCreateAnyNewModelNamePinkvelvetvaultGalleries("Bella XOXO") (0.0s)</StdOut>
      </Output>
    </UnitTestResult>
    <UnitTestResult executionId="395eb513-8f65-421a-839f-9cdcfc6ee8ea" testId="90275ed3-6b7f-be6c-3123-37a1d67aeee3" testName="PopulatePinkVelvetVaultGalleries_TaylorTrue" computerName="FIREFLY" duration="00:01:14.4298060" startTime="2012-11-20T23:00:21.0881709-05:00" endTime="2012-11-20T23:01:35.5181709-05:00" testType="13cdc9d9-ddb5-4fa4-a97d-d965ccfc6d4b" outcome="Passed" testListId="8ba83221-1a26-45ff-8a75-ce587dd12d36" relativeResultsDirectory="395eb513-8f65-421a-839f-9cdcfc6ee8ea">
      <Output>
        <StdOut>Given I open the pinkvelvet page
-&gt; done: StepDefinitions.IAmOnTheSpecifiedPage("pinkvelvet") (70.3s)
Then I should be on the pinkvelvet page
-&gt; done: StepDefinitions.IShouldBeOnTheSpecifiedPage("pinkvelvet") (0.2s)
When I enter the PinkVelvetVault ccbill id
-&gt; done: HostedGalleriesManagerStepDefinitions.WhenIEnterTheSpecifiedCcbillId("PinkVelvetVault") (0.5s)
And I select TaylorTrue from the site dropdown list
-&gt; done: HostedGalleriesManagerStepDefinitions.WhenISelectTheModelNameFromTheSiteDropdownList("TaylorTrue") (1.4s)
And I select the Past Week date range
-&gt; done: HostedGalleriesManagerStepDefinitions.WhenISelectTheDateRangeDateRange("Past Week") (0.1s)
And I select the type of Pics
-&gt; done: HostedGalleriesManagerStepDefinitions.WhenISelectTheSpecifiedType("Pics") (0.2s)
And I select to display All galleries per page
-&gt; done: HostedGalleriesManagerStepDefinitions.WhenISelectToDisplaySpecifiedNumberOfGalleriesPerPage("All") (0.2s)
And I click the generate button
-&gt; done: HostedGalleriesManagerStepDefinitions.WhenIClickTheGenerateButton() (0.4s)
Then I should see the populated list of galleries
-&gt; done: HostedGalleriesManagerStepDefinitions.ThenIShouldSeeThePopulatedListOfGalleries() (0.1s)
And I should create any new Taylor True pinkvelvetvault galleries
-&gt; done: PinkVelvetVaultStepDefinitions.ThenIShouldCreateAnyNewModelNamePinkvelvetvaultGalleries("Taylor True") (0.0s)</StdOut>
      </Output>
    </UnitTestResult>
    <UnitTestResult executionId="fb85a481-5184-43d1-959e-3b5665286b84" testId="6ab30983-7e28-5632-d87f-2957844134d4" testName="PopulatePinkVelvetVaultGalleries_RadiantDesire_Com" computerName="FIREFLY" duration="00:01:18.3726051" startTime="2012-11-20T23:01:35.5221709-05:00" endTime="2012-11-20T23:02:53.8951709-05:00" testType="13cdc9d9-ddb5-4fa4-a97d-d965ccfc6d4b" outcome="Passed" testListId="8ba83221-1a26-45ff-8a75-ce587dd12d36" relativeResultsDirectory="fb85a481-5184-43d1-959e-3b5665286b84">
      <Output>
        <StdOut>Given I open the pinkvelvet page
-&gt; done: StepDefinitions.IAmOnTheSpecifiedPage("pinkvelvet") (73.1s)
Then I should be on the pinkvelvet page
-&gt; done: StepDefinitions.IShouldBeOnTheSpecifiedPage("pinkvelvet") (0.2s)
When I enter the PinkVelvetVault ccbill id
-&gt; done: HostedGalleriesManagerStepDefinitions.WhenIEnterTheSpecifiedCcbillId("PinkVelvetVault") (0.5s)
And I select RadiantDesire.com from the site dropdown list
-&gt; done: HostedGalleriesManagerStepDefinitions.WhenISelectTheModelNameFromTheSiteDropdownList("RadiantDesire.com") (1.2s)
And I select the Past Week date range
-&gt; done: HostedGalleriesManagerStepDefinitions.WhenISelectTheDateRangeDateRange("Past Week") (0.1s)
And I select the type of Pics
-&gt; done: HostedGalleriesManagerStepDefinitions.WhenISelectTheSpecifiedType("Pics") (0.2s)
And I select to display All galleries per page
-&gt; done: HostedGalleriesManagerStepDefinitions.WhenISelectToDisplaySpecifiedNumberOfGalleriesPerPage("All") (0.2s)
And I click the generate button
-&gt; done: HostedGalleriesManagerStepDefinitions.WhenIClickTheGenerateButton() (1.6s)
Then I should see the populated list of galleries
-&gt; done: HostedGalleriesManagerStepDefinitions.ThenIShouldSeeThePopulatedListOfGalleries() (0.1s)
And I should create any new Radiant Desire pinkvelvetvault galleries
-&gt; done: PinkVelvetVaultStepDefinitions.ThenIShouldCreateAnyNewModelNamePinkvelvetvaultGalleries("Radiant Desire") (0.0s)</StdOut>
      </Output>
    </UnitTestResult>
    <UnitTestResult executionId="0133f834-87bf-4a57-a90f-b1a346d59ea0" testId="cb48dcef-796c-d2b0-fdbf-4d69a8dc994d" testName="PopulateBellaCashGalleries_LexiMason" computerName="FIREFLY" duration="00:01:37.5409648" startTime="2012-11-20T23:02:53.9011709-05:00" endTime="2012-11-20T23:04:31.4401709-05:00" testType="13cdc9d9-ddb5-4fa4-a97d-d965ccfc6d4b" outcome="Passed" testListId="8ba83221-1a26-45ff-8a75-ce587dd12d36" relativeResultsDirectory="0133f834-87bf-4a57-a90f-b1a346d59ea0">
      <Output>
        <StdOut>Given I open the bellacash page
-&gt; done: StepDefinitions.IAmOnTheSpecifiedPage("bellacash") (75.0s)
Then I should be on the bellacash page
-&gt; done: StepDefinitions.IShouldBeOnTheSpecifiedPage("bellacash") (0.3s)
When I select the Lexi Mason bellapass paysite
-&gt; done: BellaCashStepDefinitions.WhenISelectTheSpecifiedPaysite("Lexi Mason") (0.5s)
Then I should see the Lexi Mason bellapass hosted galleries
-&gt; done: BellaCashStepDefinitions.ThenIShouldSeeTheSpecifiedHostedGalleries("Lexi Mason") (12.9s)
And I should create any new Lexi Mason bellapass galleries
-&gt; done: BellaCashStepDefinitions.ThenIShouldCreateAnyNewModelNameBellapassGalleries("Lexi Mason") (7.7s)</StdOut>
      </Output>
    </UnitTestResult>
    <UnitTestResult executionId="8f5989d5-a146-47b6-914c-ba8318e90a99" testId="66f4f75a-e39b-800c-c209-257f1c101b17" testName="PopulateBellaCashGalleries_Bryci" computerName="FIREFLY" duration="00:01:43.2478176" startTime="2012-11-20T23:04:31.4441709-05:00" endTime="2012-11-20T23:06:14.6921709-05:00" testType="13cdc9d9-ddb5-4fa4-a97d-d965ccfc6d4b" outcome="Passed" testListId="8ba83221-1a26-45ff-8a75-ce587dd12d36" relativeResultsDirectory="8f5989d5-a146-47b6-914c-ba8318e90a99">
      <Output>
        <StdOut>Given I open the bellacash page
-&gt; done: StepDefinitions.IAmOnTheSpecifiedPage("bellacash") (70.3s)
Then I should be on the bellacash page
-&gt; done: StepDefinitions.IShouldBeOnTheSpecifiedPage("bellacash") (0.3s)
When I select the Bryci bellapass paysite
-&gt; done: BellaCashStepDefinitions.WhenISelectTheSpecifiedPaysite("Bryci") (0.5s)
Then I should see the Bryci bellapass hosted galleries
-&gt; done: BellaCashStepDefinitions.ThenIShouldSeeTheSpecifiedHostedGalleries("Bryci") (3.3s)
And I should create any new Bryci bellapass galleries
-&gt; done: BellaCashStepDefinitions.ThenIShouldCreateAnyNewModelNameBellapassGalleries("Bryci") (27.6s)</StdOut>
      </Output>
    </UnitTestResult>
    <UnitTestResult executionId="7ac27057-c7bb-4337-b805-940b6126de99" testId="36a18326-5378-2751-6673-68fb2102b50e" testName="PopulateEpicPandaCashGalleries_BrookeMarks" computerName="FIREFLY" duration="00:01:13.3777630" startTime="2012-11-20T23:06:14.6951709-05:00" endTime="2012-11-20T23:07:28.0781709-05:00" testType="13cdc9d9-ddb5-4fa4-a97d-d965ccfc6d4b" outcome="Passed" testListId="8ba83221-1a26-45ff-8a75-ce587dd12d36" relativeResultsDirectory="7ac27057-c7bb-4337-b805-940b6126de99">
      <Output>
        <StdOut>Given I open the epicpandacash page
-&gt; done: StepDefinitions.IAmOnTheSpecifiedPage("epicpandacash") (70.0s)
Then I should be on the epicpandacash page
-&gt; done: StepDefinitions.IShouldBeOnTheSpecifiedPage("epicpandacash") (0.1s)
When I select Brooke Marks from the site dropdown list
-&gt; done: HostedGalleriesManagerStepDefinitions.WhenISelectTheModelNameFromTheSiteDropdownList("Brooke Marks") (0.9s)
And I select the Past Week date range
-&gt; done: HostedGalleriesManagerStepDefinitions.WhenISelectTheDateRangeDateRange("Past Week") (0.2s)
And I select the type of Pics
-&gt; done: HostedGalleriesManagerStepDefinitions.WhenISelectTheSpecifiedType("Pics") (0.3s)
And I select to display All galleries per page
-&gt; done: HostedGalleriesManagerStepDefinitions.WhenISelectToDisplaySpecifiedNumberOfGalleriesPerPage("All") (0.2s)
And I click the generate button
-&gt; done: HostedGalleriesManagerStepDefinitions.WhenIClickTheGenerateButton() (0.5s)
Then I should see the populated list of galleries
-&gt; done: HostedGalleriesManagerStepDefinitions.ThenIShouldSeeThePopulatedListOfGalleries() (0.1s)
And I should create any new Brooke Marks epicpandacash galleries
-&gt; done: EpicPandaCashStepDefinitions.ThenIShouldCreateAnyNewModelNameEpicpandacashGalleries("Brooke Marks") (0.0s)</StdOut>
      </Output>
    </UnitTestResult>
    <UnitTestResult executionId="7634e280-726a-468b-8c36-f76bdfbef8d0" testId="43e133cb-4a9a-524b-9d8e-6cf328e98e4c" testName="PopulatePacinoCashGalleries_LucyOHara" computerName="FIREFLY" duration="00:02:09.6879951" startTime="2012-11-20T23:07:28.0831709-05:00" endTime="2012-11-20T23:09:37.7711709-05:00" testType="13cdc9d9-ddb5-4fa4-a97d-d965ccfc6d4b" outcome="Passed" testListId="8ba83221-1a26-45ff-8a75-ce587dd12d36" relativeResultsDirectory="7634e280-726a-468b-8c36-f76bdfbef8d0">
      <Output>
        <StdOut>Given I open the pacinocash page
-&gt; done: StepDefinitions.IAmOnTheSpecifiedPage("pacinocash") (71.5s)
Then I should be on the pacinocash page
-&gt; done: StepDefinitions.IShouldBeOnTheSpecifiedPage("pacinocash") (0.1s)
When I enter the PacinoCash ccbill id
-&gt; done: HostedGalleriesManagerStepDefinitions.WhenIEnterTheSpecifiedCcbillId("PacinoCash") (1.4s)
Then I should be on the pacinocash page
-&gt; done: StepDefinitions.IShouldBeOnTheSpecifiedPage("pacinocash") (0.1s)
When I select the Lucy OHara pacinocash Nude site
-&gt; done: PacinoCashStepDefinitions.WhenISelectTheModelNamePacinocashTypeSite("Lucy OHara", "Nude") (8.6s)
Then I should see the Lucy OHara - Nude pacinocash hosted galleries
-&gt; done: PacinoCashStepDefinitions.ThenIShouldSeeTheModelName_TypePacinocashHostedGalleries("Lucy OHara", "Nude") (0.1s)
And I should create any new Lucy OHara pacinocash galleries
-&gt; done: PacinoCashStepDefinitions.ThenIShouldCreateAnyNewModelNamePacinocashGalleries("Lucy OHara") (46.8s)</StdOut>
      </Output>
    </UnitTestResult>
    <UnitTestResult executionId="b417c0af-3a11-4d27-b98c-c40d4dbe72b1" testId="6f823177-fac0-1695-39d6-789688bb1a48" testName="PopulateEpicPandaCashGalleries_RachelSexton" computerName="FIREFLY" duration="00:01:14.3449438" startTime="2012-11-20T23:09:37.7751709-05:00" endTime="2012-11-20T23:10:52.1211709-05:00" testType="13cdc9d9-ddb5-4fa4-a97d-d965ccfc6d4b" outcome="Passed" testListId="8ba83221-1a26-45ff-8a75-ce587dd12d36" relativeResultsDirectory="b417c0af-3a11-4d27-b98c-c40d4dbe72b1">
      <Output>
        <StdOut>Given I open the epicpandacash page
-&gt; done: StepDefinitions.IAmOnTheSpecifiedPage("epicpandacash") (70.6s)
Then I should be on the epicpandacash page
-&gt; done: StepDefinitions.IShouldBeOnTheSpecifiedPage("epicpandacash") (0.1s)
When I select Rachel Sexton from the site dropdown list
-&gt; done: HostedGalleriesManagerStepDefinitions.WhenISelectTheModelNameFromTheSiteDropdownList("Rachel Sexton") (1.4s)
And I select the Past Week date range
-&gt; done: HostedGalleriesManagerStepDefinitions.WhenISelectTheDateRangeDateRange("Past Week") (0.1s)
And I select the type of Pics
-&gt; done: HostedGalleriesManagerStepDefinitions.WhenISelectTheSpecifiedType("Pics") (0.3s)
And I select to display All galleries per page
-&gt; done: HostedGalleriesManagerStepDefinitions.WhenISelectToDisplaySpecifiedNumberOfGalleriesPerPage("All") (0.3s)
And I click the generate button
-&gt; done: HostedGalleriesManagerStepDefinitions.WhenIClickTheGenerateButton() (0.3s)
Then I should see the populated list of galleries
-&gt; done: HostedGalleriesManagerStepDefinitions.ThenIShouldSeeThePopulatedListOfGalleries() (0.1s)
And I should create any new Rachel Sexton epicpandacash galleries
-&gt; done: EpicPandaCashStepDefinitions.ThenIShouldCreateAnyNewModelNameEpicpandacashGalleries("Rachel Sexton") (0.0s)</StdOut>
      </Output>
    </UnitTestResult>
    <UnitTestResult executionId="b1c612dc-85e5-4f8a-9159-ab3d77ec4941" testId="3244bd33-62ad-5b0c-a0f8-17623bcb7156" testName="PopulateZellysCashGalleries_MelissaXoXo" computerName="FIREFLY" duration="00:02:37.5267782" startTime="2012-11-20T23:10:52.1261709-05:00" endTime="2012-11-20T23:13:29.6541709-05:00" testType="13cdc9d9-ddb5-4fa4-a97d-d965ccfc6d4b" outcome="Failed" testListId="8ba83221-1a26-45ff-8a75-ce587dd12d36" relativeResultsDirectory="b1c612dc-85e5-4f8a-9159-ab3d77ec4941">
      <Output>
        <StdOut>Given I open the zellyscash page
-&gt; done: StepDefinitions.IAmOnTheSpecifiedPage("zellyscash") (69.2s)
Then I should be on the zellyscash page
-&gt; done: StepDefinitions.IShouldBeOnTheSpecifiedPage("zellyscash") (0.1s)
When I select the Melissa XoXo zellyscash paysite
-&gt; done: ZellysCashStepDefinitions.WhenISelectTheSpecifiedZellysPaysite("Melissa XoXo") (0.5s)
Then I should see the Melissa XoXo zellyscash hosted galleries
-&gt; done: ZellysCashStepDefinitions.ThenIShouldSeeTheSpecifiedZellysHostedGalleries("Melissa XoXo") (2.8s)
And I should create any new Melissa XoXo zellyscash galleries
-&gt; error: Unable to locate element: {"method":"xpath","selector":"//form[2]/table/tbody/tr[2]/td/table/tbody/tr[120]/td[3]"}</StdOut>
        <ErrorInfo>
          <Message>Test method PornCantina.UIAutomation.Scenarios.ZellysCashFeature.PopulateZellysCashGalleries_MelissaXoXo threw exception: 
OpenQA.Selenium.NoSuchElementException: Unable to locate element: {"method":"xpath","selector":"//form[2]/table/tbody/tr[2]/td/table/tbody/tr[120]/td[3]"}</Message>
          <StackTrace>    at OpenQA.Selenium.Remote.RemoteWebDriver.UnpackAndThrowOnError(Response errorResponse)
   at OpenQA.Selenium.Remote.RemoteWebDriver.Execute(String driverCommandToExecute, Dictionary`2 parameters)
   at OpenQA.Selenium.Remote.RemoteWebDriver.FindElement(String mechanism, String value)
   at OpenQA.Selenium.Remote.RemoteWebDriver.FindElementByXPath(String xpath)
   at OpenQA.Selenium.By.&lt;&gt;c__DisplayClasse.&lt;XPath&gt;b__c(ISearchContext context)
   at OpenQA.Selenium.By.FindElement(ISearchContext context)
   at OpenQA.Selenium.Remote.RemoteWebDriver.FindElement(By by)
   at AutomationFramework.BrowserHelper.GetElementByXPath(IWebDriver driver, String locator, String additionalLocatorPath) in C:\Users\TMacBlane\Documents\DevelopmentProjects\AutomationFramework\Classes\BrowserHelper.cs:line 106
   at AutomationFramework.BrowserHelper.GetElement(IWebDriver driver, String locator, String additionalLocatorPath) in C:\Users\TMacBlane\Documents\DevelopmentProjects\AutomationFramework\Classes\BrowserHelper.cs:line 25
   at AutomationFramework.WebBrowser.GetText(String locator, String additionalLocatorPath) in C:\Users\TMacBlane\Documents\DevelopmentProjects\AutomationFramework\Classes\WebBrowser.cs:line 154
   at AutomationFramework.PageElementExtensions.GetText(IPageElement element, String additionalLocator) in C:\Users\TMacBlane\Documents\DevelopmentProjects\AutomationFramework\Classes\PageElementExtensions.cs:line 81
   at PornCantina.UIAutomation.StepDefinitions.ZellysCashStepDefinitions.ThenIShouldCreateAnyNewModelNameZellysGalleries(String modelName) in C:\Users\TMacBlane\Documents\DevelopmentProjects\PornCantina.UIAutomation\StepDefinitions\ZellysCashStepDefinitions.cs:line 120
   at lambda_method(Closure , IContextManager , String )
   at TechTalk.SpecFlow.Bindings.BindingInvoker.InvokeBinding(IBinding binding, IContextManager contextManager, Object[] arguments, ITestTracer testTracer, TimeSpan&amp; duration)
   at TechTalk.SpecFlow.Infrastructure.TestExecutionEngine.ExecuteStepMatch(BindingMatch match, Object[] arguments)
   at TechTalk.SpecFlow.Infrastructure.TestExecutionEngine.ExecuteStep(StepInstance stepInstance)
   at TechTalk.SpecFlow.Infrastructure.TestExecutionEngine.OnAfterLastStep()
   at TechTalk.SpecFlow.TestRunner.CollectScenarioErrors()
   at PornCantina.UIAutomation.Scenarios.ZellysCashFeature.ScenarioCleanup() in C:\Users\TMacBlane\Documents\DevelopmentProjects\PornCantina.UIAutomation\Scenarios\ZellysCash.feature.cs:line 0
   at PornCantina.UIAutomation.Scenarios.ZellysCashFeature.PopulateZellysCashGalleries(String modelName, String[] exampleTags) in c:\Users\TMacBlane\Documents\DevelopmentProjects\PornCantina.UIAutomation\Scenarios\ZellysCash.feature:line 10
   at PornCantina.UIAutomation.Scenarios.ZellysCashFeature.PopulateZellysCashGalleries_MelissaXoXo() in C:\Users\TMacBlane\Documents\DevelopmentProjects\PornCantina.UIAutomation\Scenarios\ZellysCash.feature.cs:line 0
</StackTrace>
        </ErrorInfo>
      </Output>
    </UnitTestResult>
    <UnitTestResult executionId="968ee016-3549-480e-8798-256798f48127" testId="7a45e85a-1f59-0abe-b4e5-74cee7eb6bca" testName="PopulateLatinTeenCashGalleries_TaniaSpice" computerName="FIREFLY" duration="00:03:00.0439579" startTime="2012-11-20T23:13:29.6581709-05:00" endTime="2012-11-20T23:16:29.6981709-05:00" testType="13cdc9d9-ddb5-4fa4-a97d-d965ccfc6d4b" outcome="Passed" testListId="8ba83221-1a26-45ff-8a75-ce587dd12d36" relativeResultsDirectory="968ee016-3549-480e-8798-256798f48127">
      <Output>
        <StdOut>Given I open the latinteencash page
-&gt; done: StepDefinitions.IAmOnTheSpecifiedPage("latinteencash") (69.6s)
Then I should be on the latinteencash page
-&gt; done: StepDefinitions.IShouldBeOnTheSpecifiedPage("latinteencash") (0.1s)
When I enter the LatinTeenCash ccbill id
-&gt; done: HostedGalleriesManagerStepDefinitions.WhenIEnterTheSpecifiedCcbillId("LatinTeenCash") (1.8s)
Then I should be on the latinteencash page
-&gt; done: StepDefinitions.IShouldBeOnTheSpecifiedPage("latinteencash") (0.1s)
When I select the Tania Spice latinteencash Nude site
-&gt; done: LatinTeenCashStepDefinitions.WhenISelectTheModelNameLatinteencashTypeSite("Tania Spice", "Nude") (7.2s)
Then I should see the Tania Spice - Nude latinteencash hosted galleries
-&gt; done: LatinTeenCashStepDefinitions.ThenIShouldSeeTheSpecifiedLatinTeenCashHostedGalleries("Tania Spice", "Nude") (1.1s)
And I should create any new Tania Spice latinteencash galleries
-&gt; done: LatinTeenCashStepDefinitions.ThenIShouldCreateAnyNewLatinTeenCashGalleries("Tania Spice") (99.1s)</StdOut>
      </Output>
    </UnitTestResult>
    <UnitTestResult executionId="6f3b0d5f-0af3-4c05-9430-f88aefe4b424" testId="2d0fc9e1-ddb6-e1a3-2e4b-63cd236f3727" testName="PopulateLatinTeenCashGalleries_NataliaSpice" computerName="FIREFLY" duration="00:03:19.6494434" startTime="2012-11-20T23:16:29.7021709-05:00" endTime="2012-11-20T23:19:49.3451709-05:00" testType="13cdc9d9-ddb5-4fa4-a97d-d965ccfc6d4b" outcome="Passed" testListId="8ba83221-1a26-45ff-8a75-ce587dd12d36" relativeResultsDirectory="6f3b0d5f-0af3-4c05-9430-f88aefe4b424">
      <Output>
        <StdOut>Given I open the latinteencash page
-&gt; done: StepDefinitions.IAmOnTheSpecifiedPage("latinteencash") (70.5s)
Then I should be on the latinteencash page
-&gt; done: StepDefinitions.IShouldBeOnTheSpecifiedPage("latinteencash") (0.1s)
When I enter the LatinTeenCash ccbill id
-&gt; done: HostedGalleriesManagerStepDefinitions.WhenIEnterTheSpecifiedCcbillId("LatinTeenCash") (1.7s)
Then I should be on the latinteencash page
-&gt; done: StepDefinitions.IShouldBeOnTheSpecifiedPage("latinteencash") (0.1s)
When I select the Natalia Spice latinteencash Nude site
-&gt; done: LatinTeenCashStepDefinitions.WhenISelectTheModelNameLatinteencashTypeSite("Natalia Spice", "Nude") (11.4s)
Then I should see the Natalia Spice - Nude latinteencash hosted galleries
-&gt; done: LatinTeenCashStepDefinitions.ThenIShouldSeeTheSpecifiedLatinTeenCashHostedGalleries("Natalia Spice", "Nude") (0.1s)
And I should create any new Natalia Spice latinteencash galleries
-&gt; done: LatinTeenCashStepDefinitions.ThenIShouldCreateAnyNewLatinTeenCashGalleries("Natalia Spice") (114.7s)</StdOut>
      </Output>
    </UnitTestResult>
    <UnitTestResult executionId="ef5891f2-ec45-40bf-b749-639f97078ba9" testId="6723ee26-ffeb-9536-ffc6-148f6bd91bb4" testName="PopulatePinkVelvetVaultGalleries_CherryZips_Com" computerName="FIREFLY" duration="00:01:12.9975036" startTime="2012-11-20T23:19:49.3501709-05:00" endTime="2012-11-20T23:21:02.3491709-05:00" testType="13cdc9d9-ddb5-4fa4-a97d-d965ccfc6d4b" outcome="Passed" testListId="8ba83221-1a26-45ff-8a75-ce587dd12d36" relativeResultsDirectory="ef5891f2-ec45-40bf-b749-639f97078ba9">
      <Output>
        <StdOut>Given I open the pinkvelvet page
-&gt; done: StepDefinitions.IAmOnTheSpecifiedPage("pinkvelvet") (69.2s)
Then I should be on the pinkvelvet page
-&gt; done: StepDefinitions.IShouldBeOnTheSpecifiedPage("pinkvelvet") (0.2s)
When I enter the PinkVelvetVault ccbill id
-&gt; done: HostedGalleriesManagerStepDefinitions.WhenIEnterTheSpecifiedCcbillId("PinkVelvetVault") (0.5s)
And I select CherryZips.com from the site dropdown list
-&gt; done: HostedGalleriesManagerStepDefinitions.WhenISelectTheModelNameFromTheSiteDropdownList("CherryZips.com") (0.7s)
And I select the Past Week date range
-&gt; done: HostedGalleriesManagerStepDefinitions.WhenISelectTheDateRangeDateRange("Past Week") (0.1s)
And I select the type of Pics
-&gt; done: HostedGalleriesManagerStepDefinitions.WhenISelectTheSpecifiedType("Pics") (0.2s)
And I select to display All galleries per page
-&gt; done: HostedGalleriesManagerStepDefinitions.WhenISelectToDisplaySpecifiedNumberOfGalleriesPerPage("All") (0.4s)
And I click the generate button
-&gt; done: HostedGalleriesManagerStepDefinitions.WhenIClickTheGenerateButton() (0.4s)
Then I should see the populated list of galleries
-&gt; done: HostedGalleriesManagerStepDefinitions.ThenIShouldSeeThePopulatedListOfGalleries() (0.1s)
And I should create any new Cherry Zips pinkvelvetvault galleries
-&gt; done: PinkVelvetVaultStepDefinitions.ThenIShouldCreateAnyNewModelNamePinkvelvetvaultGalleries("Cherry Zips") (0.0s)</StdOut>
      </Output>
    </UnitTestResult>
    <UnitTestResult executionId="6e2b6e9b-31c3-4b7e-884e-fe17cedd47ef" testId="398d7b5e-bf85-40e6-19ea-4a768f60f793" testName="PopulateLatinTeenCashGalleries_MariahSpice" computerName="FIREFLY" duration="00:02:06.3870506" startTime="2012-11-20T23:21:02.3531709-05:00" endTime="2012-11-20T23:23:08.7381709-05:00" testType="13cdc9d9-ddb5-4fa4-a97d-d965ccfc6d4b" outcome="Passed" testListId="8ba83221-1a26-45ff-8a75-ce587dd12d36" relativeResultsDirectory="6e2b6e9b-31c3-4b7e-884e-fe17cedd47ef">
      <Output>
        <StdOut>Given I open the latinteencash page
-&gt; done: StepDefinitions.IAmOnTheSpecifiedPage("latinteencash") (70.4s)
Then I should be on the latinteencash page
-&gt; done: StepDefinitions.IShouldBeOnTheSpecifiedPage("latinteencash") (0.1s)
When I enter the LatinTeenCash ccbill id
-&gt; done: HostedGalleriesManagerStepDefinitions.WhenIEnterTheSpecifiedCcbillId("LatinTeenCash") (1.7s)
Then I should be on the latinteencash page
-&gt; done: StepDefinitions.IShouldBeOnTheSpecifiedPage("latinteencash") (0.1s)
When I select the Mariah Spice latinteencash Nude site
-&gt; done: LatinTeenCashStepDefinitions.WhenISelectTheModelNameLatinteencashTypeSite("Mariah Spice", "Nude") (4.0s)
Then I should see the Mariah Spice - Nude latinteencash hosted galleries
-&gt; done: LatinTeenCashStepDefinitions.ThenIShouldSeeTheSpecifiedLatinTeenCashHostedGalleries("Mariah Spice", "Nude") (0.0s)
And I should create any new Mariah Spice latinteencash galleries
-&gt; done: LatinTeenCashStepDefinitions.ThenIShouldCreateAnyNewLatinTeenCashGalleries("Mariah Spice") (49.0s)</StdOut>
      </Output>
    </UnitTestResult>
    <UnitTestResult executionId="2ab82f9d-9f3f-4079-b36c-0cb61dcb9ee1" testId="13e1a459-1c49-3ad3-1408-a2fc2bd5bb3a" testName="PopulateLatinTeenCashGalleries_PamelaSpice" computerName="FIREFLY" duration="00:02:47.8442461" startTime="2012-11-20T23:23:08.7441709-05:00" endTime="2012-11-20T23:25:56.5821709-05:00" testType="13cdc9d9-ddb5-4fa4-a97d-d965ccfc6d4b" outcome="Passed" testListId="8ba83221-1a26-45ff-8a75-ce587dd12d36" relativeResultsDirectory="2ab82f9d-9f3f-4079-b36c-0cb61dcb9ee1">
      <Output>
        <StdOut>Given I open the latinteencash page
-&gt; done: StepDefinitions.IAmOnTheSpecifiedPage("latinteencash") (71.2s)
Then I should be on the latinteencash page
-&gt; done: StepDefinitions.IShouldBeOnTheSpecifiedPage("latinteencash") (0.1s)
When I enter the LatinTeenCash ccbill id
-&gt; done: HostedGalleriesManagerStepDefinitions.WhenIEnterTheSpecifiedCcbillId("LatinTeenCash") (1.6s)
Then I should be on the latinteencash page
-&gt; done: StepDefinitions.IShouldBeOnTheSpecifiedPage("latinteencash") (0.1s)
When I select the Pamela Spice latinteencash Nude site
-&gt; done: LatinTeenCashStepDefinitions.WhenISelectTheModelNameLatinteencashTypeSite("Pamela Spice", "Nude") (5.9s)
Then I should see the Pamela Spice - Nude latinteencash hosted galleries
-&gt; done: LatinTeenCashStepDefinitions.ThenIShouldSeeTheSpecifiedLatinTeenCashHostedGalleries("Pamela Spice", "Nude") (0.1s)
And I should create any new Pamela Spice latinteencash galleries
-&gt; done: LatinTeenCashStepDefinitions.ThenIShouldCreateAnyNewLatinTeenCashGalleries("Pamela Spice") (87.8s)</StdOut>
      </Output>
    </UnitTestResult>
    <UnitTestResult executionId="7635c86d-abb1-4ed2-839f-8d3f2564de20" testId="7fae0b54-1d2c-0d9d-1805-b2ab2adfc550" testName="PopulateEpicPandaCashGalleries_MistyGates" computerName="FIREFLY" duration="00:01:14.6877008" startTime="2012-11-20T23:25:56.5871709-05:00" endTime="2012-11-20T23:27:11.2761709-05:00" testType="13cdc9d9-ddb5-4fa4-a97d-d965ccfc6d4b" outcome="Passed" testListId="8ba83221-1a26-45ff-8a75-ce587dd12d36" relativeResultsDirectory="7635c86d-abb1-4ed2-839f-8d3f2564de20">
      <Output>
        <StdOut>Given I open the epicpandacash page
-&gt; done: StepDefinitions.IAmOnTheSpecifiedPage("epicpandacash") (71.1s)
Then I should be on the epicpandacash page
-&gt; done: StepDefinitions.IShouldBeOnTheSpecifiedPage("epicpandacash") (0.1s)
When I select Misty Gates from the site dropdown list
-&gt; done: HostedGalleriesManagerStepDefinitions.WhenISelectTheModelNameFromTheSiteDropdownList("Misty Gates") (1.3s)
And I select the Past Week date range
-&gt; done: HostedGalleriesManagerStepDefinitions.WhenISelectTheDateRangeDateRange("Past Week") (0.1s)
And I select the type of Pics
-&gt; done: HostedGalleriesManagerStepDefinitions.WhenISelectTheSpecifiedType("Pics") (0.3s)
And I select to display All galleries per page
-&gt; done: HostedGalleriesManagerStepDefinitions.WhenISelectToDisplaySpecifiedNumberOfGalleriesPerPage("All") (0.2s)
And I click the generate button
-&gt; done: HostedGalleriesManagerStepDefinitions.WhenIClickTheGenerateButton() (0.4s)
Then I should see the populated list of galleries
-&gt; done: HostedGalleriesManagerStepDefinitions.ThenIShouldSeeThePopulatedListOfGalleries() (0.0s)
And I should create any new Misty Gates epicpandacash galleries
-&gt; done: EpicPandaCashStepDefinitions.ThenIShouldCreateAnyNewModelNameEpicpandacashGalleries("Misty Gates") (0.0s)</StdOut>
      </Output>
    </UnitTestResult>
    <UnitTestResult executionId="e0dce435-8af5-4e0f-9c82-d661c407b556" testId="dfed4799-d8fd-25dc-42b0-c8ea9ee23c63" testName="PopulateBellaCashGalleries_RennaRyann" computerName="FIREFLY" duration="00:01:24.5541742" startTime="2012-11-20T23:27:11.2811709-05:00" endTime="2012-11-20T23:28:35.8661709-05:00" testType="13cdc9d9-ddb5-4fa4-a97d-d965ccfc6d4b" outcome="Passed" testListId="8ba83221-1a26-45ff-8a75-ce587dd12d36" relativeResultsDirectory="e0dce435-8af5-4e0f-9c82-d661c407b556">
      <Output>
        <StdOut>Given I open the bellacash page
-&gt; done: StepDefinitions.IAmOnTheSpecifiedPage("bellacash") (70.2s)
Then I should be on the bellacash page
-&gt; done: StepDefinitions.IShouldBeOnTheSpecifiedPage("bellacash") (0.3s)
When I select the Renna Ryann bellapass paysite
-&gt; done: BellaCashStepDefinitions.WhenISelectTheSpecifiedPaysite("Renna Ryann") (0.5s)
Then I should see the Renna Ryann bellapass hosted galleries
-&gt; done: BellaCashStepDefinitions.ThenIShouldSeeTheSpecifiedHostedGalleries("Renna Ryann") (2.8s)
And I should create any new Renna Ryann bellapass galleries
-&gt; done: BellaCashStepDefinitions.ThenIShouldCreateAnyNewModelNameBellapassGalleries("Renna Ryann") (9.6s)</StdOut>
      </Output>
    </UnitTestResult>
    <UnitTestResult executionId="2975feb0-a334-478c-b077-bd13f9ce6cd4" testId="a9992471-646c-2976-753b-1557db3f93ef" testName="PopulateLatinTeenCashGalleries_BellaSpice" computerName="FIREFLY" duration="00:03:18.8349142" startTime="2012-11-20T23:28:35.8701709-05:00" endTime="2012-11-20T23:31:54.6991709-05:00" testType="13cdc9d9-ddb5-4fa4-a97d-d965ccfc6d4b" outcome="Passed" testListId="8ba83221-1a26-45ff-8a75-ce587dd12d36" relativeResultsDirectory="2975feb0-a334-478c-b077-bd13f9ce6cd4">
      <Output>
        <StdOut>Given I open the latinteencash page
-&gt; done: StepDefinitions.IAmOnTheSpecifiedPage("latinteencash") (70.6s)
Then I should be on the latinteencash page
-&gt; done: StepDefinitions.IShouldBeOnTheSpecifiedPage("latinteencash") (0.1s)
When I enter the LatinTeenCash ccbill id
-&gt; done: HostedGalleriesManagerStepDefinitions.WhenIEnterTheSpecifiedCcbillId("LatinTeenCash") (1.6s)
Then I should be on the latinteencash page
-&gt; done: StepDefinitions.IShouldBeOnTheSpecifiedPage("latinteencash") (0.1s)
When I select the Bella Spice latinteencash Nude site
-&gt; done: LatinTeenCashStepDefinitions.WhenISelectTheModelNameLatinteencashTypeSite("Bella Spice", "Nude") (7.9s)
Then I should see the Bella Spice - Nude latinteencash hosted galleries
-&gt; done: LatinTeenCashStepDefinitions.ThenIShouldSeeTheSpecifiedLatinTeenCashHostedGalleries("Bella Spice", "Nude") (0.1s)
And I should create any new Bella Spice latinteencash galleries
-&gt; done: LatinTeenCashStepDefinitions.ThenIShouldCreateAnyNewLatinTeenCashGalleries("Bella Spice") (117.4s)</StdOut>
      </Output>
    </UnitTestResult>
    <UnitTestResult executionId="26f5dc8e-22d3-4a34-9611-293bad16dc05" testId="076a81dd-d8a3-782a-c412-1ea2d0276610" testName="PopulatePinkVelvetVaultGalleries_BrianaLeeExtreme_Com" computerName="FIREFLY" duration="00:01:14.7740262" startTime="2012-11-20T23:31:54.7031709-05:00" endTime="2012-11-20T23:33:09.4771709-05:00" testType="13cdc9d9-ddb5-4fa4-a97d-d965ccfc6d4b" outcome="Passed" testListId="8ba83221-1a26-45ff-8a75-ce587dd12d36" relativeResultsDirectory="26f5dc8e-22d3-4a34-9611-293bad16dc05">
      <Output>
        <StdOut>Given I open the pinkvelvet page
-&gt; done: StepDefinitions.IAmOnTheSpecifiedPage("pinkvelvet") (69.2s)
Then I should be on the pinkvelvet page
-&gt; done: StepDefinitions.IShouldBeOnTheSpecifiedPage("pinkvelvet") (0.2s)
When I enter the PinkVelvetVault ccbill id
-&gt; done: HostedGalleriesManagerStepDefinitions.WhenIEnterTheSpecifiedCcbillId("PinkVelvetVault") (0.5s)
And I select BrianaLeeExtreme.com from the site dropdown list
-&gt; done: HostedGalleriesManagerStepDefinitions.WhenISelectTheModelNameFromTheSiteDropdownList("BrianaLeeExtreme.com") (0.5s)
And I select the Past Week date range
-&gt; done: HostedGalleriesManagerStepDefinitions.WhenISelectTheDateRangeDateRange("Past Week") (0.1s)
And I select the type of Pics
-&gt; done: HostedGalleriesManagerStepDefinitions.WhenISelectTheSpecifiedType("Pics") (0.2s)
And I select to display All galleries per page
-&gt; done: HostedGalleriesManagerStepDefinitions.WhenISelectToDisplaySpecifiedNumberOfGalleriesPerPage("All") (0.2s)
And I click the generate button
-&gt; done: HostedGalleriesManagerStepDefinitions.WhenIClickTheGenerateButton() (2.5s)
Then I should see the populated list of galleries
-&gt; done: HostedGalleriesManagerStepDefinitions.ThenIShouldSeeThePopulatedListOfGalleries() (0.1s)
And I should create any new Briana Lee Extreme pinkvelvetvault galleries
-&gt; done: PinkVelvetVaultStepDefinitions.ThenIShouldCreateAnyNewModelNamePinkvelvetvaultGalleries("Briana Lee Extreme") (0.2s)</StdOut>
      </Output>
    </UnitTestResult>
    <UnitTestResult executionId="9b1ebb61-02bf-4255-ac40-2779ce649e76" testId="f796dec0-3ebb-a230-ecb5-c2c98ad99720" testName="PopulateLatinTeenCashGalleries_LaZonaModelos" computerName="FIREFLY" duration="00:06:08.2550722" startTime="2012-11-20T23:33:09.4811709-05:00" endTime="2012-11-20T23:39:17.7201709-05:00" testType="13cdc9d9-ddb5-4fa4-a97d-d965ccfc6d4b" outcome="Passed" testListId="8ba83221-1a26-45ff-8a75-ce587dd12d36" relativeResultsDirectory="9b1ebb61-02bf-4255-ac40-2779ce649e76">
      <Output>
        <StdOut>Given I open the latinteencash page
-&gt; done: StepDefinitions.IAmOnTheSpecifiedPage("latinteencash") (70.9s)
Then I should be on the latinteencash page
-&gt; done: StepDefinitions.IShouldBeOnTheSpecifiedPage("latinteencash") (0.1s)
When I enter the LatinTeenCash ccbill id
-&gt; done: HostedGalleriesManagerStepDefinitions.WhenIEnterTheSpecifiedCcbillId("LatinTeenCash") (1.6s)
Then I should be on the latinteencash page
-&gt; done: StepDefinitions.IShouldBeOnTheSpecifiedPage("latinteencash") (0.1s)
When I select the La Zona Modelos latinteencash Nude site
-&gt; done: LatinTeenCashStepDefinitions.WhenISelectTheModelNameLatinteencashTypeSite("La Zona Modelos", "Nude") (21.0s)
Then I should see the La Zona Modelos - Nude latinteencash hosted galleries
-&gt; done: LatinTeenCashStepDefinitions.ThenIShouldSeeTheSpecifiedLatinTeenCashHostedGalleries("La Zona Modelos", "Nude") (0.1s)
And I should create any new La Zona Modelos latinteencash galleries
-&gt; done: LatinTeenCashStepDefinitions.ThenIShouldCreateAnyNewLatinTeenCashGalleries("La Zona Modelos") (273.2s)</StdOut>
      </Output>
    </UnitTestResult>
    <UnitTestResult executionId="f6d2659f-4c42-48ab-a120-5c7077eb0346" testId="8c136c51-948d-db20-6929-2e8f37a20b36" testName="PopulateBellaCashGalleries_KatieBanks" computerName="FIREFLY" duration="00:01:38.5480399" startTime="2012-11-20T23:39:17.7261709-05:00" endTime="2012-11-20T23:40:56.2721709-05:00" testType="13cdc9d9-ddb5-4fa4-a97d-d965ccfc6d4b" outcome="Passed" testListId="8ba83221-1a26-45ff-8a75-ce587dd12d36" relativeResultsDirectory="f6d2659f-4c42-48ab-a120-5c7077eb0346">
      <Output>
        <StdOut>Given I open the bellacash page
-&gt; done: StepDefinitions.IAmOnTheSpecifiedPage("bellacash") (71.5s)
Then I should be on the bellacash page
-&gt; done: StepDefinitions.IShouldBeOnTheSpecifiedPage("bellacash") (0.3s)
When I select the Katie Banks bellapass paysite
-&gt; done: BellaCashStepDefinitions.WhenISelectTheSpecifiedPaysite("Katie Banks") (0.5s)
Then I should see the Katie Banks bellapass hosted galleries
-&gt; done: BellaCashStepDefinitions.ThenIShouldSeeTheSpecifiedHostedGalleries("Katie Banks") (3.3s)
And I should create any new Katie Banks bellapass galleries
-&gt; done: BellaCashStepDefinitions.ThenIShouldCreateAnyNewModelNameBellapassGalleries("Katie Banks") (21.8s)</StdOut>
      </Output>
    </UnitTestResult>
    <UnitTestResult executionId="9bf371c4-0a3a-4d05-b793-6ea6c34060bc" testId="746ca17d-0c95-55f7-2444-fcda2e970d75" testName="PopulateEpicPandaCashGalleries_MidoriWest" computerName="FIREFLY" duration="00:01:13.8356378" startTime="2012-11-20T23:40:56.2771709-05:00" endTime="2012-11-20T23:42:10.1131709-05:00" testType="13cdc9d9-ddb5-4fa4-a97d-d965ccfc6d4b" outcome="Passed" testListId="8ba83221-1a26-45ff-8a75-ce587dd12d36" relativeResultsDirectory="9bf371c4-0a3a-4d05-b793-6ea6c34060bc">
      <Output>
        <StdOut>Given I open the epicpandacash page
-&gt; done: StepDefinitions.IAmOnTheSpecifiedPage("epicpandacash") (70.3s)
Then I should be on the epicpandacash page
-&gt; done: StepDefinitions.IShouldBeOnTheSpecifiedPage("epicpandacash") (0.1s)
When I select Midori West from the site dropdown list
-&gt; done: HostedGalleriesManagerStepDefinitions.WhenISelectTheModelNameFromTheSiteDropdownList("Midori West") (1.2s)
And I select the Past Week date range
-&gt; done: HostedGalleriesManagerStepDefinitions.WhenISelectTheDateRangeDateRange("Past Week") (0.1s)
And I select the type of Pics
-&gt; done: HostedGalleriesManagerStepDefinitions.WhenISelectTheSpecifiedType("Pics") (0.3s)
And I select to display All galleries per page
-&gt; done: HostedGalleriesManagerStepDefinitions.WhenISelectToDisplaySpecifiedNumberOfGalleriesPerPage("All") (0.2s)
And I click the generate button
-&gt; done: HostedGalleriesManagerStepDefinitions.WhenIClickTheGenerateButton() (0.5s)
Then I should see the populated list of galleries
-&gt; done: HostedGalleriesManagerStepDefinitions.ThenIShouldSeeThePopulatedListOfGalleries() (0.1s)
And I should create any new Midori West epicpandacash galleries
-&gt; done: EpicPandaCashStepDefinitions.ThenIShouldCreateAnyNewModelNameEpicpandacashGalleries("Midori West") (0.0s)</StdOut>
      </Output>
    </UnitTestResult>
    <UnitTestResult executionId="a91066d1-1aea-41ae-b9e6-e1d30137bb95" testId="8328e058-f44f-1617-9580-129c03893814" testName="PopulateLatinTeenCashGalleries_CierraSpice" computerName="FIREFLY" duration="00:03:06.0080168" startTime="2012-11-20T23:42:10.1201709-05:00" endTime="2012-11-20T23:45:16.1221709-05:00" testType="13cdc9d9-ddb5-4fa4-a97d-d965ccfc6d4b" outcome="Passed" testListId="8ba83221-1a26-45ff-8a75-ce587dd12d36" relativeResultsDirectory="a91066d1-1aea-41ae-b9e6-e1d30137bb95">
      <Output>
        <StdOut>Given I open the latinteencash page
-&gt; done: StepDefinitions.IAmOnTheSpecifiedPage("latinteencash") (70.9s)
Then I should be on the latinteencash page
-&gt; done: StepDefinitions.IShouldBeOnTheSpecifiedPage("latinteencash") (0.1s)
When I enter the LatinTeenCash ccbill id
-&gt; done: HostedGalleriesManagerStepDefinitions.WhenIEnterTheSpecifiedCcbillId("LatinTeenCash") (1.6s)
Then I should be on the latinteencash page
-&gt; done: StepDefinitions.IShouldBeOnTheSpecifiedPage("latinteencash") (0.1s)
When I select the Cierra Spice latinteencash Nude site
-&gt; done: LatinTeenCashStepDefinitions.WhenISelectTheModelNameLatinteencashTypeSite("Cierra Spice", "Nude") (6.6s)
Then I should see the Cierra Spice - Nude latinteencash hosted galleries
-&gt; done: LatinTeenCashStepDefinitions.ThenIShouldSeeTheSpecifiedLatinTeenCashHostedGalleries("Cierra Spice", "Nude") (0.1s)
And I should create any new Cierra Spice latinteencash galleries
-&gt; done: LatinTeenCashStepDefinitions.ThenIShouldCreateAnyNewLatinTeenCashGalleries("Cierra Spice") (105.6s)</StdOut>
      </Output>
    </UnitTestResult>
    <UnitTestResult executionId="6031434b-e8bf-4e79-8876-3ac38f73c547" testId="9f33c672-2a2b-7ca7-eae4-406262c592bc" testName="PopulateLatinTeenCashGalleries_SelenaSpice" computerName="FIREFLY" duration="00:02:04.9619700" startTime="2012-11-20T23:45:16.1261709-05:00" endTime="2012-11-20T23:47:21.0871709-05:00" testType="13cdc9d9-ddb5-4fa4-a97d-d965ccfc6d4b" outcome="Passed" testListId="8ba83221-1a26-45ff-8a75-ce587dd12d36" relativeResultsDirectory="6031434b-e8bf-4e79-8876-3ac38f73c547">
      <Output>
        <StdOut>Given I open the latinteencash page
-&gt; done: StepDefinitions.IAmOnTheSpecifiedPage("latinteencash") (70.6s)
Then I should be on the latinteencash page
-&gt; done: StepDefinitions.IShouldBeOnTheSpecifiedPage("latinteencash") (0.1s)
When I enter the LatinTeenCash ccbill id
-&gt; done: HostedGalleriesManagerStepDefinitions.WhenIEnterTheSpecifiedCcbillId("LatinTeenCash") (1.6s)
Then I should be on the latinteencash page
-&gt; done: StepDefinitions.IShouldBeOnTheSpecifiedPage("latinteencash") (0.1s)
When I select the Selena Spice latinteencash Non-Nude site
-&gt; done: LatinTeenCashStepDefinitions.WhenISelectTheModelNameLatinteencashTypeSite("Selena Spice", "Non-Nude") (2.8s)
Then I should see the Selena Spice - Non-Nude latinteencash hosted galleries
-&gt; done: LatinTeenCashStepDefinitions.ThenIShouldSeeTheSpecifiedLatinTeenCashHostedGalleries("Selena Spice", "Non-Nude") (0.1s)
And I should create any new Selena Spice latinteencash galleries
-&gt; done: LatinTeenCashStepDefinitions.ThenIShouldCreateAnyNewLatinTeenCashGalleries("Selena Spice") (48.6s)</StdOut>
      </Output>
    </UnitTestResult>
    <UnitTestResult executionId="6f83493d-ef8a-42c8-b2ed-4d25791a3912" testId="b561c79c-303d-25b6-3666-9b140d099ec6" testName="PopulatePinkVelvetVaultGalleries_BrianaLeeOnline" computerName="FIREFLY" duration="00:01:17.2608122" startTime="2012-11-20T23:47:21.0921709-05:00" endTime="2012-11-20T23:48:38.3531709-05:00" testType="13cdc9d9-ddb5-4fa4-a97d-d965ccfc6d4b" outcome="Passed" testListId="8ba83221-1a26-45ff-8a75-ce587dd12d36" relativeResultsDirectory="6f83493d-ef8a-42c8-b2ed-4d25791a3912">
      <Output>
        <StdOut>Given I open the pinkvelvet page
-&gt; done: StepDefinitions.IAmOnTheSpecifiedPage("pinkvelvet") (73.1s)
Then I should be on the pinkvelvet page
-&gt; done: StepDefinitions.IShouldBeOnTheSpecifiedPage("pinkvelvet") (0.8s)
When I enter the PinkVelvetVault ccbill id
-&gt; done: HostedGalleriesManagerStepDefinitions.WhenIEnterTheSpecifiedCcbillId("PinkVelvetVault") (0.5s)
And I select BrianaLeeOnline from the site dropdown list
-&gt; done: HostedGalleriesManagerStepDefinitions.WhenISelectTheModelNameFromTheSiteDropdownList("BrianaLeeOnline") (0.5s)
And I select the Past Week date range
-&gt; done: HostedGalleriesManagerStepDefinitions.WhenISelectTheDateRangeDateRange("Past Week") (0.1s)
And I select the type of Pics
-&gt; done: HostedGalleriesManagerStepDefinitions.WhenISelectTheSpecifiedType("Pics") (0.2s)
And I select to display All galleries per page
-&gt; done: HostedGalleriesManagerStepDefinitions.WhenISelectToDisplaySpecifiedNumberOfGalleriesPerPage("All") (0.2s)
And I click the generate button
-&gt; done: HostedGalleriesManagerStepDefinitions.WhenIClickTheGenerateButton() (0.4s)
Then I should see the populated list of galleries
-&gt; done: HostedGalleriesManagerStepDefinitions.ThenIShouldSeeThePopulatedListOfGalleries() (0.1s)
And I should create any new Briana Lee Online pinkvelvetvault galleries
-&gt; done: PinkVelvetVaultStepDefinitions.ThenIShouldCreateAnyNewModelNamePinkvelvetvaultGalleries("Briana Lee Online") (0.0s)</StdOut>
      </Output>
    </UnitTestResult>
    <UnitTestResult executionId="893c5f09-f208-45aa-b471-5fd524ccb7b7" testId="d0390afa-4a21-297c-771f-2a8050db7de4" testName="PopulateEpicPandaCashGalleries_PartyAll_Star" computerName="FIREFLY" duration="00:01:14.0773727" startTime="2012-11-20T23:48:38.3571709-05:00" endTime="2012-11-20T23:49:52.4361709-05:00" testType="13cdc9d9-ddb5-4fa4-a97d-d965ccfc6d4b" outcome="Passed" testListId="8ba83221-1a26-45ff-8a75-ce587dd12d36" relativeResultsDirectory="893c5f09-f208-45aa-b471-5fd524ccb7b7">
      <Output>
        <StdOut>Given I open the epicpandacash page
-&gt; done: StepDefinitions.IAmOnTheSpecifiedPage("epicpandacash") (70.4s)
Then I should be on the epicpandacash page
-&gt; done: StepDefinitions.IShouldBeOnTheSpecifiedPage("epicpandacash") (0.1s)
When I select Party All-Star from the site dropdown list
-&gt; done: HostedGalleriesManagerStepDefinitions.WhenISelectTheModelNameFromTheSiteDropdownList("Party All-Star") (1.3s)
And I select the Past Week date range
-&gt; done: HostedGalleriesManagerStepDefinitions.WhenISelectTheDateRangeDateRange("Past Week") (0.1s)
And I select the type of Pics
-&gt; done: HostedGalleriesManagerStepDefinitions.WhenISelectTheSpecifiedType("Pics") (0.3s)
And I select to display All galleries per page
-&gt; done: HostedGalleriesManagerStepDefinitions.WhenISelectToDisplaySpecifiedNumberOfGalleriesPerPage("All") (0.3s)
And I click the generate button
-&gt; done: HostedGalleriesManagerStepDefinitions.WhenIClickTheGenerateButton() (0.4s)
Then I should see the populated list of galleries
-&gt; done: HostedGalleriesManagerStepDefinitions.ThenIShouldSeeThePopulatedListOfGalleries() (0.1s)
And I should create any new Party All-Star epicpandacash galleries
-&gt; done: EpicPandaCashStepDefinitions.ThenIShouldCreateAnyNewModelNameEpicpandacashGalleries("Party All-Star") (0.0s)</StdOut>
      </Output>
    </UnitTestResult>
    <UnitTestResult executionId="8c11817b-725e-4468-94ba-4cea279911db" testId="09f339eb-e1ff-0d96-dca9-6e24e2f7cfbf" testName="PopulatePinkVelvetVaultGalleries_TiffanyAlexis_Com" computerName="FIREFLY" duration="00:01:13.5907627" startTime="2012-11-20T23:49:52.4411709-05:00" endTime="2012-11-20T23:51:06.0321709-05:00" testType="13cdc9d9-ddb5-4fa4-a97d-d965ccfc6d4b" outcome="Passed" testListId="8ba83221-1a26-45ff-8a75-ce587dd12d36" relativeResultsDirectory="8c11817b-725e-4468-94ba-4cea279911db">
      <Output>
        <StdOut>Given I open the pinkvelvet page
-&gt; done: StepDefinitions.IAmOnTheSpecifiedPage("pinkvelvet") (69.1s)
Then I should be on the pinkvelvet page
-&gt; done: StepDefinitions.IShouldBeOnTheSpecifiedPage("pinkvelvet") (0.2s)
When I enter the PinkVelvetVault ccbill id
-&gt; done: HostedGalleriesManagerStepDefinitions.WhenIEnterTheSpecifiedCcbillId("PinkVelvetVault") (0.5s)
And I select TiffanyAlexis.com from the site dropdown list
-&gt; done: HostedGalleriesManagerStepDefinitions.WhenISelectTheModelNameFromTheSiteDropdownList("TiffanyAlexis.com") (1.5s)
And I select the Past Week date range
-&gt; done: HostedGalleriesManagerStepDefinitions.WhenISelectTheDateRangeDateRange("Past Week") (0.1s)
And I select the type of Pics
-&gt; done: HostedGalleriesManagerStepDefinitions.WhenISelectTheSpecifiedType("Pics") (0.3s)
And I select to display All galleries per page
-&gt; done: HostedGalleriesManagerStepDefinitions.WhenISelectToDisplaySpecifiedNumberOfGalleriesPerPage("All") (0.3s)
And I click the generate button
-&gt; done: HostedGalleriesManagerStepDefinitions.WhenIClickTheGenerateButton() (0.4s)
Then I should see the populated list of galleries
-&gt; done: HostedGalleriesManagerStepDefinitions.ThenIShouldSeeThePopulatedListOfGalleries() (0.1s)
And I should create any new Tiffany Alexis pinkvelvetvault galleries
-&gt; done: PinkVelvetVaultStepDefinitions.ThenIShouldCreateAnyNewModelNamePinkvelvetvaultGalleries("Tiffany Alexis") (0.0s)</StdOut>
      </Output>
    </UnitTestResult>
    <UnitTestResult executionId="436e2e4f-781d-43bb-9048-ed946e444612" testId="b2fe822b-5976-20eb-494c-a2e70b73f8a8" testName="PopulateBellaCashGalleries_TaliaShepard" computerName="FIREFLY" duration="00:01:32.8743552" startTime="2012-11-20T23:51:06.0371709-05:00" endTime="2012-11-20T23:52:38.9091709-05:00" testType="13cdc9d9-ddb5-4fa4-a97d-d965ccfc6d4b" outcome="Passed" testListId="8ba83221-1a26-45ff-8a75-ce587dd12d36" relativeResultsDirectory="436e2e4f-781d-43bb-9048-ed946e444612">
      <Output>
        <StdOut>Given I open the bellacash page
-&gt; done: StepDefinitions.IAmOnTheSpecifiedPage("bellacash") (71.5s)
Then I should be on the bellacash page
-&gt; done: StepDefinitions.IShouldBeOnTheSpecifiedPage("bellacash") (0.4s)
When I select the Talia Shepard bellapass paysite
-&gt; done: BellaCashStepDefinitions.WhenISelectTheSpecifiedPaysite("Talia Shepard") (0.5s)
Then I should see the Talia Shepard bellapass hosted galleries
-&gt; done: BellaCashStepDefinitions.ThenIShouldSeeTheSpecifiedHostedGalleries("Talia Shepard") (5.3s)
And I should create any new Talia Shepard bellapass galleries
-&gt; done: BellaCashStepDefinitions.ThenIShouldCreateAnyNewModelNameBellapassGalleries("Talia Shepard") (14.1s)</StdOut>
      </Output>
    </UnitTestResult>
    <UnitTestResult executionId="0d9a9fd8-907d-41a6-a1e0-76c3b53dab0a" testId="0e293ab0-9375-e2a4-2482-49fbaa7ebeb7" testName="PopulatePacinoCashGalleries_MadisonLain" computerName="FIREFLY" duration="00:01:52.3291484" startTime="2012-11-20T23:52:38.9131709-05:00" endTime="2012-11-20T23:54:31.2421709-05:00" testType="13cdc9d9-ddb5-4fa4-a97d-d965ccfc6d4b" outcome="Passed" testListId="8ba83221-1a26-45ff-8a75-ce587dd12d36" relativeResultsDirectory="0d9a9fd8-907d-41a6-a1e0-76c3b53dab0a">
      <Output>
        <StdOut>Given I open the pacinocash page
-&gt; done: StepDefinitions.IAmOnTheSpecifiedPage("pacinocash") (69.5s)
Then I should be on the pacinocash page
-&gt; done: StepDefinitions.IShouldBeOnTheSpecifiedPage("pacinocash") (0.1s)
When I enter the PacinoCash ccbill id
-&gt; done: HostedGalleriesManagerStepDefinitions.WhenIEnterTheSpecifiedCcbillId("PacinoCash") (1.0s)
Then I should be on the pacinocash page
-&gt; done: StepDefinitions.IShouldBeOnTheSpecifiedPage("pacinocash") (0.1s)
When I select the Madison Lain pacinocash Nude site
-&gt; done: PacinoCashStepDefinitions.WhenISelectTheModelNamePacinocashTypeSite("Madison Lain", "Nude") (5.7s)
Then I should see the Madison Lain - Nude pacinocash hosted galleries
-&gt; done: PacinoCashStepDefinitions.ThenIShouldSeeTheModelName_TypePacinocashHostedGalleries("Madison Lain", "Nude") (0.1s)
And I should create any new Madison Lain pacinocash galleries
-&gt; done: PacinoCashStepDefinitions.ThenIShouldCreateAnyNewModelNamePacinocashGalleries("Madison Lain") (34.7s)</StdOut>
      </Output>
    </UnitTestResult>
    <UnitTestResult executionId="a006e1ae-04c9-4b12-8db0-6078b1690c8d" testId="732e0271-3646-904e-0de5-cd01a1e05c83" testName="PopulateLatinTeenCashGalleries_KarlaSpice" computerName="FIREFLY" duration="00:09:41.5825864" startTime="2012-11-20T23:54:31.2641709-05:00" endTime="2012-11-21T00:04:12.8371709-05:00" testType="13cdc9d9-ddb5-4fa4-a97d-d965ccfc6d4b" outcome="Passed" testListId="8ba83221-1a26-45ff-8a75-ce587dd12d36" relativeResultsDirectory="a006e1ae-04c9-4b12-8db0-6078b1690c8d">
      <Output>
        <StdOut>Given I open the latinteencash page
-&gt; done: StepDefinitions.IAmOnTheSpecifiedPage("latinteencash") (74.9s)
Then I should be on the latinteencash page
-&gt; done: StepDefinitions.IShouldBeOnTheSpecifiedPage("latinteencash") (0.1s)
When I enter the LatinTeenCash ccbill id
-&gt; done: HostedGalleriesManagerStepDefinitions.WhenIEnterTheSpecifiedCcbillId("LatinTeenCash") (2.1s)
Then I should be on the latinteencash page
-&gt; done: StepDefinitions.IShouldBeOnTheSpecifiedPage("latinteencash") (0.1s)
When I select the Karla Spice latinteencash Non-Nude site
-&gt; done: LatinTeenCashStepDefinitions.WhenISelectTheModelNameLatinteencashTypeSite("Karla Spice", "Non-Nude") (0.1s)
Then I should see the Karla Spice - Non-Nude latinteencash hosted galleries
-&gt; done: LatinTeenCashStepDefinitions.ThenIShouldSeeTheSpecifiedLatinTeenCashHostedGalleries("Karla Spice", "Non-Nude") (16.3s)
And I should create any new Karla Spice latinteencash galleries
-&gt; done: LatinTeenCashStepDefinitions.ThenIShouldCreateAnyNewLatinTeenCashGalleries("Karla Spice") (486.7s)</StdOut>
      </Output>
    </UnitTestResult>
    <UnitTestResult executionId="e2c6c7c6-8173-42ac-9ace-cddae4f900fb" testId="0833e762-dd78-d87c-6052-d9944bd1c4a8" testName="PopulateEpicPandaCashGalleries_SpencerNicks" computerName="FIREFLY" duration="00:01:22.4876517" startTime="2012-11-21T00:04:12.8411709-05:00" endTime="2012-11-21T00:05:35.3381709-05:00" testType="13cdc9d9-ddb5-4fa4-a97d-d965ccfc6d4b" outcome="Passed" testListId="8ba83221-1a26-45ff-8a75-ce587dd12d36" relativeResultsDirectory="e2c6c7c6-8173-42ac-9ace-cddae4f900fb">
      <Output>
        <StdOut>Given I open the epicpandacash page
-&gt; done: StepDefinitions.IAmOnTheSpecifiedPage("epicpandacash") (76.9s)
Then I should be on the epicpandacash page
-&gt; done: StepDefinitions.IShouldBeOnTheSpecifiedPage("epicpandacash") (0.1s)
When I select Spencer Nicks from the site dropdown list
-&gt; done: HostedGalleriesManagerStepDefinitions.WhenISelectTheModelNameFromTheSiteDropdownList("Spencer Nicks") (2.6s)
And I select the Past Week date range
-&gt; done: HostedGalleriesManagerStepDefinitions.WhenISelectTheDateRangeDateRange("Past Week") (0.2s)
And I select the type of Pics
-&gt; done: HostedGalleriesManagerStepDefinitions.WhenISelectTheSpecifiedType("Pics") (0.5s)
And I select to display All galleries per page
-&gt; done: HostedGalleriesManagerStepDefinitions.WhenISelectToDisplaySpecifiedNumberOfGalleriesPerPage("All") (0.5s)
And I click the generate button
-&gt; done: HostedGalleriesManagerStepDefinitions.WhenIClickTheGenerateButton() (0.4s)
Then I should see the populated list of galleries
-&gt; done: HostedGalleriesManagerStepDefinitions.ThenIShouldSeeThePopulatedListOfGalleries() (0.1s)
And I should create any new Spencer Nicks epicpandacash galleries
-&gt; done: EpicPandaCashStepDefinitions.ThenIShouldCreateAnyNewModelNameEpicpandacashGalleries("Spencer Nicks") (0.0s)</StdOut>
      </Output>
    </UnitTestResult>
    <UnitTestResult executionId="71349d1c-9879-46f2-baa6-9c08ad891d29" testId="96545bb1-b2a0-ad54-b954-e408025e44ce" testName="PopulatePacinoCashGalleries_IvySnow" computerName="FIREFLY" duration="00:05:03.7866508" startTime="2012-11-21T00:05:35.3581709-05:00" endTime="2012-11-21T00:10:39.1461709-05:00" testType="13cdc9d9-ddb5-4fa4-a97d-d965ccfc6d4b" outcome="Passed" testListId="8ba83221-1a26-45ff-8a75-ce587dd12d36" relativeResultsDirectory="71349d1c-9879-46f2-baa6-9c08ad891d29">
      <Output>
        <StdOut>Given I open the pacinocash page
-&gt; done: StepDefinitions.IAmOnTheSpecifiedPage("pacinocash") (75.9s)
Then I should be on the pacinocash page
-&gt; done: StepDefinitions.IShouldBeOnTheSpecifiedPage("pacinocash") (0.1s)
When I enter the PacinoCash ccbill id
-&gt; done: HostedGalleriesManagerStepDefinitions.WhenIEnterTheSpecifiedCcbillId("PacinoCash") (1.7s)
Then I should be on the pacinocash page
-&gt; done: StepDefinitions.IShouldBeOnTheSpecifiedPage("pacinocash") (0.1s)
When I select the Ivy Snow pacinocash Nude site
-&gt; done: PacinoCashStepDefinitions.WhenISelectTheModelNamePacinocashTypeSite("Ivy Snow", "Nude") (0.1s)
Then I should see the Ivy Snow - Nude pacinocash hosted galleries
-&gt; done: PacinoCashStepDefinitions.ThenIShouldSeeTheModelName_TypePacinocashHostedGalleries("Ivy Snow", "Nude") (22.3s)
And I should create any new Ivy Snow pacinocash galleries
-&gt; done: PacinoCashStepDefinitions.ThenIShouldCreateAnyNewModelNamePacinocashGalleries("Ivy Snow") (201.7s)</StdOut>
      </Output>
    </UnitTestResult>
    <UnitTestResult executionId="4347aaeb-ee8c-45a3-a681-630fcbc6e0eb" testId="9b8a8829-6f71-8101-2626-855991eddcfc" testName="PopulatePinkVelvetVaultGalleries_MeetMadden_Com" computerName="FIREFLY" duration="00:01:22.4708254" startTime="2012-11-21T00:10:39.1521709-05:00" endTime="2012-11-21T00:12:01.6421709-05:00" testType="13cdc9d9-ddb5-4fa4-a97d-d965ccfc6d4b" outcome="Passed" testListId="8ba83221-1a26-45ff-8a75-ce587dd12d36" relativeResultsDirectory="4347aaeb-ee8c-45a3-a681-630fcbc6e0eb">
      <Output>
        <StdOut>Given I open the pinkvelvet page
-&gt; done: StepDefinitions.IAmOnTheSpecifiedPage("pinkvelvet") (76.2s)
Then I should be on the pinkvelvet page
-&gt; done: StepDefinitions.IShouldBeOnTheSpecifiedPage("pinkvelvet") (0.2s)
When I enter the PinkVelvetVault ccbill id
-&gt; done: HostedGalleriesManagerStepDefinitions.WhenIEnterTheSpecifiedCcbillId("PinkVelvetVault") (0.9s)
And I select MeetMadden.com from the site dropdown list
-&gt; done: HostedGalleriesManagerStepDefinitions.WhenISelectTheModelNameFromTheSiteDropdownList("MeetMadden.com") (1.8s)
And I select the Past Week date range
-&gt; done: HostedGalleriesManagerStepDefinitions.WhenISelectTheDateRangeDateRange("Past Week") (0.2s)
And I select the type of Pics
-&gt; done: HostedGalleriesManagerStepDefinitions.WhenISelectTheSpecifiedType("Pics") (0.5s)
And I select to display All galleries per page
-&gt; done: HostedGalleriesManagerStepDefinitions.WhenISelectToDisplaySpecifiedNumberOfGalleriesPerPage("All") (0.4s)
And I click the generate button
-&gt; done: HostedGalleriesManagerStepDefinitions.WhenIClickTheGenerateButton() (0.5s)
Then I should see the populated list of galleries
-&gt; done: HostedGalleriesManagerStepDefinitions.ThenIShouldSeeThePopulatedListOfGalleries() (0.1s)
And I should create any new Meet Madden pinkvelvetvault galleries
-&gt; done: PinkVelvetVaultStepDefinitions.ThenIShouldCreateAnyNewModelNamePinkvelvetvaultGalleries("Meet Madden") (0.4s)</StdOut>
      </Output>
    </UnitTestResult>
    <UnitTestResult executionId="b5c85e89-41e0-4aa7-bdda-2c43c80df7a1" testId="64a7a8aa-d2a3-43db-0a19-db0baa07537e" testName="PopulateJewelsGoldGalleries" computerName="FIREFLY" duration="00:01:31.8802143" startTime="2012-11-21T00:12:01.6651709-05:00" endTime="2012-11-21T00:13:33.5521709-05:00" testType="13cdc9d9-ddb5-4fa4-a97d-d965ccfc6d4b" outcome="Passed" testListId="8ba83221-1a26-45ff-8a75-ce587dd12d36" relativeResultsDirectory="b5c85e89-41e0-4aa7-bdda-2c43c80df7a1">
      <Output>
        <StdOut>Given I open the jewelsgold page
-&gt; done: StepDefinitions.IAmOnTheSpecifiedPage("jewelsgold") (76.9s)
Then I should be on the jewelsgold page
-&gt; done: StepDefinitions.IShouldBeOnTheSpecifiedPage("jewelsgold") (0.1s)
When I enter the JewelsGold ccbill id
-&gt; done: HostedGalleriesManagerStepDefinitions.WhenIEnterTheSpecifiedCcbillId("JewelsGold") (2.2s)
Then I should create any new JewelsGold galleries
-&gt; done: JewelsGoldStepDefinitions.ThenIShouldCreateAnyNewJewelsgoldGalleries() (11.4s)</StdOut>
      </Output>
    </UnitTestResult>
    <UnitTestResult executionId="3f58a395-dc0e-41b6-ab90-62dc7a2b2072" testId="eb9b8e2b-e634-3f71-8b78-2aca84a14cf3" testName="PopulateEpicPandaCashGalleries_BaileyKnox" computerName="FIREFLY" duration="00:01:19.7890335" startTime="2012-11-21T00:13:33.5761709-05:00" endTime="2012-11-21T00:14:53.3671709-05:00" testType="13cdc9d9-ddb5-4fa4-a97d-d965ccfc6d4b" outcome="Passed" testListId="8ba83221-1a26-45ff-8a75-ce587dd12d36" relativeResultsDirectory="3f58a395-dc0e-41b6-ab90-62dc7a2b2072">
      <Output>
        <StdOut>Given I open the epicpandacash page
-&gt; done: StepDefinitions.IAmOnTheSpecifiedPage("epicpandacash") (75.0s)
Then I should be on the epicpandacash page
-&gt; done: StepDefinitions.IShouldBeOnTheSpecifiedPage("epicpandacash") (0.1s)
When I select Bailey Knox from the site dropdown list
-&gt; done: HostedGalleriesManagerStepDefinitions.WhenISelectTheModelNameFromTheSiteDropdownList("Bailey Knox") (1.4s)
And I select the Past Week date range
-&gt; done: HostedGalleriesManagerStepDefinitions.WhenISelectTheDateRangeDateRange("Past Week") (0.1s)
And I select the type of Pics
-&gt; done: HostedGalleriesManagerStepDefinitions.WhenISelectTheSpecifiedType("Pics") (0.5s)
And I select to display All galleries per page
-&gt; done: HostedGalleriesManagerStepDefinitions.WhenISelectToDisplaySpecifiedNumberOfGalleriesPerPage("All") (0.5s)
And I click the generate button
-&gt; done: HostedGalleriesManagerStepDefinitions.WhenIClickTheGenerateButton() (0.5s)
Then I should see the populated list of galleries
-&gt; done: HostedGalleriesManagerStepDefinitions.ThenIShouldSeeThePopulatedListOfGalleries() (0.1s)
And I should create any new Bailey Knox epicpandacash galleries
-&gt; done: EpicPandaCashStepDefinitions.ThenIShouldCreateAnyNewModelNameEpicpandacashGalleries("Bailey Knox") (0.0s)</StdOut>
      </Output>
    </UnitTestResult>
    <UnitTestResult executionId="45046dc5-f160-4054-b764-94ac56302eac" testId="a54bbd81-de28-c5a1-9d12-ca028d3f093b" testName="PopulateLatinTeenCashGalleries_GigiSpice" computerName="FIREFLY" duration="00:04:09.9115949" startTime="2012-11-21T00:14:53.3761709-05:00" endTime="2012-11-21T00:19:03.2991709-05:00" testType="13cdc9d9-ddb5-4fa4-a97d-d965ccfc6d4b" outcome="Passed" testListId="8ba83221-1a26-45ff-8a75-ce587dd12d36" relativeResultsDirectory="45046dc5-f160-4054-b764-94ac56302eac">
      <Output>
        <StdOut>Given I open the latinteencash page
-&gt; done: StepDefinitions.IAmOnTheSpecifiedPage("latinteencash") (76.0s)
Then I should be on the latinteencash page
-&gt; done: StepDefinitions.IShouldBeOnTheSpecifiedPage("latinteencash") (0.1s)
When I enter the LatinTeenCash ccbill id
-&gt; done: HostedGalleriesManagerStepDefinitions.WhenIEnterTheSpecifiedCcbillId("LatinTeenCash") (2.1s)
Then I should be on the latinteencash page
-&gt; done: StepDefinitions.IShouldBeOnTheSpecifiedPage("latinteencash") (0.1s)
When I select the Gigi Spice latinteencash Nude site
-&gt; done: LatinTeenCashStepDefinitions.WhenISelectTheModelNameLatinteencashTypeSite("Gigi Spice", "Nude") (9.4s)
Then I should see the Gigi Spice - Nude latinteencash hosted galleries
-&gt; done: LatinTeenCashStepDefinitions.ThenIShouldSeeTheSpecifiedLatinTeenCashHostedGalleries("Gigi Spice", "Nude") (0.1s)
And I should create any new Gigi Spice latinteencash galleries
-&gt; done: LatinTeenCashStepDefinitions.ThenIShouldCreateAnyNewLatinTeenCashGalleries("Gigi Spice") (160.4s)</StdOut>
      </Output>
    </UnitTestResult>
    <UnitTestResult executionId="dceeb8e4-cb21-4903-9de0-09dcc3b11691" testId="b4f0a9e8-5d81-3545-39ca-78302cfc2e4c" testName="PopulatePinkVelvetVaultGalleries_Sockblocked_Com" computerName="FIREFLY" duration="00:01:24.1228956" startTime="2012-11-21T00:19:03.3141709-05:00" endTime="2012-11-21T00:20:27.4401709-05:00" testType="13cdc9d9-ddb5-4fa4-a97d-d965ccfc6d4b" outcome="Passed" testListId="8ba83221-1a26-45ff-8a75-ce587dd12d36" relativeResultsDirectory="dceeb8e4-cb21-4903-9de0-09dcc3b11691">
      <Output>
        <StdOut>Given I open the pinkvelvet page
-&gt; done: StepDefinitions.IAmOnTheSpecifiedPage("pinkvelvet") (76.7s)
Then I should be on the pinkvelvet page
-&gt; done: StepDefinitions.IShouldBeOnTheSpecifiedPage("pinkvelvet") (0.3s)
When I enter the PinkVelvetVault ccbill id
-&gt; done: HostedGalleriesManagerStepDefinitions.WhenIEnterTheSpecifiedCcbillId("PinkVelvetVault") (0.9s)
And I select Sockblocked.com from the site dropdown list
-&gt; done: HostedGalleriesManagerStepDefinitions.WhenISelectTheModelNameFromTheSiteDropdownList("Sockblocked.com") (2.8s)
And I select the Past Week date range
-&gt; done: HostedGalleriesManagerStepDefinitions.WhenISelectTheDateRangeDateRange("Past Week") (0.1s)
And I select the type of Pics
-&gt; done: HostedGalleriesManagerStepDefinitions.WhenISelectTheSpecifiedType("Pics") (0.5s)
And I select to display All galleries per page
-&gt; done: HostedGalleriesManagerStepDefinitions.WhenISelectToDisplaySpecifiedNumberOfGalleriesPerPage("All") (0.4s)
And I click the generate button
-&gt; done: HostedGalleriesManagerStepDefinitions.WhenIClickTheGenerateButton() (0.5s)
Then I should see the populated list of galleries
-&gt; done: HostedGalleriesManagerStepDefinitions.ThenIShouldSeeThePopulatedListOfGalleries() (0.1s)
And I should create any new Sock Blocked pinkvelvetvault galleries
-&gt; done: PinkVelvetVaultStepDefinitions.ThenIShouldCreateAnyNewModelNamePinkvelvetvaultGalleries("Sock Blocked") (0.1s)</StdOut>
      </Output>
    </UnitTestResult>
    <UnitTestResult executionId="1714bb39-e585-48b9-8952-325541980358" testId="faee341e-3298-bbd5-13d9-4d169a7040ed" testName="PopulatePinkVelvetVaultGalleries_KendraRain_Com" computerName="FIREFLY" duration="00:01:21.0510747" startTime="2012-11-21T00:20:27.4971709-05:00" endTime="2012-11-21T00:21:48.5511709-05:00" testType="13cdc9d9-ddb5-4fa4-a97d-d965ccfc6d4b" outcome="Passed" testListId="8ba83221-1a26-45ff-8a75-ce587dd12d36" relativeResultsDirectory="1714bb39-e585-48b9-8952-325541980358">
      <Output>
        <StdOut>Given I open the pinkvelvet page
-&gt; done: StepDefinitions.IAmOnTheSpecifiedPage("pinkvelvet") (74.6s)
Then I should be on the pinkvelvet page
-&gt; done: StepDefinitions.IShouldBeOnTheSpecifiedPage("pinkvelvet") (0.6s)
When I enter the PinkVelvetVault ccbill id
-&gt; done: HostedGalleriesManagerStepDefinitions.WhenIEnterTheSpecifiedCcbillId("PinkVelvetVault") (0.8s)
And I select KendraRain.com from the site dropdown list
-&gt; done: HostedGalleriesManagerStepDefinitions.WhenISelectTheModelNameFromTheSiteDropdownList("KendraRain.com") (1.3s)
And I select the Past Week date range
-&gt; done: HostedGalleriesManagerStepDefinitions.WhenISelectTheDateRangeDateRange("Past Week") (0.1s)
And I select the type of Pics
-&gt; done: HostedGalleriesManagerStepDefinitions.WhenISelectTheSpecifiedType("Pics") (0.5s)
And I select to display All galleries per page
-&gt; done: HostedGalleriesManagerStepDefinitions.WhenISelectToDisplaySpecifiedNumberOfGalleriesPerPage("All") (0.4s)
And I click the generate button
-&gt; done: HostedGalleriesManagerStepDefinitions.WhenIClickTheGenerateButton() (0.5s)
Then I should see the populated list of galleries
-&gt; done: HostedGalleriesManagerStepDefinitions.ThenIShouldSeeThePopulatedListOfGalleries() (0.1s)
And I should create any new Kendra Rain pinkvelvetvault galleries
-&gt; done: PinkVelvetVaultStepDefinitions.ThenIShouldCreateAnyNewModelNamePinkvelvetvaultGalleries("Kendra Rain") (0.4s)</StdOut>
      </Output>
    </UnitTestResult>
    <UnitTestResult executionId="c3f1a017-930c-46e9-817f-7494ef2d8246" testId="d4651545-402e-63fd-5727-2f619b78f07c" testName="PopulateZellysCashGalleries_BluEyedCass" computerName="FIREFLY" duration="00:07:17.9933894" startTime="2012-11-21T00:21:48.5611709-05:00" endTime="2012-11-21T00:29:06.5511709-05:00" testType="13cdc9d9-ddb5-4fa4-a97d-d965ccfc6d4b" outcome="Failed" testListId="8ba83221-1a26-45ff-8a75-ce587dd12d36" relativeResultsDirectory="c3f1a017-930c-46e9-817f-7494ef2d8246">
      <Output>
        <StdOut>Given I open the zellyscash page
-&gt; done: StepDefinitions.IAmOnTheSpecifiedPage("zellyscash") (75.1s)
Then I should be on the zellyscash page
-&gt; done: StepDefinitions.IShouldBeOnTheSpecifiedPage("zellyscash") (0.1s)
When I select the BluEyedCass zellyscash paysite
-&gt; done: ZellysCashStepDefinitions.WhenISelectTheSpecifiedZellysPaysite("BluEyedCass") (0.9s)
Then I should see the BluEyedCass zellyscash hosted galleries
-&gt; done: ZellysCashStepDefinitions.ThenIShouldSeeTheSpecifiedZellysHostedGalleries("BluEyedCass") (4.8s)
And I should create any new BluEyedCass zellyscash galleries
-&gt; error: Unable to locate element: {"method":"xpath","selector":"//form[2]/table/tbody/tr[2]/td/table/tbody/tr[185]/td[3]"}</StdOut>
        <ErrorInfo>
          <Message>Test method PornCantina.UIAutomation.Scenarios.ZellysCashFeature.PopulateZellysCashGalleries_BluEyedCass threw exception: 
OpenQA.Selenium.NoSuchElementException: Unable to locate element: {"method":"xpath","selector":"//form[2]/table/tbody/tr[2]/td/table/tbody/tr[185]/td[3]"}</Message>
          <StackTrace>    at OpenQA.Selenium.Remote.RemoteWebDriver.UnpackAndThrowOnError(Response errorResponse)
   at OpenQA.Selenium.Remote.RemoteWebDriver.Execute(String driverCommandToExecute, Dictionary`2 parameters)
   at OpenQA.Selenium.Remote.RemoteWebDriver.FindElement(String mechanism, String value)
   at OpenQA.Selenium.Remote.RemoteWebDriver.FindElementByXPath(String xpath)
   at OpenQA.Selenium.By.&lt;&gt;c__DisplayClasse.&lt;XPath&gt;b__c(ISearchContext context)
   at OpenQA.Selenium.By.FindElement(ISearchContext context)
   at OpenQA.Selenium.Remote.RemoteWebDriver.FindElement(By by)
   at AutomationFramework.BrowserHelper.GetElementByXPath(IWebDriver driver, String locator, String additionalLocatorPath) in C:\Users\TMacBlane\Documents\DevelopmentProjects\AutomationFramework\Classes\BrowserHelper.cs:line 106
   at AutomationFramework.BrowserHelper.GetElement(IWebDriver driver, String locator, String additionalLocatorPath) in C:\Users\TMacBlane\Documents\DevelopmentProjects\AutomationFramework\Classes\BrowserHelper.cs:line 25
   at AutomationFramework.WebBrowser.GetText(String locator, String additionalLocatorPath) in C:\Users\TMacBlane\Documents\DevelopmentProjects\AutomationFramework\Classes\WebBrowser.cs:line 154
   at AutomationFramework.PageElementExtensions.GetText(IPageElement element, String additionalLocator) in C:\Users\TMacBlane\Documents\DevelopmentProjects\AutomationFramework\Classes\PageElementExtensions.cs:line 81
   at PornCantina.UIAutomation.StepDefinitions.ZellysCashStepDefinitions.ThenIShouldCreateAnyNewModelNameZellysGalleries(String modelName) in C:\Users\TMacBlane\Documents\DevelopmentProjects\PornCantina.UIAutomation\StepDefinitions\ZellysCashStepDefinitions.cs:line 120
   at lambda_method(Closure , IContextManager , String )
   at TechTalk.SpecFlow.Bindings.BindingInvoker.InvokeBinding(IBinding binding, IContextManager contextManager, Object[] arguments, ITestTracer testTracer, TimeSpan&amp; duration)
   at TechTalk.SpecFlow.Infrastructure.TestExecutionEngine.ExecuteStepMatch(BindingMatch match, Object[] arguments)
   at TechTalk.SpecFlow.Infrastructure.TestExecutionEngine.ExecuteStep(StepInstance stepInstance)
   at TechTalk.SpecFlow.Infrastructure.TestExecutionEngine.OnAfterLastStep()
   at TechTalk.SpecFlow.TestRunner.CollectScenarioErrors()
   at PornCantina.UIAutomation.Scenarios.ZellysCashFeature.ScenarioCleanup() in C:\Users\TMacBlane\Documents\DevelopmentProjects\PornCantina.UIAutomation\Scenarios\ZellysCash.feature.cs:line 0
   at PornCantina.UIAutomation.Scenarios.ZellysCashFeature.PopulateZellysCashGalleries(String modelName, String[] exampleTags) in c:\Users\TMacBlane\Documents\DevelopmentProjects\PornCantina.UIAutomation\Scenarios\ZellysCash.feature:line 10
   at PornCantina.UIAutomation.Scenarios.ZellysCashFeature.PopulateZellysCashGalleries_BluEyedCass() in C:\Users\TMacBlane\Documents\DevelopmentProjects\PornCantina.UIAutomation\Scenarios\ZellysCash.feature.cs:line 0
</StackTrace>
        </ErrorInfo>
      </Output>
    </UnitTestResult>
    <UnitTestResult executionId="5a7cbe57-a8a1-4b62-95ba-58862c80f662" testId="5264e98b-d59f-ee56-149b-fc83642626d4" testName="PopulateLatinTeenCashGalleries_PacinosAdventures" computerName="FIREFLY" duration="00:10:26.7217751" startTime="2012-11-21T00:29:06.5871709-05:00" endTime="2012-11-21T00:39:33.2961709-05:00" testType="13cdc9d9-ddb5-4fa4-a97d-d965ccfc6d4b" outcome="Passed" testListId="8ba83221-1a26-45ff-8a75-ce587dd12d36" relativeResultsDirectory="5a7cbe57-a8a1-4b62-95ba-58862c80f662">
      <Output>
        <StdOut>Given I open the latinteencash page
-&gt; done: StepDefinitions.IAmOnTheSpecifiedPage("latinteencash") (75.6s)
Then I should be on the latinteencash page
-&gt; done: StepDefinitions.IShouldBeOnTheSpecifiedPage("latinteencash") (0.1s)
When I enter the LatinTeenCash ccbill id
-&gt; done: HostedGalleriesManagerStepDefinitions.WhenIEnterTheSpecifiedCcbillId("LatinTeenCash") (2.0s)
Then I should be on the latinteencash page
-&gt; done: StepDefinitions.IShouldBeOnTheSpecifiedPage("latinteencash") (0.1s)
When I select the Pacinos Adventures latinteencash Nude site
-&gt; done: LatinTeenCashStepDefinitions.WhenISelectTheModelNameLatinteencashTypeSite("Pacinos Adventures", "Nude") (0.1s)
Then I should see the Pacinos Adventures - Nude latinteencash hosted galleries
-&gt; done: LatinTeenCashStepDefinitions.ThenIShouldSeeTheSpecifiedLatinTeenCashHostedGalleries("Pacinos Adventures", "Nude") (33.2s)
And I should create any new Pacinos Adventures latinteencash galleries
-&gt; done: LatinTeenCashStepDefinitions.ThenIShouldCreateAnyNewLatinTeenCashGalleries("Pacinos Adventures") (513.7s)</StdOut>
      </Output>
    </UnitTestResult>
    <UnitTestResult executionId="20b2b37b-6a82-4769-a32d-6b9110b77fe6" testId="1fc74d3e-f8b6-d564-aca5-16763c6dfeac" testName="PopulateLatinTeenCashGalleries_PacinosWorld" computerName="FIREFLY" duration="00:04:17.7071129" startTime="2012-11-21T00:39:33.3271709-05:00" endTime="2012-11-21T00:43:51.0291709-05:00" testType="13cdc9d9-ddb5-4fa4-a97d-d965ccfc6d4b" outcome="Passed" testListId="8ba83221-1a26-45ff-8a75-ce587dd12d36" relativeResultsDirectory="20b2b37b-6a82-4769-a32d-6b9110b77fe6">
      <Output>
        <StdOut>Given I open the latinteencash page
-&gt; done: StepDefinitions.IAmOnTheSpecifiedPage("latinteencash") (76.1s)
Then I should be on the latinteencash page
-&gt; done: StepDefinitions.IShouldBeOnTheSpecifiedPage("latinteencash") (0.1s)
When I enter the LatinTeenCash ccbill id
-&gt; done: HostedGalleriesManagerStepDefinitions.WhenIEnterTheSpecifiedCcbillId("LatinTeenCash") (2.0s)
Then I should be on the latinteencash page
-&gt; done: StepDefinitions.IShouldBeOnTheSpecifiedPage("latinteencash") (0.1s)
When I select the Pacinos World latinteencash Nude site
-&gt; done: LatinTeenCashStepDefinitions.WhenISelectTheModelNameLatinteencashTypeSite("Pacinos World", "Nude") (0.1s)
Then I should see the Pacinos World - Nude latinteencash hosted galleries
-&gt; done: LatinTeenCashStepDefinitions.ThenIShouldSeeTheSpecifiedLatinTeenCashHostedGalleries("Pacinos World", "Nude") (8.6s)
And I should create any new Pacinos World latinteencash galleries
-&gt; done: LatinTeenCashStepDefinitions.ThenIShouldCreateAnyNewLatinTeenCashGalleries("Pacinos World") (169.4s)</StdOut>
      </Output>
    </UnitTestResult>
    <UnitTestResult executionId="0729911c-cc08-4bab-a297-2dcc48850dc5" testId="efe8e8c2-3563-b091-1ee4-879573922381" testName="PopulateZellysCashGalleries_Zellys_Com" computerName="FIREFLY" duration="00:07:12.1872436" startTime="2012-11-21T00:43:51.0521709-05:00" endTime="2012-11-21T00:51:03.2211709-05:00" testType="13cdc9d9-ddb5-4fa4-a97d-d965ccfc6d4b" outcome="Passed" testListId="8ba83221-1a26-45ff-8a75-ce587dd12d36" relativeResultsDirectory="0729911c-cc08-4bab-a297-2dcc48850dc5">
      <Output>
        <StdOut>Given I open the zellyscash page
-&gt; done: StepDefinitions.IAmOnTheSpecifiedPage("zellyscash") (77.6s)
Then I should be on the zellyscash page
-&gt; done: StepDefinitions.IShouldBeOnTheSpecifiedPage("zellyscash") (0.1s)
When I select the Zellys.com zellyscash paysite
-&gt; done: ZellysCashStepDefinitions.WhenISelectTheSpecifiedZellysPaysite("Zellys.com") (0.9s)
Then I should see the Zellys.com zellyscash hosted galleries
-&gt; done: ZellysCashStepDefinitions.ThenIShouldSeeTheSpecifiedZellysHostedGalleries("Zellys.com") (6.4s)
And I should create any new Zellys.com zellyscash galleries
-&gt; done: ZellysCashStepDefinitions.ThenIShouldCreateAnyNewModelNameZellysGalleries("Zellys.com") (345.8s)</StdOut>
      </Output>
    </UnitTestResult>
    <UnitTestResult executionId="bc28338b-a5d9-4bcb-b16b-8c9bd933a7cd" testId="ef5d542a-b37f-13af-ab00-4285784f3377" testName="PopulateLatinTeenCashGalleries_SpiceTwins" computerName="FIREFLY" duration="00:03:26.1496512" startTime="2012-11-21T00:51:03.2461709-05:00" endTime="2012-11-21T00:54:29.3911709-05:00" testType="13cdc9d9-ddb5-4fa4-a97d-d965ccfc6d4b" outcome="Passed" testListId="8ba83221-1a26-45ff-8a75-ce587dd12d36" relativeResultsDirectory="bc28338b-a5d9-4bcb-b16b-8c9bd933a7cd">
      <Output>
        <StdOut>Given I open the latinteencash page
-&gt; done: StepDefinitions.IAmOnTheSpecifiedPage("latinteencash") (77.1s)
Then I should be on the latinteencash page
-&gt; done: StepDefinitions.IShouldBeOnTheSpecifiedPage("latinteencash") (0.1s)
When I enter the LatinTeenCash ccbill id
-&gt; done: HostedGalleriesManagerStepDefinitions.WhenIEnterTheSpecifiedCcbillId("LatinTeenCash") (2.1s)
Then I should be on the latinteencash page
-&gt; done: StepDefinitions.IShouldBeOnTheSpecifiedPage("latinteencash") (0.1s)
When I select the Spice Twins latinteencash Non-Nude site
-&gt; done: LatinTeenCashStepDefinitions.WhenISelectTheModelNameLatinteencashTypeSite("Spice Twins", "Non-Nude") (0.1s)
Then I should see the Spice Twins - Non-Nude latinteencash hosted galleries
-&gt; done: LatinTeenCashStepDefinitions.ThenIShouldSeeTheSpecifiedLatinTeenCashHostedGalleries("Spice Twins", "Non-Nude") (6.1s)
And I should create any new Spice Twins latinteencash galleries
-&gt; done: LatinTeenCashStepDefinitions.ThenIShouldCreateAnyNewLatinTeenCashGalleries("Spice Twins") (118.9s)</StdOut>
      </Output>
    </UnitTestResult>
    <UnitTestResult executionId="0bbedc90-3bb0-45fe-a3b1-26181a29be4f" testId="e1e0aada-64a3-6d63-9035-77bad23b408c" testName="PopulateEpicPandaCashGalleries_CarlottaChampagne" computerName="FIREFLY" duration="00:01:21.7858987" startTime="2012-11-21T00:54:29.4651709-05:00" endTime="2012-11-21T00:55:51.2541709-05:00" testType="13cdc9d9-ddb5-4fa4-a97d-d965ccfc6d4b" outcome="Passed" testListId="8ba83221-1a26-45ff-8a75-ce587dd12d36" relativeResultsDirectory="0bbedc90-3bb0-45fe-a3b1-26181a29be4f">
      <Output>
        <StdOut>Given I open the epicpandacash page
-&gt; done: StepDefinitions.IAmOnTheSpecifiedPage("epicpandacash") (76.5s)
Then I should be on the epicpandacash page
-&gt; done: StepDefinitions.IShouldBeOnTheSpecifiedPage("epicpandacash") (0.1s)
When I select Carlotta Champagne from the site dropdown list
-&gt; done: HostedGalleriesManagerStepDefinitions.WhenISelectTheModelNameFromTheSiteDropdownList("Carlotta Champagne") (1.7s)
And I select the Past Week date range
-&gt; done: HostedGalleriesManagerStepDefinitions.WhenISelectTheDateRangeDateRange("Past Week") (0.2s)
And I select the type of Pics
-&gt; done: HostedGalleriesManagerStepDefinitions.WhenISelectTheSpecifiedType("Pics") (0.5s)
And I select to display All galleries per page
-&gt; done: HostedGalleriesManagerStepDefinitions.WhenISelectToDisplaySpecifiedNumberOfGalleriesPerPage("All") (0.5s)
And I click the generate button
-&gt; done: HostedGalleriesManagerStepDefinitions.WhenIClickTheGenerateButton() (0.5s)
Then I should see the populated list of galleries
-&gt; done: HostedGalleriesManagerStepDefinitions.ThenIShouldSeeThePopulatedListOfGalleries() (0.1s)
And I should create any new Carlotta Champagne epicpandacash galleries
-&gt; done: EpicPandaCashStepDefinitions.ThenIShouldCreateAnyNewModelNameEpicpandacashGalleries("Carlotta Champagne") (0.1s)</StdOut>
      </Output>
    </UnitTestResult>
    <UnitTestResult executionId="488acac3-b038-4e20-9d17-5dad3d34bbd7" testId="77113a8f-62ef-a696-16b0-d2a18a7d4895" testName="PopulatePacinoCashGalleries_TaylorLain" computerName="FIREFLY" duration="00:03:44.5677396" startTime="2012-11-21T00:55:51.2641709-05:00" endTime="2012-11-21T00:59:35.8431709-05:00" testType="13cdc9d9-ddb5-4fa4-a97d-d965ccfc6d4b" outcome="Passed" testListId="8ba83221-1a26-45ff-8a75-ce587dd12d36" relativeResultsDirectory="488acac3-b038-4e20-9d17-5dad3d34bbd7">
      <Output>
        <StdOut>Given I open the pacinocash page
-&gt; done: StepDefinitions.IAmOnTheSpecifiedPage("pacinocash") (75.2s)
Then I should be on the pacinocash page
-&gt; done: StepDefinitions.IShouldBeOnTheSpecifiedPage("pacinocash") (0.1s)
When I enter the PacinoCash ccbill id
-&gt; done: HostedGalleriesManagerStepDefinitions.WhenIEnterTheSpecifiedCcbillId("PacinoCash") (1.6s)
Then I should be on the pacinocash page
-&gt; done: StepDefinitions.IShouldBeOnTheSpecifiedPage("pacinocash") (0.1s)
When I select the Taylor Lain pacinocash Nude site
-&gt; done: PacinoCashStepDefinitions.WhenISelectTheModelNamePacinocashTypeSite("Taylor Lain", "Nude") (10.3s)
Then I should see the Taylor Lain - Nude pacinocash hosted galleries
-&gt; done: PacinoCashStepDefinitions.ThenIShouldSeeTheModelName_TypePacinocashHostedGalleries("Taylor Lain", "Nude") (0.1s)
And I should create any new Taylor Lain pacinocash galleries
-&gt; done: PacinoCashStepDefinitions.ThenIShouldCreateAnyNewModelNamePacinocashGalleries("Taylor Lain") (135.9s)</StdOut>
      </Output>
    </UnitTestResult>
    <UnitTestResult executionId="fc87d9f2-25cf-4c11-b479-0c9e083e9874" testId="4cbca76b-5162-199c-dd79-ce8dc44ed77b" testName="PopulatePinkVelvetVaultGalleries_Nikkisplaymates_Com" computerName="FIREFLY" duration="00:01:22.3971228" startTime="2012-11-21T00:59:35.8601709-05:00" endTime="2012-11-21T01:00:58.2751709-05:00" testType="13cdc9d9-ddb5-4fa4-a97d-d965ccfc6d4b" outcome="Passed" testListId="8ba83221-1a26-45ff-8a75-ce587dd12d36" relativeResultsDirectory="fc87d9f2-25cf-4c11-b479-0c9e083e9874">
      <Output>
        <StdOut>Given I open the pinkvelvet page
-&gt; done: StepDefinitions.IAmOnTheSpecifiedPage("pinkvelvet") (76.4s)
Then I should be on the pinkvelvet page
-&gt; done: StepDefinitions.IShouldBeOnTheSpecifiedPage("pinkvelvet") (0.2s)
When I enter the PinkVelvetVault ccbill id
-&gt; done: HostedGalleriesManagerStepDefinitions.WhenIEnterTheSpecifiedCcbillId("PinkVelvetVault") (0.7s)
And I select Nikkisplaymates.com from the site dropdown list
-&gt; done: HostedGalleriesManagerStepDefinitions.WhenISelectTheModelNameFromTheSiteDropdownList("Nikkisplaymates.com") (1.9s)
And I select the Past Week date range
-&gt; done: HostedGalleriesManagerStepDefinitions.WhenISelectTheDateRangeDateRange("Past Week") (0.1s)
And I select the type of Pics
-&gt; done: HostedGalleriesManagerStepDefinitions.WhenISelectTheSpecifiedType("Pics") (0.5s)
And I select to display All galleries per page
-&gt; done: HostedGalleriesManagerStepDefinitions.WhenISelectToDisplaySpecifiedNumberOfGalleriesPerPage("All") (0.4s)
And I click the generate button
-&gt; done: HostedGalleriesManagerStepDefinitions.WhenIClickTheGenerateButton() (0.5s)
Then I should see the populated list of galleries
-&gt; done: HostedGalleriesManagerStepDefinitions.ThenIShouldSeeThePopulatedListOfGalleries() (0.1s)
And I should create any new Nikkis Sims pinkvelvetvault galleries
-&gt; done: PinkVelvetVaultStepDefinitions.ThenIShouldCreateAnyNewModelNamePinkvelvetvaultGalleries("Nikkis Sims") (0.4s)</StdOut>
      </Output>
    </UnitTestResult>
    <UnitTestResult executionId="b3b34580-909c-4a35-a972-4bd3238f4ae6" testId="6af92fa9-0ccf-8383-ab91-02e618ce084c" testName="PopulateBellaCashGalleries_MonroeLee" computerName="FIREFLY" duration="00:01:55.8990189" startTime="2012-11-21T01:00:58.2831709-05:00" endTime="2012-11-21T01:02:54.1981709-05:00" testType="13cdc9d9-ddb5-4fa4-a97d-d965ccfc6d4b" outcome="Passed" testListId="8ba83221-1a26-45ff-8a75-ce587dd12d36" relativeResultsDirectory="b3b34580-909c-4a35-a972-4bd3238f4ae6">
      <Output>
        <StdOut>Given I open the bellacash page
-&gt; done: StepDefinitions.IAmOnTheSpecifiedPage("bellacash") (76.9s)
Then I should be on the bellacash page
-&gt; done: StepDefinitions.IShouldBeOnTheSpecifiedPage("bellacash") (0.4s)
When I select the Monroe Lee bellapass paysite
-&gt; done: BellaCashStepDefinitions.WhenISelectTheSpecifiedPaysite("Monroe Lee") (0.9s)
Then I should see the Monroe Lee bellapass hosted galleries
-&gt; done: BellaCashStepDefinitions.ThenIShouldSeeTheSpecifiedHostedGalleries("Monroe Lee") (4.4s)
And I should create any new Monroe Lee bellapass galleries
-&gt; done: BellaCashStepDefinitions.ThenIShouldCreateAnyNewModelNameBellapassGalleries("Monroe Lee") (31.6s)</StdOut>
      </Output>
    </UnitTestResult>
    <UnitTestResult executionId="2513ae68-e4b8-45ff-8b37-aafc2b908008" testId="56f54296-15ab-8819-79de-9cb8a298433f" testName="PopulateMinxManiaGalleries" computerName="FIREFLY" duration="00:01:22.3360851" startTime="2012-11-21T01:02:54.2041709-05:00" endTime="2012-11-21T01:04:16.6131709-05:00" testType="13cdc9d9-ddb5-4fa4-a97d-d965ccfc6d4b" outcome="Passed" testListId="8ba83221-1a26-45ff-8a75-ce587dd12d36" relativeResultsDirectory="2513ae68-e4b8-45ff-8b37-aafc2b908008">
      <Output>
        <StdOut>Given I open the minx mafia page
-&gt; done: StepDefinitions.IAmOnTheSpecifiedPage("minx mafia") (75.8s)
Then I should be on the minx mafia page
-&gt; done: StepDefinitions.IShouldBeOnTheSpecifiedPage("minx mafia") (0.1s)
When I select the Past Week date range
-&gt; done: HostedGalleriesManagerStepDefinitions.WhenISelectTheDateRangeDateRange("Past Week") (0.8s)
When I select CatieMinx.com from the site dropdown list
-&gt; done: HostedGalleriesManagerStepDefinitions.WhenISelectTheModelNameFromTheSiteDropdownList("CatieMinx.com") (0.7s)
And I select the type of Pics
-&gt; done: HostedGalleriesManagerStepDefinitions.WhenISelectTheSpecifiedType("Pics") (0.5s)
And I select to display All galleries per page
-&gt; done: HostedGalleriesManagerStepDefinitions.WhenISelectToDisplaySpecifiedNumberOfGalleriesPerPage("All") (1.5s)
And I click the generate button
-&gt; done: HostedGalleriesManagerStepDefinitions.WhenIClickTheGenerateButton() (0.8s)
Then I should see the populated list of galleries
-&gt; done: HostedGalleriesManagerStepDefinitions.ThenIShouldSeeThePopulatedListOfGalleries() (0.1s)
And I should create any new Catie Minx minxmafia galleries
-&gt; done: MinxMafiaStepDefinitions.ThenIShouldCreateAnyNewModelNameMinxmafiaGalleries("Catie Minx") (0.5s)</StdOut>
      </Output>
    </UnitTestResult>
    <UnitTestResult executionId="29df32e7-aa97-4222-a823-aa10932b7e57" testId="2272289c-032b-1243-7330-eb5092e584fc" testName="PopulateBellaCashGalleries_AvaDawn" computerName="FIREFLY" duration="00:01:30.6262583" startTime="2012-11-21T01:04:16.6951709-05:00" endTime="2012-11-21T01:05:47.3771709-05:00" testType="13cdc9d9-ddb5-4fa4-a97d-d965ccfc6d4b" outcome="Passed" testListId="8ba83221-1a26-45ff-8a75-ce587dd12d36" relativeResultsDirectory="29df32e7-aa97-4222-a823-aa10932b7e57">
      <Output>
        <StdOut>Given I open the bellacash page
-&gt; done: StepDefinitions.IAmOnTheSpecifiedPage("bellacash") (75.7s)
Then I should be on the bellacash page
-&gt; done: StepDefinitions.IShouldBeOnTheSpecifiedPage("bellacash") (0.3s)
When I select the Ava Dawn bellapass paysite
-&gt; done: BellaCashStepDefinitions.WhenISelectTheSpecifiedPaysite("Ava Dawn") (0.9s)
Then I should see the Ava Dawn bellapass hosted galleries
-&gt; done: BellaCashStepDefinitions.ThenIShouldSeeTheSpecifiedHostedGalleries("Ava Dawn") (2.1s)
And I should create any new Ava Dawn bellapass galleries
-&gt; done: BellaCashStepDefinitions.ThenIShouldCreateAnyNewModelNameBellapassGalleries("Ava Dawn") (10.4s)</StdOut>
      </Output>
    </UnitTestResult>
  </Results>
</TestRun>