<?xml version="1.0" encoding="UTF-8"?>
<TestRun id="b5012c4b-9aa4-4280-8833-1da3b30c14bf" name="TMacBlane@FIREFLY 2012-09-23 13:24:56" runUser="Firefly\TMacBlane" xmlns="http://microsoft.com/schemas/VisualStudio/TeamTest/2010">
  <TestSettings name="Default Test Settings" id="eff728fb-cfcf-4a01-b7c4-54d0ffe184ed">
    <Deployment runDeploymentRoot="TMacBlane_FIREFLY 2012-09-23 13_24_56">
      <DeploymentItem filename="C:\Users\TMacBlane\Documents\DevelopmentProjects\AutomationFramework\bin\Debug\AutomationFramework.dll" />
      <DeploymentItem filename="C:\Users\TMacBlane\Documents\DevelopmentProjects\PornCantina\packages\Microsoft.AspNet.WebPages.2.0.20710.0\lib\net40\System.Web.WebPages.Deployment.dll" />
      <DeploymentItem filename="C:\Users\TMacBlane\Documents\DevelopmentProjects\PornCantina\PornCantina\bin\PornCantina.dll" />
      <DeploymentItem filename="C:\Users\TMacBlane\Documents\DevelopmentProjects\PornCantina\packages\Microsoft.AspNet.Mvc.4.0.20505.0\lib\net40\System.Web.Mvc.dll" />
      <DeploymentItem filename="C:\Users\TMacBlane\Documents\DevelopmentProjects\PornCantina.UIAutomation\bin\Debug\WebDriver.Support.dll" />
      <DeploymentItem filename="C:\Users\TMacBlane\Documents\DevelopmentProjects\PornCantina\packages\Microsoft.AspNet.WebPages.2.0.20710.0\lib\net40\System.Web.Helpers.dll" />
      <DeploymentItem filename="C:\Users\TMacBlane\Documents\DevelopmentProjects\PornCantina.UIAutomation\bin\Debug\WebDriver.dll" />
      <DeploymentItem filename="C:\Users\TMacBlane\Documents\DevelopmentProjects\PornCantina\packages\Microsoft.AspNet.WebPages.2.0.20710.0\lib\net40\System.Web.WebPages.dll" />
      <DeploymentItem filename="C:\Users\TMacBlane\Documents\DevelopmentProjects\PornCantina\packages\Microsoft.Web.Infrastructure.1.0.0.0\lib\net40\Microsoft.Web.Infrastructure.dll" />
      <DeploymentItem filename="C:\Users\TMacBlane\Documents\DevelopmentProjects\PornCantina\packages\Microsoft.AspNet.WebPages.2.0.20710.0\lib\net40\System.Web.WebPages.Razor.dll" />
      <DeploymentItem filename="C:\Users\TMacBlane\Documents\DevelopmentProjects\PornCantina.UIAutomation\bin\Debug\Ionic.Zip.dll" />
      <DeploymentItem filename="C:\Users\TMacBlane\Documents\DevelopmentProjects\PornCantina\packages\Microsoft.AspNet.Razor.2.0.20710.0\lib\net40\System.Web.Razor.dll" />
      <DeploymentItem filename="C:\Users\TMacBlane\Documents\DevelopmentProjects\PornCantina.UIAutomation\bin\Debug\TechTalk.SpecFlow.dll" />
      <DeploymentItem filename="C:\Users\TMacBlane\Documents\DevelopmentProjects\PornCantina.UIAutomation\bin\Debug\Castle.Core.dll" />
      <DeploymentItem filename="C:\Users\TMacBlane\Documents\DevelopmentProjects\PornCantina.UIAutomation\bin\Debug\Newtonsoft.Json.dll" />
    </Deployment>
    <Execution>
      <TestTypeSpecific />
      <AgentRule name="Execution Agents">
      </AgentRule>
    </Execution>
  </TestSettings>
  <Times creation="2012-09-23T13:24:56.4949794-04:00" queuing="2012-09-23T13:24:57.4309794-04:00" start="2012-09-23T13:24:57.5401794-04:00" finish="2012-09-23T13:32:54.9563794-04:00" />
  <ResultSummary outcome="Failed">
    <Counters total="31" executed="31" passed="29" error="0" failed="2" timeout="0" aborted="0" inconclusive="0" passedButRunAborted="0" notRunnable="0" notExecuted="0" disconnected="0" warning="0" completed="0" inProgress="0" pending="0" />
  </ResultSummary>
  <TestDefinitions>
    <UnitTest name="PopulatePinkVelvetVaultGalleries_TaylorTrue" storage="c:\users\tmacblane\documents\developmentprojects\porncantina.uiautomation\bin\debug\porncantina.uiautomation.dll" id="90275ed3-6b7f-be6c-3123-37a1d67aeee3">
      <Description>Populate PinkVelvetVault Galleries</Description>
      <Execution id="8c1f6912-4de3-4257-abca-ea691bd2a380" />
      <Properties>
        <Property>
          <Key>FeatureTitle</Key>
          <Value>PinkVelvetVault</Value>
        </Property>
        <Property>
          <Key>VariantName</Key>
          <Value>TaylorTrue</Value>
        </Property>
        <Property>
          <Key>Parameter:site</Key>
          <Value>TaylorTrue</Value>
        </Property>
        <Property>
          <Key>Parameter:modelName</Key>
          <Value>Taylor True</Value>
        </Property>
      </Properties>
      <TestMethod codeBase="C:/Users/TMacBlane/Documents/DevelopmentProjects/PornCantina.UIAutomation/bin/Debug/PornCantina.UIAutomation.DLL" adapterTypeName="Microsoft.VisualStudio.TestTools.TestTypes.Unit.UnitTestAdapter, Microsoft.VisualStudio.QualityTools.Tips.UnitTest.Adapter, Version=10.0.0.0, Culture=neutral, PublicKeyToken=b03f5f7f11d50a3a" className="PornCantina.UIAutomation.Scenarios.PinkVelvetVaultFeature, PornCantina.UIAutomation, Version=1.0.0.0, Culture=neutral, PublicKeyToken=null" name="PopulatePinkVelvetVaultGalleries_TaylorTrue" />
    </UnitTest>
    <UnitTest name="PopulatePinkVelvetVaultGalleries_LynnPops_Com" storage="c:\users\tmacblane\documents\developmentprojects\porncantina.uiautomation\bin\debug\porncantina.uiautomation.dll" id="70329624-f7cc-6664-b631-4cc70d51a00f">
      <Description>Populate PinkVelvetVault Galleries</Description>
      <Execution id="becb59cc-0558-45c3-8293-0051e2252e0f" />
      <Properties>
        <Property>
          <Key>FeatureTitle</Key>
          <Value>PinkVelvetVault</Value>
        </Property>
        <Property>
          <Key>VariantName</Key>
          <Value>LynnPops.com</Value>
        </Property>
        <Property>
          <Key>Parameter:site</Key>
          <Value>LynnPops.com</Value>
        </Property>
        <Property>
          <Key>Parameter:modelName</Key>
          <Value>Lynn Pops</Value>
        </Property>
      </Properties>
      <TestMethod codeBase="C:/Users/TMacBlane/Documents/DevelopmentProjects/PornCantina.UIAutomation/bin/Debug/PornCantina.UIAutomation.DLL" adapterTypeName="Microsoft.VisualStudio.TestTools.TestTypes.Unit.UnitTestAdapter, Microsoft.VisualStudio.QualityTools.Tips.UnitTest.Adapter, Version=10.0.0.0, Culture=neutral, PublicKeyToken=b03f5f7f11d50a3a" className="PornCantina.UIAutomation.Scenarios.PinkVelvetVaultFeature, PornCantina.UIAutomation, Version=1.0.0.0, Culture=neutral, PublicKeyToken=null" name="PopulatePinkVelvetVaultGalleries_LynnPops_Com" />
    </UnitTest>
    <UnitTest name="PopulateZellysCashGalleries_MelissaXoXo" storage="c:\users\tmacblane\documents\developmentprojects\porncantina.uiautomation\bin\debug\porncantina.uiautomation.dll" id="3244bd33-62ad-5b0c-a0f8-17623bcb7156">
      <Description>Populate ZellysCash Galleries</Description>
      <Execution id="e39e52ee-4049-4d7c-bcb4-c8f3af0e2580" />
      <Properties>
        <Property>
          <Key>FeatureTitle</Key>
          <Value>ZellysCash</Value>
        </Property>
        <Property>
          <Key>VariantName</Key>
          <Value>Melissa XoXo</Value>
        </Property>
        <Property>
          <Key>Parameter:modelName</Key>
          <Value>Melissa XoXo</Value>
        </Property>
      </Properties>
      <TestMethod codeBase="C:/Users/TMacBlane/Documents/DevelopmentProjects/PornCantina.UIAutomation/bin/Debug/PornCantina.UIAutomation.DLL" adapterTypeName="Microsoft.VisualStudio.TestTools.TestTypes.Unit.UnitTestAdapter, Microsoft.VisualStudio.QualityTools.Tips.UnitTest.Adapter, Version=10.0.0.0, Culture=neutral, PublicKeyToken=b03f5f7f11d50a3a" className="PornCantina.UIAutomation.Scenarios.ZellysCashFeature, PornCantina.UIAutomation, Version=1.0.0.0, Culture=neutral, PublicKeyToken=null" name="PopulateZellysCashGalleries_MelissaXoXo" />
    </UnitTest>
    <UnitTest name="PopulatePinkVelvetVaultGalleries_BellaXOXO_Com" storage="c:\users\tmacblane\documents\developmentprojects\porncantina.uiautomation\bin\debug\porncantina.uiautomation.dll" id="330e0218-b1c3-0599-b86f-bb99241a385f">
      <Description>Populate PinkVelvetVault Galleries</Description>
      <Execution id="376010dd-830f-4212-9c8f-5f6a93897bb6" />
      <Properties>
        <Property>
          <Key>FeatureTitle</Key>
          <Value>PinkVelvetVault</Value>
        </Property>
        <Property>
          <Key>VariantName</Key>
          <Value>BellaXOXO.com</Value>
        </Property>
        <Property>
          <Key>Parameter:site</Key>
          <Value>BellaXOXO.com</Value>
        </Property>
        <Property>
          <Key>Parameter:modelName</Key>
          <Value>Bella XOXO</Value>
        </Property>
      </Properties>
      <TestMethod codeBase="C:/Users/TMacBlane/Documents/DevelopmentProjects/PornCantina.UIAutomation/bin/Debug/PornCantina.UIAutomation.DLL" adapterTypeName="Microsoft.VisualStudio.TestTools.TestTypes.Unit.UnitTestAdapter, Microsoft.VisualStudio.QualityTools.Tips.UnitTest.Adapter, Version=10.0.0.0, Culture=neutral, PublicKeyToken=b03f5f7f11d50a3a" className="PornCantina.UIAutomation.Scenarios.PinkVelvetVaultFeature, PornCantina.UIAutomation, Version=1.0.0.0, Culture=neutral, PublicKeyToken=null" name="PopulatePinkVelvetVaultGalleries_BellaXOXO_Com" />
    </UnitTest>
    <UnitTest name="PopulateEpicPandaCashGalleries_MidoriWest" storage="c:\users\tmacblane\documents\developmentprojects\porncantina.uiautomation\bin\debug\porncantina.uiautomation.dll" id="746ca17d-0c95-55f7-2444-fcda2e970d75">
      <Description>Populate EpicPandaCash Galleries</Description>
      <Execution id="879c58f8-ad6d-4e21-88a0-492c8a160d5b" />
      <Properties>
        <Property>
          <Key>FeatureTitle</Key>
          <Value>EpicPandaCash</Value>
        </Property>
        <Property>
          <Key>VariantName</Key>
          <Value>Midori West</Value>
        </Property>
        <Property>
          <Key>Parameter:site</Key>
          <Value>Midori West</Value>
        </Property>
        <Property>
          <Key>Parameter:modelName</Key>
          <Value>Midori West</Value>
        </Property>
      </Properties>
      <TestMethod codeBase="C:/Users/TMacBlane/Documents/DevelopmentProjects/PornCantina.UIAutomation/bin/Debug/PornCantina.UIAutomation.DLL" adapterTypeName="Microsoft.VisualStudio.TestTools.TestTypes.Unit.UnitTestAdapter, Microsoft.VisualStudio.QualityTools.Tips.UnitTest.Adapter, Version=10.0.0.0, Culture=neutral, PublicKeyToken=b03f5f7f11d50a3a" className="PornCantina.UIAutomation.Scenarios.EpicPandaCashFeature, PornCantina.UIAutomation, Version=1.0.0.0, Culture=neutral, PublicKeyToken=null" name="PopulateEpicPandaCashGalleries_MidoriWest" />
    </UnitTest>
    <UnitTest name="PopulatePinkVelvetVaultGalleries_RadiantDesire_Com" storage="c:\users\tmacblane\documents\developmentprojects\porncantina.uiautomation\bin\debug\porncantina.uiautomation.dll" id="6ab30983-7e28-5632-d87f-2957844134d4">
      <Description>Populate PinkVelvetVault Galleries</Description>
      <Execution id="8bb31c2e-f67e-4e32-aa9c-1060c048e9c1" />
      <Properties>
        <Property>
          <Key>FeatureTitle</Key>
          <Value>PinkVelvetVault</Value>
        </Property>
        <Property>
          <Key>VariantName</Key>
          <Value>RadiantDesire.com</Value>
        </Property>
        <Property>
          <Key>Parameter:site</Key>
          <Value>RadiantDesire.com</Value>
        </Property>
        <Property>
          <Key>Parameter:modelName</Key>
          <Value>Radiant Desire</Value>
        </Property>
      </Properties>
      <TestMethod codeBase="C:/Users/TMacBlane/Documents/DevelopmentProjects/PornCantina.UIAutomation/bin/Debug/PornCantina.UIAutomation.DLL" adapterTypeName="Microsoft.VisualStudio.TestTools.TestTypes.Unit.UnitTestAdapter, Microsoft.VisualStudio.QualityTools.Tips.UnitTest.Adapter, Version=10.0.0.0, Culture=neutral, PublicKeyToken=b03f5f7f11d50a3a" className="PornCantina.UIAutomation.Scenarios.PinkVelvetVaultFeature, PornCantina.UIAutomation, Version=1.0.0.0, Culture=neutral, PublicKeyToken=null" name="PopulatePinkVelvetVaultGalleries_RadiantDesire_Com" />
    </UnitTest>
    <UnitTest name="PopulateBellaCashGalleries_NatalieTyler" storage="c:\users\tmacblane\documents\developmentprojects\porncantina.uiautomation\bin\debug\porncantina.uiautomation.dll" id="7c9891c3-de5a-d9fc-615e-6f7414163765">
      <Description>Populate BellaCash Galleries</Description>
      <Execution id="2102029d-94d8-4075-a880-b7f9fe714a42" />
      <Properties>
        <Property>
          <Key>FeatureTitle</Key>
          <Value>BellaCash</Value>
        </Property>
        <Property>
          <Key>VariantName</Key>
          <Value>Natalie Tyler</Value>
        </Property>
        <Property>
          <Key>Parameter:modelName</Key>
          <Value>Natalie Tyler</Value>
        </Property>
      </Properties>
      <TestMethod codeBase="C:/Users/TMacBlane/Documents/DevelopmentProjects/PornCantina.UIAutomation/bin/Debug/PornCantina.UIAutomation.DLL" adapterTypeName="Microsoft.VisualStudio.TestTools.TestTypes.Unit.UnitTestAdapter, Microsoft.VisualStudio.QualityTools.Tips.UnitTest.Adapter, Version=10.0.0.0, Culture=neutral, PublicKeyToken=b03f5f7f11d50a3a" className="PornCantina.UIAutomation.Scenarios.BellaCashFeature, PornCantina.UIAutomation, Version=1.0.0.0, Culture=neutral, PublicKeyToken=null" name="PopulateBellaCashGalleries_NatalieTyler" />
    </UnitTest>
    <UnitTest name="PopulateBellaCashGalleries_MonroeLee" storage="c:\users\tmacblane\documents\developmentprojects\porncantina.uiautomation\bin\debug\porncantina.uiautomation.dll" id="6af92fa9-0ccf-8383-ab91-02e618ce084c">
      <Description>Populate BellaCash Galleries</Description>
      <Execution id="0cd151d8-0ea5-4627-90f7-68ccebf5d23f" />
      <Properties>
        <Property>
          <Key>FeatureTitle</Key>
          <Value>BellaCash</Value>
        </Property>
        <Property>
          <Key>VariantName</Key>
          <Value>Monroe Lee</Value>
        </Property>
        <Property>
          <Key>Parameter:modelName</Key>
          <Value>Monroe Lee</Value>
        </Property>
      </Properties>
      <TestMethod codeBase="C:/Users/TMacBlane/Documents/DevelopmentProjects/PornCantina.UIAutomation/bin/Debug/PornCantina.UIAutomation.DLL" adapterTypeName="Microsoft.VisualStudio.TestTools.TestTypes.Unit.UnitTestAdapter, Microsoft.VisualStudio.QualityTools.Tips.UnitTest.Adapter, Version=10.0.0.0, Culture=neutral, PublicKeyToken=b03f5f7f11d50a3a" className="PornCantina.UIAutomation.Scenarios.BellaCashFeature, PornCantina.UIAutomation, Version=1.0.0.0, Culture=neutral, PublicKeyToken=null" name="PopulateBellaCashGalleries_MonroeLee" />
    </UnitTest>
    <UnitTest name="PopulateEpicPandaCashGalleries_SpencerNicks" storage="c:\users\tmacblane\documents\developmentprojects\porncantina.uiautomation\bin\debug\porncantina.uiautomation.dll" id="0833e762-dd78-d87c-6052-d9944bd1c4a8">
      <Description>Populate EpicPandaCash Galleries</Description>
      <Execution id="8e74adff-605a-4fd0-91dd-29ba3358a661" />
      <Properties>
        <Property>
          <Key>FeatureTitle</Key>
          <Value>EpicPandaCash</Value>
        </Property>
        <Property>
          <Key>VariantName</Key>
          <Value>Spencer Nicks</Value>
        </Property>
        <Property>
          <Key>Parameter:site</Key>
          <Value>Spencer Nicks</Value>
        </Property>
        <Property>
          <Key>Parameter:modelName</Key>
          <Value>Spencer Nicks</Value>
        </Property>
      </Properties>
      <TestMethod codeBase="C:/Users/TMacBlane/Documents/DevelopmentProjects/PornCantina.UIAutomation/bin/Debug/PornCantina.UIAutomation.DLL" adapterTypeName="Microsoft.VisualStudio.TestTools.TestTypes.Unit.UnitTestAdapter, Microsoft.VisualStudio.QualityTools.Tips.UnitTest.Adapter, Version=10.0.0.0, Culture=neutral, PublicKeyToken=b03f5f7f11d50a3a" className="PornCantina.UIAutomation.Scenarios.EpicPandaCashFeature, PornCantina.UIAutomation, Version=1.0.0.0, Culture=neutral, PublicKeyToken=null" name="PopulateEpicPandaCashGalleries_SpencerNicks" />
    </UnitTest>
    <UnitTest name="PopulateEpicPandaCashGalleries_RachelSexton" storage="c:\users\tmacblane\documents\developmentprojects\porncantina.uiautomation\bin\debug\porncantina.uiautomation.dll" id="6f823177-fac0-1695-39d6-789688bb1a48">
      <Description>Populate EpicPandaCash Galleries</Description>
      <Execution id="936f8013-8db4-45b9-86cf-8b99f1a87dc2" />
      <Properties>
        <Property>
          <Key>FeatureTitle</Key>
          <Value>EpicPandaCash</Value>
        </Property>
        <Property>
          <Key>VariantName</Key>
          <Value>Rachel Sexton</Value>
        </Property>
        <Property>
          <Key>Parameter:site</Key>
          <Value>Rachel Sexton</Value>
        </Property>
        <Property>
          <Key>Parameter:modelName</Key>
          <Value>Rachel Sexton</Value>
        </Property>
      </Properties>
      <TestMethod codeBase="C:/Users/TMacBlane/Documents/DevelopmentProjects/PornCantina.UIAutomation/bin/Debug/PornCantina.UIAutomation.DLL" adapterTypeName="Microsoft.VisualStudio.TestTools.TestTypes.Unit.UnitTestAdapter, Microsoft.VisualStudio.QualityTools.Tips.UnitTest.Adapter, Version=10.0.0.0, Culture=neutral, PublicKeyToken=b03f5f7f11d50a3a" className="PornCantina.UIAutomation.Scenarios.EpicPandaCashFeature, PornCantina.UIAutomation, Version=1.0.0.0, Culture=neutral, PublicKeyToken=null" name="PopulateEpicPandaCashGalleries_RachelSexton" />
    </UnitTest>
    <UnitTest name="PopulateEpicPandaCashGalleries_BaileyKnox" storage="c:\users\tmacblane\documents\developmentprojects\porncantina.uiautomation\bin\debug\porncantina.uiautomation.dll" id="eb9b8e2b-e634-3f71-8b78-2aca84a14cf3">
      <Description>Populate EpicPandaCash Galleries</Description>
      <Execution id="05faddce-de79-449f-bef7-9fa1076d1bdc" />
      <Properties>
        <Property>
          <Key>FeatureTitle</Key>
          <Value>EpicPandaCash</Value>
        </Property>
        <Property>
          <Key>VariantName</Key>
          <Value>Bailey Knox</Value>
        </Property>
        <Property>
          <Key>Parameter:site</Key>
          <Value>Bailey Knox</Value>
        </Property>
        <Property>
          <Key>Parameter:modelName</Key>
          <Value>Bailey Knox</Value>
        </Property>
      </Properties>
      <TestMethod codeBase="C:/Users/TMacBlane/Documents/DevelopmentProjects/PornCantina.UIAutomation/bin/Debug/PornCantina.UIAutomation.DLL" adapterTypeName="Microsoft.VisualStudio.TestTools.TestTypes.Unit.UnitTestAdapter, Microsoft.VisualStudio.QualityTools.Tips.UnitTest.Adapter, Version=10.0.0.0, Culture=neutral, PublicKeyToken=b03f5f7f11d50a3a" className="PornCantina.UIAutomation.Scenarios.EpicPandaCashFeature, PornCantina.UIAutomation, Version=1.0.0.0, Culture=neutral, PublicKeyToken=null" name="PopulateEpicPandaCashGalleries_BaileyKnox" />
    </UnitTest>
    <UnitTest name="PopulatePinkVelvetVaultGalleries_Sockblocked_Com" storage="c:\users\tmacblane\documents\developmentprojects\porncantina.uiautomation\bin\debug\porncantina.uiautomation.dll" id="b4f0a9e8-5d81-3545-39ca-78302cfc2e4c">
      <Description>Populate PinkVelvetVault Galleries</Description>
      <Execution id="0cb3d821-10b2-4171-9ed8-93cdf7e9e273" />
      <Properties>
        <Property>
          <Key>FeatureTitle</Key>
          <Value>PinkVelvetVault</Value>
        </Property>
        <Property>
          <Key>VariantName</Key>
          <Value>Sockblocked.com</Value>
        </Property>
        <Property>
          <Key>Parameter:site</Key>
          <Value>Sockblocked.com</Value>
        </Property>
        <Property>
          <Key>Parameter:modelName</Key>
          <Value>Sock Blocked</Value>
        </Property>
      </Properties>
      <TestMethod codeBase="C:/Users/TMacBlane/Documents/DevelopmentProjects/PornCantina.UIAutomation/bin/Debug/PornCantina.UIAutomation.DLL" adapterTypeName="Microsoft.VisualStudio.TestTools.TestTypes.Unit.UnitTestAdapter, Microsoft.VisualStudio.QualityTools.Tips.UnitTest.Adapter, Version=10.0.0.0, Culture=neutral, PublicKeyToken=b03f5f7f11d50a3a" className="PornCantina.UIAutomation.Scenarios.PinkVelvetVaultFeature, PornCantina.UIAutomation, Version=1.0.0.0, Culture=neutral, PublicKeyToken=null" name="PopulatePinkVelvetVaultGalleries_Sockblocked_Com" />
    </UnitTest>
    <UnitTest name="PopulateZellysCashGalleries_Zellys_Com" storage="c:\users\tmacblane\documents\developmentprojects\porncantina.uiautomation\bin\debug\porncantina.uiautomation.dll" id="efe8e8c2-3563-b091-1ee4-879573922381">
      <Description>Populate ZellysCash Galleries</Description>
      <Execution id="cc6f8a80-44ee-46ee-90a6-2c7df3b73c9b" />
      <Properties>
        <Property>
          <Key>FeatureTitle</Key>
          <Value>ZellysCash</Value>
        </Property>
        <Property>
          <Key>VariantName</Key>
          <Value>Zellys.com</Value>
        </Property>
        <Property>
          <Key>Parameter:modelName</Key>
          <Value>Zellys.com</Value>
        </Property>
      </Properties>
      <TestMethod codeBase="C:/Users/TMacBlane/Documents/DevelopmentProjects/PornCantina.UIAutomation/bin/Debug/PornCantina.UIAutomation.DLL" adapterTypeName="Microsoft.VisualStudio.TestTools.TestTypes.Unit.UnitTestAdapter, Microsoft.VisualStudio.QualityTools.Tips.UnitTest.Adapter, Version=10.0.0.0, Culture=neutral, PublicKeyToken=b03f5f7f11d50a3a" className="PornCantina.UIAutomation.Scenarios.ZellysCashFeature, PornCantina.UIAutomation, Version=1.0.0.0, Culture=neutral, PublicKeyToken=null" name="PopulateZellysCashGalleries_Zellys_Com" />
    </UnitTest>
    <UnitTest name="PopulatePinkVelvetVaultGalleries_MeetMadden_Com" storage="c:\users\tmacblane\documents\developmentprojects\porncantina.uiautomation\bin\debug\porncantina.uiautomation.dll" id="9b8a8829-6f71-8101-2626-855991eddcfc">
      <Description>Populate PinkVelvetVault Galleries</Description>
      <Execution id="80679a2e-7636-4e36-b39f-7664d5fe698b" />
      <Properties>
        <Property>
          <Key>FeatureTitle</Key>
          <Value>PinkVelvetVault</Value>
        </Property>
        <Property>
          <Key>VariantName</Key>
          <Value>MeetMadden.com</Value>
        </Property>
        <Property>
          <Key>Parameter:site</Key>
          <Value>MeetMadden.com</Value>
        </Property>
        <Property>
          <Key>Parameter:modelName</Key>
          <Value>Meet Madden</Value>
        </Property>
      </Properties>
      <TestMethod codeBase="C:/Users/TMacBlane/Documents/DevelopmentProjects/PornCantina.UIAutomation/bin/Debug/PornCantina.UIAutomation.DLL" adapterTypeName="Microsoft.VisualStudio.TestTools.TestTypes.Unit.UnitTestAdapter, Microsoft.VisualStudio.QualityTools.Tips.UnitTest.Adapter, Version=10.0.0.0, Culture=neutral, PublicKeyToken=b03f5f7f11d50a3a" className="PornCantina.UIAutomation.Scenarios.PinkVelvetVaultFeature, PornCantina.UIAutomation, Version=1.0.0.0, Culture=neutral, PublicKeyToken=null" name="PopulatePinkVelvetVaultGalleries_MeetMadden_Com" />
    </UnitTest>
    <UnitTest name="PopulateEpicPandaCashGalleries_PartyAll_Star" storage="c:\users\tmacblane\documents\developmentprojects\porncantina.uiautomation\bin\debug\porncantina.uiautomation.dll" id="d0390afa-4a21-297c-771f-2a8050db7de4">
      <Description>Populate EpicPandaCash Galleries</Description>
      <Execution id="dde0bc77-2994-4c4f-bf52-692e5eada614" />
      <Properties>
        <Property>
          <Key>FeatureTitle</Key>
          <Value>EpicPandaCash</Value>
        </Property>
        <Property>
          <Key>VariantName</Key>
          <Value>Party All-Star</Value>
        </Property>
        <Property>
          <Key>Parameter:site</Key>
          <Value>Party All-Star</Value>
        </Property>
        <Property>
          <Key>Parameter:modelName</Key>
          <Value>Party All-Star</Value>
        </Property>
      </Properties>
      <TestMethod codeBase="C:/Users/TMacBlane/Documents/DevelopmentProjects/PornCantina.UIAutomation/bin/Debug/PornCantina.UIAutomation.DLL" adapterTypeName="Microsoft.VisualStudio.TestTools.TestTypes.Unit.UnitTestAdapter, Microsoft.VisualStudio.QualityTools.Tips.UnitTest.Adapter, Version=10.0.0.0, Culture=neutral, PublicKeyToken=b03f5f7f11d50a3a" className="PornCantina.UIAutomation.Scenarios.EpicPandaCashFeature, PornCantina.UIAutomation, Version=1.0.0.0, Culture=neutral, PublicKeyToken=null" name="PopulateEpicPandaCashGalleries_PartyAll_Star" />
    </UnitTest>
    <UnitTest name="PopulateBellaCashGalleries_AvaDawn" storage="c:\users\tmacblane\documents\developmentprojects\porncantina.uiautomation\bin\debug\porncantina.uiautomation.dll" id="2272289c-032b-1243-7330-eb5092e584fc">
      <Description>Populate BellaCash Galleries</Description>
      <Execution id="1f307a43-b9b8-4b1c-af42-36f042204662" />
      <Properties>
        <Property>
          <Key>FeatureTitle</Key>
          <Value>BellaCash</Value>
        </Property>
        <Property>
          <Key>VariantName</Key>
          <Value>Ava Dawn</Value>
        </Property>
        <Property>
          <Key>Parameter:modelName</Key>
          <Value>Ava Dawn</Value>
        </Property>
      </Properties>
      <TestMethod codeBase="C:/Users/TMacBlane/Documents/DevelopmentProjects/PornCantina.UIAutomation/bin/Debug/PornCantina.UIAutomation.DLL" adapterTypeName="Microsoft.VisualStudio.TestTools.TestTypes.Unit.UnitTestAdapter, Microsoft.VisualStudio.QualityTools.Tips.UnitTest.Adapter, Version=10.0.0.0, Culture=neutral, PublicKeyToken=b03f5f7f11d50a3a" className="PornCantina.UIAutomation.Scenarios.BellaCashFeature, PornCantina.UIAutomation, Version=1.0.0.0, Culture=neutral, PublicKeyToken=null" name="PopulateBellaCashGalleries_AvaDawn" />
    </UnitTest>
    <UnitTest name="PopulatePinkVelvetVaultGalleries_Brittany_Avalon_Com" storage="c:\users\tmacblane\documents\developmentprojects\porncantina.uiautomation\bin\debug\porncantina.uiautomation.dll" id="2910964a-1343-9aba-d7b0-6918c25f5329">
      <Description>Populate PinkVelvetVault Galleries</Description>
      <Execution id="a41eda7f-d89a-45af-9408-fe4f817105c0" />
      <Properties>
        <Property>
          <Key>FeatureTitle</Key>
          <Value>PinkVelvetVault</Value>
        </Property>
        <Property>
          <Key>VariantName</Key>
          <Value>Brittany-Avalon.com</Value>
        </Property>
        <Property>
          <Key>Parameter:site</Key>
          <Value>Brittany-Avalon.com</Value>
        </Property>
        <Property>
          <Key>Parameter:modelName</Key>
          <Value>Brittany Avalon</Value>
        </Property>
      </Properties>
      <TestMethod codeBase="C:/Users/TMacBlane/Documents/DevelopmentProjects/PornCantina.UIAutomation/bin/Debug/PornCantina.UIAutomation.DLL" adapterTypeName="Microsoft.VisualStudio.TestTools.TestTypes.Unit.UnitTestAdapter, Microsoft.VisualStudio.QualityTools.Tips.UnitTest.Adapter, Version=10.0.0.0, Culture=neutral, PublicKeyToken=b03f5f7f11d50a3a" className="PornCantina.UIAutomation.Scenarios.PinkVelvetVaultFeature, PornCantina.UIAutomation, Version=1.0.0.0, Culture=neutral, PublicKeyToken=null" name="PopulatePinkVelvetVaultGalleries_Brittany_Avalon_Com" />
    </UnitTest>
    <UnitTest name="PopulateEpicPandaCashGalleries_BrookeMarks" storage="c:\users\tmacblane\documents\developmentprojects\porncantina.uiautomation\bin\debug\porncantina.uiautomation.dll" id="36a18326-5378-2751-6673-68fb2102b50e">
      <Description>Populate EpicPandaCash Galleries</Description>
      <Execution id="081ba9ef-6999-4155-9e78-46afb82bfce6" />
      <Properties>
        <Property>
          <Key>FeatureTitle</Key>
          <Value>EpicPandaCash</Value>
        </Property>
        <Property>
          <Key>VariantName</Key>
          <Value>Brooke Marks</Value>
        </Property>
        <Property>
          <Key>Parameter:site</Key>
          <Value>Brooke Marks</Value>
        </Property>
        <Property>
          <Key>Parameter:modelName</Key>
          <Value>Brooke Marks</Value>
        </Property>
      </Properties>
      <TestMethod codeBase="C:/Users/TMacBlane/Documents/DevelopmentProjects/PornCantina.UIAutomation/bin/Debug/PornCantina.UIAutomation.DLL" adapterTypeName="Microsoft.VisualStudio.TestTools.TestTypes.Unit.UnitTestAdapter, Microsoft.VisualStudio.QualityTools.Tips.UnitTest.Adapter, Version=10.0.0.0, Culture=neutral, PublicKeyToken=b03f5f7f11d50a3a" className="PornCantina.UIAutomation.Scenarios.EpicPandaCashFeature, PornCantina.UIAutomation, Version=1.0.0.0, Culture=neutral, PublicKeyToken=null" name="PopulateEpicPandaCashGalleries_BrookeMarks" />
    </UnitTest>
    <UnitTest name="PopulatePinkVelvetVaultGalleries_Nikkisplaymates_Com" storage="c:\users\tmacblane\documents\developmentprojects\porncantina.uiautomation\bin\debug\porncantina.uiautomation.dll" id="4cbca76b-5162-199c-dd79-ce8dc44ed77b">
      <Description>Populate PinkVelvetVault Galleries</Description>
      <Execution id="c8093318-d519-4cdc-bb02-0c3ec6f103f8" />
      <Properties>
        <Property>
          <Key>FeatureTitle</Key>
          <Value>PinkVelvetVault</Value>
        </Property>
        <Property>
          <Key>VariantName</Key>
          <Value>Nikkisplaymates.com</Value>
        </Property>
        <Property>
          <Key>Parameter:site</Key>
          <Value>Nikkisplaymates.com</Value>
        </Property>
        <Property>
          <Key>Parameter:modelName</Key>
          <Value>Nikkis Sims</Value>
        </Property>
      </Properties>
      <TestMethod codeBase="C:/Users/TMacBlane/Documents/DevelopmentProjects/PornCantina.UIAutomation/bin/Debug/PornCantina.UIAutomation.DLL" adapterTypeName="Microsoft.VisualStudio.TestTools.TestTypes.Unit.UnitTestAdapter, Microsoft.VisualStudio.QualityTools.Tips.UnitTest.Adapter, Version=10.0.0.0, Culture=neutral, PublicKeyToken=b03f5f7f11d50a3a" className="PornCantina.UIAutomation.Scenarios.PinkVelvetVaultFeature, PornCantina.UIAutomation, Version=1.0.0.0, Culture=neutral, PublicKeyToken=null" name="PopulatePinkVelvetVaultGalleries_Nikkisplaymates_Com" />
    </UnitTest>
    <UnitTest name="PopulateBellaCashGalleries_KatieBanks" storage="c:\users\tmacblane\documents\developmentprojects\porncantina.uiautomation\bin\debug\porncantina.uiautomation.dll" id="8c136c51-948d-db20-6929-2e8f37a20b36">
      <Description>Populate BellaCash Galleries</Description>
      <Execution id="f426af58-7c39-4b0d-85ec-7bdbfcd36b06" />
      <Properties>
        <Property>
          <Key>FeatureTitle</Key>
          <Value>BellaCash</Value>
        </Property>
        <Property>
          <Key>VariantName</Key>
          <Value>Katie Banks</Value>
        </Property>
        <Property>
          <Key>Parameter:modelName</Key>
          <Value>Katie Banks</Value>
        </Property>
      </Properties>
      <TestMethod codeBase="C:/Users/TMacBlane/Documents/DevelopmentProjects/PornCantina.UIAutomation/bin/Debug/PornCantina.UIAutomation.DLL" adapterTypeName="Microsoft.VisualStudio.TestTools.TestTypes.Unit.UnitTestAdapter, Microsoft.VisualStudio.QualityTools.Tips.UnitTest.Adapter, Version=10.0.0.0, Culture=neutral, PublicKeyToken=b03f5f7f11d50a3a" className="PornCantina.UIAutomation.Scenarios.BellaCashFeature, PornCantina.UIAutomation, Version=1.0.0.0, Culture=neutral, PublicKeyToken=null" name="PopulateBellaCashGalleries_KatieBanks" />
    </UnitTest>
    <UnitTest name="PopulatePinkVelvetVaultGalleries_KendraRain_Com" storage="c:\users\tmacblane\documents\developmentprojects\porncantina.uiautomation\bin\debug\porncantina.uiautomation.dll" id="faee341e-3298-bbd5-13d9-4d169a7040ed">
      <Description>Populate PinkVelvetVault Galleries</Description>
      <Execution id="dfe1e337-c8f7-45c0-af2c-09ba92ccd8ca" />
      <Properties>
        <Property>
          <Key>FeatureTitle</Key>
          <Value>PinkVelvetVault</Value>
        </Property>
        <Property>
          <Key>VariantName</Key>
          <Value>KendraRain.com</Value>
        </Property>
        <Property>
          <Key>Parameter:site</Key>
          <Value>KendraRain.com</Value>
        </Property>
        <Property>
          <Key>Parameter:modelName</Key>
          <Value>Kendra Rain</Value>
        </Property>
      </Properties>
      <TestMethod codeBase="C:/Users/TMacBlane/Documents/DevelopmentProjects/PornCantina.UIAutomation/bin/Debug/PornCantina.UIAutomation.DLL" adapterTypeName="Microsoft.VisualStudio.TestTools.TestTypes.Unit.UnitTestAdapter, Microsoft.VisualStudio.QualityTools.Tips.UnitTest.Adapter, Version=10.0.0.0, Culture=neutral, PublicKeyToken=b03f5f7f11d50a3a" className="PornCantina.UIAutomation.Scenarios.PinkVelvetVaultFeature, PornCantina.UIAutomation, Version=1.0.0.0, Culture=neutral, PublicKeyToken=null" name="PopulatePinkVelvetVaultGalleries_KendraRain_Com" />
    </UnitTest>
    <UnitTest name="PopulateBellaCashGalleries_Bryci" storage="c:\users\tmacblane\documents\developmentprojects\porncantina.uiautomation\bin\debug\porncantina.uiautomation.dll" id="66f4f75a-e39b-800c-c209-257f1c101b17">
      <Description>Populate BellaCash Galleries</Description>
      <Execution id="9266b1dc-0f61-4a63-976e-08a8e22ef554" />
      <Properties>
        <Property>
          <Key>FeatureTitle</Key>
          <Value>BellaCash</Value>
        </Property>
        <Property>
          <Key>VariantName</Key>
          <Value>Bryci</Value>
        </Property>
        <Property>
          <Key>Parameter:modelName</Key>
          <Value>Bryci</Value>
        </Property>
      </Properties>
      <TestMethod codeBase="C:/Users/TMacBlane/Documents/DevelopmentProjects/PornCantina.UIAutomation/bin/Debug/PornCantina.UIAutomation.DLL" adapterTypeName="Microsoft.VisualStudio.TestTools.TestTypes.Unit.UnitTestAdapter, Microsoft.VisualStudio.QualityTools.Tips.UnitTest.Adapter, Version=10.0.0.0, Culture=neutral, PublicKeyToken=b03f5f7f11d50a3a" className="PornCantina.UIAutomation.Scenarios.BellaCashFeature, PornCantina.UIAutomation, Version=1.0.0.0, Culture=neutral, PublicKeyToken=null" name="PopulateBellaCashGalleries_Bryci" />
    </UnitTest>
    <UnitTest name="PopulatePinkVelvetVaultGalleries_TiffanyAlexis_Com" storage="c:\users\tmacblane\documents\developmentprojects\porncantina.uiautomation\bin\debug\porncantina.uiautomation.dll" id="09f339eb-e1ff-0d96-dca9-6e24e2f7cfbf">
      <Description>Populate PinkVelvetVault Galleries</Description>
      <Execution id="a72025fa-13ae-48ca-bcfc-47007a5c7de3" />
      <Properties>
        <Property>
          <Key>FeatureTitle</Key>
          <Value>PinkVelvetVault</Value>
        </Property>
        <Property>
          <Key>VariantName</Key>
          <Value>TiffanyAlexis.com</Value>
        </Property>
        <Property>
          <Key>Parameter:site</Key>
          <Value>TiffanyAlexis.com</Value>
        </Property>
        <Property>
          <Key>Parameter:modelName</Key>
          <Value>Tiffany Alexis</Value>
        </Property>
      </Properties>
      <TestMethod codeBase="C:/Users/TMacBlane/Documents/DevelopmentProjects/PornCantina.UIAutomation/bin/Debug/PornCantina.UIAutomation.DLL" adapterTypeName="Microsoft.VisualStudio.TestTools.TestTypes.Unit.UnitTestAdapter, Microsoft.VisualStudio.QualityTools.Tips.UnitTest.Adapter, Version=10.0.0.0, Culture=neutral, PublicKeyToken=b03f5f7f11d50a3a" className="PornCantina.UIAutomation.Scenarios.PinkVelvetVaultFeature, PornCantina.UIAutomation, Version=1.0.0.0, Culture=neutral, PublicKeyToken=null" name="PopulatePinkVelvetVaultGalleries_TiffanyAlexis_Com" />
    </UnitTest>
    <UnitTest name="PopulateBellaCashGalleries_TaliaShepard" storage="c:\users\tmacblane\documents\developmentprojects\porncantina.uiautomation\bin\debug\porncantina.uiautomation.dll" id="b2fe822b-5976-20eb-494c-a2e70b73f8a8">
      <Description>Populate BellaCash Galleries</Description>
      <Execution id="bf21b177-dd02-4c28-b6de-18f48a44eefa" />
      <Properties>
        <Property>
          <Key>FeatureTitle</Key>
          <Value>BellaCash</Value>
        </Property>
        <Property>
          <Key>VariantName</Key>
          <Value>Talia Shepard</Value>
        </Property>
        <Property>
          <Key>Parameter:modelName</Key>
          <Value>Talia Shepard</Value>
        </Property>
      </Properties>
      <TestMethod codeBase="C:/Users/TMacBlane/Documents/DevelopmentProjects/PornCantina.UIAutomation/bin/Debug/PornCantina.UIAutomation.DLL" adapterTypeName="Microsoft.VisualStudio.TestTools.TestTypes.Unit.UnitTestAdapter, Microsoft.VisualStudio.QualityTools.Tips.UnitTest.Adapter, Version=10.0.0.0, Culture=neutral, PublicKeyToken=b03f5f7f11d50a3a" className="PornCantina.UIAutomation.Scenarios.BellaCashFeature, PornCantina.UIAutomation, Version=1.0.0.0, Culture=neutral, PublicKeyToken=null" name="PopulateBellaCashGalleries_TaliaShepard" />
    </UnitTest>
    <UnitTest name="PopulateEpicPandaCashGalleries_MistyGates" storage="c:\users\tmacblane\documents\developmentprojects\porncantina.uiautomation\bin\debug\porncantina.uiautomation.dll" id="7fae0b54-1d2c-0d9d-1805-b2ab2adfc550">
      <Description>Populate EpicPandaCash Galleries</Description>
      <Execution id="9b457250-6640-4174-b8d3-2e774e2b3a42" />
      <Properties>
        <Property>
          <Key>FeatureTitle</Key>
          <Value>EpicPandaCash</Value>
        </Property>
        <Property>
          <Key>VariantName</Key>
          <Value>Misty Gates</Value>
        </Property>
        <Property>
          <Key>Parameter:site</Key>
          <Value>Misty Gates</Value>
        </Property>
        <Property>
          <Key>Parameter:modelName</Key>
          <Value>Misty Gates</Value>
        </Property>
      </Properties>
      <TestMethod codeBase="C:/Users/TMacBlane/Documents/DevelopmentProjects/PornCantina.UIAutomation/bin/Debug/PornCantina.UIAutomation.DLL" adapterTypeName="Microsoft.VisualStudio.TestTools.TestTypes.Unit.UnitTestAdapter, Microsoft.VisualStudio.QualityTools.Tips.UnitTest.Adapter, Version=10.0.0.0, Culture=neutral, PublicKeyToken=b03f5f7f11d50a3a" className="PornCantina.UIAutomation.Scenarios.EpicPandaCashFeature, PornCantina.UIAutomation, Version=1.0.0.0, Culture=neutral, PublicKeyToken=null" name="PopulateEpicPandaCashGalleries_MistyGates" />
    </UnitTest>
    <UnitTest name="PopulateZellysCashGalleries_BluEyedCass" storage="c:\users\tmacblane\documents\developmentprojects\porncantina.uiautomation\bin\debug\porncantina.uiautomation.dll" id="d4651545-402e-63fd-5727-2f619b78f07c">
      <Description>Populate ZellysCash Galleries</Description>
      <Execution id="3aa4386f-3a22-49b5-ae93-ca6d97ee0dfd" />
      <Properties>
        <Property>
          <Key>FeatureTitle</Key>
          <Value>ZellysCash</Value>
        </Property>
        <Property>
          <Key>VariantName</Key>
          <Value>BluEyedCass</Value>
        </Property>
        <Property>
          <Key>Parameter:modelName</Key>
          <Value>BluEyedCass</Value>
        </Property>
      </Properties>
      <TestMethod codeBase="C:/Users/TMacBlane/Documents/DevelopmentProjects/PornCantina.UIAutomation/bin/Debug/PornCantina.UIAutomation.DLL" adapterTypeName="Microsoft.VisualStudio.TestTools.TestTypes.Unit.UnitTestAdapter, Microsoft.VisualStudio.QualityTools.Tips.UnitTest.Adapter, Version=10.0.0.0, Culture=neutral, PublicKeyToken=b03f5f7f11d50a3a" className="PornCantina.UIAutomation.Scenarios.ZellysCashFeature, PornCantina.UIAutomation, Version=1.0.0.0, Culture=neutral, PublicKeyToken=null" name="PopulateZellysCashGalleries_BluEyedCass" />
    </UnitTest>
    <UnitTest name="PopulateEpicPandaCashGalleries_CarlottaChampagne" storage="c:\users\tmacblane\documents\developmentprojects\porncantina.uiautomation\bin\debug\porncantina.uiautomation.dll" id="e1e0aada-64a3-6d63-9035-77bad23b408c">
      <Description>Populate EpicPandaCash Galleries</Description>
      <Execution id="a89a2281-7c9f-46cd-9418-324b90e0313f" />
      <Properties>
        <Property>
          <Key>FeatureTitle</Key>
          <Value>EpicPandaCash</Value>
        </Property>
        <Property>
          <Key>VariantName</Key>
          <Value>Carlotta Champagne</Value>
        </Property>
        <Property>
          <Key>Parameter:site</Key>
          <Value>Carlotta Champagne</Value>
        </Property>
        <Property>
          <Key>Parameter:modelName</Key>
          <Value>Carlotta Champagne</Value>
        </Property>
      </Properties>
      <TestMethod codeBase="C:/Users/TMacBlane/Documents/DevelopmentProjects/PornCantina.UIAutomation/bin/Debug/PornCantina.UIAutomation.DLL" adapterTypeName="Microsoft.VisualStudio.TestTools.TestTypes.Unit.UnitTestAdapter, Microsoft.VisualStudio.QualityTools.Tips.UnitTest.Adapter, Version=10.0.0.0, Culture=neutral, PublicKeyToken=b03f5f7f11d50a3a" className="PornCantina.UIAutomation.Scenarios.EpicPandaCashFeature, PornCantina.UIAutomation, Version=1.0.0.0, Culture=neutral, PublicKeyToken=null" name="PopulateEpicPandaCashGalleries_CarlottaChampagne" />
    </UnitTest>
    <UnitTest name="PopulatePinkVelvetVaultGalleries_BrianaLeeOnline" storage="c:\users\tmacblane\documents\developmentprojects\porncantina.uiautomation\bin\debug\porncantina.uiautomation.dll" id="b561c79c-303d-25b6-3666-9b140d099ec6">
      <Description>Populate PinkVelvetVault Galleries</Description>
      <Execution id="1f6c0dbf-a6f1-4f87-9c27-84d4baa48307" />
      <Properties>
        <Property>
          <Key>FeatureTitle</Key>
          <Value>PinkVelvetVault</Value>
        </Property>
        <Property>
          <Key>VariantName</Key>
          <Value>BrianaLeeOnline</Value>
        </Property>
        <Property>
          <Key>Parameter:site</Key>
          <Value>BrianaLeeOnline</Value>
        </Property>
        <Property>
          <Key>Parameter:modelName</Key>
          <Value>Briana Lee Online</Value>
        </Property>
      </Properties>
      <TestMethod codeBase="C:/Users/TMacBlane/Documents/DevelopmentProjects/PornCantina.UIAutomation/bin/Debug/PornCantina.UIAutomation.DLL" adapterTypeName="Microsoft.VisualStudio.TestTools.TestTypes.Unit.UnitTestAdapter, Microsoft.VisualStudio.QualityTools.Tips.UnitTest.Adapter, Version=10.0.0.0, Culture=neutral, PublicKeyToken=b03f5f7f11d50a3a" className="PornCantina.UIAutomation.Scenarios.PinkVelvetVaultFeature, PornCantina.UIAutomation, Version=1.0.0.0, Culture=neutral, PublicKeyToken=null" name="PopulatePinkVelvetVaultGalleries_BrianaLeeOnline" />
    </UnitTest>
    <UnitTest name="PopulatePinkVelvetVaultGalleries_CherryZips_Com" storage="c:\users\tmacblane\documents\developmentprojects\porncantina.uiautomation\bin\debug\porncantina.uiautomation.dll" id="6723ee26-ffeb-9536-ffc6-148f6bd91bb4">
      <Description>Populate PinkVelvetVault Galleries</Description>
      <Execution id="d77459b2-caca-4f37-b3c9-9d9c5281aa78" />
      <Properties>
        <Property>
          <Key>FeatureTitle</Key>
          <Value>PinkVelvetVault</Value>
        </Property>
        <Property>
          <Key>VariantName</Key>
          <Value>CherryZips.com</Value>
        </Property>
        <Property>
          <Key>Parameter:site</Key>
          <Value>CherryZips.com</Value>
        </Property>
        <Property>
          <Key>Parameter:modelName</Key>
          <Value>Cherry Zips</Value>
        </Property>
      </Properties>
      <TestMethod codeBase="C:/Users/TMacBlane/Documents/DevelopmentProjects/PornCantina.UIAutomation/bin/Debug/PornCantina.UIAutomation.DLL" adapterTypeName="Microsoft.VisualStudio.TestTools.TestTypes.Unit.UnitTestAdapter, Microsoft.VisualStudio.QualityTools.Tips.UnitTest.Adapter, Version=10.0.0.0, Culture=neutral, PublicKeyToken=b03f5f7f11d50a3a" className="PornCantina.UIAutomation.Scenarios.PinkVelvetVaultFeature, PornCantina.UIAutomation, Version=1.0.0.0, Culture=neutral, PublicKeyToken=null" name="PopulatePinkVelvetVaultGalleries_CherryZips_Com" />
    </UnitTest>
    <UnitTest name="PopulateMinxManiaGalleries" storage="c:\users\tmacblane\documents\developmentprojects\porncantina.uiautomation\bin\debug\porncantina.uiautomation.dll" id="56f54296-15ab-8819-79de-9cb8a298433f">
      <Description>Populate MinxMania Galleries</Description>
      <Execution id="e70b3dd8-849b-482b-aeca-cb26069f9573" />
      <Properties>
        <Property>
          <Key>FeatureTitle</Key>
          <Value>MinxMafia</Value>
        </Property>
      </Properties>
      <TestMethod codeBase="C:/Users/TMacBlane/Documents/DevelopmentProjects/PornCantina.UIAutomation/bin/Debug/PornCantina.UIAutomation.DLL" adapterTypeName="Microsoft.VisualStudio.TestTools.TestTypes.Unit.UnitTestAdapter, Microsoft.VisualStudio.QualityTools.Tips.UnitTest.Adapter, Version=10.0.0.0, Culture=neutral, PublicKeyToken=b03f5f7f11d50a3a" className="PornCantina.UIAutomation.Scenarios.MinxMafiaFeature, PornCantina.UIAutomation, Version=1.0.0.0, Culture=neutral, PublicKeyToken=null" name="PopulateMinxManiaGalleries" />
    </UnitTest>
    <UnitTest name="PopulatePinkVelvetVaultGalleries_BrianaLeeExtreme_Com" storage="c:\users\tmacblane\documents\developmentprojects\porncantina.uiautomation\bin\debug\porncantina.uiautomation.dll" id="076a81dd-d8a3-782a-c412-1ea2d0276610">
      <Description>Populate PinkVelvetVault Galleries</Description>
      <Execution id="1ecd046a-ce5d-41a0-9520-f0863111bf90" />
      <Properties>
        <Property>
          <Key>FeatureTitle</Key>
          <Value>PinkVelvetVault</Value>
        </Property>
        <Property>
          <Key>VariantName</Key>
          <Value>BrianaLeeExtreme.com</Value>
        </Property>
        <Property>
          <Key>Parameter:site</Key>
          <Value>BrianaLeeExtreme.com</Value>
        </Property>
        <Property>
          <Key>Parameter:modelName</Key>
          <Value>Briana Lee Extreme</Value>
        </Property>
      </Properties>
      <TestMethod codeBase="C:/Users/TMacBlane/Documents/DevelopmentProjects/PornCantina.UIAutomation/bin/Debug/PornCantina.UIAutomation.DLL" adapterTypeName="Microsoft.VisualStudio.TestTools.TestTypes.Unit.UnitTestAdapter, Microsoft.VisualStudio.QualityTools.Tips.UnitTest.Adapter, Version=10.0.0.0, Culture=neutral, PublicKeyToken=b03f5f7f11d50a3a" className="PornCantina.UIAutomation.Scenarios.PinkVelvetVaultFeature, PornCantina.UIAutomation, Version=1.0.0.0, Culture=neutral, PublicKeyToken=null" name="PopulatePinkVelvetVaultGalleries_BrianaLeeExtreme_Com" />
    </UnitTest>
  </TestDefinitions>
  <TestLists>
    <TestList name="Results Not in a List" id="8c84fa94-04c1-424b-9868-57a2d4851a1d" />
    <TestList name="All Loaded Results" id="19431567-8539-422a-85d7-44ee4e166bda" />
  </TestLists>
  <TestEntries>
    <TestEntry testId="b561c79c-303d-25b6-3666-9b140d099ec6" executionId="1f6c0dbf-a6f1-4f87-9c27-84d4baa48307" testListId="8c84fa94-04c1-424b-9868-57a2d4851a1d" />
    <TestEntry testId="b2fe822b-5976-20eb-494c-a2e70b73f8a8" executionId="bf21b177-dd02-4c28-b6de-18f48a44eefa" testListId="8c84fa94-04c1-424b-9868-57a2d4851a1d" />
    <TestEntry testId="eb9b8e2b-e634-3f71-8b78-2aca84a14cf3" executionId="05faddce-de79-449f-bef7-9fa1076d1bdc" testListId="8c84fa94-04c1-424b-9868-57a2d4851a1d" />
    <TestEntry testId="746ca17d-0c95-55f7-2444-fcda2e970d75" executionId="879c58f8-ad6d-4e21-88a0-492c8a160d5b" testListId="8c84fa94-04c1-424b-9868-57a2d4851a1d" />
    <TestEntry testId="0833e762-dd78-d87c-6052-d9944bd1c4a8" executionId="8e74adff-605a-4fd0-91dd-29ba3358a661" testListId="8c84fa94-04c1-424b-9868-57a2d4851a1d" />
    <TestEntry testId="8c136c51-948d-db20-6929-2e8f37a20b36" executionId="f426af58-7c39-4b0d-85ec-7bdbfcd36b06" testListId="8c84fa94-04c1-424b-9868-57a2d4851a1d" />
    <TestEntry testId="6f823177-fac0-1695-39d6-789688bb1a48" executionId="936f8013-8db4-45b9-86cf-8b99f1a87dc2" testListId="8c84fa94-04c1-424b-9868-57a2d4851a1d" />
    <TestEntry testId="90275ed3-6b7f-be6c-3123-37a1d67aeee3" executionId="8c1f6912-4de3-4257-abca-ea691bd2a380" testListId="8c84fa94-04c1-424b-9868-57a2d4851a1d" />
    <TestEntry testId="d4651545-402e-63fd-5727-2f619b78f07c" executionId="3aa4386f-3a22-49b5-ae93-ca6d97ee0dfd" testListId="8c84fa94-04c1-424b-9868-57a2d4851a1d" />
    <TestEntry testId="56f54296-15ab-8819-79de-9cb8a298433f" executionId="e70b3dd8-849b-482b-aeca-cb26069f9573" testListId="8c84fa94-04c1-424b-9868-57a2d4851a1d" />
    <TestEntry testId="7fae0b54-1d2c-0d9d-1805-b2ab2adfc550" executionId="9b457250-6640-4174-b8d3-2e774e2b3a42" testListId="8c84fa94-04c1-424b-9868-57a2d4851a1d" />
    <TestEntry testId="6ab30983-7e28-5632-d87f-2957844134d4" executionId="8bb31c2e-f67e-4e32-aa9c-1060c048e9c1" testListId="8c84fa94-04c1-424b-9868-57a2d4851a1d" />
    <TestEntry testId="076a81dd-d8a3-782a-c412-1ea2d0276610" executionId="1ecd046a-ce5d-41a0-9520-f0863111bf90" testListId="8c84fa94-04c1-424b-9868-57a2d4851a1d" />
    <TestEntry testId="7c9891c3-de5a-d9fc-615e-6f7414163765" executionId="2102029d-94d8-4075-a880-b7f9fe714a42" testListId="8c84fa94-04c1-424b-9868-57a2d4851a1d" />
    <TestEntry testId="4cbca76b-5162-199c-dd79-ce8dc44ed77b" executionId="c8093318-d519-4cdc-bb02-0c3ec6f103f8" testListId="8c84fa94-04c1-424b-9868-57a2d4851a1d" />
    <TestEntry testId="36a18326-5378-2751-6673-68fb2102b50e" executionId="081ba9ef-6999-4155-9e78-46afb82bfce6" testListId="8c84fa94-04c1-424b-9868-57a2d4851a1d" />
    <TestEntry testId="efe8e8c2-3563-b091-1ee4-879573922381" executionId="cc6f8a80-44ee-46ee-90a6-2c7df3b73c9b" testListId="8c84fa94-04c1-424b-9868-57a2d4851a1d" />
    <TestEntry testId="330e0218-b1c3-0599-b86f-bb99241a385f" executionId="376010dd-830f-4212-9c8f-5f6a93897bb6" testListId="8c84fa94-04c1-424b-9868-57a2d4851a1d" />
    <TestEntry testId="faee341e-3298-bbd5-13d9-4d169a7040ed" executionId="dfe1e337-c8f7-45c0-af2c-09ba92ccd8ca" testListId="8c84fa94-04c1-424b-9868-57a2d4851a1d" />
    <TestEntry testId="09f339eb-e1ff-0d96-dca9-6e24e2f7cfbf" executionId="a72025fa-13ae-48ca-bcfc-47007a5c7de3" testListId="8c84fa94-04c1-424b-9868-57a2d4851a1d" />
    <TestEntry testId="9b8a8829-6f71-8101-2626-855991eddcfc" executionId="80679a2e-7636-4e36-b39f-7664d5fe698b" testListId="8c84fa94-04c1-424b-9868-57a2d4851a1d" />
    <TestEntry testId="6af92fa9-0ccf-8383-ab91-02e618ce084c" executionId="0cd151d8-0ea5-4627-90f7-68ccebf5d23f" testListId="8c84fa94-04c1-424b-9868-57a2d4851a1d" />
    <TestEntry testId="70329624-f7cc-6664-b631-4cc70d51a00f" executionId="becb59cc-0558-45c3-8293-0051e2252e0f" testListId="8c84fa94-04c1-424b-9868-57a2d4851a1d" />
    <TestEntry testId="6723ee26-ffeb-9536-ffc6-148f6bd91bb4" executionId="d77459b2-caca-4f37-b3c9-9d9c5281aa78" testListId="8c84fa94-04c1-424b-9868-57a2d4851a1d" />
    <TestEntry testId="d0390afa-4a21-297c-771f-2a8050db7de4" executionId="dde0bc77-2994-4c4f-bf52-692e5eada614" testListId="8c84fa94-04c1-424b-9868-57a2d4851a1d" />
    <TestEntry testId="2910964a-1343-9aba-d7b0-6918c25f5329" executionId="a41eda7f-d89a-45af-9408-fe4f817105c0" testListId="8c84fa94-04c1-424b-9868-57a2d4851a1d" />
    <TestEntry testId="b4f0a9e8-5d81-3545-39ca-78302cfc2e4c" executionId="0cb3d821-10b2-4171-9ed8-93cdf7e9e273" testListId="8c84fa94-04c1-424b-9868-57a2d4851a1d" />
    <TestEntry testId="2272289c-032b-1243-7330-eb5092e584fc" executionId="1f307a43-b9b8-4b1c-af42-36f042204662" testListId="8c84fa94-04c1-424b-9868-57a2d4851a1d" />
    <TestEntry testId="66f4f75a-e39b-800c-c209-257f1c101b17" executionId="9266b1dc-0f61-4a63-976e-08a8e22ef554" testListId="8c84fa94-04c1-424b-9868-57a2d4851a1d" />
    <TestEntry testId="e1e0aada-64a3-6d63-9035-77bad23b408c" executionId="a89a2281-7c9f-46cd-9418-324b90e0313f" testListId="8c84fa94-04c1-424b-9868-57a2d4851a1d" />
    <TestEntry testId="3244bd33-62ad-5b0c-a0f8-17623bcb7156" executionId="e39e52ee-4049-4d7c-bcb4-c8f3af0e2580" testListId="8c84fa94-04c1-424b-9868-57a2d4851a1d" />
  </TestEntries>
  <Results>
    <UnitTestResult executionId="1f6c0dbf-a6f1-4f87-9c27-84d4baa48307" testId="b561c79c-303d-25b6-3666-9b140d099ec6" testName="PopulatePinkVelvetVaultGalleries_BrianaLeeOnline" computerName="FIREFLY" duration="00:00:14.2393347" startTime="2012-09-23T13:24:57.5869794-04:00" endTime="2012-09-23T13:25:12.4187794-04:00" testType="13cdc9d9-ddb5-4fa4-a97d-d965ccfc6d4b" outcome="Passed" testListId="8c84fa94-04c1-424b-9868-57a2d4851a1d" relativeResultsDirectory="1f6c0dbf-a6f1-4f87-9c27-84d4baa48307">
      <Output>
        <StdOut>Given I open the pinkvelvet page
-&gt; done: StepDefinitions.GivenIOpenTheSpecifiedPage("pinkvelvet") (8.6s)
Then I should be on the pinkvelvet page
-&gt; done: StepDefinitions.IShouldBeOnTheSpecifiedPage("pinkvelvet") (0.1s)
When I enter the PinkVelvetVault ccbill id
-&gt; done: HostedGalleriesManagerStepDefinitions.WhenIEnterTheSpecifiedCcbillId("PinkVelvetVault") (0.1s)
And I select BrianaLeeOnline from the site dropdown list
-&gt; done: HostedGalleriesManagerStepDefinitions.WhenISelectTheModelNameFromTheSiteDropdownList("BrianaLeeOnline") (0.5s)
And I select the Past Week date range
-&gt; done: HostedGalleriesManagerStepDefinitions.WhenISelectTheDateRangeDateRange("Past Week") (0.1s)
And I select the type of Pics
-&gt; done: HostedGalleriesManagerStepDefinitions.WhenISelectTheSpecifiedType("Pics") (0.2s)
And I select to display All galleries per page
-&gt; done: HostedGalleriesManagerStepDefinitions.WhenISelectToDisplaySpecifiedNumberOfGalleriesPerPage("All") (0.1s)
And I click the generate button
-&gt; done: HostedGalleriesManagerStepDefinitions.WhenIClickTheGenerateButton() (0.5s)
Then I should see the populated list of galleries
-&gt; done: HostedGalleriesManagerStepDefinitions.ThenIShouldSeeThePopulatedListOfGalleries() (0.0s)
And I should create any new Briana Lee Online pinkvelvetvault galleries
-&gt; done: PinkVelvetVaultStepDefinitions.ThenIShouldCreateAnyNewModelNamePinkvelvetvaultGalleries("Briana Lee Online") (2.7s)</StdOut>
      </Output>
    </UnitTestResult>
    <UnitTestResult executionId="bf21b177-dd02-4c28-b6de-18f48a44eefa" testId="b2fe822b-5976-20eb-494c-a2e70b73f8a8" testName="PopulateBellaCashGalleries_TaliaShepard" computerName="FIREFLY" duration="00:00:13.1475350" startTime="2012-09-23T13:25:12.4187794-04:00" endTime="2012-09-23T13:25:25.5715794-04:00" testType="13cdc9d9-ddb5-4fa4-a97d-d965ccfc6d4b" outcome="Passed" testListId="8c84fa94-04c1-424b-9868-57a2d4851a1d" relativeResultsDirectory="bf21b177-dd02-4c28-b6de-18f48a44eefa">
      <Output>
        <StdOut>Given I open the bellacash page
-&gt; done: StepDefinitions.GivenIOpenTheSpecifiedPage("bellacash") (3.5s)
Then I should be on the bellacash page
-&gt; done: StepDefinitions.IShouldBeOnTheSpecifiedPage("bellacash") (0.2s)
When I select the Talia Shepard bellapass paysite
-&gt; done: BellaCashStepDefinitions.WhenISelectTheSpecifiedPaysite("Talia Shepard") (0.1s)
Then I should see the Talia Shepard bellapass hosted galleries
-&gt; done: BellaCashStepDefinitions.ThenIShouldSeeTheSpecifiedHostedGalleries("Talia Shepard") (2.0s)
And I should create any new Talia Shepard bellapass galleries
-&gt; done: BellaCashStepDefinitions.ThenIShouldCreateAnyNewModelNameBellapassGalleries("Talia Shepard") (6.3s)</StdOut>
      </Output>
    </UnitTestResult>
    <UnitTestResult executionId="05faddce-de79-449f-bef7-9fa1076d1bdc" testId="eb9b8e2b-e634-3f71-8b78-2aca84a14cf3" testName="PopulateEpicPandaCashGalleries_BaileyKnox" computerName="FIREFLY" duration="00:00:05.6189237" startTime="2012-09-23T13:25:25.5715794-04:00" endTime="2012-09-23T13:25:31.2051794-04:00" testType="13cdc9d9-ddb5-4fa4-a97d-d965ccfc6d4b" outcome="Passed" testListId="8c84fa94-04c1-424b-9868-57a2d4851a1d" relativeResultsDirectory="05faddce-de79-449f-bef7-9fa1076d1bdc">
      <Output>
        <StdOut>Given I open the epicpandacash page
-&gt; done: StepDefinitions.GivenIOpenTheSpecifiedPage("epicpandacash") (3.2s)
Then I should be on the epicpandacash page
-&gt; done: StepDefinitions.IShouldBeOnTheSpecifiedPage("epicpandacash") (0.0s)
When I select Bailey Knox from the site dropdown list
-&gt; done: HostedGalleriesManagerStepDefinitions.WhenISelectTheModelNameFromTheSiteDropdownList("Bailey Knox") (0.3s)
And I select the Past Week date range
-&gt; done: HostedGalleriesManagerStepDefinitions.WhenISelectTheDateRangeDateRange("Past Week") (0.1s)
And I select the type of Pics
-&gt; done: HostedGalleriesManagerStepDefinitions.WhenISelectTheSpecifiedType("Pics") (0.2s)
And I select to display All galleries per page
-&gt; done: HostedGalleriesManagerStepDefinitions.WhenISelectToDisplaySpecifiedNumberOfGalleriesPerPage("All") (0.2s)
And I click the generate button
-&gt; done: HostedGalleriesManagerStepDefinitions.WhenIClickTheGenerateButton() (0.4s)
Then I should see the populated list of galleries
-&gt; done: HostedGalleriesManagerStepDefinitions.ThenIShouldSeeThePopulatedListOfGalleries() (0.1s)
And I should create any new Bailey Knox epicpandacash galleries
-&gt; done: EpicPandaCashStepDefinitions.ThenIShouldCreateAnyNewModelNameEpicpandacashGalleries("Bailey Knox") (0.0s)</StdOut>
      </Output>
    </UnitTestResult>
    <UnitTestResult executionId="879c58f8-ad6d-4e21-88a0-492c8a160d5b" testId="746ca17d-0c95-55f7-2444-fcda2e970d75" testName="PopulateEpicPandaCashGalleries_MidoriWest" computerName="FIREFLY" duration="00:00:05.9233887" startTime="2012-09-23T13:25:31.2051794-04:00" endTime="2012-09-23T13:25:37.1351794-04:00" testType="13cdc9d9-ddb5-4fa4-a97d-d965ccfc6d4b" outcome="Passed" testListId="8c84fa94-04c1-424b-9868-57a2d4851a1d" relativeResultsDirectory="879c58f8-ad6d-4e21-88a0-492c8a160d5b">
      <Output>
        <StdOut>Given I open the epicpandacash page
-&gt; done: StepDefinitions.GivenIOpenTheSpecifiedPage("epicpandacash") (3.2s)
Then I should be on the epicpandacash page
-&gt; done: StepDefinitions.IShouldBeOnTheSpecifiedPage("epicpandacash") (0.1s)
When I select Midori West from the site dropdown list
-&gt; done: HostedGalleriesManagerStepDefinitions.WhenISelectTheModelNameFromTheSiteDropdownList("Midori West") (0.6s)
And I select the Past Week date range
-&gt; done: HostedGalleriesManagerStepDefinitions.WhenISelectTheDateRangeDateRange("Past Week") (0.1s)
And I select the type of Pics
-&gt; done: HostedGalleriesManagerStepDefinitions.WhenISelectTheSpecifiedType("Pics") (0.2s)
And I select to display All galleries per page
-&gt; done: HostedGalleriesManagerStepDefinitions.WhenISelectToDisplaySpecifiedNumberOfGalleriesPerPage("All") (0.2s)
And I click the generate button
-&gt; done: HostedGalleriesManagerStepDefinitions.WhenIClickTheGenerateButton() (0.4s)
Then I should see the populated list of galleries
-&gt; done: HostedGalleriesManagerStepDefinitions.ThenIShouldSeeThePopulatedListOfGalleries() (0.1s)
And I should create any new Midori West epicpandacash galleries
-&gt; done: EpicPandaCashStepDefinitions.ThenIShouldCreateAnyNewModelNameEpicpandacashGalleries("Midori West") (0.0s)</StdOut>
      </Output>
    </UnitTestResult>
    <UnitTestResult executionId="8e74adff-605a-4fd0-91dd-29ba3358a661" testId="0833e762-dd78-d87c-6052-d9944bd1c4a8" testName="PopulateEpicPandaCashGalleries_SpencerNicks" computerName="FIREFLY" duration="00:00:06.1876254" startTime="2012-09-23T13:25:37.1351794-04:00" endTime="2012-09-23T13:25:43.3303794-04:00" testType="13cdc9d9-ddb5-4fa4-a97d-d965ccfc6d4b" outcome="Passed" testListId="8c84fa94-04c1-424b-9868-57a2d4851a1d" relativeResultsDirectory="8e74adff-605a-4fd0-91dd-29ba3358a661">
      <Output>
        <StdOut>Given I open the epicpandacash page
-&gt; done: StepDefinitions.GivenIOpenTheSpecifiedPage("epicpandacash") (3.1s)
Then I should be on the epicpandacash page
-&gt; done: StepDefinitions.IShouldBeOnTheSpecifiedPage("epicpandacash") (0.1s)
When I select Spencer Nicks from the site dropdown list
-&gt; done: HostedGalleriesManagerStepDefinitions.WhenISelectTheModelNameFromTheSiteDropdownList("Spencer Nicks") (0.9s)
And I select the Past Week date range
-&gt; done: HostedGalleriesManagerStepDefinitions.WhenISelectTheDateRangeDateRange("Past Week") (0.1s)
And I select the type of Pics
-&gt; done: HostedGalleriesManagerStepDefinitions.WhenISelectTheSpecifiedType("Pics") (0.2s)
And I select to display All galleries per page
-&gt; done: HostedGalleriesManagerStepDefinitions.WhenISelectToDisplaySpecifiedNumberOfGalleriesPerPage("All") (0.2s)
And I click the generate button
-&gt; done: HostedGalleriesManagerStepDefinitions.WhenIClickTheGenerateButton() (0.4s)
Then I should see the populated list of galleries
-&gt; done: HostedGalleriesManagerStepDefinitions.ThenIShouldSeeThePopulatedListOfGalleries() (0.0s)
And I should create any new Spencer Nicks epicpandacash galleries
-&gt; done: EpicPandaCashStepDefinitions.ThenIShouldCreateAnyNewModelNameEpicpandacashGalleries("Spencer Nicks") (0.0s)</StdOut>
      </Output>
    </UnitTestResult>
    <UnitTestResult executionId="f426af58-7c39-4b0d-85ec-7bdbfcd36b06" testId="8c136c51-948d-db20-6929-2e8f37a20b36" testName="PopulateBellaCashGalleries_KatieBanks" computerName="FIREFLY" duration="00:00:19.8847030" startTime="2012-09-23T13:25:43.3459794-04:00" endTime="2012-09-23T13:26:03.2223794-04:00" testType="13cdc9d9-ddb5-4fa4-a97d-d965ccfc6d4b" outcome="Passed" testListId="8c84fa94-04c1-424b-9868-57a2d4851a1d" relativeResultsDirectory="f426af58-7c39-4b0d-85ec-7bdbfcd36b06">
      <Output>
        <StdOut>Given I open the bellacash page
-&gt; done: StepDefinitions.GivenIOpenTheSpecifiedPage("bellacash") (4.1s)
Then I should be on the bellacash page
-&gt; done: StepDefinitions.IShouldBeOnTheSpecifiedPage("bellacash") (0.3s)
When I select the Katie Banks bellapass paysite
-&gt; done: BellaCashStepDefinitions.WhenISelectTheSpecifiedPaysite("Katie Banks") (0.1s)
Then I should see the Katie Banks bellapass hosted galleries
-&gt; done: BellaCashStepDefinitions.ThenIShouldSeeTheSpecifiedHostedGalleries("Katie Banks") (3.5s)
And I should create any new Katie Banks bellapass galleries
-&gt; done: BellaCashStepDefinitions.ThenIShouldCreateAnyNewModelNameBellapassGalleries("Katie Banks") (10.8s)</StdOut>
      </Output>
    </UnitTestResult>
    <UnitTestResult executionId="936f8013-8db4-45b9-86cf-8b99f1a87dc2" testId="6f823177-fac0-1695-39d6-789688bb1a48" testName="PopulateEpicPandaCashGalleries_RachelSexton" computerName="FIREFLY" duration="00:00:05.8294037" startTime="2012-09-23T13:26:03.2223794-04:00" endTime="2012-09-23T13:26:09.0587794-04:00" testType="13cdc9d9-ddb5-4fa4-a97d-d965ccfc6d4b" outcome="Passed" testListId="8c84fa94-04c1-424b-9868-57a2d4851a1d" relativeResultsDirectory="936f8013-8db4-45b9-86cf-8b99f1a87dc2">
      <Output>
        <StdOut>Given I open the epicpandacash page
-&gt; done: StepDefinitions.GivenIOpenTheSpecifiedPage("epicpandacash") (3.1s)
Then I should be on the epicpandacash page
-&gt; done: StepDefinitions.IShouldBeOnTheSpecifiedPage("epicpandacash") (0.0s)
When I select Rachel Sexton from the site dropdown list
-&gt; done: HostedGalleriesManagerStepDefinitions.WhenISelectTheModelNameFromTheSiteDropdownList("Rachel Sexton") (0.6s)
And I select the Past Week date range
-&gt; done: HostedGalleriesManagerStepDefinitions.WhenISelectTheDateRangeDateRange("Past Week") (0.1s)
And I select the type of Pics
-&gt; done: HostedGalleriesManagerStepDefinitions.WhenISelectTheSpecifiedType("Pics") (0.2s)
And I select to display All galleries per page
-&gt; done: HostedGalleriesManagerStepDefinitions.WhenISelectToDisplaySpecifiedNumberOfGalleriesPerPage("All") (0.2s)
And I click the generate button
-&gt; done: HostedGalleriesManagerStepDefinitions.WhenIClickTheGenerateButton() (0.4s)
Then I should see the populated list of galleries
-&gt; done: HostedGalleriesManagerStepDefinitions.ThenIShouldSeeThePopulatedListOfGalleries() (0.1s)
And I should create any new Rachel Sexton epicpandacash galleries
-&gt; done: EpicPandaCashStepDefinitions.ThenIShouldCreateAnyNewModelNameEpicpandacashGalleries("Rachel Sexton") (0.0s)</StdOut>
      </Output>
    </UnitTestResult>
    <UnitTestResult executionId="8c1f6912-4de3-4257-abca-ea691bd2a380" testId="90275ed3-6b7f-be6c-3123-37a1d67aeee3" testName="PopulatePinkVelvetVaultGalleries_TaylorTrue" computerName="FIREFLY" duration="00:00:05.3435498" startTime="2012-09-23T13:26:09.0743794-04:00" endTime="2012-09-23T13:26:14.4115794-04:00" testType="13cdc9d9-ddb5-4fa4-a97d-d965ccfc6d4b" outcome="Passed" testListId="8c84fa94-04c1-424b-9868-57a2d4851a1d" relativeResultsDirectory="8c1f6912-4de3-4257-abca-ea691bd2a380">
      <Output>
        <StdOut>Given I open the pinkvelvet page
-&gt; done: StepDefinitions.GivenIOpenTheSpecifiedPage("pinkvelvet") (2.4s)
Then I should be on the pinkvelvet page
-&gt; done: StepDefinitions.IShouldBeOnTheSpecifiedPage("pinkvelvet") (0.2s)
When I enter the PinkVelvetVault ccbill id
-&gt; done: HostedGalleriesManagerStepDefinitions.WhenIEnterTheSpecifiedCcbillId("PinkVelvetVault") (0.1s)
And I select TaylorTrue from the site dropdown list
-&gt; done: HostedGalleriesManagerStepDefinitions.WhenISelectTheModelNameFromTheSiteDropdownList("TaylorTrue") (0.8s)
And I select the Past Week date range
-&gt; done: HostedGalleriesManagerStepDefinitions.WhenISelectTheDateRangeDateRange("Past Week") (0.1s)
And I select the type of Pics
-&gt; done: HostedGalleriesManagerStepDefinitions.WhenISelectTheSpecifiedType("Pics") (0.1s)
And I select to display All galleries per page
-&gt; done: HostedGalleriesManagerStepDefinitions.WhenISelectToDisplaySpecifiedNumberOfGalleriesPerPage("All") (0.1s)
And I click the generate button
-&gt; done: HostedGalleriesManagerStepDefinitions.WhenIClickTheGenerateButton() (0.4s)
Then I should see the populated list of galleries
-&gt; done: HostedGalleriesManagerStepDefinitions.ThenIShouldSeeThePopulatedListOfGalleries() (0.0s)
And I should create any new Taylor True pinkvelvetvault galleries
-&gt; done: PinkVelvetVaultStepDefinitions.ThenIShouldCreateAnyNewModelNamePinkvelvetvaultGalleries("Taylor True") (0.0s)</StdOut>
      </Output>
    </UnitTestResult>
    <UnitTestResult executionId="3aa4386f-3a22-49b5-ae93-ca6d97ee0dfd" testId="d4651545-402e-63fd-5727-2f619b78f07c" testName="PopulateZellysCashGalleries_BluEyedCass" computerName="FIREFLY" duration="00:01:03.6079220" startTime="2012-09-23T13:26:14.4115794-04:00" endTime="2012-09-23T13:27:18.0303794-04:00" testType="13cdc9d9-ddb5-4fa4-a97d-d965ccfc6d4b" outcome="Failed" testListId="8c84fa94-04c1-424b-9868-57a2d4851a1d" relativeResultsDirectory="3aa4386f-3a22-49b5-ae93-ca6d97ee0dfd">
      <Output>
        <StdOut>Given I open the zellyscash page
-&gt; done: StepDefinitions.GivenIOpenTheSpecifiedPage("zellyscash") (3.6s)
Then I should be on the zellyscash page
-&gt; done: StepDefinitions.IShouldBeOnTheSpecifiedPage("zellyscash") (0.1s)
When I select the BluEyedCass zellyscash paysite
-&gt; done: ZellysCashStepDefinitions.WhenISelectTheSpecifiedZellysPaysite("BluEyedCass") (6.4s)
Then I should see the BluEyedCass zellyscash hosted galleries
-&gt; done: ZellysCashStepDefinitions.ThenIShouldSeeTheSpecifiedZellysHostedGalleries("BluEyedCass") (0.1s)
And I should create any new BluEyedCass zellyscash galleries
-&gt; error: Unable to locate element: {"method":"xpath","selector":"//form[2]/table/tbody/tr[2]/td/table/tbody/tr[168]/td[3]"}</StdOut>
        <ErrorInfo>
          <Message>Test method PornCantina.UIAutomation.Scenarios.ZellysCashFeature.PopulateZellysCashGalleries_BluEyedCass threw exception: 
OpenQA.Selenium.NoSuchElementException: Unable to locate element: {"method":"xpath","selector":"//form[2]/table/tbody/tr[2]/td/table/tbody/tr[168]/td[3]"}</Message>
          <StackTrace>    at OpenQA.Selenium.Remote.RemoteWebDriver.UnpackAndThrowOnError(Response errorResponse)
   at OpenQA.Selenium.Remote.RemoteWebDriver.Execute(String driverCommandToExecute, Dictionary`2 parameters)
   at OpenQA.Selenium.Remote.RemoteWebDriver.FindElement(String mechanism, String value)
   at OpenQA.Selenium.Remote.RemoteWebDriver.FindElementByXPath(String xpath)
   at OpenQA.Selenium.By.&lt;&gt;c__DisplayClasse.&lt;XPath&gt;b__c(ISearchContext context)
   at OpenQA.Selenium.By.FindElement(ISearchContext context)
   at OpenQA.Selenium.Remote.RemoteWebDriver.FindElement(By by)
   at AutomationFramework.BrowserHelper.GetElementByXPath(IWebDriver driver, String locator, String additionalLocatorPath) in C:\Users\TMacBlane\documents\visual studio 2010\Projects\PornCantina\AutomationFramework\Classes\BrowserHelper.cs:line 106
   at AutomationFramework.BrowserHelper.GetElement(IWebDriver driver, String locator, String additionalLocatorPath) in C:\Users\TMacBlane\documents\visual studio 2010\Projects\PornCantina\AutomationFramework\Classes\BrowserHelper.cs:line 25
   at AutomationFramework.WebBrowser.GetText(String locator, String additionalLocatorPath) in C:\Users\TMacBlane\documents\visual studio 2010\Projects\PornCantina\AutomationFramework\Classes\WebBrowser.cs:line 154
   at AutomationFramework.PageElementExtensions.GetText(IPageElement element, String additionalLocator) in C:\Users\TMacBlane\documents\visual studio 2010\Projects\PornCantina\AutomationFramework\Classes\PageElementExtensions.cs:line 76
   at PornCantina.UIAutomation.StepDefinitions.ZellysCashStepDefinitions.ThenIShouldCreateAnyNewModelNameZellysGalleries(String modelName) in C:\Users\TMacBlane\Documents\DevelopmentProjects\PornCantina.UIAutomation\StepDefinitions\ZellysCashStepDefinitions.cs:line 120
   at lambda_method(Closure , IContextManager , String )
   at TechTalk.SpecFlow.Bindings.MethodBinding.InvokeAction(IContextManager contextManager, Object[] arguments, ITestTracer testTracer, TimeSpan&amp; duration)
   at TechTalk.SpecFlow.Bindings.StepDefinitionBinding.Invoke(IContextManager contextManager, ITestTracer testTracer, Object[] arguments, TimeSpan&amp; duration)
   at TechTalk.SpecFlow.Infrastructure.TestExecutionEngine.ExecuteStepMatch(BindingMatch match, Object[] arguments)
   at TechTalk.SpecFlow.Infrastructure.TestExecutionEngine.ExecuteStep(StepArgs stepArgs)
   at TechTalk.SpecFlow.Infrastructure.TestExecutionEngine.OnAfterLastStep()
   at TechTalk.SpecFlow.TestRunner.CollectScenarioErrors()
   at PornCantina.UIAutomation.Scenarios.ZellysCashFeature.ScenarioCleanup() in C:\Users\TMacBlane\Documents\DevelopmentProjects\PornCantina.UIAutomation\Scenarios\ZellysCash.feature.cs:line 0
   at PornCantina.UIAutomation.Scenarios.ZellysCashFeature.PopulateZellysCashGalleries(String modelName, String[] exampleTags) in c:\Users\TMacBlane\Documents\DevelopmentProjects\PornCantina.UIAutomation\Scenarios\ZellysCash.feature:line 10
   at PornCantina.UIAutomation.Scenarios.ZellysCashFeature.PopulateZellysCashGalleries_BluEyedCass() in C:\Users\TMacBlane\Documents\DevelopmentProjects\PornCantina.UIAutomation\Scenarios\ZellysCash.feature.cs:line 0
</StackTrace>
        </ErrorInfo>
      </Output>
    </UnitTestResult>
    <UnitTestResult executionId="e70b3dd8-849b-482b-aeca-cb26069f9573" testId="56f54296-15ab-8819-79de-9cb8a298433f" testName="PopulateMinxManiaGalleries" computerName="FIREFLY" duration="00:00:05.8744016" startTime="2012-09-23T13:27:18.0303794-04:00" endTime="2012-09-23T13:27:23.9291794-04:00" testType="13cdc9d9-ddb5-4fa4-a97d-d965ccfc6d4b" outcome="Passed" testListId="8c84fa94-04c1-424b-9868-57a2d4851a1d" relativeResultsDirectory="e70b3dd8-849b-482b-aeca-cb26069f9573">
      <Output>
        <StdOut>Given I open the minx mafia page
-&gt; done: StepDefinitions.GivenIOpenTheSpecifiedPage("minx mafia") (3.4s)
Then I should be on the minx mafia page
-&gt; done: StepDefinitions.IShouldBeOnTheSpecifiedPage("minx mafia") (0.0s)
When I select the Past Week date range
-&gt; done: HostedGalleriesManagerStepDefinitions.WhenISelectTheDateRangeDateRange("Past Week") (0.1s)
When I select CatieMinx.com from the site dropdown list
-&gt; done: HostedGalleriesManagerStepDefinitions.WhenISelectTheModelNameFromTheSiteDropdownList("CatieMinx.com") (0.2s)
And I select the type of Pics
-&gt; done: HostedGalleriesManagerStepDefinitions.WhenISelectTheSpecifiedType("Pics") (0.3s)
And I select to display All galleries per page
-&gt; done: HostedGalleriesManagerStepDefinitions.WhenISelectToDisplaySpecifiedNumberOfGalleriesPerPage("All") (0.2s)
And I click the generate button
-&gt; done: HostedGalleriesManagerStepDefinitions.WhenIClickTheGenerateButton() (0.4s)
Then I should see the populated list of galleries
-&gt; done: HostedGalleriesManagerStepDefinitions.ThenIShouldSeeThePopulatedListOfGalleries() (0.1s)
And I should create any new Catie Minx minxmafia galleries
-&gt; done: MinxMafiaStepDefinitions.ThenIShouldCreateAnyNewModelNameMinxmafiaGalleries("Catie Minx") (0.1s)</StdOut>
      </Output>
    </UnitTestResult>
    <UnitTestResult executionId="9b457250-6640-4174-b8d3-2e774e2b3a42" testId="7fae0b54-1d2c-0d9d-1805-b2ab2adfc550" testName="PopulateEpicPandaCashGalleries_MistyGates" computerName="FIREFLY" duration="00:00:05.5686773" startTime="2012-09-23T13:27:23.9291794-04:00" endTime="2012-09-23T13:27:29.5003794-04:00" testType="13cdc9d9-ddb5-4fa4-a97d-d965ccfc6d4b" outcome="Passed" testListId="8c84fa94-04c1-424b-9868-57a2d4851a1d" relativeResultsDirectory="9b457250-6640-4174-b8d3-2e774e2b3a42">
      <Output>
        <StdOut>Given I open the epicpandacash page
-&gt; done: StepDefinitions.GivenIOpenTheSpecifiedPage("epicpandacash") (3.0s)
Then I should be on the epicpandacash page
-&gt; done: StepDefinitions.IShouldBeOnTheSpecifiedPage("epicpandacash") (0.0s)
When I select Misty Gates from the site dropdown list
-&gt; done: HostedGalleriesManagerStepDefinitions.WhenISelectTheModelNameFromTheSiteDropdownList("Misty Gates") (0.6s)
And I select the Past Week date range
-&gt; done: HostedGalleriesManagerStepDefinitions.WhenISelectTheDateRangeDateRange("Past Week") (0.1s)
And I select the type of Pics
-&gt; done: HostedGalleriesManagerStepDefinitions.WhenISelectTheSpecifiedType("Pics") (0.2s)
And I select to display All galleries per page
-&gt; done: HostedGalleriesManagerStepDefinitions.WhenISelectToDisplaySpecifiedNumberOfGalleriesPerPage("All") (0.2s)
And I click the generate button
-&gt; done: HostedGalleriesManagerStepDefinitions.WhenIClickTheGenerateButton() (0.3s)
Then I should see the populated list of galleries
-&gt; done: HostedGalleriesManagerStepDefinitions.ThenIShouldSeeThePopulatedListOfGalleries() (0.0s)
And I should create any new Misty Gates epicpandacash galleries
-&gt; done: EpicPandaCashStepDefinitions.ThenIShouldCreateAnyNewModelNameEpicpandacashGalleries("Misty Gates") (0.0s)</StdOut>
      </Output>
    </UnitTestResult>
    <UnitTestResult executionId="8bb31c2e-f67e-4e32-aa9c-1060c048e9c1" testId="6ab30983-7e28-5632-d87f-2957844134d4" testName="PopulatePinkVelvetVaultGalleries_RadiantDesire_Com" computerName="FIREFLY" duration="00:00:05.8291185" startTime="2012-09-23T13:27:29.5003794-04:00" endTime="2012-09-23T13:27:35.3367794-04:00" testType="13cdc9d9-ddb5-4fa4-a97d-d965ccfc6d4b" outcome="Passed" testListId="8c84fa94-04c1-424b-9868-57a2d4851a1d" relativeResultsDirectory="8bb31c2e-f67e-4e32-aa9c-1060c048e9c1">
      <Output>
        <StdOut>Given I open the pinkvelvet page
-&gt; done: StepDefinitions.GivenIOpenTheSpecifiedPage("pinkvelvet") (2.6s)
Then I should be on the pinkvelvet page
-&gt; done: StepDefinitions.IShouldBeOnTheSpecifiedPage("pinkvelvet") (0.1s)
When I enter the PinkVelvetVault ccbill id
-&gt; done: HostedGalleriesManagerStepDefinitions.WhenIEnterTheSpecifiedCcbillId("PinkVelvetVault") (0.1s)
And I select RadiantDesire.com from the site dropdown list
-&gt; done: HostedGalleriesManagerStepDefinitions.WhenISelectTheModelNameFromTheSiteDropdownList("RadiantDesire.com") (0.9s)
And I select the Past Week date range
-&gt; done: HostedGalleriesManagerStepDefinitions.WhenISelectTheDateRangeDateRange("Past Week") (0.1s)
And I select the type of Pics
-&gt; done: HostedGalleriesManagerStepDefinitions.WhenISelectTheSpecifiedType("Pics") (0.2s)
And I select to display All galleries per page
-&gt; done: HostedGalleriesManagerStepDefinitions.WhenISelectToDisplaySpecifiedNumberOfGalleriesPerPage("All") (0.1s)
And I click the generate button
-&gt; done: HostedGalleriesManagerStepDefinitions.WhenIClickTheGenerateButton() (0.5s)
Then I should see the populated list of galleries
-&gt; done: HostedGalleriesManagerStepDefinitions.ThenIShouldSeeThePopulatedListOfGalleries() (0.0s)
And I should create any new Radiant Desire pinkvelvetvault galleries
-&gt; done: PinkVelvetVaultStepDefinitions.ThenIShouldCreateAnyNewModelNamePinkvelvetvaultGalleries("Radiant Desire") (0.0s)</StdOut>
      </Output>
    </UnitTestResult>
    <UnitTestResult executionId="1ecd046a-ce5d-41a0-9520-f0863111bf90" testId="076a81dd-d8a3-782a-c412-1ea2d0276610" testName="PopulatePinkVelvetVaultGalleries_BrianaLeeExtreme_Com" computerName="FIREFLY" duration="00:00:05.3237912" startTime="2012-09-23T13:27:35.3367794-04:00" endTime="2012-09-23T13:27:40.6739794-04:00" testType="13cdc9d9-ddb5-4fa4-a97d-d965ccfc6d4b" outcome="Passed" testListId="8c84fa94-04c1-424b-9868-57a2d4851a1d" relativeResultsDirectory="1ecd046a-ce5d-41a0-9520-f0863111bf90">
      <Output>
        <StdOut>Given I open the pinkvelvet page
-&gt; done: StepDefinitions.GivenIOpenTheSpecifiedPage("pinkvelvet") (2.5s)
Then I should be on the pinkvelvet page
-&gt; done: StepDefinitions.IShouldBeOnTheSpecifiedPage("pinkvelvet") (0.2s)
When I enter the PinkVelvetVault ccbill id
-&gt; done: HostedGalleriesManagerStepDefinitions.WhenIEnterTheSpecifiedCcbillId("PinkVelvetVault") (0.1s)
And I select BrianaLeeExtreme.com from the site dropdown list
-&gt; done: HostedGalleriesManagerStepDefinitions.WhenISelectTheModelNameFromTheSiteDropdownList("BrianaLeeExtreme.com") (0.4s)
And I select the Past Week date range
-&gt; done: HostedGalleriesManagerStepDefinitions.WhenISelectTheDateRangeDateRange("Past Week") (0.1s)
And I select the type of Pics
-&gt; done: HostedGalleriesManagerStepDefinitions.WhenISelectTheSpecifiedType("Pics") (0.2s)
And I select to display All galleries per page
-&gt; done: HostedGalleriesManagerStepDefinitions.WhenISelectToDisplaySpecifiedNumberOfGalleriesPerPage("All") (0.2s)
And I click the generate button
-&gt; done: HostedGalleriesManagerStepDefinitions.WhenIClickTheGenerateButton() (0.5s)
Then I should see the populated list of galleries
-&gt; done: HostedGalleriesManagerStepDefinitions.ThenIShouldSeeThePopulatedListOfGalleries() (0.0s)
And I should create any new Briana Lee Extreme pinkvelvetvault galleries
-&gt; done: PinkVelvetVaultStepDefinitions.ThenIShouldCreateAnyNewModelNamePinkvelvetvaultGalleries("Briana Lee Extreme") (0.2s)</StdOut>
      </Output>
    </UnitTestResult>
    <UnitTestResult executionId="2102029d-94d8-4075-a880-b7f9fe714a42" testId="7c9891c3-de5a-d9fc-615e-6f7414163765" testName="PopulateBellaCashGalleries_NatalieTyler" computerName="FIREFLY" duration="00:00:14.6072787" startTime="2012-09-23T13:27:40.6739794-04:00" endTime="2012-09-23T13:27:55.2775794-04:00" testType="13cdc9d9-ddb5-4fa4-a97d-d965ccfc6d4b" outcome="Passed" testListId="8c84fa94-04c1-424b-9868-57a2d4851a1d" relativeResultsDirectory="2102029d-94d8-4075-a880-b7f9fe714a42">
      <Output>
        <StdOut>Given I open the bellacash page
-&gt; done: StepDefinitions.GivenIOpenTheSpecifiedPage("bellacash") (5.2s)
Then I should be on the bellacash page
-&gt; done: StepDefinitions.IShouldBeOnTheSpecifiedPage("bellacash") (0.3s)
When I select the Natalie Tyler bellapass paysite
-&gt; done: BellaCashStepDefinitions.WhenISelectTheSpecifiedPaysite("Natalie Tyler") (0.1s)
Then I should see the Natalie Tyler bellapass hosted galleries
-&gt; done: BellaCashStepDefinitions.ThenIShouldSeeTheSpecifiedHostedGalleries("Natalie Tyler") (4.6s)
And I should create any new Natalie Tyler bellapass galleries
-&gt; done: BellaCashStepDefinitions.ThenIShouldCreateAnyNewModelNameBellapassGalleries("Natalie Tyler") (3.3s)</StdOut>
      </Output>
    </UnitTestResult>
    <UnitTestResult executionId="c8093318-d519-4cdc-bb02-0c3ec6f103f8" testId="4cbca76b-5162-199c-dd79-ce8dc44ed77b" testName="PopulatePinkVelvetVaultGalleries_Nikkisplaymates_Com" computerName="FIREFLY" duration="00:00:05.5767184" startTime="2012-09-23T13:27:55.2775794-04:00" endTime="2012-09-23T13:28:00.8643794-04:00" testType="13cdc9d9-ddb5-4fa4-a97d-d965ccfc6d4b" outcome="Passed" testListId="8c84fa94-04c1-424b-9868-57a2d4851a1d" relativeResultsDirectory="c8093318-d519-4cdc-bb02-0c3ec6f103f8">
      <Output>
        <StdOut>Given I open the pinkvelvet page
-&gt; done: StepDefinitions.GivenIOpenTheSpecifiedPage("pinkvelvet") (2.5s)
Then I should be on the pinkvelvet page
-&gt; done: StepDefinitions.IShouldBeOnTheSpecifiedPage("pinkvelvet") (0.2s)
When I enter the PinkVelvetVault ccbill id
-&gt; done: HostedGalleriesManagerStepDefinitions.WhenIEnterTheSpecifiedCcbillId("PinkVelvetVault") (0.1s)
And I select Nikkisplaymates.com from the site dropdown list
-&gt; done: HostedGalleriesManagerStepDefinitions.WhenISelectTheModelNameFromTheSiteDropdownList("Nikkisplaymates.com") (0.6s)
And I select the Past Week date range
-&gt; done: HostedGalleriesManagerStepDefinitions.WhenISelectTheDateRangeDateRange("Past Week") (0.1s)
And I select the type of Pics
-&gt; done: HostedGalleriesManagerStepDefinitions.WhenISelectTheSpecifiedType("Pics") (0.2s)
And I select to display All galleries per page
-&gt; done: HostedGalleriesManagerStepDefinitions.WhenISelectToDisplaySpecifiedNumberOfGalleriesPerPage("All") (0.2s)
And I click the generate button
-&gt; done: HostedGalleriesManagerStepDefinitions.WhenIClickTheGenerateButton() (0.5s)
Then I should see the populated list of galleries
-&gt; done: HostedGalleriesManagerStepDefinitions.ThenIShouldSeeThePopulatedListOfGalleries() (0.0s)
And I should create any new Nikkis Sims pinkvelvetvault galleries
-&gt; done: PinkVelvetVaultStepDefinitions.ThenIShouldCreateAnyNewModelNamePinkvelvetvaultGalleries("Nikkis Sims") (0.2s)</StdOut>
      </Output>
    </UnitTestResult>
    <UnitTestResult executionId="081ba9ef-6999-4155-9e78-46afb82bfce6" testId="36a18326-5378-2751-6673-68fb2102b50e" testName="PopulateEpicPandaCashGalleries_BrookeMarks" computerName="FIREFLY" duration="00:00:06.9783130" startTime="2012-09-23T13:28:00.8643794-04:00" endTime="2012-09-23T13:28:07.8551794-04:00" testType="13cdc9d9-ddb5-4fa4-a97d-d965ccfc6d4b" outcome="Passed" testListId="8c84fa94-04c1-424b-9868-57a2d4851a1d" relativeResultsDirectory="081ba9ef-6999-4155-9e78-46afb82bfce6">
      <Output>
        <StdOut>Given I open the epicpandacash page
-&gt; done: StepDefinitions.GivenIOpenTheSpecifiedPage("epicpandacash") (4.7s)
Then I should be on the epicpandacash page
-&gt; done: StepDefinitions.IShouldBeOnTheSpecifiedPage("epicpandacash") (0.0s)
When I select Brooke Marks from the site dropdown list
-&gt; done: HostedGalleriesManagerStepDefinitions.WhenISelectTheModelNameFromTheSiteDropdownList("Brooke Marks") (0.3s)
And I select the Past Week date range
-&gt; done: HostedGalleriesManagerStepDefinitions.WhenISelectTheDateRangeDateRange("Past Week") (0.1s)
And I select the type of Pics
-&gt; done: HostedGalleriesManagerStepDefinitions.WhenISelectTheSpecifiedType("Pics") (0.2s)
And I select to display All galleries per page
-&gt; done: HostedGalleriesManagerStepDefinitions.WhenISelectToDisplaySpecifiedNumberOfGalleriesPerPage("All") (0.1s)
And I click the generate button
-&gt; done: HostedGalleriesManagerStepDefinitions.WhenIClickTheGenerateButton() (0.3s)
Then I should see the populated list of galleries
-&gt; done: HostedGalleriesManagerStepDefinitions.ThenIShouldSeeThePopulatedListOfGalleries() (0.1s)
And I should create any new Brooke Marks epicpandacash galleries
-&gt; done: EpicPandaCashStepDefinitions.ThenIShouldCreateAnyNewModelNameEpicpandacashGalleries("Brooke Marks") (0.0s)</StdOut>
      </Output>
    </UnitTestResult>
    <UnitTestResult executionId="cc6f8a80-44ee-46ee-90a6-2c7df3b73c9b" testId="efe8e8c2-3563-b091-1ee4-879573922381" testName="PopulateZellysCashGalleries_Zellys_Com" computerName="FIREFLY" duration="00:02:00.1406242" startTime="2012-09-23T13:28:07.8551794-04:00" endTime="2012-09-23T13:30:07.9927794-04:00" testType="13cdc9d9-ddb5-4fa4-a97d-d965ccfc6d4b" outcome="Passed" testListId="8c84fa94-04c1-424b-9868-57a2d4851a1d" relativeResultsDirectory="cc6f8a80-44ee-46ee-90a6-2c7df3b73c9b">
      <Output>
        <StdOut>Given I open the zellyscash page
-&gt; done: StepDefinitions.GivenIOpenTheSpecifiedPage("zellyscash") (3.1s)
Then I should be on the zellyscash page
-&gt; done: StepDefinitions.IShouldBeOnTheSpecifiedPage("zellyscash") (0.1s)
When I select the Zellys.com zellyscash paysite
-&gt; done: ZellysCashStepDefinitions.WhenISelectTheSpecifiedZellysPaysite("Zellys.com") (0.1s)
Then I should see the Zellys.com zellyscash hosted galleries
-&gt; done: ZellysCashStepDefinitions.ThenIShouldSeeTheSpecifiedZellysHostedGalleries("Zellys.com") (4.1s)
And I should create any new Zellys.com zellyscash galleries
-&gt; done: ZellysCashStepDefinitions.ThenIShouldCreateAnyNewModelNameZellysGalleries("Zellys.com") (111.7s)</StdOut>
      </Output>
    </UnitTestResult>
    <UnitTestResult executionId="376010dd-830f-4212-9c8f-5f6a93897bb6" testId="330e0218-b1c3-0599-b86f-bb99241a385f" testName="PopulatePinkVelvetVaultGalleries_BellaXOXO_Com" computerName="FIREFLY" duration="00:00:05.6414976" startTime="2012-09-23T13:30:08.0083794-04:00" endTime="2012-09-23T13:30:13.6419794-04:00" testType="13cdc9d9-ddb5-4fa4-a97d-d965ccfc6d4b" outcome="Passed" testListId="8c84fa94-04c1-424b-9868-57a2d4851a1d" relativeResultsDirectory="376010dd-830f-4212-9c8f-5f6a93897bb6">
      <Output>
        <StdOut>Given I open the pinkvelvet page
-&gt; done: StepDefinitions.GivenIOpenTheSpecifiedPage("pinkvelvet") (3.0s)
Then I should be on the pinkvelvet page
-&gt; done: StepDefinitions.IShouldBeOnTheSpecifiedPage("pinkvelvet") (0.1s)
When I enter the PinkVelvetVault ccbill id
-&gt; done: HostedGalleriesManagerStepDefinitions.WhenIEnterTheSpecifiedCcbillId("PinkVelvetVault") (0.1s)
And I select BellaXOXO.com from the site dropdown list
-&gt; done: HostedGalleriesManagerStepDefinitions.WhenISelectTheModelNameFromTheSiteDropdownList("BellaXOXO.com") (0.3s)
And I select the Past Week date range
-&gt; done: HostedGalleriesManagerStepDefinitions.WhenISelectTheDateRangeDateRange("Past Week") (0.1s)
And I select the type of Pics
-&gt; done: HostedGalleriesManagerStepDefinitions.WhenISelectTheSpecifiedType("Pics") (0.2s)
And I select to display All galleries per page
-&gt; done: HostedGalleriesManagerStepDefinitions.WhenISelectToDisplaySpecifiedNumberOfGalleriesPerPage("All") (0.2s)
And I click the generate button
-&gt; done: HostedGalleriesManagerStepDefinitions.WhenIClickTheGenerateButton() (0.4s)
Then I should see the populated list of galleries
-&gt; done: HostedGalleriesManagerStepDefinitions.ThenIShouldSeeThePopulatedListOfGalleries() (0.0s)
And I should create any new Bella XOXO pinkvelvetvault galleries
-&gt; done: PinkVelvetVaultStepDefinitions.ThenIShouldCreateAnyNewModelNamePinkvelvetvaultGalleries("Bella XOXO") (0.0s)</StdOut>
      </Output>
    </UnitTestResult>
    <UnitTestResult executionId="dfe1e337-c8f7-45c0-af2c-09ba92ccd8ca" testId="faee341e-3298-bbd5-13d9-4d169a7040ed" testName="PopulatePinkVelvetVaultGalleries_KendraRain_Com" computerName="FIREFLY" duration="00:00:06.5462562" startTime="2012-09-23T13:30:13.6575794-04:00" endTime="2012-09-23T13:30:20.1959794-04:00" testType="13cdc9d9-ddb5-4fa4-a97d-d965ccfc6d4b" outcome="Passed" testListId="8c84fa94-04c1-424b-9868-57a2d4851a1d" relativeResultsDirectory="dfe1e337-c8f7-45c0-af2c-09ba92ccd8ca">
      <Output>
        <StdOut>Given I open the pinkvelvet page
-&gt; done: StepDefinitions.GivenIOpenTheSpecifiedPage("pinkvelvet") (2.7s)
Then I should be on the pinkvelvet page
-&gt; done: StepDefinitions.IShouldBeOnTheSpecifiedPage("pinkvelvet") (0.2s)
When I enter the PinkVelvetVault ccbill id
-&gt; done: HostedGalleriesManagerStepDefinitions.WhenIEnterTheSpecifiedCcbillId("PinkVelvetVault") (0.1s)
And I select KendraRain.com from the site dropdown list
-&gt; done: HostedGalleriesManagerStepDefinitions.WhenISelectTheModelNameFromTheSiteDropdownList("KendraRain.com") (0.6s)
And I select the Past Week date range
-&gt; done: HostedGalleriesManagerStepDefinitions.WhenISelectTheDateRangeDateRange("Past Week") (0.1s)
And I select the type of Pics
-&gt; done: HostedGalleriesManagerStepDefinitions.WhenISelectTheSpecifiedType("Pics") (0.3s)
And I select to display All galleries per page
-&gt; done: HostedGalleriesManagerStepDefinitions.WhenISelectToDisplaySpecifiedNumberOfGalleriesPerPage("All") (0.1s)
And I click the generate button
-&gt; done: HostedGalleriesManagerStepDefinitions.WhenIClickTheGenerateButton() (1.1s)
Then I should see the populated list of galleries
-&gt; done: HostedGalleriesManagerStepDefinitions.ThenIShouldSeeThePopulatedListOfGalleries() (0.1s)
And I should create any new Kendra Rain pinkvelvetvault galleries
-&gt; done: PinkVelvetVaultStepDefinitions.ThenIShouldCreateAnyNewModelNamePinkvelvetvaultGalleries("Kendra Rain") (0.2s)</StdOut>
      </Output>
    </UnitTestResult>
    <UnitTestResult executionId="a72025fa-13ae-48ca-bcfc-47007a5c7de3" testId="09f339eb-e1ff-0d96-dca9-6e24e2f7cfbf" testName="PopulatePinkVelvetVaultGalleries_TiffanyAlexis_Com" computerName="FIREFLY" duration="00:00:05.9085561" startTime="2012-09-23T13:30:20.2115794-04:00" endTime="2012-09-23T13:30:26.1103794-04:00" testType="13cdc9d9-ddb5-4fa4-a97d-d965ccfc6d4b" outcome="Passed" testListId="8c84fa94-04c1-424b-9868-57a2d4851a1d" relativeResultsDirectory="a72025fa-13ae-48ca-bcfc-47007a5c7de3">
      <Output>
        <StdOut>Given I open the pinkvelvet page
-&gt; done: StepDefinitions.GivenIOpenTheSpecifiedPage("pinkvelvet") (2.9s)
Then I should be on the pinkvelvet page
-&gt; done: StepDefinitions.IShouldBeOnTheSpecifiedPage("pinkvelvet") (0.2s)
When I enter the PinkVelvetVault ccbill id
-&gt; done: HostedGalleriesManagerStepDefinitions.WhenIEnterTheSpecifiedCcbillId("PinkVelvetVault") (0.1s)
And I select TiffanyAlexis.com from the site dropdown list
-&gt; done: HostedGalleriesManagerStepDefinitions.WhenISelectTheModelNameFromTheSiteDropdownList("TiffanyAlexis.com") (0.9s)
And I select the Past Week date range
-&gt; done: HostedGalleriesManagerStepDefinitions.WhenISelectTheDateRangeDateRange("Past Week") (0.1s)
And I select the type of Pics
-&gt; done: HostedGalleriesManagerStepDefinitions.WhenISelectTheSpecifiedType("Pics") (0.1s)
And I select to display All galleries per page
-&gt; done: HostedGalleriesManagerStepDefinitions.WhenISelectToDisplaySpecifiedNumberOfGalleriesPerPage("All") (0.1s)
And I click the generate button
-&gt; done: HostedGalleriesManagerStepDefinitions.WhenIClickTheGenerateButton() (0.4s)
Then I should see the populated list of galleries
-&gt; done: HostedGalleriesManagerStepDefinitions.ThenIShouldSeeThePopulatedListOfGalleries() (0.0s)
And I should create any new Tiffany Alexis pinkvelvetvault galleries
-&gt; done: PinkVelvetVaultStepDefinitions.ThenIShouldCreateAnyNewModelNamePinkvelvetvaultGalleries("Tiffany Alexis") (0.0s)</StdOut>
      </Output>
    </UnitTestResult>
    <UnitTestResult executionId="80679a2e-7636-4e36-b39f-7664d5fe698b" testId="9b8a8829-6f71-8101-2626-855991eddcfc" testName="PopulatePinkVelvetVaultGalleries_MeetMadden_Com" computerName="FIREFLY" duration="00:00:08.8268115" startTime="2012-09-23T13:30:26.1259794-04:00" endTime="2012-09-23T13:30:34.9575794-04:00" testType="13cdc9d9-ddb5-4fa4-a97d-d965ccfc6d4b" outcome="Passed" testListId="8c84fa94-04c1-424b-9868-57a2d4851a1d" relativeResultsDirectory="80679a2e-7636-4e36-b39f-7664d5fe698b">
      <Output>
        <StdOut>Given I open the pinkvelvet page
-&gt; done: StepDefinitions.GivenIOpenTheSpecifiedPage("pinkvelvet") (5.7s)
Then I should be on the pinkvelvet page
-&gt; done: StepDefinitions.IShouldBeOnTheSpecifiedPage("pinkvelvet") (0.1s)
When I enter the PinkVelvetVault ccbill id
-&gt; done: HostedGalleriesManagerStepDefinitions.WhenIEnterTheSpecifiedCcbillId("PinkVelvetVault") (0.1s)
And I select MeetMadden.com from the site dropdown list
-&gt; done: HostedGalleriesManagerStepDefinitions.WhenISelectTheModelNameFromTheSiteDropdownList("MeetMadden.com") (0.6s)
And I select the Past Week date range
-&gt; done: HostedGalleriesManagerStepDefinitions.WhenISelectTheDateRangeDateRange("Past Week") (0.1s)
And I select the type of Pics
-&gt; done: HostedGalleriesManagerStepDefinitions.WhenISelectTheSpecifiedType("Pics") (0.2s)
And I select to display All galleries per page
-&gt; done: HostedGalleriesManagerStepDefinitions.WhenISelectToDisplaySpecifiedNumberOfGalleriesPerPage("All") (0.2s)
And I click the generate button
-&gt; done: HostedGalleriesManagerStepDefinitions.WhenIClickTheGenerateButton() (0.5s)
Then I should see the populated list of galleries
-&gt; done: HostedGalleriesManagerStepDefinitions.ThenIShouldSeeThePopulatedListOfGalleries() (0.0s)
And I should create any new Meet Madden pinkvelvetvault galleries
-&gt; done: PinkVelvetVaultStepDefinitions.ThenIShouldCreateAnyNewModelNamePinkvelvetvaultGalleries("Meet Madden") (0.2s)</StdOut>
      </Output>
    </UnitTestResult>
    <UnitTestResult executionId="0cd151d8-0ea5-4627-90f7-68ccebf5d23f" testId="6af92fa9-0ccf-8383-ab91-02e618ce084c" testName="PopulateBellaCashGalleries_MonroeLee" computerName="FIREFLY" duration="00:00:19.1160512" startTime="2012-09-23T13:30:34.9575794-04:00" endTime="2012-09-23T13:30:54.0851794-04:00" testType="13cdc9d9-ddb5-4fa4-a97d-d965ccfc6d4b" outcome="Passed" testListId="8c84fa94-04c1-424b-9868-57a2d4851a1d" relativeResultsDirectory="0cd151d8-0ea5-4627-90f7-68ccebf5d23f">
      <Output>
        <StdOut>Given I open the bellacash page
-&gt; done: StepDefinitions.GivenIOpenTheSpecifiedPage("bellacash") (3.9s)
Then I should be on the bellacash page
-&gt; done: StepDefinitions.IShouldBeOnTheSpecifiedPage("bellacash") (0.2s)
When I select the Monroe Lee bellapass paysite
-&gt; done: BellaCashStepDefinitions.WhenISelectTheSpecifiedPaysite("Monroe Lee") (0.1s)
Then I should see the Monroe Lee bellapass hosted galleries
-&gt; done: BellaCashStepDefinitions.ThenIShouldSeeTheSpecifiedHostedGalleries("Monroe Lee") (3.3s)
And I should create any new Monroe Lee bellapass galleries
-&gt; done: BellaCashStepDefinitions.ThenIShouldCreateAnyNewModelNameBellapassGalleries("Monroe Lee") (10.5s)</StdOut>
      </Output>
    </UnitTestResult>
    <UnitTestResult executionId="becb59cc-0558-45c3-8293-0051e2252e0f" testId="70329624-f7cc-6664-b631-4cc70d51a00f" testName="PopulatePinkVelvetVaultGalleries_LynnPops_Com" computerName="FIREFLY" duration="00:00:05.7929687" startTime="2012-09-23T13:30:54.0851794-04:00" endTime="2012-09-23T13:30:59.8747794-04:00" testType="13cdc9d9-ddb5-4fa4-a97d-d965ccfc6d4b" outcome="Passed" testListId="8c84fa94-04c1-424b-9868-57a2d4851a1d" relativeResultsDirectory="becb59cc-0558-45c3-8293-0051e2252e0f">
      <Output>
        <StdOut>Given I open the pinkvelvet page
-&gt; done: StepDefinitions.GivenIOpenTheSpecifiedPage("pinkvelvet") (2.9s)
Then I should be on the pinkvelvet page
-&gt; done: StepDefinitions.IShouldBeOnTheSpecifiedPage("pinkvelvet") (0.2s)
When I enter the PinkVelvetVault ccbill id
-&gt; done: HostedGalleriesManagerStepDefinitions.WhenIEnterTheSpecifiedCcbillId("PinkVelvetVault") (0.1s)
And I select LynnPops.com from the site dropdown list
-&gt; done: HostedGalleriesManagerStepDefinitions.WhenISelectTheModelNameFromTheSiteDropdownList("LynnPops.com") (0.5s)
And I select the Past Week date range
-&gt; done: HostedGalleriesManagerStepDefinitions.WhenISelectTheDateRangeDateRange("Past Week") (0.1s)
And I select the type of Pics
-&gt; done: HostedGalleriesManagerStepDefinitions.WhenISelectTheSpecifiedType("Pics") (0.1s)
And I select to display All galleries per page
-&gt; done: HostedGalleriesManagerStepDefinitions.WhenISelectToDisplaySpecifiedNumberOfGalleriesPerPage("All") (0.2s)
And I click the generate button
-&gt; done: HostedGalleriesManagerStepDefinitions.WhenIClickTheGenerateButton() (0.6s)
Then I should see the populated list of galleries
-&gt; done: HostedGalleriesManagerStepDefinitions.ThenIShouldSeeThePopulatedListOfGalleries() (0.0s)
And I should create any new Lynn Pops pinkvelvetvault galleries
-&gt; done: PinkVelvetVaultStepDefinitions.ThenIShouldCreateAnyNewModelNamePinkvelvetvaultGalleries("Lynn Pops") (0.0s)</StdOut>
      </Output>
    </UnitTestResult>
    <UnitTestResult executionId="d77459b2-caca-4f37-b3c9-9d9c5281aa78" testId="6723ee26-ffeb-9536-ffc6-148f6bd91bb4" testName="PopulatePinkVelvetVaultGalleries_CherryZips_Com" computerName="FIREFLY" duration="00:00:10.1369639" startTime="2012-09-23T13:30:59.8747794-04:00" endTime="2012-09-23T13:31:10.0167794-04:00" testType="13cdc9d9-ddb5-4fa4-a97d-d965ccfc6d4b" outcome="Passed" testListId="8c84fa94-04c1-424b-9868-57a2d4851a1d" relativeResultsDirectory="d77459b2-caca-4f37-b3c9-9d9c5281aa78">
      <Output>
        <StdOut>Given I open the pinkvelvet page
-&gt; done: StepDefinitions.GivenIOpenTheSpecifiedPage("pinkvelvet") (5.9s)
Then I should be on the pinkvelvet page
-&gt; done: StepDefinitions.IShouldBeOnTheSpecifiedPage("pinkvelvet") (0.2s)
When I enter the PinkVelvetVault ccbill id
-&gt; done: HostedGalleriesManagerStepDefinitions.WhenIEnterTheSpecifiedCcbillId("PinkVelvetVault") (1.1s)
And I select CherryZips.com from the site dropdown list
-&gt; done: HostedGalleriesManagerStepDefinitions.WhenISelectTheModelNameFromTheSiteDropdownList("CherryZips.com") (0.4s)
And I select the Past Week date range
-&gt; done: HostedGalleriesManagerStepDefinitions.WhenISelectTheDateRangeDateRange("Past Week") (0.1s)
And I select the type of Pics
-&gt; done: HostedGalleriesManagerStepDefinitions.WhenISelectTheSpecifiedType("Pics") (0.1s)
And I select to display All galleries per page
-&gt; done: HostedGalleriesManagerStepDefinitions.WhenISelectToDisplaySpecifiedNumberOfGalleriesPerPage("All") (0.1s)
And I click the generate button
-&gt; done: HostedGalleriesManagerStepDefinitions.WhenIClickTheGenerateButton() (1.1s)
Then I should see the populated list of galleries
-&gt; done: HostedGalleriesManagerStepDefinitions.ThenIShouldSeeThePopulatedListOfGalleries() (0.1s)
And I should create any new Cherry Zips pinkvelvetvault galleries
-&gt; done: PinkVelvetVaultStepDefinitions.ThenIShouldCreateAnyNewModelNamePinkvelvetvaultGalleries("Cherry Zips") (0.0s)</StdOut>
      </Output>
    </UnitTestResult>
    <UnitTestResult executionId="dde0bc77-2994-4c4f-bf52-692e5eada614" testId="d0390afa-4a21-297c-771f-2a8050db7de4" testName="PopulateEpicPandaCashGalleries_PartyAll_Star" computerName="FIREFLY" duration="00:00:07.1243627" startTime="2012-09-23T13:31:10.0323794-04:00" endTime="2012-09-23T13:31:17.1479794-04:00" testType="13cdc9d9-ddb5-4fa4-a97d-d965ccfc6d4b" outcome="Passed" testListId="8c84fa94-04c1-424b-9868-57a2d4851a1d" relativeResultsDirectory="dde0bc77-2994-4c4f-bf52-692e5eada614">
      <Output>
        <StdOut>Given I open the epicpandacash page
-&gt; done: StepDefinitions.GivenIOpenTheSpecifiedPage("epicpandacash") (4.5s)
Then I should be on the epicpandacash page
-&gt; done: StepDefinitions.IShouldBeOnTheSpecifiedPage("epicpandacash") (0.0s)
When I select Party All-Star from the site dropdown list
-&gt; done: HostedGalleriesManagerStepDefinitions.WhenISelectTheModelNameFromTheSiteDropdownList("Party All-Star") (0.6s)
And I select the Past Week date range
-&gt; done: HostedGalleriesManagerStepDefinitions.WhenISelectTheDateRangeDateRange("Past Week") (0.1s)
And I select the type of Pics
-&gt; done: HostedGalleriesManagerStepDefinitions.WhenISelectTheSpecifiedType("Pics") (0.2s)
And I select to display All galleries per page
-&gt; done: HostedGalleriesManagerStepDefinitions.WhenISelectToDisplaySpecifiedNumberOfGalleriesPerPage("All") (0.2s)
And I click the generate button
-&gt; done: HostedGalleriesManagerStepDefinitions.WhenIClickTheGenerateButton() (0.3s)
Then I should see the populated list of galleries
-&gt; done: HostedGalleriesManagerStepDefinitions.ThenIShouldSeeThePopulatedListOfGalleries() (0.0s)
And I should create any new Party All-Star epicpandacash galleries
-&gt; done: EpicPandaCashStepDefinitions.ThenIShouldCreateAnyNewModelNameEpicpandacashGalleries("Party All-Star") (0.0s)</StdOut>
      </Output>
    </UnitTestResult>
    <UnitTestResult executionId="a41eda7f-d89a-45af-9408-fe4f817105c0" testId="2910964a-1343-9aba-d7b0-6918c25f5329" testName="PopulatePinkVelvetVaultGalleries_Brittany_Avalon_Com" computerName="FIREFLY" duration="00:00:05.2255463" startTime="2012-09-23T13:31:17.1635794-04:00" endTime="2012-09-23T13:31:22.3915794-04:00" testType="13cdc9d9-ddb5-4fa4-a97d-d965ccfc6d4b" outcome="Passed" testListId="8c84fa94-04c1-424b-9868-57a2d4851a1d" relativeResultsDirectory="a41eda7f-d89a-45af-9408-fe4f817105c0">
      <Output>
        <StdOut>Given I open the pinkvelvet page
-&gt; done: StepDefinitions.GivenIOpenTheSpecifiedPage("pinkvelvet") (2.8s)
Then I should be on the pinkvelvet page
-&gt; done: StepDefinitions.IShouldBeOnTheSpecifiedPage("pinkvelvet") (0.1s)
When I enter the PinkVelvetVault ccbill id
-&gt; done: HostedGalleriesManagerStepDefinitions.WhenIEnterTheSpecifiedCcbillId("PinkVelvetVault") (0.1s)
And I select Brittany-Avalon.com from the site dropdown list
-&gt; done: HostedGalleriesManagerStepDefinitions.WhenISelectTheModelNameFromTheSiteDropdownList("Brittany-Avalon.com") (0.4s)
And I select the Past Week date range
-&gt; done: HostedGalleriesManagerStepDefinitions.WhenISelectTheDateRangeDateRange("Past Week") (0.1s)
And I select the type of Pics
-&gt; done: HostedGalleriesManagerStepDefinitions.WhenISelectTheSpecifiedType("Pics") (0.1s)
And I select to display All galleries per page
-&gt; done: HostedGalleriesManagerStepDefinitions.WhenISelectToDisplaySpecifiedNumberOfGalleriesPerPage("All") (0.1s)
And I click the generate button
-&gt; done: HostedGalleriesManagerStepDefinitions.WhenIClickTheGenerateButton() (0.5s)
Then I should see the populated list of galleries
-&gt; done: HostedGalleriesManagerStepDefinitions.ThenIShouldSeeThePopulatedListOfGalleries() (0.0s)
And I should create any new Brittany Avalon pinkvelvetvault galleries
-&gt; done: PinkVelvetVaultStepDefinitions.ThenIShouldCreateAnyNewModelNamePinkvelvetvaultGalleries("Brittany Avalon") (0.0s)</StdOut>
      </Output>
    </UnitTestResult>
    <UnitTestResult executionId="0cb3d821-10b2-4171-9ed8-93cdf7e9e273" testId="b4f0a9e8-5d81-3545-39ca-78302cfc2e4c" testName="PopulatePinkVelvetVaultGalleries_Sockblocked_Com" computerName="FIREFLY" duration="00:00:05.9682354" startTime="2012-09-23T13:31:22.3915794-04:00" endTime="2012-09-23T13:31:28.3683794-04:00" testType="13cdc9d9-ddb5-4fa4-a97d-d965ccfc6d4b" outcome="Passed" testListId="8c84fa94-04c1-424b-9868-57a2d4851a1d" relativeResultsDirectory="0cb3d821-10b2-4171-9ed8-93cdf7e9e273">
      <Output>
        <StdOut>Given I open the pinkvelvet page
-&gt; done: StepDefinitions.GivenIOpenTheSpecifiedPage("pinkvelvet") (2.7s)
Then I should be on the pinkvelvet page
-&gt; done: StepDefinitions.IShouldBeOnTheSpecifiedPage("pinkvelvet") (0.1s)
When I enter the PinkVelvetVault ccbill id
-&gt; done: HostedGalleriesManagerStepDefinitions.WhenIEnterTheSpecifiedCcbillId("PinkVelvetVault") (0.1s)
And I select Sockblocked.com from the site dropdown list
-&gt; done: HostedGalleriesManagerStepDefinitions.WhenISelectTheModelNameFromTheSiteDropdownList("Sockblocked.com") (0.8s)
And I select the Past Week date range
-&gt; done: HostedGalleriesManagerStepDefinitions.WhenISelectTheDateRangeDateRange("Past Week") (0.1s)
And I select the type of Pics
-&gt; done: HostedGalleriesManagerStepDefinitions.WhenISelectTheSpecifiedType("Pics") (0.2s)
And I select to display All galleries per page
-&gt; done: HostedGalleriesManagerStepDefinitions.WhenISelectToDisplaySpecifiedNumberOfGalleriesPerPage("All") (0.1s)
And I click the generate button
-&gt; done: HostedGalleriesManagerStepDefinitions.WhenIClickTheGenerateButton() (0.6s)
Then I should see the populated list of galleries
-&gt; done: HostedGalleriesManagerStepDefinitions.ThenIShouldSeeThePopulatedListOfGalleries() (0.0s)
And I should create any new Sock Blocked pinkvelvetvault galleries
-&gt; done: PinkVelvetVaultStepDefinitions.ThenIShouldCreateAnyNewModelNamePinkvelvetvaultGalleries("Sock Blocked") (0.0s)</StdOut>
      </Output>
    </UnitTestResult>
    <UnitTestResult executionId="1f307a43-b9b8-4b1c-af42-36f042204662" testId="2272289c-032b-1243-7330-eb5092e584fc" testName="PopulateBellaCashGalleries_AvaDawn" computerName="FIREFLY" duration="00:00:10.8466967" startTime="2012-09-23T13:31:28.3683794-04:00" endTime="2012-09-23T13:31:39.2123794-04:00" testType="13cdc9d9-ddb5-4fa4-a97d-d965ccfc6d4b" outcome="Passed" testListId="8c84fa94-04c1-424b-9868-57a2d4851a1d" relativeResultsDirectory="1f307a43-b9b8-4b1c-af42-36f042204662">
      <Output>
        <StdOut>Given I open the bellacash page
-&gt; done: StepDefinitions.GivenIOpenTheSpecifiedPage("bellacash") (3.8s)
Then I should be on the bellacash page
-&gt; done: StepDefinitions.IShouldBeOnTheSpecifiedPage("bellacash") (0.2s)
When I select the Ava Dawn bellapass paysite
-&gt; done: BellaCashStepDefinitions.WhenISelectTheSpecifiedPaysite("Ava Dawn") (0.1s)
Then I should see the Ava Dawn bellapass hosted galleries
-&gt; done: BellaCashStepDefinitions.ThenIShouldSeeTheSpecifiedHostedGalleries("Ava Dawn") (2.1s)
And I should create any new Ava Dawn bellapass galleries
-&gt; done: BellaCashStepDefinitions.ThenIShouldCreateAnyNewModelNameBellapassGalleries("Ava Dawn") (3.6s)</StdOut>
      </Output>
    </UnitTestResult>
    <UnitTestResult executionId="9266b1dc-0f61-4a63-976e-08a8e22ef554" testId="66f4f75a-e39b-800c-c209-257f1c101b17" testName="PopulateBellaCashGalleries_Bryci" computerName="FIREFLY" duration="00:00:25.4081826" startTime="2012-09-23T13:31:39.2123794-04:00" endTime="2012-09-23T13:32:04.6267794-04:00" testType="13cdc9d9-ddb5-4fa4-a97d-d965ccfc6d4b" outcome="Passed" testListId="8c84fa94-04c1-424b-9868-57a2d4851a1d" relativeResultsDirectory="9266b1dc-0f61-4a63-976e-08a8e22ef554">
      <Output>
        <StdOut>Given I open the bellacash page
-&gt; done: StepDefinitions.GivenIOpenTheSpecifiedPage("bellacash") (4.0s)
Then I should be on the bellacash page
-&gt; done: StepDefinitions.IShouldBeOnTheSpecifiedPage("bellacash") (0.3s)
When I select the Bryci bellapass paysite
-&gt; done: BellaCashStepDefinitions.WhenISelectTheSpecifiedPaysite("Bryci") (0.1s)
Then I should see the Bryci bellapass hosted galleries
-&gt; done: BellaCashStepDefinitions.ThenIShouldSeeTheSpecifiedHostedGalleries("Bryci") (8.6s)
And I should create any new Bryci bellapass galleries
-&gt; done: BellaCashStepDefinitions.ThenIShouldCreateAnyNewModelNameBellapassGalleries("Bryci") (11.4s)</StdOut>
      </Output>
    </UnitTestResult>
    <UnitTestResult executionId="a89a2281-7c9f-46cd-9418-324b90e0313f" testId="e1e0aada-64a3-6d63-9035-77bad23b408c" testName="PopulateEpicPandaCashGalleries_CarlottaChampagne" computerName="FIREFLY" duration="00:00:05.6761096" startTime="2012-09-23T13:32:04.6267794-04:00" endTime="2012-09-23T13:32:10.3071794-04:00" testType="13cdc9d9-ddb5-4fa4-a97d-d965ccfc6d4b" outcome="Passed" testListId="8c84fa94-04c1-424b-9868-57a2d4851a1d" relativeResultsDirectory="a89a2281-7c9f-46cd-9418-324b90e0313f">
      <Output>
        <StdOut>Given I open the epicpandacash page
-&gt; done: StepDefinitions.GivenIOpenTheSpecifiedPage("epicpandacash") (3.2s)
Then I should be on the epicpandacash page
-&gt; done: StepDefinitions.IShouldBeOnTheSpecifiedPage("epicpandacash") (0.0s)
When I select Carlotta Champagne from the site dropdown list
-&gt; done: HostedGalleriesManagerStepDefinitions.WhenISelectTheModelNameFromTheSiteDropdownList("Carlotta Champagne") (0.4s)
And I select the Past Week date range
-&gt; done: HostedGalleriesManagerStepDefinitions.WhenISelectTheDateRangeDateRange("Past Week") (0.1s)
And I select the type of Pics
-&gt; done: HostedGalleriesManagerStepDefinitions.WhenISelectTheSpecifiedType("Pics") (0.2s)
And I select to display All galleries per page
-&gt; done: HostedGalleriesManagerStepDefinitions.WhenISelectToDisplaySpecifiedNumberOfGalleriesPerPage("All") (0.2s)
And I click the generate button
-&gt; done: HostedGalleriesManagerStepDefinitions.WhenIClickTheGenerateButton() (0.4s)
Then I should see the populated list of galleries
-&gt; done: HostedGalleriesManagerStepDefinitions.ThenIShouldSeeThePopulatedListOfGalleries() (0.0s)
And I should create any new Carlotta Champagne epicpandacash galleries
-&gt; done: EpicPandaCashStepDefinitions.ThenIShouldCreateAnyNewModelNameEpicpandacashGalleries("Carlotta Champagne") (0.0s)</StdOut>
      </Output>
    </UnitTestResult>
    <UnitTestResult executionId="e39e52ee-4049-4d7c-bcb4-c8f3af0e2580" testId="3244bd33-62ad-5b0c-a0f8-17623bcb7156" testName="PopulateZellysCashGalleries_MelissaXoXo" computerName="FIREFLY" duration="00:00:44.5820535" startTime="2012-09-23T13:32:10.3227794-04:00" endTime="2012-09-23T13:32:54.8939794-04:00" testType="13cdc9d9-ddb5-4fa4-a97d-d965ccfc6d4b" outcome="Failed" testListId="8c84fa94-04c1-424b-9868-57a2d4851a1d" relativeResultsDirectory="e39e52ee-4049-4d7c-bcb4-c8f3af0e2580">
      <Output>
        <StdOut>Given I open the zellyscash page
-&gt; done: StepDefinitions.GivenIOpenTheSpecifiedPage("zellyscash") (2.7s)
Then I should be on the zellyscash page
-&gt; done: StepDefinitions.IShouldBeOnTheSpecifiedPage("zellyscash") (0.1s)
When I select the Melissa XoXo zellyscash paysite
-&gt; done: ZellysCashStepDefinitions.WhenISelectTheSpecifiedZellysPaysite("Melissa XoXo") (3.8s)
Then I should see the Melissa XoXo zellyscash hosted galleries
-&gt; done: ZellysCashStepDefinitions.ThenIShouldSeeTheSpecifiedZellysHostedGalleries("Melissa XoXo") (0.0s)
And I should create any new Melissa XoXo zellyscash galleries
-&gt; error: Unable to locate element: {"method":"xpath","selector":"//form[2]/table/tbody/tr[2]/td/table/tbody/tr[119]/td[3]"}</StdOut>
        <ErrorInfo>
          <Message>Test method PornCantina.UIAutomation.Scenarios.ZellysCashFeature.PopulateZellysCashGalleries_MelissaXoXo threw exception: 
OpenQA.Selenium.NoSuchElementException: Unable to locate element: {"method":"xpath","selector":"//form[2]/table/tbody/tr[2]/td/table/tbody/tr[119]/td[3]"}</Message>
          <StackTrace>    at OpenQA.Selenium.Remote.RemoteWebDriver.UnpackAndThrowOnError(Response errorResponse)
   at OpenQA.Selenium.Remote.RemoteWebDriver.Execute(String driverCommandToExecute, Dictionary`2 parameters)
   at OpenQA.Selenium.Remote.RemoteWebDriver.FindElement(String mechanism, String value)
   at OpenQA.Selenium.Remote.RemoteWebDriver.FindElementByXPath(String xpath)
   at OpenQA.Selenium.By.&lt;&gt;c__DisplayClasse.&lt;XPath&gt;b__c(ISearchContext context)
   at OpenQA.Selenium.By.FindElement(ISearchContext context)
   at OpenQA.Selenium.Remote.RemoteWebDriver.FindElement(By by)
   at AutomationFramework.BrowserHelper.GetElementByXPath(IWebDriver driver, String locator, String additionalLocatorPath) in C:\Users\TMacBlane\documents\visual studio 2010\Projects\PornCantina\AutomationFramework\Classes\BrowserHelper.cs:line 106
   at AutomationFramework.BrowserHelper.GetElement(IWebDriver driver, String locator, String additionalLocatorPath) in C:\Users\TMacBlane\documents\visual studio 2010\Projects\PornCantina\AutomationFramework\Classes\BrowserHelper.cs:line 25
   at AutomationFramework.WebBrowser.GetText(String locator, String additionalLocatorPath) in C:\Users\TMacBlane\documents\visual studio 2010\Projects\PornCantina\AutomationFramework\Classes\WebBrowser.cs:line 154
   at AutomationFramework.PageElementExtensions.GetText(IPageElement element, String additionalLocator) in C:\Users\TMacBlane\documents\visual studio 2010\Projects\PornCantina\AutomationFramework\Classes\PageElementExtensions.cs:line 76
   at PornCantina.UIAutomation.StepDefinitions.ZellysCashStepDefinitions.ThenIShouldCreateAnyNewModelNameZellysGalleries(String modelName) in C:\Users\TMacBlane\Documents\DevelopmentProjects\PornCantina.UIAutomation\StepDefinitions\ZellysCashStepDefinitions.cs:line 120
   at lambda_method(Closure , IContextManager , String )
   at TechTalk.SpecFlow.Bindings.MethodBinding.InvokeAction(IContextManager contextManager, Object[] arguments, ITestTracer testTracer, TimeSpan&amp; duration)
   at TechTalk.SpecFlow.Bindings.StepDefinitionBinding.Invoke(IContextManager contextManager, ITestTracer testTracer, Object[] arguments, TimeSpan&amp; duration)
   at TechTalk.SpecFlow.Infrastructure.TestExecutionEngine.ExecuteStepMatch(BindingMatch match, Object[] arguments)
   at TechTalk.SpecFlow.Infrastructure.TestExecutionEngine.ExecuteStep(StepArgs stepArgs)
   at TechTalk.SpecFlow.Infrastructure.TestExecutionEngine.OnAfterLastStep()
   at TechTalk.SpecFlow.TestRunner.CollectScenarioErrors()
   at PornCantina.UIAutomation.Scenarios.ZellysCashFeature.ScenarioCleanup() in C:\Users\TMacBlane\Documents\DevelopmentProjects\PornCantina.UIAutomation\Scenarios\ZellysCash.feature.cs:line 0
   at PornCantina.UIAutomation.Scenarios.ZellysCashFeature.PopulateZellysCashGalleries(String modelName, String[] exampleTags) in c:\Users\TMacBlane\Documents\DevelopmentProjects\PornCantina.UIAutomation\Scenarios\ZellysCash.feature:line 10
   at PornCantina.UIAutomation.Scenarios.ZellysCashFeature.PopulateZellysCashGalleries_MelissaXoXo() in C:\Users\TMacBlane\Documents\DevelopmentProjects\PornCantina.UIAutomation\Scenarios\ZellysCash.feature.cs:line 0
</StackTrace>
        </ErrorInfo>
      </Output>
    </UnitTestResult>
  </Results>
</TestRun>