<?xml version="1.0" encoding="UTF-8"?>
<TestRun id="64c0a6d2-237e-4465-893f-8a4fbf7b98ad" name="TMacBlane@FIREFLY 2012-09-19 19:53:25" runUser="Firefly\TMacBlane" xmlns="http://microsoft.com/schemas/VisualStudio/TeamTest/2010">
  <TestSettings name="Default Test Settings" id="18ca12f3-d5d0-44f8-9632-ad492167d24a">
    <Deployment runDeploymentRoot="TMacBlane_FIREFLY 2012-09-19 19_53_25">
      <DeploymentItem filename="C:\Users\TMacBlane\Documents\DevelopmentProjects\AutomationFramework\bin\Debug\AutomationFramework.dll" />
      <DeploymentItem filename="C:\Users\TMacBlane\Documents\DevelopmentProjects\PornCantina\packages\Microsoft.AspNet.WebPages.2.0.20710.0\lib\net40\System.Web.WebPages.Deployment.dll" />
      <DeploymentItem filename="C:\Users\TMacBlane\Documents\DevelopmentProjects\PornCantina\PornCantina\bin\PornCantina.dll" />
      <DeploymentItem filename="C:\Users\TMacBlane\Documents\DevelopmentProjects\PornCantina\packages\Microsoft.AspNet.Mvc.4.0.20505.0\lib\net40\System.Web.Mvc.dll" />
      <DeploymentItem filename="C:\Users\TMacBlane\Documents\DevelopmentProjects\PornCantina.UIAutomation\bin\Debug\WebDriver.Support.dll" />
      <DeploymentItem filename="C:\Users\TMacBlane\Documents\DevelopmentProjects\PornCantina\packages\Microsoft.AspNet.WebPages.2.0.20710.0\lib\net40\System.Web.Helpers.dll" />
      <DeploymentItem filename="C:\Users\TMacBlane\Documents\DevelopmentProjects\PornCantina.UIAutomation\bin\Debug\WebDriver.dll" />
      <DeploymentItem filename="C:\Users\TMacBlane\Documents\DevelopmentProjects\PornCantina\packages\Microsoft.AspNet.WebPages.2.0.20710.0\lib\net40\System.Web.WebPages.dll" />
      <DeploymentItem filename="C:\Users\TMacBlane\Documents\DevelopmentProjects\PornCantina\packages\Microsoft.Web.Infrastructure.1.0.0.0\lib\net40\Microsoft.Web.Infrastructure.dll" />
      <DeploymentItem filename="C:\Users\TMacBlane\Documents\DevelopmentProjects\PornCantina\packages\Microsoft.AspNet.WebPages.2.0.20710.0\lib\net40\System.Web.WebPages.Razor.dll" />
      <DeploymentItem filename="C:\Users\TMacBlane\Documents\DevelopmentProjects\PornCantina.UIAutomation\bin\Debug\Ionic.Zip.dll" />
      <DeploymentItem filename="C:\Users\TMacBlane\Documents\DevelopmentProjects\PornCantina\packages\Microsoft.AspNet.Razor.2.0.20710.0\lib\net40\System.Web.Razor.dll" />
      <DeploymentItem filename="C:\Users\TMacBlane\Documents\DevelopmentProjects\PornCantina.UIAutomation\bin\Debug\TechTalk.SpecFlow.dll" />
      <DeploymentItem filename="C:\Users\TMacBlane\Documents\DevelopmentProjects\PornCantina.UIAutomation\bin\Debug\Castle.Core.dll" />
      <DeploymentItem filename="C:\Users\TMacBlane\Documents\DevelopmentProjects\PornCantina.UIAutomation\bin\Debug\Newtonsoft.Json.dll" />
    </Deployment>
    <Execution>
      <TestTypeSpecific />
      <AgentRule name="Execution Agents">
      </AgentRule>
    </Execution>
  </TestSettings>
  <Times creation="2012-09-19T19:53:25.9999876-04:00" queuing="2012-09-19T19:53:28.2323876-04:00" start="2012-09-19T19:53:28.4039876-04:00" finish="2012-09-19T20:02:32.9345876-04:00" />
  <ResultSummary outcome="Failed">
    <Counters total="33" executed="33" passed="28" error="0" failed="5" timeout="0" aborted="0" inconclusive="0" passedButRunAborted="0" notRunnable="0" notExecuted="0" disconnected="0" warning="0" completed="0" inProgress="0" pending="0" />
  </ResultSummary>
  <TestDefinitions>
    <UnitTest name="PopulatePinkVelvetVaultGalleries_TaylorTrue" storage="c:\users\tmacblane\documents\developmentprojects\porncantina.uiautomation\bin\debug\porncantina.uiautomation.dll" id="90275ed3-6b7f-be6c-3123-37a1d67aeee3">
      <Description>Populate PinkVelvetVault Galleries</Description>
      <Execution id="d436b771-7c8f-4aa5-9728-91a1635dd691" />
      <Properties>
        <Property>
          <Key>FeatureTitle</Key>
          <Value>PinkVelvetVault</Value>
        </Property>
        <Property>
          <Key>VariantName</Key>
          <Value>TaylorTrue</Value>
        </Property>
        <Property>
          <Key>Parameter:site</Key>
          <Value>TaylorTrue</Value>
        </Property>
        <Property>
          <Key>Parameter:modelName</Key>
          <Value>Taylor True</Value>
        </Property>
      </Properties>
      <TestMethod codeBase="C:/Users/TMacBlane/Documents/DevelopmentProjects/PornCantina.UIAutomation/bin/Debug/PornCantina.UIAutomation.DLL" adapterTypeName="Microsoft.VisualStudio.TestTools.TestTypes.Unit.UnitTestAdapter, Microsoft.VisualStudio.QualityTools.Tips.UnitTest.Adapter, Version=10.0.0.0, Culture=neutral, PublicKeyToken=b03f5f7f11d50a3a" className="PornCantina.UIAutomation.Scenarios.PinkVelvetVaultFeature, PornCantina.UIAutomation, Version=1.0.0.0, Culture=neutral, PublicKeyToken=null" name="PopulatePinkVelvetVaultGalleries_TaylorTrue" />
    </UnitTest>
    <UnitTest name="PopulatePinkVelvetVaultGalleries_LynnPops_Com" storage="c:\users\tmacblane\documents\developmentprojects\porncantina.uiautomation\bin\debug\porncantina.uiautomation.dll" id="70329624-f7cc-6664-b631-4cc70d51a00f">
      <Description>Populate PinkVelvetVault Galleries</Description>
      <Execution id="e5472a23-4a77-4325-8592-8c2648b51584" />
      <Properties>
        <Property>
          <Key>FeatureTitle</Key>
          <Value>PinkVelvetVault</Value>
        </Property>
        <Property>
          <Key>VariantName</Key>
          <Value>LynnPops.com</Value>
        </Property>
        <Property>
          <Key>Parameter:site</Key>
          <Value>LynnPops.com</Value>
        </Property>
        <Property>
          <Key>Parameter:modelName</Key>
          <Value>Lynn Pops</Value>
        </Property>
      </Properties>
      <TestMethod codeBase="C:/Users/TMacBlane/Documents/DevelopmentProjects/PornCantina.UIAutomation/bin/Debug/PornCantina.UIAutomation.DLL" adapterTypeName="Microsoft.VisualStudio.TestTools.TestTypes.Unit.UnitTestAdapter, Microsoft.VisualStudio.QualityTools.Tips.UnitTest.Adapter, Version=10.0.0.0, Culture=neutral, PublicKeyToken=b03f5f7f11d50a3a" className="PornCantina.UIAutomation.Scenarios.PinkVelvetVaultFeature, PornCantina.UIAutomation, Version=1.0.0.0, Culture=neutral, PublicKeyToken=null" name="PopulatePinkVelvetVaultGalleries_LynnPops_Com" />
    </UnitTest>
    <UnitTest name="PopulateSoloRevenueGalleries_NatashaBelle" storage="c:\users\tmacblane\documents\developmentprojects\porncantina.uiautomation\bin\debug\porncantina.uiautomation.dll" id="ebbecc38-d662-fe20-bb0b-7b866076d219">
      <Description>Populate SoloRevenue Galleries</Description>
      <Execution id="34a3f847-5804-4edc-b31b-0a5af1d8d10e" />
      <Properties>
        <Property>
          <Key>FeatureTitle</Key>
          <Value>SoloRevenue</Value>
        </Property>
        <Property>
          <Key>VariantName</Key>
          <Value>Natasha Belle</Value>
        </Property>
        <Property>
          <Key>Parameter:modelName</Key>
          <Value>Natasha Belle</Value>
        </Property>
      </Properties>
      <TestMethod codeBase="C:/Users/TMacBlane/Documents/DevelopmentProjects/PornCantina.UIAutomation/bin/Debug/PornCantina.UIAutomation.DLL" adapterTypeName="Microsoft.VisualStudio.TestTools.TestTypes.Unit.UnitTestAdapter, Microsoft.VisualStudio.QualityTools.Tips.UnitTest.Adapter, Version=10.0.0.0, Culture=neutral, PublicKeyToken=b03f5f7f11d50a3a" className="PornCantina.UIAutomation.Scenarios.SoloRevenueFeature, PornCantina.UIAutomation, Version=1.0.0.0, Culture=neutral, PublicKeyToken=null" name="PopulateSoloRevenueGalleries_NatashaBelle" />
    </UnitTest>
    <UnitTest name="PopulatePinkVelvetVaultGalleries_BellaXOXO_Com" storage="c:\users\tmacblane\documents\developmentprojects\porncantina.uiautomation\bin\debug\porncantina.uiautomation.dll" id="330e0218-b1c3-0599-b86f-bb99241a385f">
      <Description>Populate PinkVelvetVault Galleries</Description>
      <Execution id="8efd32ac-33d3-47bd-a7fc-1a90394572da" />
      <Properties>
        <Property>
          <Key>FeatureTitle</Key>
          <Value>PinkVelvetVault</Value>
        </Property>
        <Property>
          <Key>VariantName</Key>
          <Value>BellaXOXO.com</Value>
        </Property>
        <Property>
          <Key>Parameter:site</Key>
          <Value>BellaXOXO.com</Value>
        </Property>
        <Property>
          <Key>Parameter:modelName</Key>
          <Value>Bella XOXO</Value>
        </Property>
      </Properties>
      <TestMethod codeBase="C:/Users/TMacBlane/Documents/DevelopmentProjects/PornCantina.UIAutomation/bin/Debug/PornCantina.UIAutomation.DLL" adapterTypeName="Microsoft.VisualStudio.TestTools.TestTypes.Unit.UnitTestAdapter, Microsoft.VisualStudio.QualityTools.Tips.UnitTest.Adapter, Version=10.0.0.0, Culture=neutral, PublicKeyToken=b03f5f7f11d50a3a" className="PornCantina.UIAutomation.Scenarios.PinkVelvetVaultFeature, PornCantina.UIAutomation, Version=1.0.0.0, Culture=neutral, PublicKeyToken=null" name="PopulatePinkVelvetVaultGalleries_BellaXOXO_Com" />
    </UnitTest>
    <UnitTest name="PopulateEpicPandaCashGalleries_MidoriWest" storage="c:\users\tmacblane\documents\developmentprojects\porncantina.uiautomation\bin\debug\porncantina.uiautomation.dll" id="746ca17d-0c95-55f7-2444-fcda2e970d75">
      <Description>Populate EpicPandaCash Galleries</Description>
      <Execution id="8d7f9085-044a-45fe-a2b7-a615cd3d4a02" />
      <Properties>
        <Property>
          <Key>FeatureTitle</Key>
          <Value>EpicPandaCash</Value>
        </Property>
        <Property>
          <Key>VariantName</Key>
          <Value>Midori West</Value>
        </Property>
        <Property>
          <Key>Parameter:site</Key>
          <Value>Midori West</Value>
        </Property>
        <Property>
          <Key>Parameter:modelName</Key>
          <Value>Midori West</Value>
        </Property>
      </Properties>
      <TestMethod codeBase="C:/Users/TMacBlane/Documents/DevelopmentProjects/PornCantina.UIAutomation/bin/Debug/PornCantina.UIAutomation.DLL" adapterTypeName="Microsoft.VisualStudio.TestTools.TestTypes.Unit.UnitTestAdapter, Microsoft.VisualStudio.QualityTools.Tips.UnitTest.Adapter, Version=10.0.0.0, Culture=neutral, PublicKeyToken=b03f5f7f11d50a3a" className="PornCantina.UIAutomation.Scenarios.EpicPandaCashFeature, PornCantina.UIAutomation, Version=1.0.0.0, Culture=neutral, PublicKeyToken=null" name="PopulateEpicPandaCashGalleries_MidoriWest" />
    </UnitTest>
    <UnitTest name="PopulatePinkVelvetVaultGalleries_RadiantDesire_Com" storage="c:\users\tmacblane\documents\developmentprojects\porncantina.uiautomation\bin\debug\porncantina.uiautomation.dll" id="6ab30983-7e28-5632-d87f-2957844134d4">
      <Description>Populate PinkVelvetVault Galleries</Description>
      <Execution id="21b8f1c5-7460-45d4-9102-3dc5d7534878" />
      <Properties>
        <Property>
          <Key>FeatureTitle</Key>
          <Value>PinkVelvetVault</Value>
        </Property>
        <Property>
          <Key>VariantName</Key>
          <Value>RadiantDesire.com</Value>
        </Property>
        <Property>
          <Key>Parameter:site</Key>
          <Value>RadiantDesire.com</Value>
        </Property>
        <Property>
          <Key>Parameter:modelName</Key>
          <Value>Radiant Desire</Value>
        </Property>
      </Properties>
      <TestMethod codeBase="C:/Users/TMacBlane/Documents/DevelopmentProjects/PornCantina.UIAutomation/bin/Debug/PornCantina.UIAutomation.DLL" adapterTypeName="Microsoft.VisualStudio.TestTools.TestTypes.Unit.UnitTestAdapter, Microsoft.VisualStudio.QualityTools.Tips.UnitTest.Adapter, Version=10.0.0.0, Culture=neutral, PublicKeyToken=b03f5f7f11d50a3a" className="PornCantina.UIAutomation.Scenarios.PinkVelvetVaultFeature, PornCantina.UIAutomation, Version=1.0.0.0, Culture=neutral, PublicKeyToken=null" name="PopulatePinkVelvetVaultGalleries_RadiantDesire_Com" />
    </UnitTest>
    <UnitTest name="PopulateBellaCashGalleries_NatalieTyler" storage="c:\users\tmacblane\documents\developmentprojects\porncantina.uiautomation\bin\debug\porncantina.uiautomation.dll" id="7c9891c3-de5a-d9fc-615e-6f7414163765">
      <Description>Populate BellaCash Galleries</Description>
      <Execution id="0b5d2d6b-7415-474f-a51d-ac436e315bf5" />
      <Properties>
        <Property>
          <Key>FeatureTitle</Key>
          <Value>BellaCash</Value>
        </Property>
        <Property>
          <Key>VariantName</Key>
          <Value>Natalie Tyler</Value>
        </Property>
        <Property>
          <Key>Parameter:modelName</Key>
          <Value>Natalie Tyler</Value>
        </Property>
      </Properties>
      <TestMethod codeBase="C:/Users/TMacBlane/Documents/DevelopmentProjects/PornCantina.UIAutomation/bin/Debug/PornCantina.UIAutomation.DLL" adapterTypeName="Microsoft.VisualStudio.TestTools.TestTypes.Unit.UnitTestAdapter, Microsoft.VisualStudio.QualityTools.Tips.UnitTest.Adapter, Version=10.0.0.0, Culture=neutral, PublicKeyToken=b03f5f7f11d50a3a" className="PornCantina.UIAutomation.Scenarios.BellaCashFeature, PornCantina.UIAutomation, Version=1.0.0.0, Culture=neutral, PublicKeyToken=null" name="PopulateBellaCashGalleries_NatalieTyler" />
    </UnitTest>
    <UnitTest name="PopulateBellaCashGalleries_MonroeLee" storage="c:\users\tmacblane\documents\developmentprojects\porncantina.uiautomation\bin\debug\porncantina.uiautomation.dll" id="6af92fa9-0ccf-8383-ab91-02e618ce084c">
      <Description>Populate BellaCash Galleries</Description>
      <Execution id="a5b1009d-a739-44a8-a890-a6567e253219" />
      <Properties>
        <Property>
          <Key>FeatureTitle</Key>
          <Value>BellaCash</Value>
        </Property>
        <Property>
          <Key>VariantName</Key>
          <Value>Monroe Lee</Value>
        </Property>
        <Property>
          <Key>Parameter:modelName</Key>
          <Value>Monroe Lee</Value>
        </Property>
      </Properties>
      <TestMethod codeBase="C:/Users/TMacBlane/Documents/DevelopmentProjects/PornCantina.UIAutomation/bin/Debug/PornCantina.UIAutomation.DLL" adapterTypeName="Microsoft.VisualStudio.TestTools.TestTypes.Unit.UnitTestAdapter, Microsoft.VisualStudio.QualityTools.Tips.UnitTest.Adapter, Version=10.0.0.0, Culture=neutral, PublicKeyToken=b03f5f7f11d50a3a" className="PornCantina.UIAutomation.Scenarios.BellaCashFeature, PornCantina.UIAutomation, Version=1.0.0.0, Culture=neutral, PublicKeyToken=null" name="PopulateBellaCashGalleries_MonroeLee" />
    </UnitTest>
    <UnitTest name="PopulateEpicPandaCashGalleries_SpencerNicks" storage="c:\users\tmacblane\documents\developmentprojects\porncantina.uiautomation\bin\debug\porncantina.uiautomation.dll" id="0833e762-dd78-d87c-6052-d9944bd1c4a8">
      <Description>Populate EpicPandaCash Galleries</Description>
      <Execution id="dbd94d5f-bdc7-48ca-b547-65e356a08f92" />
      <Properties>
        <Property>
          <Key>FeatureTitle</Key>
          <Value>EpicPandaCash</Value>
        </Property>
        <Property>
          <Key>VariantName</Key>
          <Value>Spencer Nicks</Value>
        </Property>
        <Property>
          <Key>Parameter:site</Key>
          <Value>Spencer Nicks</Value>
        </Property>
        <Property>
          <Key>Parameter:modelName</Key>
          <Value>Spencer Nicks</Value>
        </Property>
      </Properties>
      <TestMethod codeBase="C:/Users/TMacBlane/Documents/DevelopmentProjects/PornCantina.UIAutomation/bin/Debug/PornCantina.UIAutomation.DLL" adapterTypeName="Microsoft.VisualStudio.TestTools.TestTypes.Unit.UnitTestAdapter, Microsoft.VisualStudio.QualityTools.Tips.UnitTest.Adapter, Version=10.0.0.0, Culture=neutral, PublicKeyToken=b03f5f7f11d50a3a" className="PornCantina.UIAutomation.Scenarios.EpicPandaCashFeature, PornCantina.UIAutomation, Version=1.0.0.0, Culture=neutral, PublicKeyToken=null" name="PopulateEpicPandaCashGalleries_SpencerNicks" />
    </UnitTest>
    <UnitTest name="PopulateEpicPandaCashGalleries_RachelSexton" storage="c:\users\tmacblane\documents\developmentprojects\porncantina.uiautomation\bin\debug\porncantina.uiautomation.dll" id="6f823177-fac0-1695-39d6-789688bb1a48">
      <Description>Populate EpicPandaCash Galleries</Description>
      <Execution id="848b4fe9-2215-4d37-a520-9725e6f5eaff" />
      <Properties>
        <Property>
          <Key>FeatureTitle</Key>
          <Value>EpicPandaCash</Value>
        </Property>
        <Property>
          <Key>VariantName</Key>
          <Value>Rachel Sexton</Value>
        </Property>
        <Property>
          <Key>Parameter:site</Key>
          <Value>Rachel Sexton</Value>
        </Property>
        <Property>
          <Key>Parameter:modelName</Key>
          <Value>Rachel Sexton</Value>
        </Property>
      </Properties>
      <TestMethod codeBase="C:/Users/TMacBlane/Documents/DevelopmentProjects/PornCantina.UIAutomation/bin/Debug/PornCantina.UIAutomation.DLL" adapterTypeName="Microsoft.VisualStudio.TestTools.TestTypes.Unit.UnitTestAdapter, Microsoft.VisualStudio.QualityTools.Tips.UnitTest.Adapter, Version=10.0.0.0, Culture=neutral, PublicKeyToken=b03f5f7f11d50a3a" className="PornCantina.UIAutomation.Scenarios.EpicPandaCashFeature, PornCantina.UIAutomation, Version=1.0.0.0, Culture=neutral, PublicKeyToken=null" name="PopulateEpicPandaCashGalleries_RachelSexton" />
    </UnitTest>
    <UnitTest name="PopulateEpicPandaCashGalleries_BaileyKnox" storage="c:\users\tmacblane\documents\developmentprojects\porncantina.uiautomation\bin\debug\porncantina.uiautomation.dll" id="eb9b8e2b-e634-3f71-8b78-2aca84a14cf3">
      <Description>Populate EpicPandaCash Galleries</Description>
      <Execution id="c3267359-c5fb-4443-b16a-0c958acee939" />
      <Properties>
        <Property>
          <Key>FeatureTitle</Key>
          <Value>EpicPandaCash</Value>
        </Property>
        <Property>
          <Key>VariantName</Key>
          <Value>Bailey Knox</Value>
        </Property>
        <Property>
          <Key>Parameter:site</Key>
          <Value>Bailey Knox</Value>
        </Property>
        <Property>
          <Key>Parameter:modelName</Key>
          <Value>Bailey Knox</Value>
        </Property>
      </Properties>
      <TestMethod codeBase="C:/Users/TMacBlane/Documents/DevelopmentProjects/PornCantina.UIAutomation/bin/Debug/PornCantina.UIAutomation.DLL" adapterTypeName="Microsoft.VisualStudio.TestTools.TestTypes.Unit.UnitTestAdapter, Microsoft.VisualStudio.QualityTools.Tips.UnitTest.Adapter, Version=10.0.0.0, Culture=neutral, PublicKeyToken=b03f5f7f11d50a3a" className="PornCantina.UIAutomation.Scenarios.EpicPandaCashFeature, PornCantina.UIAutomation, Version=1.0.0.0, Culture=neutral, PublicKeyToken=null" name="PopulateEpicPandaCashGalleries_BaileyKnox" />
    </UnitTest>
    <UnitTest name="PopulatePinkVelvetVaultGalleries_Sockblocked_Com" storage="c:\users\tmacblane\documents\developmentprojects\porncantina.uiautomation\bin\debug\porncantina.uiautomation.dll" id="b4f0a9e8-5d81-3545-39ca-78302cfc2e4c">
      <Description>Populate PinkVelvetVault Galleries</Description>
      <Execution id="ad1e69b1-69a9-48b7-a7e0-3e904d230bd2" />
      <Properties>
        <Property>
          <Key>FeatureTitle</Key>
          <Value>PinkVelvetVault</Value>
        </Property>
        <Property>
          <Key>VariantName</Key>
          <Value>Sockblocked.com</Value>
        </Property>
        <Property>
          <Key>Parameter:site</Key>
          <Value>Sockblocked.com</Value>
        </Property>
        <Property>
          <Key>Parameter:modelName</Key>
          <Value>Sock Blocked</Value>
        </Property>
      </Properties>
      <TestMethod codeBase="C:/Users/TMacBlane/Documents/DevelopmentProjects/PornCantina.UIAutomation/bin/Debug/PornCantina.UIAutomation.DLL" adapterTypeName="Microsoft.VisualStudio.TestTools.TestTypes.Unit.UnitTestAdapter, Microsoft.VisualStudio.QualityTools.Tips.UnitTest.Adapter, Version=10.0.0.0, Culture=neutral, PublicKeyToken=b03f5f7f11d50a3a" className="PornCantina.UIAutomation.Scenarios.PinkVelvetVaultFeature, PornCantina.UIAutomation, Version=1.0.0.0, Culture=neutral, PublicKeyToken=null" name="PopulatePinkVelvetVaultGalleries_Sockblocked_Com" />
    </UnitTest>
    <UnitTest name="PopulateZellysCashGalleries_Zellys_Com" storage="c:\users\tmacblane\documents\developmentprojects\porncantina.uiautomation\bin\debug\porncantina.uiautomation.dll" id="efe8e8c2-3563-b091-1ee4-879573922381">
      <Description>Populate ZellysCash Galleries</Description>
      <Execution id="8447edcc-e1f0-4fa2-a736-05af8f2157fc" />
      <Properties>
        <Property>
          <Key>FeatureTitle</Key>
          <Value>ZellysCash</Value>
        </Property>
        <Property>
          <Key>VariantName</Key>
          <Value>Zellys.com</Value>
        </Property>
        <Property>
          <Key>Parameter:modelName</Key>
          <Value>Zellys.com</Value>
        </Property>
      </Properties>
      <TestMethod codeBase="C:/Users/TMacBlane/Documents/DevelopmentProjects/PornCantina.UIAutomation/bin/Debug/PornCantina.UIAutomation.DLL" adapterTypeName="Microsoft.VisualStudio.TestTools.TestTypes.Unit.UnitTestAdapter, Microsoft.VisualStudio.QualityTools.Tips.UnitTest.Adapter, Version=10.0.0.0, Culture=neutral, PublicKeyToken=b03f5f7f11d50a3a" className="PornCantina.UIAutomation.Scenarios.ZellysCashFeature, PornCantina.UIAutomation, Version=1.0.0.0, Culture=neutral, PublicKeyToken=null" name="PopulateZellysCashGalleries_Zellys_Com" />
    </UnitTest>
    <UnitTest name="PopulateEpicPandaCashGalleries_PartyAll_Star" storage="c:\users\tmacblane\documents\developmentprojects\porncantina.uiautomation\bin\debug\porncantina.uiautomation.dll" id="d0390afa-4a21-297c-771f-2a8050db7de4">
      <Description>Populate EpicPandaCash Galleries</Description>
      <Execution id="83002c00-e901-4c0e-b6af-042f6031a1b2" />
      <Properties>
        <Property>
          <Key>FeatureTitle</Key>
          <Value>EpicPandaCash</Value>
        </Property>
        <Property>
          <Key>VariantName</Key>
          <Value>Party All-Star</Value>
        </Property>
        <Property>
          <Key>Parameter:site</Key>
          <Value>Party All-Star</Value>
        </Property>
        <Property>
          <Key>Parameter:modelName</Key>
          <Value>Party All-Star</Value>
        </Property>
      </Properties>
      <TestMethod codeBase="C:/Users/TMacBlane/Documents/DevelopmentProjects/PornCantina.UIAutomation/bin/Debug/PornCantina.UIAutomation.DLL" adapterTypeName="Microsoft.VisualStudio.TestTools.TestTypes.Unit.UnitTestAdapter, Microsoft.VisualStudio.QualityTools.Tips.UnitTest.Adapter, Version=10.0.0.0, Culture=neutral, PublicKeyToken=b03f5f7f11d50a3a" className="PornCantina.UIAutomation.Scenarios.EpicPandaCashFeature, PornCantina.UIAutomation, Version=1.0.0.0, Culture=neutral, PublicKeyToken=null" name="PopulateEpicPandaCashGalleries_PartyAll_Star" />
    </UnitTest>
    <UnitTest name="PopulatePinkVelvetVaultGalleries_MeetMadden_Com" storage="c:\users\tmacblane\documents\developmentprojects\porncantina.uiautomation\bin\debug\porncantina.uiautomation.dll" id="9b8a8829-6f71-8101-2626-855991eddcfc">
      <Description>Populate PinkVelvetVault Galleries</Description>
      <Execution id="6b8d814b-10b3-4bb0-b161-e04a1fcd9270" />
      <Properties>
        <Property>
          <Key>FeatureTitle</Key>
          <Value>PinkVelvetVault</Value>
        </Property>
        <Property>
          <Key>VariantName</Key>
          <Value>MeetMadden.com</Value>
        </Property>
        <Property>
          <Key>Parameter:site</Key>
          <Value>MeetMadden.com</Value>
        </Property>
        <Property>
          <Key>Parameter:modelName</Key>
          <Value>Meet Madden</Value>
        </Property>
      </Properties>
      <TestMethod codeBase="C:/Users/TMacBlane/Documents/DevelopmentProjects/PornCantina.UIAutomation/bin/Debug/PornCantina.UIAutomation.DLL" adapterTypeName="Microsoft.VisualStudio.TestTools.TestTypes.Unit.UnitTestAdapter, Microsoft.VisualStudio.QualityTools.Tips.UnitTest.Adapter, Version=10.0.0.0, Culture=neutral, PublicKeyToken=b03f5f7f11d50a3a" className="PornCantina.UIAutomation.Scenarios.PinkVelvetVaultFeature, PornCantina.UIAutomation, Version=1.0.0.0, Culture=neutral, PublicKeyToken=null" name="PopulatePinkVelvetVaultGalleries_MeetMadden_Com" />
    </UnitTest>
    <UnitTest name="PopulateSoloRevenueGalleries_AutumnRiley" storage="c:\users\tmacblane\documents\developmentprojects\porncantina.uiautomation\bin\debug\porncantina.uiautomation.dll" id="5b4f7a04-e91d-3766-70df-2affdcfda282">
      <Description>Populate SoloRevenue Galleries</Description>
      <Execution id="b823728c-3551-42cb-b891-a4fb50cc3a67" />
      <Properties>
        <Property>
          <Key>FeatureTitle</Key>
          <Value>SoloRevenue</Value>
        </Property>
        <Property>
          <Key>VariantName</Key>
          <Value>Autumn Riley</Value>
        </Property>
        <Property>
          <Key>Parameter:modelName</Key>
          <Value>Autumn Riley</Value>
        </Property>
      </Properties>
      <TestMethod codeBase="C:/Users/TMacBlane/Documents/DevelopmentProjects/PornCantina.UIAutomation/bin/Debug/PornCantina.UIAutomation.DLL" adapterTypeName="Microsoft.VisualStudio.TestTools.TestTypes.Unit.UnitTestAdapter, Microsoft.VisualStudio.QualityTools.Tips.UnitTest.Adapter, Version=10.0.0.0, Culture=neutral, PublicKeyToken=b03f5f7f11d50a3a" className="PornCantina.UIAutomation.Scenarios.SoloRevenueFeature, PornCantina.UIAutomation, Version=1.0.0.0, Culture=neutral, PublicKeyToken=null" name="PopulateSoloRevenueGalleries_AutumnRiley" />
    </UnitTest>
    <UnitTest name="PopulateBellaCashGalleries_AvaDawn" storage="c:\users\tmacblane\documents\developmentprojects\porncantina.uiautomation\bin\debug\porncantina.uiautomation.dll" id="2272289c-032b-1243-7330-eb5092e584fc">
      <Description>Populate BellaCash Galleries</Description>
      <Execution id="1a00d7af-937c-47d5-9cfd-758b1bb2f538" />
      <Properties>
        <Property>
          <Key>FeatureTitle</Key>
          <Value>BellaCash</Value>
        </Property>
        <Property>
          <Key>VariantName</Key>
          <Value>Ava Dawn</Value>
        </Property>
        <Property>
          <Key>Parameter:modelName</Key>
          <Value>Ava Dawn</Value>
        </Property>
      </Properties>
      <TestMethod codeBase="C:/Users/TMacBlane/Documents/DevelopmentProjects/PornCantina.UIAutomation/bin/Debug/PornCantina.UIAutomation.DLL" adapterTypeName="Microsoft.VisualStudio.TestTools.TestTypes.Unit.UnitTestAdapter, Microsoft.VisualStudio.QualityTools.Tips.UnitTest.Adapter, Version=10.0.0.0, Culture=neutral, PublicKeyToken=b03f5f7f11d50a3a" className="PornCantina.UIAutomation.Scenarios.BellaCashFeature, PornCantina.UIAutomation, Version=1.0.0.0, Culture=neutral, PublicKeyToken=null" name="PopulateBellaCashGalleries_AvaDawn" />
    </UnitTest>
    <UnitTest name="PopulatePinkVelvetVaultGalleries_Brittany_Avalon_Com" storage="c:\users\tmacblane\documents\developmentprojects\porncantina.uiautomation\bin\debug\porncantina.uiautomation.dll" id="2910964a-1343-9aba-d7b0-6918c25f5329">
      <Description>Populate PinkVelvetVault Galleries</Description>
      <Execution id="aeb90709-3b04-4e39-a856-af3d62501596" />
      <Properties>
        <Property>
          <Key>FeatureTitle</Key>
          <Value>PinkVelvetVault</Value>
        </Property>
        <Property>
          <Key>VariantName</Key>
          <Value>Brittany-Avalon.com</Value>
        </Property>
        <Property>
          <Key>Parameter:site</Key>
          <Value>Brittany-Avalon.com</Value>
        </Property>
        <Property>
          <Key>Parameter:modelName</Key>
          <Value>Brittany Avalon</Value>
        </Property>
      </Properties>
      <TestMethod codeBase="C:/Users/TMacBlane/Documents/DevelopmentProjects/PornCantina.UIAutomation/bin/Debug/PornCantina.UIAutomation.DLL" adapterTypeName="Microsoft.VisualStudio.TestTools.TestTypes.Unit.UnitTestAdapter, Microsoft.VisualStudio.QualityTools.Tips.UnitTest.Adapter, Version=10.0.0.0, Culture=neutral, PublicKeyToken=b03f5f7f11d50a3a" className="PornCantina.UIAutomation.Scenarios.PinkVelvetVaultFeature, PornCantina.UIAutomation, Version=1.0.0.0, Culture=neutral, PublicKeyToken=null" name="PopulatePinkVelvetVaultGalleries_Brittany_Avalon_Com" />
    </UnitTest>
    <UnitTest name="PopulateZellysCashGalleries_MelissaXoXo" storage="c:\users\tmacblane\documents\developmentprojects\porncantina.uiautomation\bin\debug\porncantina.uiautomation.dll" id="3244bd33-62ad-5b0c-a0f8-17623bcb7156">
      <Description>Populate ZellysCash Galleries</Description>
      <Execution id="84af73e0-5098-4270-ba60-2fa83e154823" />
      <Properties>
        <Property>
          <Key>FeatureTitle</Key>
          <Value>ZellysCash</Value>
        </Property>
        <Property>
          <Key>VariantName</Key>
          <Value>Melissa XoXo</Value>
        </Property>
        <Property>
          <Key>Parameter:modelName</Key>
          <Value>Melissa XoXo</Value>
        </Property>
      </Properties>
      <TestMethod codeBase="C:/Users/TMacBlane/Documents/DevelopmentProjects/PornCantina.UIAutomation/bin/Debug/PornCantina.UIAutomation.DLL" adapterTypeName="Microsoft.VisualStudio.TestTools.TestTypes.Unit.UnitTestAdapter, Microsoft.VisualStudio.QualityTools.Tips.UnitTest.Adapter, Version=10.0.0.0, Culture=neutral, PublicKeyToken=b03f5f7f11d50a3a" className="PornCantina.UIAutomation.Scenarios.ZellysCashFeature, PornCantina.UIAutomation, Version=1.0.0.0, Culture=neutral, PublicKeyToken=null" name="PopulateZellysCashGalleries_MelissaXoXo" />
    </UnitTest>
    <UnitTest name="PopulateEpicPandaCashGalleries_BrookeMarks" storage="c:\users\tmacblane\documents\developmentprojects\porncantina.uiautomation\bin\debug\porncantina.uiautomation.dll" id="36a18326-5378-2751-6673-68fb2102b50e">
      <Description>Populate EpicPandaCash Galleries</Description>
      <Execution id="75887f33-e2a2-4089-ac38-2487f24b058b" />
      <Properties>
        <Property>
          <Key>FeatureTitle</Key>
          <Value>EpicPandaCash</Value>
        </Property>
        <Property>
          <Key>VariantName</Key>
          <Value>Brooke Marks</Value>
        </Property>
        <Property>
          <Key>Parameter:site</Key>
          <Value>Brooke Marks</Value>
        </Property>
        <Property>
          <Key>Parameter:modelName</Key>
          <Value>Brooke Marks</Value>
        </Property>
      </Properties>
      <TestMethod codeBase="C:/Users/TMacBlane/Documents/DevelopmentProjects/PornCantina.UIAutomation/bin/Debug/PornCantina.UIAutomation.DLL" adapterTypeName="Microsoft.VisualStudio.TestTools.TestTypes.Unit.UnitTestAdapter, Microsoft.VisualStudio.QualityTools.Tips.UnitTest.Adapter, Version=10.0.0.0, Culture=neutral, PublicKeyToken=b03f5f7f11d50a3a" className="PornCantina.UIAutomation.Scenarios.EpicPandaCashFeature, PornCantina.UIAutomation, Version=1.0.0.0, Culture=neutral, PublicKeyToken=null" name="PopulateEpicPandaCashGalleries_BrookeMarks" />
    </UnitTest>
    <UnitTest name="PopulatePinkVelvetVaultGalleries_Nikkisplaymates_Com" storage="c:\users\tmacblane\documents\developmentprojects\porncantina.uiautomation\bin\debug\porncantina.uiautomation.dll" id="4cbca76b-5162-199c-dd79-ce8dc44ed77b">
      <Description>Populate PinkVelvetVault Galleries</Description>
      <Execution id="8f97c8d0-0a4f-4ea3-bfa8-74603698d9c3" />
      <Properties>
        <Property>
          <Key>FeatureTitle</Key>
          <Value>PinkVelvetVault</Value>
        </Property>
        <Property>
          <Key>VariantName</Key>
          <Value>Nikkisplaymates.com</Value>
        </Property>
        <Property>
          <Key>Parameter:site</Key>
          <Value>Nikkisplaymates.com</Value>
        </Property>
        <Property>
          <Key>Parameter:modelName</Key>
          <Value>Nikkis Sims</Value>
        </Property>
      </Properties>
      <TestMethod codeBase="C:/Users/TMacBlane/Documents/DevelopmentProjects/PornCantina.UIAutomation/bin/Debug/PornCantina.UIAutomation.DLL" adapterTypeName="Microsoft.VisualStudio.TestTools.TestTypes.Unit.UnitTestAdapter, Microsoft.VisualStudio.QualityTools.Tips.UnitTest.Adapter, Version=10.0.0.0, Culture=neutral, PublicKeyToken=b03f5f7f11d50a3a" className="PornCantina.UIAutomation.Scenarios.PinkVelvetVaultFeature, PornCantina.UIAutomation, Version=1.0.0.0, Culture=neutral, PublicKeyToken=null" name="PopulatePinkVelvetVaultGalleries_Nikkisplaymates_Com" />
    </UnitTest>
    <UnitTest name="PopulateBellaCashGalleries_KatieBanks" storage="c:\users\tmacblane\documents\developmentprojects\porncantina.uiautomation\bin\debug\porncantina.uiautomation.dll" id="8c136c51-948d-db20-6929-2e8f37a20b36">
      <Description>Populate BellaCash Galleries</Description>
      <Execution id="feb9cafd-17bb-456c-a6d4-d7530299747b" />
      <Properties>
        <Property>
          <Key>FeatureTitle</Key>
          <Value>BellaCash</Value>
        </Property>
        <Property>
          <Key>VariantName</Key>
          <Value>Katie Banks</Value>
        </Property>
        <Property>
          <Key>Parameter:modelName</Key>
          <Value>Katie Banks</Value>
        </Property>
      </Properties>
      <TestMethod codeBase="C:/Users/TMacBlane/Documents/DevelopmentProjects/PornCantina.UIAutomation/bin/Debug/PornCantina.UIAutomation.DLL" adapterTypeName="Microsoft.VisualStudio.TestTools.TestTypes.Unit.UnitTestAdapter, Microsoft.VisualStudio.QualityTools.Tips.UnitTest.Adapter, Version=10.0.0.0, Culture=neutral, PublicKeyToken=b03f5f7f11d50a3a" className="PornCantina.UIAutomation.Scenarios.BellaCashFeature, PornCantina.UIAutomation, Version=1.0.0.0, Culture=neutral, PublicKeyToken=null" name="PopulateBellaCashGalleries_KatieBanks" />
    </UnitTest>
    <UnitTest name="PopulatePinkVelvetVaultGalleries_KendraRain_Com" storage="c:\users\tmacblane\documents\developmentprojects\porncantina.uiautomation\bin\debug\porncantina.uiautomation.dll" id="faee341e-3298-bbd5-13d9-4d169a7040ed">
      <Description>Populate PinkVelvetVault Galleries</Description>
      <Execution id="c3578c89-16ec-4ce2-ba36-01d9457a5cf2" />
      <Properties>
        <Property>
          <Key>FeatureTitle</Key>
          <Value>PinkVelvetVault</Value>
        </Property>
        <Property>
          <Key>VariantName</Key>
          <Value>KendraRain.com</Value>
        </Property>
        <Property>
          <Key>Parameter:site</Key>
          <Value>KendraRain.com</Value>
        </Property>
        <Property>
          <Key>Parameter:modelName</Key>
          <Value>Kendra Rain</Value>
        </Property>
      </Properties>
      <TestMethod codeBase="C:/Users/TMacBlane/Documents/DevelopmentProjects/PornCantina.UIAutomation/bin/Debug/PornCantina.UIAutomation.DLL" adapterTypeName="Microsoft.VisualStudio.TestTools.TestTypes.Unit.UnitTestAdapter, Microsoft.VisualStudio.QualityTools.Tips.UnitTest.Adapter, Version=10.0.0.0, Culture=neutral, PublicKeyToken=b03f5f7f11d50a3a" className="PornCantina.UIAutomation.Scenarios.PinkVelvetVaultFeature, PornCantina.UIAutomation, Version=1.0.0.0, Culture=neutral, PublicKeyToken=null" name="PopulatePinkVelvetVaultGalleries_KendraRain_Com" />
    </UnitTest>
    <UnitTest name="PopulateBellaCashGalleries_Bryci" storage="c:\users\tmacblane\documents\developmentprojects\porncantina.uiautomation\bin\debug\porncantina.uiautomation.dll" id="66f4f75a-e39b-800c-c209-257f1c101b17">
      <Description>Populate BellaCash Galleries</Description>
      <Execution id="b84befe2-085e-405f-9e05-1b25a9dad2d9" />
      <Properties>
        <Property>
          <Key>FeatureTitle</Key>
          <Value>BellaCash</Value>
        </Property>
        <Property>
          <Key>VariantName</Key>
          <Value>Bryci</Value>
        </Property>
        <Property>
          <Key>Parameter:modelName</Key>
          <Value>Bryci</Value>
        </Property>
      </Properties>
      <TestMethod codeBase="C:/Users/TMacBlane/Documents/DevelopmentProjects/PornCantina.UIAutomation/bin/Debug/PornCantina.UIAutomation.DLL" adapterTypeName="Microsoft.VisualStudio.TestTools.TestTypes.Unit.UnitTestAdapter, Microsoft.VisualStudio.QualityTools.Tips.UnitTest.Adapter, Version=10.0.0.0, Culture=neutral, PublicKeyToken=b03f5f7f11d50a3a" className="PornCantina.UIAutomation.Scenarios.BellaCashFeature, PornCantina.UIAutomation, Version=1.0.0.0, Culture=neutral, PublicKeyToken=null" name="PopulateBellaCashGalleries_Bryci" />
    </UnitTest>
    <UnitTest name="PopulatePinkVelvetVaultGalleries_TiffanyAlexis_Com" storage="c:\users\tmacblane\documents\developmentprojects\porncantina.uiautomation\bin\debug\porncantina.uiautomation.dll" id="09f339eb-e1ff-0d96-dca9-6e24e2f7cfbf">
      <Description>Populate PinkVelvetVault Galleries</Description>
      <Execution id="4acfc65b-7a22-4b34-b4bd-276d9dd79c22" />
      <Properties>
        <Property>
          <Key>FeatureTitle</Key>
          <Value>PinkVelvetVault</Value>
        </Property>
        <Property>
          <Key>VariantName</Key>
          <Value>TiffanyAlexis.com</Value>
        </Property>
        <Property>
          <Key>Parameter:site</Key>
          <Value>TiffanyAlexis.com</Value>
        </Property>
        <Property>
          <Key>Parameter:modelName</Key>
          <Value>Tiffany Alexis</Value>
        </Property>
      </Properties>
      <TestMethod codeBase="C:/Users/TMacBlane/Documents/DevelopmentProjects/PornCantina.UIAutomation/bin/Debug/PornCantina.UIAutomation.DLL" adapterTypeName="Microsoft.VisualStudio.TestTools.TestTypes.Unit.UnitTestAdapter, Microsoft.VisualStudio.QualityTools.Tips.UnitTest.Adapter, Version=10.0.0.0, Culture=neutral, PublicKeyToken=b03f5f7f11d50a3a" className="PornCantina.UIAutomation.Scenarios.PinkVelvetVaultFeature, PornCantina.UIAutomation, Version=1.0.0.0, Culture=neutral, PublicKeyToken=null" name="PopulatePinkVelvetVaultGalleries_TiffanyAlexis_Com" />
    </UnitTest>
    <UnitTest name="PopulateBellaCashGalleries_TaliaShepard" storage="c:\users\tmacblane\documents\developmentprojects\porncantina.uiautomation\bin\debug\porncantina.uiautomation.dll" id="b2fe822b-5976-20eb-494c-a2e70b73f8a8">
      <Description>Populate BellaCash Galleries</Description>
      <Execution id="c3dc83a1-3e9c-4e45-8a5f-d0f7757fe713" />
      <Properties>
        <Property>
          <Key>FeatureTitle</Key>
          <Value>BellaCash</Value>
        </Property>
        <Property>
          <Key>VariantName</Key>
          <Value>Talia Shepard</Value>
        </Property>
        <Property>
          <Key>Parameter:modelName</Key>
          <Value>Talia Shepard</Value>
        </Property>
      </Properties>
      <TestMethod codeBase="C:/Users/TMacBlane/Documents/DevelopmentProjects/PornCantina.UIAutomation/bin/Debug/PornCantina.UIAutomation.DLL" adapterTypeName="Microsoft.VisualStudio.TestTools.TestTypes.Unit.UnitTestAdapter, Microsoft.VisualStudio.QualityTools.Tips.UnitTest.Adapter, Version=10.0.0.0, Culture=neutral, PublicKeyToken=b03f5f7f11d50a3a" className="PornCantina.UIAutomation.Scenarios.BellaCashFeature, PornCantina.UIAutomation, Version=1.0.0.0, Culture=neutral, PublicKeyToken=null" name="PopulateBellaCashGalleries_TaliaShepard" />
    </UnitTest>
    <UnitTest name="PopulateEpicPandaCashGalleries_MistyGates" storage="c:\users\tmacblane\documents\developmentprojects\porncantina.uiautomation\bin\debug\porncantina.uiautomation.dll" id="7fae0b54-1d2c-0d9d-1805-b2ab2adfc550">
      <Description>Populate EpicPandaCash Galleries</Description>
      <Execution id="48d9388d-f096-46fd-a456-38faa5fd6189" />
      <Properties>
        <Property>
          <Key>FeatureTitle</Key>
          <Value>EpicPandaCash</Value>
        </Property>
        <Property>
          <Key>VariantName</Key>
          <Value>Misty Gates</Value>
        </Property>
        <Property>
          <Key>Parameter:site</Key>
          <Value>Misty Gates</Value>
        </Property>
        <Property>
          <Key>Parameter:modelName</Key>
          <Value>Misty Gates</Value>
        </Property>
      </Properties>
      <TestMethod codeBase="C:/Users/TMacBlane/Documents/DevelopmentProjects/PornCantina.UIAutomation/bin/Debug/PornCantina.UIAutomation.DLL" adapterTypeName="Microsoft.VisualStudio.TestTools.TestTypes.Unit.UnitTestAdapter, Microsoft.VisualStudio.QualityTools.Tips.UnitTest.Adapter, Version=10.0.0.0, Culture=neutral, PublicKeyToken=b03f5f7f11d50a3a" className="PornCantina.UIAutomation.Scenarios.EpicPandaCashFeature, PornCantina.UIAutomation, Version=1.0.0.0, Culture=neutral, PublicKeyToken=null" name="PopulateEpicPandaCashGalleries_MistyGates" />
    </UnitTest>
    <UnitTest name="PopulateZellysCashGalleries_BluEyedCass" storage="c:\users\tmacblane\documents\developmentprojects\porncantina.uiautomation\bin\debug\porncantina.uiautomation.dll" id="d4651545-402e-63fd-5727-2f619b78f07c">
      <Description>Populate ZellysCash Galleries</Description>
      <Execution id="e6c428cc-16ba-4d11-8f11-78f612909a38" />
      <Properties>
        <Property>
          <Key>FeatureTitle</Key>
          <Value>ZellysCash</Value>
        </Property>
        <Property>
          <Key>VariantName</Key>
          <Value>BluEyedCass</Value>
        </Property>
        <Property>
          <Key>Parameter:modelName</Key>
          <Value>BluEyedCass</Value>
        </Property>
      </Properties>
      <TestMethod codeBase="C:/Users/TMacBlane/Documents/DevelopmentProjects/PornCantina.UIAutomation/bin/Debug/PornCantina.UIAutomation.DLL" adapterTypeName="Microsoft.VisualStudio.TestTools.TestTypes.Unit.UnitTestAdapter, Microsoft.VisualStudio.QualityTools.Tips.UnitTest.Adapter, Version=10.0.0.0, Culture=neutral, PublicKeyToken=b03f5f7f11d50a3a" className="PornCantina.UIAutomation.Scenarios.ZellysCashFeature, PornCantina.UIAutomation, Version=1.0.0.0, Culture=neutral, PublicKeyToken=null" name="PopulateZellysCashGalleries_BluEyedCass" />
    </UnitTest>
    <UnitTest name="PopulateEpicPandaCashGalleries_CarlottaChampagne" storage="c:\users\tmacblane\documents\developmentprojects\porncantina.uiautomation\bin\debug\porncantina.uiautomation.dll" id="e1e0aada-64a3-6d63-9035-77bad23b408c">
      <Description>Populate EpicPandaCash Galleries</Description>
      <Execution id="e7f11790-361e-46ee-a0b8-fed20f44c9c0" />
      <Properties>
        <Property>
          <Key>FeatureTitle</Key>
          <Value>EpicPandaCash</Value>
        </Property>
        <Property>
          <Key>VariantName</Key>
          <Value>Carlotta Champagne</Value>
        </Property>
        <Property>
          <Key>Parameter:site</Key>
          <Value>Carlotta Champagne</Value>
        </Property>
        <Property>
          <Key>Parameter:modelName</Key>
          <Value>Carlotta Champagne</Value>
        </Property>
      </Properties>
      <TestMethod codeBase="C:/Users/TMacBlane/Documents/DevelopmentProjects/PornCantina.UIAutomation/bin/Debug/PornCantina.UIAutomation.DLL" adapterTypeName="Microsoft.VisualStudio.TestTools.TestTypes.Unit.UnitTestAdapter, Microsoft.VisualStudio.QualityTools.Tips.UnitTest.Adapter, Version=10.0.0.0, Culture=neutral, PublicKeyToken=b03f5f7f11d50a3a" className="PornCantina.UIAutomation.Scenarios.EpicPandaCashFeature, PornCantina.UIAutomation, Version=1.0.0.0, Culture=neutral, PublicKeyToken=null" name="PopulateEpicPandaCashGalleries_CarlottaChampagne" />
    </UnitTest>
    <UnitTest name="PopulatePinkVelvetVaultGalleries_BrianaLeeOnline" storage="c:\users\tmacblane\documents\developmentprojects\porncantina.uiautomation\bin\debug\porncantina.uiautomation.dll" id="b561c79c-303d-25b6-3666-9b140d099ec6">
      <Description>Populate PinkVelvetVault Galleries</Description>
      <Execution id="20e55251-f196-423e-ab49-52abe697a746" />
      <Properties>
        <Property>
          <Key>FeatureTitle</Key>
          <Value>PinkVelvetVault</Value>
        </Property>
        <Property>
          <Key>VariantName</Key>
          <Value>BrianaLeeOnline</Value>
        </Property>
        <Property>
          <Key>Parameter:site</Key>
          <Value>BrianaLeeOnline</Value>
        </Property>
        <Property>
          <Key>Parameter:modelName</Key>
          <Value>Briana Lee Online</Value>
        </Property>
      </Properties>
      <TestMethod codeBase="C:/Users/TMacBlane/Documents/DevelopmentProjects/PornCantina.UIAutomation/bin/Debug/PornCantina.UIAutomation.DLL" adapterTypeName="Microsoft.VisualStudio.TestTools.TestTypes.Unit.UnitTestAdapter, Microsoft.VisualStudio.QualityTools.Tips.UnitTest.Adapter, Version=10.0.0.0, Culture=neutral, PublicKeyToken=b03f5f7f11d50a3a" className="PornCantina.UIAutomation.Scenarios.PinkVelvetVaultFeature, PornCantina.UIAutomation, Version=1.0.0.0, Culture=neutral, PublicKeyToken=null" name="PopulatePinkVelvetVaultGalleries_BrianaLeeOnline" />
    </UnitTest>
    <UnitTest name="PopulatePinkVelvetVaultGalleries_CherryZips_Com" storage="c:\users\tmacblane\documents\developmentprojects\porncantina.uiautomation\bin\debug\porncantina.uiautomation.dll" id="6723ee26-ffeb-9536-ffc6-148f6bd91bb4">
      <Description>Populate PinkVelvetVault Galleries</Description>
      <Execution id="6e8224f5-bca7-4fb5-bf67-d00d84fb6225" />
      <Properties>
        <Property>
          <Key>FeatureTitle</Key>
          <Value>PinkVelvetVault</Value>
        </Property>
        <Property>
          <Key>VariantName</Key>
          <Value>CherryZips.com</Value>
        </Property>
        <Property>
          <Key>Parameter:site</Key>
          <Value>CherryZips.com</Value>
        </Property>
        <Property>
          <Key>Parameter:modelName</Key>
          <Value>Cherry Zips</Value>
        </Property>
      </Properties>
      <TestMethod codeBase="C:/Users/TMacBlane/Documents/DevelopmentProjects/PornCantina.UIAutomation/bin/Debug/PornCantina.UIAutomation.DLL" adapterTypeName="Microsoft.VisualStudio.TestTools.TestTypes.Unit.UnitTestAdapter, Microsoft.VisualStudio.QualityTools.Tips.UnitTest.Adapter, Version=10.0.0.0, Culture=neutral, PublicKeyToken=b03f5f7f11d50a3a" className="PornCantina.UIAutomation.Scenarios.PinkVelvetVaultFeature, PornCantina.UIAutomation, Version=1.0.0.0, Culture=neutral, PublicKeyToken=null" name="PopulatePinkVelvetVaultGalleries_CherryZips_Com" />
    </UnitTest>
    <UnitTest name="PopulateMinxManiaGalleries" storage="c:\users\tmacblane\documents\developmentprojects\porncantina.uiautomation\bin\debug\porncantina.uiautomation.dll" id="56f54296-15ab-8819-79de-9cb8a298433f">
      <Description>Populate MinxMania Galleries</Description>
      <Execution id="4ccbf9fc-770d-4105-af74-6693642f1f81" />
      <Properties>
        <Property>
          <Key>FeatureTitle</Key>
          <Value>MinxMafia</Value>
        </Property>
      </Properties>
      <TestMethod codeBase="C:/Users/TMacBlane/Documents/DevelopmentProjects/PornCantina.UIAutomation/bin/Debug/PornCantina.UIAutomation.DLL" adapterTypeName="Microsoft.VisualStudio.TestTools.TestTypes.Unit.UnitTestAdapter, Microsoft.VisualStudio.QualityTools.Tips.UnitTest.Adapter, Version=10.0.0.0, Culture=neutral, PublicKeyToken=b03f5f7f11d50a3a" className="PornCantina.UIAutomation.Scenarios.MinxMafiaFeature, PornCantina.UIAutomation, Version=1.0.0.0, Culture=neutral, PublicKeyToken=null" name="PopulateMinxManiaGalleries" />
    </UnitTest>
    <UnitTest name="PopulatePinkVelvetVaultGalleries_BrianaLeeExtreme_Com" storage="c:\users\tmacblane\documents\developmentprojects\porncantina.uiautomation\bin\debug\porncantina.uiautomation.dll" id="076a81dd-d8a3-782a-c412-1ea2d0276610">
      <Description>Populate PinkVelvetVault Galleries</Description>
      <Execution id="a530ffbd-567f-4b67-b1ad-3176438d59a8" />
      <Properties>
        <Property>
          <Key>FeatureTitle</Key>
          <Value>PinkVelvetVault</Value>
        </Property>
        <Property>
          <Key>VariantName</Key>
          <Value>BrianaLeeExtreme.com</Value>
        </Property>
        <Property>
          <Key>Parameter:site</Key>
          <Value>BrianaLeeExtreme.com</Value>
        </Property>
        <Property>
          <Key>Parameter:modelName</Key>
          <Value>Briana Lee Extreme</Value>
        </Property>
      </Properties>
      <TestMethod codeBase="C:/Users/TMacBlane/Documents/DevelopmentProjects/PornCantina.UIAutomation/bin/Debug/PornCantina.UIAutomation.DLL" adapterTypeName="Microsoft.VisualStudio.TestTools.TestTypes.Unit.UnitTestAdapter, Microsoft.VisualStudio.QualityTools.Tips.UnitTest.Adapter, Version=10.0.0.0, Culture=neutral, PublicKeyToken=b03f5f7f11d50a3a" className="PornCantina.UIAutomation.Scenarios.PinkVelvetVaultFeature, PornCantina.UIAutomation, Version=1.0.0.0, Culture=neutral, PublicKeyToken=null" name="PopulatePinkVelvetVaultGalleries_BrianaLeeExtreme_Com" />
    </UnitTest>
  </TestDefinitions>
  <TestLists>
    <TestList name="Results Not in a List" id="8c84fa94-04c1-424b-9868-57a2d4851a1d" />
    <TestList name="All Loaded Results" id="19431567-8539-422a-85d7-44ee4e166bda" />
  </TestLists>
  <TestEntries>
    <TestEntry testId="b561c79c-303d-25b6-3666-9b140d099ec6" executionId="20e55251-f196-423e-ab49-52abe697a746" testListId="8c84fa94-04c1-424b-9868-57a2d4851a1d" />
    <TestEntry testId="b2fe822b-5976-20eb-494c-a2e70b73f8a8" executionId="c3dc83a1-3e9c-4e45-8a5f-d0f7757fe713" testListId="8c84fa94-04c1-424b-9868-57a2d4851a1d" />
    <TestEntry testId="eb9b8e2b-e634-3f71-8b78-2aca84a14cf3" executionId="c3267359-c5fb-4443-b16a-0c958acee939" testListId="8c84fa94-04c1-424b-9868-57a2d4851a1d" />
    <TestEntry testId="746ca17d-0c95-55f7-2444-fcda2e970d75" executionId="8d7f9085-044a-45fe-a2b7-a615cd3d4a02" testListId="8c84fa94-04c1-424b-9868-57a2d4851a1d" />
    <TestEntry testId="0833e762-dd78-d87c-6052-d9944bd1c4a8" executionId="dbd94d5f-bdc7-48ca-b547-65e356a08f92" testListId="8c84fa94-04c1-424b-9868-57a2d4851a1d" />
    <TestEntry testId="8c136c51-948d-db20-6929-2e8f37a20b36" executionId="feb9cafd-17bb-456c-a6d4-d7530299747b" testListId="8c84fa94-04c1-424b-9868-57a2d4851a1d" />
    <TestEntry testId="6f823177-fac0-1695-39d6-789688bb1a48" executionId="848b4fe9-2215-4d37-a520-9725e6f5eaff" testListId="8c84fa94-04c1-424b-9868-57a2d4851a1d" />
    <TestEntry testId="90275ed3-6b7f-be6c-3123-37a1d67aeee3" executionId="d436b771-7c8f-4aa5-9728-91a1635dd691" testListId="8c84fa94-04c1-424b-9868-57a2d4851a1d" />
    <TestEntry testId="d4651545-402e-63fd-5727-2f619b78f07c" executionId="e6c428cc-16ba-4d11-8f11-78f612909a38" testListId="8c84fa94-04c1-424b-9868-57a2d4851a1d" />
    <TestEntry testId="56f54296-15ab-8819-79de-9cb8a298433f" executionId="4ccbf9fc-770d-4105-af74-6693642f1f81" testListId="8c84fa94-04c1-424b-9868-57a2d4851a1d" />
    <TestEntry testId="7fae0b54-1d2c-0d9d-1805-b2ab2adfc550" executionId="48d9388d-f096-46fd-a456-38faa5fd6189" testListId="8c84fa94-04c1-424b-9868-57a2d4851a1d" />
    <TestEntry testId="6ab30983-7e28-5632-d87f-2957844134d4" executionId="21b8f1c5-7460-45d4-9102-3dc5d7534878" testListId="8c84fa94-04c1-424b-9868-57a2d4851a1d" />
    <TestEntry testId="076a81dd-d8a3-782a-c412-1ea2d0276610" executionId="a530ffbd-567f-4b67-b1ad-3176438d59a8" testListId="8c84fa94-04c1-424b-9868-57a2d4851a1d" />
    <TestEntry testId="7c9891c3-de5a-d9fc-615e-6f7414163765" executionId="0b5d2d6b-7415-474f-a51d-ac436e315bf5" testListId="8c84fa94-04c1-424b-9868-57a2d4851a1d" />
    <TestEntry testId="ebbecc38-d662-fe20-bb0b-7b866076d219" executionId="34a3f847-5804-4edc-b31b-0a5af1d8d10e" testListId="8c84fa94-04c1-424b-9868-57a2d4851a1d" />
    <TestEntry testId="4cbca76b-5162-199c-dd79-ce8dc44ed77b" executionId="8f97c8d0-0a4f-4ea3-bfa8-74603698d9c3" testListId="8c84fa94-04c1-424b-9868-57a2d4851a1d" />
    <TestEntry testId="36a18326-5378-2751-6673-68fb2102b50e" executionId="75887f33-e2a2-4089-ac38-2487f24b058b" testListId="8c84fa94-04c1-424b-9868-57a2d4851a1d" />
    <TestEntry testId="efe8e8c2-3563-b091-1ee4-879573922381" executionId="8447edcc-e1f0-4fa2-a736-05af8f2157fc" testListId="8c84fa94-04c1-424b-9868-57a2d4851a1d" />
    <TestEntry testId="330e0218-b1c3-0599-b86f-bb99241a385f" executionId="8efd32ac-33d3-47bd-a7fc-1a90394572da" testListId="8c84fa94-04c1-424b-9868-57a2d4851a1d" />
    <TestEntry testId="faee341e-3298-bbd5-13d9-4d169a7040ed" executionId="c3578c89-16ec-4ce2-ba36-01d9457a5cf2" testListId="8c84fa94-04c1-424b-9868-57a2d4851a1d" />
    <TestEntry testId="09f339eb-e1ff-0d96-dca9-6e24e2f7cfbf" executionId="4acfc65b-7a22-4b34-b4bd-276d9dd79c22" testListId="8c84fa94-04c1-424b-9868-57a2d4851a1d" />
    <TestEntry testId="9b8a8829-6f71-8101-2626-855991eddcfc" executionId="6b8d814b-10b3-4bb0-b161-e04a1fcd9270" testListId="8c84fa94-04c1-424b-9868-57a2d4851a1d" />
    <TestEntry testId="6af92fa9-0ccf-8383-ab91-02e618ce084c" executionId="a5b1009d-a739-44a8-a890-a6567e253219" testListId="8c84fa94-04c1-424b-9868-57a2d4851a1d" />
    <TestEntry testId="70329624-f7cc-6664-b631-4cc70d51a00f" executionId="e5472a23-4a77-4325-8592-8c2648b51584" testListId="8c84fa94-04c1-424b-9868-57a2d4851a1d" />
    <TestEntry testId="6723ee26-ffeb-9536-ffc6-148f6bd91bb4" executionId="6e8224f5-bca7-4fb5-bf67-d00d84fb6225" testListId="8c84fa94-04c1-424b-9868-57a2d4851a1d" />
    <TestEntry testId="5b4f7a04-e91d-3766-70df-2affdcfda282" executionId="b823728c-3551-42cb-b891-a4fb50cc3a67" testListId="8c84fa94-04c1-424b-9868-57a2d4851a1d" />
    <TestEntry testId="d0390afa-4a21-297c-771f-2a8050db7de4" executionId="83002c00-e901-4c0e-b6af-042f6031a1b2" testListId="8c84fa94-04c1-424b-9868-57a2d4851a1d" />
    <TestEntry testId="2910964a-1343-9aba-d7b0-6918c25f5329" executionId="aeb90709-3b04-4e39-a856-af3d62501596" testListId="8c84fa94-04c1-424b-9868-57a2d4851a1d" />
    <TestEntry testId="b4f0a9e8-5d81-3545-39ca-78302cfc2e4c" executionId="ad1e69b1-69a9-48b7-a7e0-3e904d230bd2" testListId="8c84fa94-04c1-424b-9868-57a2d4851a1d" />
    <TestEntry testId="2272289c-032b-1243-7330-eb5092e584fc" executionId="1a00d7af-937c-47d5-9cfd-758b1bb2f538" testListId="8c84fa94-04c1-424b-9868-57a2d4851a1d" />
    <TestEntry testId="66f4f75a-e39b-800c-c209-257f1c101b17" executionId="b84befe2-085e-405f-9e05-1b25a9dad2d9" testListId="8c84fa94-04c1-424b-9868-57a2d4851a1d" />
    <TestEntry testId="e1e0aada-64a3-6d63-9035-77bad23b408c" executionId="e7f11790-361e-46ee-a0b8-fed20f44c9c0" testListId="8c84fa94-04c1-424b-9868-57a2d4851a1d" />
    <TestEntry testId="3244bd33-62ad-5b0c-a0f8-17623bcb7156" executionId="84af73e0-5098-4270-ba60-2fa83e154823" testListId="8c84fa94-04c1-424b-9868-57a2d4851a1d" />
  </TestEntries>
  <Results>
    <UnitTestResult executionId="20e55251-f196-423e-ab49-52abe697a746" testId="b561c79c-303d-25b6-3666-9b140d099ec6" testName="PopulatePinkVelvetVaultGalleries_BrianaLeeOnline" computerName="FIREFLY" duration="00:00:21.8040342" startTime="2012-09-19T19:53:28.4351876-04:00" endTime="2012-09-19T19:53:50.8699876-04:00" testType="13cdc9d9-ddb5-4fa4-a97d-d965ccfc6d4b" outcome="Failed" testListId="8c84fa94-04c1-424b-9868-57a2d4851a1d" relativeResultsDirectory="20e55251-f196-423e-ab49-52abe697a746">
      <Output>
        <StdOut>Given I open the pinkvelvet page
-&gt; done: StepDefinitions.GivenIOpenTheSpecifiedPage("pinkvelvet") (5.7s)
Then I should be on the pinkvelvet page
-&gt; done: StepDefinitions.IShouldBeOnTheSpecifiedPage("pinkvelvet") (0.1s)
When I enter the PinkVelvetVault ccbill id
-&gt; done: HostedGalleriesManagerStepDefinitions.WhenIEnterTheSpecifiedCcbillId("PinkVelvetVault") (0.1s)
And I select BrianaLeeOnline from the site dropdown list
-&gt; done: HostedGalleriesManagerStepDefinitions.WhenISelectTheModelNameFromTheSiteDropdownList("BrianaLeeOnline") (0.4s)
And I select the Past Week date range
-&gt; done: HostedGalleriesManagerStepDefinitions.WhenISelectTheDateRangeDateRange("Past Week") (0.1s)
And I select the type of Pics
-&gt; done: HostedGalleriesManagerStepDefinitions.WhenISelectTheSpecifiedType("Pics") (0.2s)
And I select to display All galleries per page
-&gt; done: HostedGalleriesManagerStepDefinitions.WhenISelectToDisplaySpecifiedNumberOfGalleriesPerPage("All") (0.2s)
And I click the generate button
-&gt; done: HostedGalleriesManagerStepDefinitions.WhenIClickTheGenerateButton() (1.0s)
Then I should see the populated list of galleries
-&gt; done: HostedGalleriesManagerStepDefinitions.ThenIShouldSeeThePopulatedListOfGalleries() (0.1s)
And I should create any new Briana Lee Online pinkvelvetvault galleries
-&gt; error: Unable to locate element: {"method":"xpath","selector":"//tr[5]/td/table/tbody/tr/td[2]/span"}</StdOut>
        <ErrorInfo>
          <Message>Test method PornCantina.UIAutomation.Scenarios.PinkVelvetVaultFeature.PopulatePinkVelvetVaultGalleries_BrianaLeeOnline threw exception: 
OpenQA.Selenium.NoSuchElementException: Unable to locate element: {"method":"xpath","selector":"//tr[5]/td/table/tbody/tr/td[2]/span"}</Message>
          <StackTrace>    at OpenQA.Selenium.Remote.RemoteWebDriver.UnpackAndThrowOnError(Response errorResponse)
   at OpenQA.Selenium.Remote.RemoteWebDriver.Execute(String driverCommandToExecute, Dictionary`2 parameters)
   at OpenQA.Selenium.Remote.RemoteWebDriver.FindElement(String mechanism, String value)
   at OpenQA.Selenium.Remote.RemoteWebDriver.FindElementByXPath(String xpath)
   at OpenQA.Selenium.By.&lt;&gt;c__DisplayClasse.&lt;XPath&gt;b__c(ISearchContext context)
   at OpenQA.Selenium.By.FindElement(ISearchContext context)
   at OpenQA.Selenium.Remote.RemoteWebDriver.FindElement(By by)
   at AutomationFramework.BrowserHelper.GetElementByXPath(IWebDriver driver, String locator, String additionalLocatorPath) in C:\Users\TMacBlane\documents\visual studio 2010\Projects\PornCantina\AutomationFramework\Classes\BrowserHelper.cs:line 106
   at AutomationFramework.BrowserHelper.GetElement(IWebDriver driver, String locator, String additionalLocatorPath) in C:\Users\TMacBlane\documents\visual studio 2010\Projects\PornCantina\AutomationFramework\Classes\BrowserHelper.cs:line 25
   at AutomationFramework.WebBrowser.GetText(String locator, String additionalLocatorPath) in C:\Users\TMacBlane\documents\visual studio 2010\Projects\PornCantina\AutomationFramework\Classes\WebBrowser.cs:line 154
   at AutomationFramework.PageElementExtensions.GetText(IPageElement element, String additionalLocator) in C:\Users\TMacBlane\documents\visual studio 2010\Projects\PornCantina\AutomationFramework\Classes\PageElementExtensions.cs:line 76
   at PornCantina.UIAutomation.StepDefinitions.PinkVelvetVaultStepDefinitions.ThenIShouldCreateAnyNewModelNamePinkvelvetvaultGalleries(String modelName) in C:\Users\TMacBlane\Documents\DevelopmentProjects\PornCantina.UIAutomation\StepDefinitions\PinkVelvetVaultStepDefinitions.cs:line 36
   at lambda_method(Closure , IContextManager , String )
   at TechTalk.SpecFlow.Bindings.MethodBinding.InvokeAction(IContextManager contextManager, Object[] arguments, ITestTracer testTracer, TimeSpan&amp; duration)
   at TechTalk.SpecFlow.Bindings.StepDefinitionBinding.Invoke(IContextManager contextManager, ITestTracer testTracer, Object[] arguments, TimeSpan&amp; duration)
   at TechTalk.SpecFlow.Infrastructure.TestExecutionEngine.ExecuteStepMatch(BindingMatch match, Object[] arguments)
   at TechTalk.SpecFlow.Infrastructure.TestExecutionEngine.ExecuteStep(StepArgs stepArgs)
   at TechTalk.SpecFlow.Infrastructure.TestExecutionEngine.OnAfterLastStep()
   at TechTalk.SpecFlow.TestRunner.CollectScenarioErrors()
   at PornCantina.UIAutomation.Scenarios.PinkVelvetVaultFeature.ScenarioCleanup() in C:\Users\TMacBlane\Documents\DevelopmentProjects\PornCantina.UIAutomation\Scenarios\PinkVelvetVault.feature.cs:line 0
   at PornCantina.UIAutomation.Scenarios.PinkVelvetVaultFeature.PopulatePinkVelvetVaultGalleries(String site, String modelName, String[] exampleTags) in c:\Users\TMacBlane\Documents\DevelopmentProjects\PornCantina.UIAutomation\Scenarios\PinkVelvetVault.feature:line 15
   at PornCantina.UIAutomation.Scenarios.PinkVelvetVaultFeature.PopulatePinkVelvetVaultGalleries_BrianaLeeOnline() in C:\Users\TMacBlane\Documents\DevelopmentProjects\PornCantina.UIAutomation\Scenarios\PinkVelvetVault.feature.cs:line 0
</StackTrace>
        </ErrorInfo>
      </Output>
    </UnitTestResult>
    <UnitTestResult executionId="c3dc83a1-3e9c-4e45-8a5f-d0f7757fe713" testId="b2fe822b-5976-20eb-494c-a2e70b73f8a8" testName="PopulateBellaCashGalleries_TaliaShepard" computerName="FIREFLY" duration="00:00:13.2151105" startTime="2012-09-19T19:53:50.8699876-04:00" endTime="2012-09-19T19:54:04.1007876-04:00" testType="13cdc9d9-ddb5-4fa4-a97d-d965ccfc6d4b" outcome="Passed" testListId="8c84fa94-04c1-424b-9868-57a2d4851a1d" relativeResultsDirectory="c3dc83a1-3e9c-4e45-8a5f-d0f7757fe713">
      <Output>
        <StdOut>Given I open the bellacash page
-&gt; done: StepDefinitions.GivenIOpenTheSpecifiedPage("bellacash") (3.5s)
Then I should be on the bellacash page
-&gt; done: StepDefinitions.IShouldBeOnTheSpecifiedPage("bellacash") (0.2s)
When I select the Talia Shepard bellapass paysite
-&gt; done: BellaCashStepDefinitions.WhenISelectTheSpecifiedPaysite("Talia Shepard") (0.1s)
Then I should see the Talia Shepard bellapass hosted galleries
-&gt; done: BellaCashStepDefinitions.ThenIShouldSeeTheSpecifiedHostedGalleries("Talia Shepard") (2.2s)
And I should create any new Talia Shepard bellapass galleries
-&gt; done: BellaCashStepDefinitions.ThenIShouldCreateAnyNewModelNameBellapassGalleries("Talia Shepard") (6.1s)</StdOut>
      </Output>
    </UnitTestResult>
    <UnitTestResult executionId="c3267359-c5fb-4443-b16a-0c958acee939" testId="eb9b8e2b-e634-3f71-8b78-2aca84a14cf3" testName="PopulateEpicPandaCashGalleries_BaileyKnox" computerName="FIREFLY" duration="00:00:06.7087466" startTime="2012-09-19T19:54:04.1007876-04:00" endTime="2012-09-19T19:54:10.8107876-04:00" testType="13cdc9d9-ddb5-4fa4-a97d-d965ccfc6d4b" outcome="Passed" testListId="8c84fa94-04c1-424b-9868-57a2d4851a1d" relativeResultsDirectory="c3267359-c5fb-4443-b16a-0c958acee939">
      <Output>
        <StdOut>Given I open the epicpandacash page
-&gt; done: StepDefinitions.GivenIOpenTheSpecifiedPage("epicpandacash") (3.9s)
Then I should be on the epicpandacash page
-&gt; done: StepDefinitions.IShouldBeOnTheSpecifiedPage("epicpandacash") (0.1s)
When I select Bailey Knox from the site dropdown list
-&gt; done: HostedGalleriesManagerStepDefinitions.WhenISelectTheModelNameFromTheSiteDropdownList("Bailey Knox") (0.4s)
And I select the Past Week date range
-&gt; done: HostedGalleriesManagerStepDefinitions.WhenISelectTheDateRangeDateRange("Past Week") (0.1s)
And I select the type of Pics
-&gt; done: HostedGalleriesManagerStepDefinitions.WhenISelectTheSpecifiedType("Pics") (0.3s)
And I select to display All galleries per page
-&gt; done: HostedGalleriesManagerStepDefinitions.WhenISelectToDisplaySpecifiedNumberOfGalleriesPerPage("All") (0.3s)
And I click the generate button
-&gt; done: HostedGalleriesManagerStepDefinitions.WhenIClickTheGenerateButton() (0.5s)
Then I should see the populated list of galleries
-&gt; done: HostedGalleriesManagerStepDefinitions.ThenIShouldSeeThePopulatedListOfGalleries() (0.0s)
And I should create any new Bailey Knox epicpandacash galleries
-&gt; done: EpicPandaCashStepDefinitions.ThenIShouldCreateAnyNewModelNameEpicpandacashGalleries("Bailey Knox") (0.0s)</StdOut>
      </Output>
    </UnitTestResult>
    <UnitTestResult executionId="8d7f9085-044a-45fe-a2b7-a615cd3d4a02" testId="746ca17d-0c95-55f7-2444-fcda2e970d75" testName="PopulateEpicPandaCashGalleries_MidoriWest" computerName="FIREFLY" duration="00:00:05.4737780" startTime="2012-09-19T19:54:10.8263876-04:00" endTime="2012-09-19T19:54:16.3039876-04:00" testType="13cdc9d9-ddb5-4fa4-a97d-d965ccfc6d4b" outcome="Passed" testListId="8c84fa94-04c1-424b-9868-57a2d4851a1d" relativeResultsDirectory="8d7f9085-044a-45fe-a2b7-a615cd3d4a02">
      <Output>
        <StdOut>Given I open the epicpandacash page
-&gt; done: StepDefinitions.GivenIOpenTheSpecifiedPage("epicpandacash") (2.9s)
Then I should be on the epicpandacash page
-&gt; done: StepDefinitions.IShouldBeOnTheSpecifiedPage("epicpandacash") (0.0s)
When I select Midori West from the site dropdown list
-&gt; done: HostedGalleriesManagerStepDefinitions.WhenISelectTheModelNameFromTheSiteDropdownList("Midori West") (0.6s)
And I select the Past Week date range
-&gt; done: HostedGalleriesManagerStepDefinitions.WhenISelectTheDateRangeDateRange("Past Week") (0.1s)
And I select the type of Pics
-&gt; done: HostedGalleriesManagerStepDefinitions.WhenISelectTheSpecifiedType("Pics") (0.2s)
And I select to display All galleries per page
-&gt; done: HostedGalleriesManagerStepDefinitions.WhenISelectToDisplaySpecifiedNumberOfGalleriesPerPage("All") (0.2s)
And I click the generate button
-&gt; done: HostedGalleriesManagerStepDefinitions.WhenIClickTheGenerateButton() (0.3s)
Then I should see the populated list of galleries
-&gt; done: HostedGalleriesManagerStepDefinitions.ThenIShouldSeeThePopulatedListOfGalleries() (0.0s)
And I should create any new Midori West epicpandacash galleries
-&gt; done: EpicPandaCashStepDefinitions.ThenIShouldCreateAnyNewModelNameEpicpandacashGalleries("Midori West") (0.0s)</StdOut>
      </Output>
    </UnitTestResult>
    <UnitTestResult executionId="dbd94d5f-bdc7-48ca-b547-65e356a08f92" testId="0833e762-dd78-d87c-6052-d9944bd1c4a8" testName="PopulateEpicPandaCashGalleries_SpencerNicks" computerName="FIREFLY" duration="00:00:06.4432768" startTime="2012-09-19T19:54:16.3039876-04:00" endTime="2012-09-19T19:54:22.7487876-04:00" testType="13cdc9d9-ddb5-4fa4-a97d-d965ccfc6d4b" outcome="Passed" testListId="8c84fa94-04c1-424b-9868-57a2d4851a1d" relativeResultsDirectory="dbd94d5f-bdc7-48ca-b547-65e356a08f92">
      <Output>
        <StdOut>Given I open the epicpandacash page
-&gt; done: StepDefinitions.GivenIOpenTheSpecifiedPage("epicpandacash") (3.8s)
Then I should be on the epicpandacash page
-&gt; done: StepDefinitions.IShouldBeOnTheSpecifiedPage("epicpandacash") (0.1s)
When I select Spencer Nicks from the site dropdown list
-&gt; done: HostedGalleriesManagerStepDefinitions.WhenISelectTheModelNameFromTheSiteDropdownList("Spencer Nicks") (0.7s)
And I select the Past Week date range
-&gt; done: HostedGalleriesManagerStepDefinitions.WhenISelectTheDateRangeDateRange("Past Week") (0.1s)
And I select the type of Pics
-&gt; done: HostedGalleriesManagerStepDefinitions.WhenISelectTheSpecifiedType("Pics") (0.2s)
And I select to display All galleries per page
-&gt; done: HostedGalleriesManagerStepDefinitions.WhenISelectToDisplaySpecifiedNumberOfGalleriesPerPage("All") (0.2s)
And I click the generate button
-&gt; done: HostedGalleriesManagerStepDefinitions.WhenIClickTheGenerateButton() (0.3s)
Then I should see the populated list of galleries
-&gt; done: HostedGalleriesManagerStepDefinitions.ThenIShouldSeeThePopulatedListOfGalleries() (0.0s)
And I should create any new Spencer Nicks epicpandacash galleries
-&gt; done: EpicPandaCashStepDefinitions.ThenIShouldCreateAnyNewModelNameEpicpandacashGalleries("Spencer Nicks") (0.0s)</StdOut>
      </Output>
    </UnitTestResult>
    <UnitTestResult executionId="feb9cafd-17bb-456c-a6d4-d7530299747b" testId="8c136c51-948d-db20-6929-2e8f37a20b36" testName="PopulateBellaCashGalleries_KatieBanks" computerName="FIREFLY" duration="00:00:19.9035232" startTime="2012-09-19T19:54:22.7487876-04:00" endTime="2012-09-19T19:54:42.6563876-04:00" testType="13cdc9d9-ddb5-4fa4-a97d-d965ccfc6d4b" outcome="Passed" testListId="8c84fa94-04c1-424b-9868-57a2d4851a1d" relativeResultsDirectory="feb9cafd-17bb-456c-a6d4-d7530299747b">
      <Output>
        <StdOut>Given I open the bellacash page
-&gt; done: StepDefinitions.GivenIOpenTheSpecifiedPage("bellacash") (3.7s)
Then I should be on the bellacash page
-&gt; done: StepDefinitions.IShouldBeOnTheSpecifiedPage("bellacash") (0.2s)
When I select the Katie Banks bellapass paysite
-&gt; done: BellaCashStepDefinitions.WhenISelectTheSpecifiedPaysite("Katie Banks") (0.2s)
Then I should see the Katie Banks bellapass hosted galleries
-&gt; done: BellaCashStepDefinitions.ThenIShouldSeeTheSpecifiedHostedGalleries("Katie Banks") (3.2s)
And I should create any new Katie Banks bellapass galleries
-&gt; done: BellaCashStepDefinitions.ThenIShouldCreateAnyNewModelNameBellapassGalleries("Katie Banks") (11.5s)</StdOut>
      </Output>
    </UnitTestResult>
    <UnitTestResult executionId="848b4fe9-2215-4d37-a520-9725e6f5eaff" testId="6f823177-fac0-1695-39d6-789688bb1a48" testName="PopulateEpicPandaCashGalleries_RachelSexton" computerName="FIREFLY" duration="00:00:06.0458258" startTime="2012-09-19T19:54:42.6719876-04:00" endTime="2012-09-19T19:54:48.7111876-04:00" testType="13cdc9d9-ddb5-4fa4-a97d-d965ccfc6d4b" outcome="Passed" testListId="8c84fa94-04c1-424b-9868-57a2d4851a1d" relativeResultsDirectory="848b4fe9-2215-4d37-a520-9725e6f5eaff">
      <Output>
        <StdOut>Given I open the epicpandacash page
-&gt; done: StepDefinitions.GivenIOpenTheSpecifiedPage("epicpandacash") (3.3s)
Then I should be on the epicpandacash page
-&gt; done: StepDefinitions.IShouldBeOnTheSpecifiedPage("epicpandacash") (0.0s)
When I select Rachel Sexton from the site dropdown list
-&gt; done: HostedGalleriesManagerStepDefinitions.WhenISelectTheModelNameFromTheSiteDropdownList("Rachel Sexton") (0.6s)
And I select the Past Week date range
-&gt; done: HostedGalleriesManagerStepDefinitions.WhenISelectTheDateRangeDateRange("Past Week") (0.1s)
And I select the type of Pics
-&gt; done: HostedGalleriesManagerStepDefinitions.WhenISelectTheSpecifiedType("Pics") (0.2s)
And I select to display All galleries per page
-&gt; done: HostedGalleriesManagerStepDefinitions.WhenISelectToDisplaySpecifiedNumberOfGalleriesPerPage("All") (0.3s)
And I click the generate button
-&gt; done: HostedGalleriesManagerStepDefinitions.WhenIClickTheGenerateButton() (0.4s)
Then I should see the populated list of galleries
-&gt; done: HostedGalleriesManagerStepDefinitions.ThenIShouldSeeThePopulatedListOfGalleries() (0.1s)
And I should create any new Rachel Sexton epicpandacash galleries
-&gt; done: EpicPandaCashStepDefinitions.ThenIShouldCreateAnyNewModelNameEpicpandacashGalleries("Rachel Sexton") (0.0s)</StdOut>
      </Output>
    </UnitTestResult>
    <UnitTestResult executionId="d436b771-7c8f-4aa5-9728-91a1635dd691" testId="90275ed3-6b7f-be6c-3123-37a1d67aeee3" testName="PopulatePinkVelvetVaultGalleries_TaylorTrue" computerName="FIREFLY" duration="00:00:07.2901284" startTime="2012-09-19T19:54:48.7267876-04:00" endTime="2012-09-19T19:54:56.0139876-04:00" testType="13cdc9d9-ddb5-4fa4-a97d-d965ccfc6d4b" outcome="Passed" testListId="8c84fa94-04c1-424b-9868-57a2d4851a1d" relativeResultsDirectory="d436b771-7c8f-4aa5-9728-91a1635dd691">
      <Output>
        <StdOut>Given I open the pinkvelvet page
-&gt; done: StepDefinitions.GivenIOpenTheSpecifiedPage("pinkvelvet") (3.6s)
Then I should be on the pinkvelvet page
-&gt; done: StepDefinitions.IShouldBeOnTheSpecifiedPage("pinkvelvet") (0.3s)
When I enter the PinkVelvetVault ccbill id
-&gt; done: HostedGalleriesManagerStepDefinitions.WhenIEnterTheSpecifiedCcbillId("PinkVelvetVault") (0.1s)
And I select TaylorTrue from the site dropdown list
-&gt; done: HostedGalleriesManagerStepDefinitions.WhenISelectTheModelNameFromTheSiteDropdownList("TaylorTrue") (0.9s)
And I select the Past Week date range
-&gt; done: HostedGalleriesManagerStepDefinitions.WhenISelectTheDateRangeDateRange("Past Week") (0.1s)
And I select the type of Pics
-&gt; done: HostedGalleriesManagerStepDefinitions.WhenISelectTheSpecifiedType("Pics") (0.1s)
And I select to display All galleries per page
-&gt; done: HostedGalleriesManagerStepDefinitions.WhenISelectToDisplaySpecifiedNumberOfGalleriesPerPage("All") (0.1s)
And I click the generate button
-&gt; done: HostedGalleriesManagerStepDefinitions.WhenIClickTheGenerateButton() (0.9s)
Then I should see the populated list of galleries
-&gt; done: HostedGalleriesManagerStepDefinitions.ThenIShouldSeeThePopulatedListOfGalleries() (0.0s)
And I should create any new Taylor True pinkvelvetvault galleries
-&gt; done: PinkVelvetVaultStepDefinitions.ThenIShouldCreateAnyNewModelNamePinkvelvetvaultGalleries("Taylor True") (0.0s)</StdOut>
      </Output>
    </UnitTestResult>
    <UnitTestResult executionId="e6c428cc-16ba-4d11-8f11-78f612909a38" testId="d4651545-402e-63fd-5727-2f619b78f07c" testName="PopulateZellysCashGalleries_BluEyedCass" computerName="FIREFLY" duration="00:01:01.7621576" startTime="2012-09-19T19:54:56.0139876-04:00" endTime="2012-09-19T19:55:57.7919876-04:00" testType="13cdc9d9-ddb5-4fa4-a97d-d965ccfc6d4b" outcome="Failed" testListId="8c84fa94-04c1-424b-9868-57a2d4851a1d" relativeResultsDirectory="e6c428cc-16ba-4d11-8f11-78f612909a38">
      <Output>
        <StdOut>Given I open the zellyscash page
-&gt; done: StepDefinitions.GivenIOpenTheSpecifiedPage("zellyscash") (3.2s)
Then I should be on the zellyscash page
-&gt; done: StepDefinitions.IShouldBeOnTheSpecifiedPage("zellyscash") (0.1s)
When I select the BluEyedCass zellyscash paysite
-&gt; done: ZellysCashStepDefinitions.WhenISelectTheSpecifiedZellysPaysite("BluEyedCass") (5.3s)
Then I should see the BluEyedCass zellyscash hosted galleries
-&gt; done: ZellysCashStepDefinitions.ThenIShouldSeeTheSpecifiedZellysHostedGalleries("BluEyedCass") (0.0s)
And I should create any new BluEyedCass zellyscash galleries
-&gt; error: Unable to locate element: {"method":"xpath","selector":"//form[2]/table/tbody/tr[2]/td/table/tbody/tr[168]/td[3]"}</StdOut>
        <ErrorInfo>
          <Message>Test method PornCantina.UIAutomation.Scenarios.ZellysCashFeature.PopulateZellysCashGalleries_BluEyedCass threw exception: 
OpenQA.Selenium.NoSuchElementException: Unable to locate element: {"method":"xpath","selector":"//form[2]/table/tbody/tr[2]/td/table/tbody/tr[168]/td[3]"}</Message>
          <StackTrace>    at OpenQA.Selenium.Remote.RemoteWebDriver.UnpackAndThrowOnError(Response errorResponse)
   at OpenQA.Selenium.Remote.RemoteWebDriver.Execute(String driverCommandToExecute, Dictionary`2 parameters)
   at OpenQA.Selenium.Remote.RemoteWebDriver.FindElement(String mechanism, String value)
   at OpenQA.Selenium.Remote.RemoteWebDriver.FindElementByXPath(String xpath)
   at OpenQA.Selenium.By.&lt;&gt;c__DisplayClasse.&lt;XPath&gt;b__c(ISearchContext context)
   at OpenQA.Selenium.By.FindElement(ISearchContext context)
   at OpenQA.Selenium.Remote.RemoteWebDriver.FindElement(By by)
   at AutomationFramework.BrowserHelper.GetElementByXPath(IWebDriver driver, String locator, String additionalLocatorPath) in C:\Users\TMacBlane\documents\visual studio 2010\Projects\PornCantina\AutomationFramework\Classes\BrowserHelper.cs:line 106
   at AutomationFramework.BrowserHelper.GetElement(IWebDriver driver, String locator, String additionalLocatorPath) in C:\Users\TMacBlane\documents\visual studio 2010\Projects\PornCantina\AutomationFramework\Classes\BrowserHelper.cs:line 25
   at AutomationFramework.WebBrowser.GetText(String locator, String additionalLocatorPath) in C:\Users\TMacBlane\documents\visual studio 2010\Projects\PornCantina\AutomationFramework\Classes\WebBrowser.cs:line 154
   at AutomationFramework.PageElementExtensions.GetText(IPageElement element, String additionalLocator) in C:\Users\TMacBlane\documents\visual studio 2010\Projects\PornCantina\AutomationFramework\Classes\PageElementExtensions.cs:line 76
   at PornCantina.UIAutomation.StepDefinitions.ZellysCashStepDefinitions.ThenIShouldCreateAnyNewModelNameZellysGalleries(String modelName) in C:\Users\TMacBlane\Documents\DevelopmentProjects\PornCantina.UIAutomation\StepDefinitions\ZellysCashStepDefinitions.cs:line 120
   at lambda_method(Closure , IContextManager , String )
   at TechTalk.SpecFlow.Bindings.MethodBinding.InvokeAction(IContextManager contextManager, Object[] arguments, ITestTracer testTracer, TimeSpan&amp; duration)
   at TechTalk.SpecFlow.Bindings.StepDefinitionBinding.Invoke(IContextManager contextManager, ITestTracer testTracer, Object[] arguments, TimeSpan&amp; duration)
   at TechTalk.SpecFlow.Infrastructure.TestExecutionEngine.ExecuteStepMatch(BindingMatch match, Object[] arguments)
   at TechTalk.SpecFlow.Infrastructure.TestExecutionEngine.ExecuteStep(StepArgs stepArgs)
   at TechTalk.SpecFlow.Infrastructure.TestExecutionEngine.OnAfterLastStep()
   at TechTalk.SpecFlow.TestRunner.CollectScenarioErrors()
   at PornCantina.UIAutomation.Scenarios.ZellysCashFeature.ScenarioCleanup() in C:\Users\TMacBlane\Documents\DevelopmentProjects\PornCantina.UIAutomation\Scenarios\ZellysCash.feature.cs:line 0
   at PornCantina.UIAutomation.Scenarios.ZellysCashFeature.PopulateZellysCashGalleries(String modelName, String[] exampleTags) in c:\Users\TMacBlane\Documents\DevelopmentProjects\PornCantina.UIAutomation\Scenarios\ZellysCash.feature:line 10
   at PornCantina.UIAutomation.Scenarios.ZellysCashFeature.PopulateZellysCashGalleries_BluEyedCass() in C:\Users\TMacBlane\Documents\DevelopmentProjects\PornCantina.UIAutomation\Scenarios\ZellysCash.feature.cs:line 0
</StackTrace>
        </ErrorInfo>
      </Output>
    </UnitTestResult>
    <UnitTestResult executionId="4ccbf9fc-770d-4105-af74-6693642f1f81" testId="56f54296-15ab-8819-79de-9cb8a298433f" testName="PopulateMinxManiaGalleries" computerName="FIREFLY" duration="00:00:06.1166205" startTime="2012-09-19T19:55:57.7919876-04:00" endTime="2012-09-19T19:56:03.9247876-04:00" testType="13cdc9d9-ddb5-4fa4-a97d-d965ccfc6d4b" outcome="Passed" testListId="8c84fa94-04c1-424b-9868-57a2d4851a1d" relativeResultsDirectory="4ccbf9fc-770d-4105-af74-6693642f1f81">
      <Output>
        <StdOut>Given I open the minx mafia page
-&gt; done: StepDefinitions.GivenIOpenTheSpecifiedPage("minx mafia") (3.5s)
Then I should be on the minx mafia page
-&gt; done: StepDefinitions.IShouldBeOnTheSpecifiedPage("minx mafia") (0.0s)
When I select the Past Week date range
-&gt; done: HostedGalleriesManagerStepDefinitions.WhenISelectTheDateRangeDateRange("Past Week") (0.2s)
When I select CatieMinx.com from the site dropdown list
-&gt; done: HostedGalleriesManagerStepDefinitions.WhenISelectTheModelNameFromTheSiteDropdownList("CatieMinx.com") (0.3s)
And I select the type of Pics
-&gt; done: HostedGalleriesManagerStepDefinitions.WhenISelectTheSpecifiedType("Pics") (0.3s)
And I select to display All galleries per page
-&gt; done: HostedGalleriesManagerStepDefinitions.WhenISelectToDisplaySpecifiedNumberOfGalleriesPerPage("All") (0.1s)
And I click the generate button
-&gt; done: HostedGalleriesManagerStepDefinitions.WhenIClickTheGenerateButton() (0.4s)
Then I should see the populated list of galleries
-&gt; done: HostedGalleriesManagerStepDefinitions.ThenIShouldSeeThePopulatedListOfGalleries() (0.1s)
And I should create any new Catie Minx minxmafia galleries
-&gt; done: MinxMafiaStepDefinitions.ThenIShouldCreateAnyNewModelNameMinxmafiaGalleries("Catie Minx") (0.1s)</StdOut>
      </Output>
    </UnitTestResult>
    <UnitTestResult executionId="48d9388d-f096-46fd-a456-38faa5fd6189" testId="7fae0b54-1d2c-0d9d-1805-b2ab2adfc550" testName="PopulateEpicPandaCashGalleries_MistyGates" computerName="FIREFLY" duration="00:00:06.3528400" startTime="2012-09-19T19:56:03.9247876-04:00" endTime="2012-09-19T19:56:10.2759876-04:00" testType="13cdc9d9-ddb5-4fa4-a97d-d965ccfc6d4b" outcome="Passed" testListId="8c84fa94-04c1-424b-9868-57a2d4851a1d" relativeResultsDirectory="48d9388d-f096-46fd-a456-38faa5fd6189">
      <Output>
        <StdOut>Given I open the epicpandacash page
-&gt; done: StepDefinitions.GivenIOpenTheSpecifiedPage("epicpandacash") (3.4s)
Then I should be on the epicpandacash page
-&gt; done: StepDefinitions.IShouldBeOnTheSpecifiedPage("epicpandacash") (0.1s)
When I select Misty Gates from the site dropdown list
-&gt; done: HostedGalleriesManagerStepDefinitions.WhenISelectTheModelNameFromTheSiteDropdownList("Misty Gates") (0.7s)
And I select the Past Week date range
-&gt; done: HostedGalleriesManagerStepDefinitions.WhenISelectTheDateRangeDateRange("Past Week") (0.1s)
And I select the type of Pics
-&gt; done: HostedGalleriesManagerStepDefinitions.WhenISelectTheSpecifiedType("Pics") (0.2s)
And I select to display All galleries per page
-&gt; done: HostedGalleriesManagerStepDefinitions.WhenISelectToDisplaySpecifiedNumberOfGalleriesPerPage("All") (0.1s)
And I click the generate button
-&gt; done: HostedGalleriesManagerStepDefinitions.WhenIClickTheGenerateButton() (0.5s)
Then I should see the populated list of galleries
-&gt; done: HostedGalleriesManagerStepDefinitions.ThenIShouldSeeThePopulatedListOfGalleries() (0.0s)
And I should create any new Misty Gates epicpandacash galleries
-&gt; done: EpicPandaCashStepDefinitions.ThenIShouldCreateAnyNewModelNameEpicpandacashGalleries("Misty Gates") (0.0s)</StdOut>
      </Output>
    </UnitTestResult>
    <UnitTestResult executionId="21b8f1c5-7460-45d4-9102-3dc5d7534878" testId="6ab30983-7e28-5632-d87f-2957844134d4" testName="PopulatePinkVelvetVaultGalleries_RadiantDesire_Com" computerName="FIREFLY" duration="00:00:06.8438374" startTime="2012-09-19T19:56:10.2759876-04:00" endTime="2012-09-19T19:56:17.1263876-04:00" testType="13cdc9d9-ddb5-4fa4-a97d-d965ccfc6d4b" outcome="Passed" testListId="8c84fa94-04c1-424b-9868-57a2d4851a1d" relativeResultsDirectory="21b8f1c5-7460-45d4-9102-3dc5d7534878">
      <Output>
        <StdOut>Given I open the pinkvelvet page
-&gt; done: StepDefinitions.GivenIOpenTheSpecifiedPage("pinkvelvet") (3.5s)
Then I should be on the pinkvelvet page
-&gt; done: StepDefinitions.IShouldBeOnTheSpecifiedPage("pinkvelvet") (0.2s)
When I enter the PinkVelvetVault ccbill id
-&gt; done: HostedGalleriesManagerStepDefinitions.WhenIEnterTheSpecifiedCcbillId("PinkVelvetVault") (0.1s)
And I select RadiantDesire.com from the site dropdown list
-&gt; done: HostedGalleriesManagerStepDefinitions.WhenISelectTheModelNameFromTheSiteDropdownList("RadiantDesire.com") (0.6s)
And I select the Past Week date range
-&gt; done: HostedGalleriesManagerStepDefinitions.WhenISelectTheDateRangeDateRange("Past Week") (0.1s)
And I select the type of Pics
-&gt; done: HostedGalleriesManagerStepDefinitions.WhenISelectTheSpecifiedType("Pics") (0.1s)
And I select to display All galleries per page
-&gt; done: HostedGalleriesManagerStepDefinitions.WhenISelectToDisplaySpecifiedNumberOfGalleriesPerPage("All") (0.1s)
And I click the generate button
-&gt; done: HostedGalleriesManagerStepDefinitions.WhenIClickTheGenerateButton() (0.9s)
Then I should see the populated list of galleries
-&gt; done: HostedGalleriesManagerStepDefinitions.ThenIShouldSeeThePopulatedListOfGalleries() (0.1s)
And I should create any new Radiant Desire pinkvelvetvault galleries
-&gt; done: PinkVelvetVaultStepDefinitions.ThenIShouldCreateAnyNewModelNamePinkvelvetvaultGalleries("Radiant Desire") (0.0s)</StdOut>
      </Output>
    </UnitTestResult>
    <UnitTestResult executionId="a530ffbd-567f-4b67-b1ad-3176438d59a8" testId="076a81dd-d8a3-782a-c412-1ea2d0276610" testName="PopulatePinkVelvetVaultGalleries_BrianaLeeExtreme_Com" computerName="FIREFLY" duration="00:00:06.3297274" startTime="2012-09-19T19:56:17.1419876-04:00" endTime="2012-09-19T19:56:23.4775876-04:00" testType="13cdc9d9-ddb5-4fa4-a97d-d965ccfc6d4b" outcome="Passed" testListId="8c84fa94-04c1-424b-9868-57a2d4851a1d" relativeResultsDirectory="a530ffbd-567f-4b67-b1ad-3176438d59a8">
      <Output>
        <StdOut>Given I open the pinkvelvet page
-&gt; done: StepDefinitions.GivenIOpenTheSpecifiedPage("pinkvelvet") (2.9s)
Then I should be on the pinkvelvet page
-&gt; done: StepDefinitions.IShouldBeOnTheSpecifiedPage("pinkvelvet") (0.3s)
When I enter the PinkVelvetVault ccbill id
-&gt; done: HostedGalleriesManagerStepDefinitions.WhenIEnterTheSpecifiedCcbillId("PinkVelvetVault") (0.1s)
And I select BrianaLeeExtreme.com from the site dropdown list
-&gt; done: HostedGalleriesManagerStepDefinitions.WhenISelectTheModelNameFromTheSiteDropdownList("BrianaLeeExtreme.com") (0.4s)
And I select the Past Week date range
-&gt; done: HostedGalleriesManagerStepDefinitions.WhenISelectTheDateRangeDateRange("Past Week") (0.1s)
And I select the type of Pics
-&gt; done: HostedGalleriesManagerStepDefinitions.WhenISelectTheSpecifiedType("Pics") (0.2s)
And I select to display All galleries per page
-&gt; done: HostedGalleriesManagerStepDefinitions.WhenISelectToDisplaySpecifiedNumberOfGalleriesPerPage("All") (0.1s)
And I click the generate button
-&gt; done: HostedGalleriesManagerStepDefinitions.WhenIClickTheGenerateButton() (0.9s)
Then I should see the populated list of galleries
-&gt; done: HostedGalleriesManagerStepDefinitions.ThenIShouldSeeThePopulatedListOfGalleries() (0.0s)
And I should create any new Briana Lee Extreme pinkvelvetvault galleries
-&gt; done: PinkVelvetVaultStepDefinitions.ThenIShouldCreateAnyNewModelNamePinkvelvetvaultGalleries("Briana Lee Extreme") (0.2s)</StdOut>
      </Output>
    </UnitTestResult>
    <UnitTestResult executionId="0b5d2d6b-7415-474f-a51d-ac436e315bf5" testId="7c9891c3-de5a-d9fc-615e-6f7414163765" testName="PopulateBellaCashGalleries_NatalieTyler" computerName="FIREFLY" duration="00:00:10.8324275" startTime="2012-09-19T19:56:23.4775876-04:00" endTime="2012-09-19T19:56:34.3059876-04:00" testType="13cdc9d9-ddb5-4fa4-a97d-d965ccfc6d4b" outcome="Passed" testListId="8c84fa94-04c1-424b-9868-57a2d4851a1d" relativeResultsDirectory="0b5d2d6b-7415-474f-a51d-ac436e315bf5">
      <Output>
        <StdOut>Given I open the bellacash page
-&gt; done: StepDefinitions.GivenIOpenTheSpecifiedPage("bellacash") (3.7s)
Then I should be on the bellacash page
-&gt; done: StepDefinitions.IShouldBeOnTheSpecifiedPage("bellacash") (0.2s)
When I select the Natalie Tyler bellapass paysite
-&gt; done: BellaCashStepDefinitions.WhenISelectTheSpecifiedPaysite("Natalie Tyler") (0.2s)
Then I should see the Natalie Tyler bellapass hosted galleries
-&gt; done: BellaCashStepDefinitions.ThenIShouldSeeTheSpecifiedHostedGalleries("Natalie Tyler") (2.1s)
And I should create any new Natalie Tyler bellapass galleries
-&gt; done: BellaCashStepDefinitions.ThenIShouldCreateAnyNewModelNameBellapassGalleries("Natalie Tyler") (3.6s)</StdOut>
      </Output>
    </UnitTestResult>
    <UnitTestResult executionId="34a3f847-5804-4edc-b31b-0a5af1d8d10e" testId="ebbecc38-d662-fe20-bb0b-7b866076d219" testName="PopulateSoloRevenueGalleries_NatashaBelle" computerName="FIREFLY" duration="00:00:26.4188396" startTime="2012-09-19T19:56:34.3215876-04:00" endTime="2012-09-19T19:57:00.7467876-04:00" testType="13cdc9d9-ddb5-4fa4-a97d-d965ccfc6d4b" outcome="Failed" testListId="8c84fa94-04c1-424b-9868-57a2d4851a1d" relativeResultsDirectory="34a3f847-5804-4edc-b31b-0a5af1d8d10e">
      <Output>
        <StdOut>Given I open the solorevenue page
-&gt; done: StepDefinitions.GivenIOpenTheSpecifiedPage("solorevenue") (3.3s)
Then I should be on the solorevenue page
-&gt; done: StepDefinitions.IShouldBeOnTheSpecifiedPage("solorevenue") (0.1s)
When I select the Natasha Belle solorevenue paysite
-&gt; done: SoloRevenueStepDefinitions.WhenISelectTheModelNameSolorevenuePaysite("Natasha Belle") (1.5s)
Then I should see the Natasha Belle solorevenue hosted galleries
-&gt; done: SoloRevenueStepDefinitions.ThenIShouldSeeTheModelNameSolorevenueHostedGalleries("Natasha Belle") (1.1s)
And I should create any new Natasha Belle solorevenue galleries
-&gt; error: Unable to locate element: {"method":"xpath","selector":"//table[92]/tbody/tr[2]/td[2]/table/tbody/tr/td"}</StdOut>
        <ErrorInfo>
          <Message>Test method PornCantina.UIAutomation.Scenarios.SoloRevenueFeature.PopulateSoloRevenueGalleries_NatashaBelle threw exception: 
OpenQA.Selenium.NoSuchElementException: Unable to locate element: {"method":"xpath","selector":"//table[92]/tbody/tr[2]/td[2]/table/tbody/tr/td"}</Message>
          <StackTrace>    at OpenQA.Selenium.Remote.RemoteWebDriver.UnpackAndThrowOnError(Response errorResponse)
   at OpenQA.Selenium.Remote.RemoteWebDriver.Execute(String driverCommandToExecute, Dictionary`2 parameters)
   at OpenQA.Selenium.Remote.RemoteWebDriver.FindElement(String mechanism, String value)
   at OpenQA.Selenium.Remote.RemoteWebDriver.FindElementByXPath(String xpath)
   at OpenQA.Selenium.By.&lt;&gt;c__DisplayClasse.&lt;XPath&gt;b__c(ISearchContext context)
   at OpenQA.Selenium.By.FindElement(ISearchContext context)
   at OpenQA.Selenium.Remote.RemoteWebDriver.FindElement(By by)
   at AutomationFramework.BrowserHelper.GetElementByXPath(IWebDriver driver, String locator, String additionalLocatorPath) in C:\Users\TMacBlane\documents\visual studio 2010\Projects\PornCantina\AutomationFramework\Classes\BrowserHelper.cs:line 106
   at AutomationFramework.BrowserHelper.GetElement(IWebDriver driver, String locator, String additionalLocatorPath) in C:\Users\TMacBlane\documents\visual studio 2010\Projects\PornCantina\AutomationFramework\Classes\BrowserHelper.cs:line 25
   at AutomationFramework.WebBrowser.GetText(String locator, String additionalLocatorPath) in C:\Users\TMacBlane\documents\visual studio 2010\Projects\PornCantina\AutomationFramework\Classes\WebBrowser.cs:line 154
   at AutomationFramework.PageElementExtensions.GetText(IPageElement element, String additionalLocator) in C:\Users\TMacBlane\documents\visual studio 2010\Projects\PornCantina\AutomationFramework\Classes\PageElementExtensions.cs:line 76
   at PornCantina.UIAutomation.StepDefinitions.SoloRevenueStepDefinitions.ThenIShouldCreateAnyNewModelNameSolorevenueGalleries(String modelName) in C:\Users\TMacBlane\Documents\DevelopmentProjects\PornCantina.UIAutomation\StepDefinitions\SoloRevenueStepDefinitions.cs:line 75
   at lambda_method(Closure , IContextManager , String )
   at TechTalk.SpecFlow.Bindings.MethodBinding.InvokeAction(IContextManager contextManager, Object[] arguments, ITestTracer testTracer, TimeSpan&amp; duration)
   at TechTalk.SpecFlow.Bindings.StepDefinitionBinding.Invoke(IContextManager contextManager, ITestTracer testTracer, Object[] arguments, TimeSpan&amp; duration)
   at TechTalk.SpecFlow.Infrastructure.TestExecutionEngine.ExecuteStepMatch(BindingMatch match, Object[] arguments)
   at TechTalk.SpecFlow.Infrastructure.TestExecutionEngine.ExecuteStep(StepArgs stepArgs)
   at TechTalk.SpecFlow.Infrastructure.TestExecutionEngine.OnAfterLastStep()
   at TechTalk.SpecFlow.TestRunner.CollectScenarioErrors()
   at PornCantina.UIAutomation.Scenarios.SoloRevenueFeature.ScenarioCleanup() in C:\Users\TMacBlane\Documents\DevelopmentProjects\PornCantina.UIAutomation\Scenarios\SoloRevenue.feature.cs:line 0
   at PornCantina.UIAutomation.Scenarios.SoloRevenueFeature.PopulateSoloRevenueGalleries(String modelName, String[] exampleTags) in c:\Users\TMacBlane\Documents\DevelopmentProjects\PornCantina.UIAutomation\Scenarios\SoloRevenue.feature:line 10
   at PornCantina.UIAutomation.Scenarios.SoloRevenueFeature.PopulateSoloRevenueGalleries_NatashaBelle() in C:\Users\TMacBlane\Documents\DevelopmentProjects\PornCantina.UIAutomation\Scenarios\SoloRevenue.feature.cs:line 0
</StackTrace>
        </ErrorInfo>
      </Output>
    </UnitTestResult>
    <UnitTestResult executionId="8f97c8d0-0a4f-4ea3-bfa8-74603698d9c3" testId="4cbca76b-5162-199c-dd79-ce8dc44ed77b" testName="PopulatePinkVelvetVaultGalleries_Nikkisplaymates_Com" computerName="FIREFLY" duration="00:00:06.9991577" startTime="2012-09-19T19:57:00.7467876-04:00" endTime="2012-09-19T19:57:07.7375876-04:00" testType="13cdc9d9-ddb5-4fa4-a97d-d965ccfc6d4b" outcome="Passed" testListId="8c84fa94-04c1-424b-9868-57a2d4851a1d" relativeResultsDirectory="8f97c8d0-0a4f-4ea3-bfa8-74603698d9c3">
      <Output>
        <StdOut>Given I open the pinkvelvet page
-&gt; done: StepDefinitions.GivenIOpenTheSpecifiedPage("pinkvelvet") (3.2s)
Then I should be on the pinkvelvet page
-&gt; done: StepDefinitions.IShouldBeOnTheSpecifiedPage("pinkvelvet") (0.3s)
When I enter the PinkVelvetVault ccbill id
-&gt; done: HostedGalleriesManagerStepDefinitions.WhenIEnterTheSpecifiedCcbillId("PinkVelvetVault") (0.1s)
And I select Nikkisplaymates.com from the site dropdown list
-&gt; done: HostedGalleriesManagerStepDefinitions.WhenISelectTheModelNameFromTheSiteDropdownList("Nikkisplaymates.com") (0.6s)
And I select the Past Week date range
-&gt; done: HostedGalleriesManagerStepDefinitions.WhenISelectTheDateRangeDateRange("Past Week") (0.2s)
And I select the type of Pics
-&gt; done: HostedGalleriesManagerStepDefinitions.WhenISelectTheSpecifiedType("Pics") (0.1s)
And I select to display All galleries per page
-&gt; done: HostedGalleriesManagerStepDefinitions.WhenISelectToDisplaySpecifiedNumberOfGalleriesPerPage("All") (0.1s)
And I click the generate button
-&gt; done: HostedGalleriesManagerStepDefinitions.WhenIClickTheGenerateButton() (1.1s)
Then I should see the populated list of galleries
-&gt; done: HostedGalleriesManagerStepDefinitions.ThenIShouldSeeThePopulatedListOfGalleries() (0.0s)
And I should create any new Nikkis Sims pinkvelvetvault galleries
-&gt; done: PinkVelvetVaultStepDefinitions.ThenIShouldCreateAnyNewModelNamePinkvelvetvaultGalleries("Nikkis Sims") (0.2s)</StdOut>
      </Output>
    </UnitTestResult>
    <UnitTestResult executionId="75887f33-e2a2-4089-ac38-2487f24b058b" testId="36a18326-5378-2751-6673-68fb2102b50e" testName="PopulateEpicPandaCashGalleries_BrookeMarks" computerName="FIREFLY" duration="00:00:05.2093054" startTime="2012-09-19T19:57:07.7531876-04:00" endTime="2012-09-19T19:57:12.9655876-04:00" testType="13cdc9d9-ddb5-4fa4-a97d-d965ccfc6d4b" outcome="Passed" testListId="8c84fa94-04c1-424b-9868-57a2d4851a1d" relativeResultsDirectory="75887f33-e2a2-4089-ac38-2487f24b058b">
      <Output>
        <StdOut>Given I open the epicpandacash page
-&gt; done: StepDefinitions.GivenIOpenTheSpecifiedPage("epicpandacash") (2.9s)
Then I should be on the epicpandacash page
-&gt; done: StepDefinitions.IShouldBeOnTheSpecifiedPage("epicpandacash") (0.0s)
When I select Brooke Marks from the site dropdown list
-&gt; done: HostedGalleriesManagerStepDefinitions.WhenISelectTheModelNameFromTheSiteDropdownList("Brooke Marks") (0.3s)
And I select the Past Week date range
-&gt; done: HostedGalleriesManagerStepDefinitions.WhenISelectTheDateRangeDateRange("Past Week") (0.1s)
And I select the type of Pics
-&gt; done: HostedGalleriesManagerStepDefinitions.WhenISelectTheSpecifiedType("Pics") (0.2s)
And I select to display All galleries per page
-&gt; done: HostedGalleriesManagerStepDefinitions.WhenISelectToDisplaySpecifiedNumberOfGalleriesPerPage("All") (0.2s)
And I click the generate button
-&gt; done: HostedGalleriesManagerStepDefinitions.WhenIClickTheGenerateButton() (0.3s)
Then I should see the populated list of galleries
-&gt; done: HostedGalleriesManagerStepDefinitions.ThenIShouldSeeThePopulatedListOfGalleries() (0.0s)
And I should create any new Brooke Marks epicpandacash galleries
-&gt; done: EpicPandaCashStepDefinitions.ThenIShouldCreateAnyNewModelNameEpicpandacashGalleries("Brooke Marks") (0.0s)</StdOut>
      </Output>
    </UnitTestResult>
    <UnitTestResult executionId="8447edcc-e1f0-4fa2-a736-05af8f2157fc" testId="efe8e8c2-3563-b091-1ee4-879573922381" testName="PopulateZellysCashGalleries_Zellys_Com" computerName="FIREFLY" duration="00:01:53.5068167" startTime="2012-09-19T19:57:12.9655876-04:00" endTime="2012-09-19T19:59:06.4709876-04:00" testType="13cdc9d9-ddb5-4fa4-a97d-d965ccfc6d4b" outcome="Passed" testListId="8c84fa94-04c1-424b-9868-57a2d4851a1d" relativeResultsDirectory="8447edcc-e1f0-4fa2-a736-05af8f2157fc">
      <Output>
        <StdOut>Given I open the zellyscash page
-&gt; done: StepDefinitions.GivenIOpenTheSpecifiedPage("zellyscash") (2.8s)
Then I should be on the zellyscash page
-&gt; done: StepDefinitions.IShouldBeOnTheSpecifiedPage("zellyscash") (0.1s)
When I select the Zellys.com zellyscash paysite
-&gt; done: ZellysCashStepDefinitions.WhenISelectTheSpecifiedZellysPaysite("Zellys.com") (3.5s)
Then I should see the Zellys.com zellyscash hosted galleries
-&gt; done: ZellysCashStepDefinitions.ThenIShouldSeeTheSpecifiedZellysHostedGalleries("Zellys.com") (0.0s)
And I should create any new Zellys.com zellyscash galleries
-&gt; done: ZellysCashStepDefinitions.ThenIShouldCreateAnyNewModelNameZellysGalleries("Zellys.com") (105.9s)</StdOut>
      </Output>
    </UnitTestResult>
    <UnitTestResult executionId="8efd32ac-33d3-47bd-a7fc-1a90394572da" testId="330e0218-b1c3-0599-b86f-bb99241a385f" testName="PopulatePinkVelvetVaultGalleries_BellaXOXO_Com" computerName="FIREFLY" duration="00:00:06.2612013" startTime="2012-09-19T19:59:06.4709876-04:00" endTime="2012-09-19T19:59:12.7233876-04:00" testType="13cdc9d9-ddb5-4fa4-a97d-d965ccfc6d4b" outcome="Passed" testListId="8c84fa94-04c1-424b-9868-57a2d4851a1d" relativeResultsDirectory="8efd32ac-33d3-47bd-a7fc-1a90394572da">
      <Output>
        <StdOut>Given I open the pinkvelvet page
-&gt; done: StepDefinitions.GivenIOpenTheSpecifiedPage("pinkvelvet") (3.5s)
Then I should be on the pinkvelvet page
-&gt; done: StepDefinitions.IShouldBeOnTheSpecifiedPage("pinkvelvet") (0.2s)
When I enter the PinkVelvetVault ccbill id
-&gt; done: HostedGalleriesManagerStepDefinitions.WhenIEnterTheSpecifiedCcbillId("PinkVelvetVault") (0.1s)
And I select BellaXOXO.com from the site dropdown list
-&gt; done: HostedGalleriesManagerStepDefinitions.WhenISelectTheModelNameFromTheSiteDropdownList("BellaXOXO.com") (0.2s)
And I select the Past Week date range
-&gt; done: HostedGalleriesManagerStepDefinitions.WhenISelectTheDateRangeDateRange("Past Week") (0.1s)
And I select the type of Pics
-&gt; done: HostedGalleriesManagerStepDefinitions.WhenISelectTheSpecifiedType("Pics") (0.1s)
And I select to display All galleries per page
-&gt; done: HostedGalleriesManagerStepDefinitions.WhenISelectToDisplaySpecifiedNumberOfGalleriesPerPage("All") (0.1s)
And I click the generate button
-&gt; done: HostedGalleriesManagerStepDefinitions.WhenIClickTheGenerateButton() (0.8s)
Then I should see the populated list of galleries
-&gt; done: HostedGalleriesManagerStepDefinitions.ThenIShouldSeeThePopulatedListOfGalleries() (0.0s)
And I should create any new Bella XOXO pinkvelvetvault galleries
-&gt; done: PinkVelvetVaultStepDefinitions.ThenIShouldCreateAnyNewModelNamePinkvelvetvaultGalleries("Bella XOXO") (0.0s)</StdOut>
      </Output>
    </UnitTestResult>
    <UnitTestResult executionId="c3578c89-16ec-4ce2-ba36-01d9457a5cf2" testId="faee341e-3298-bbd5-13d9-4d169a7040ed" testName="PopulatePinkVelvetVaultGalleries_KendraRain_Com" computerName="FIREFLY" duration="00:00:06.2859896" startTime="2012-09-19T19:59:12.7253876-04:00" endTime="2012-09-19T19:59:19.0153876-04:00" testType="13cdc9d9-ddb5-4fa4-a97d-d965ccfc6d4b" outcome="Passed" testListId="8c84fa94-04c1-424b-9868-57a2d4851a1d" relativeResultsDirectory="c3578c89-16ec-4ce2-ba36-01d9457a5cf2">
      <Output>
        <StdOut>Given I open the pinkvelvet page
-&gt; done: StepDefinitions.GivenIOpenTheSpecifiedPage("pinkvelvet") (2.9s)
Then I should be on the pinkvelvet page
-&gt; done: StepDefinitions.IShouldBeOnTheSpecifiedPage("pinkvelvet") (0.2s)
When I enter the PinkVelvetVault ccbill id
-&gt; done: HostedGalleriesManagerStepDefinitions.WhenIEnterTheSpecifiedCcbillId("PinkVelvetVault") (0.1s)
And I select KendraRain.com from the site dropdown list
-&gt; done: HostedGalleriesManagerStepDefinitions.WhenISelectTheModelNameFromTheSiteDropdownList("KendraRain.com") (0.4s)
And I select the Past Week date range
-&gt; done: HostedGalleriesManagerStepDefinitions.WhenISelectTheDateRangeDateRange("Past Week") (0.1s)
And I select the type of Pics
-&gt; done: HostedGalleriesManagerStepDefinitions.WhenISelectTheSpecifiedType("Pics") (0.1s)
And I select to display All galleries per page
-&gt; done: HostedGalleriesManagerStepDefinitions.WhenISelectToDisplaySpecifiedNumberOfGalleriesPerPage("All") (0.2s)
And I click the generate button
-&gt; done: HostedGalleriesManagerStepDefinitions.WhenIClickTheGenerateButton() (1.1s)
Then I should see the populated list of galleries
-&gt; done: HostedGalleriesManagerStepDefinitions.ThenIShouldSeeThePopulatedListOfGalleries() (0.0s)
And I should create any new Kendra Rain pinkvelvetvault galleries
-&gt; done: PinkVelvetVaultStepDefinitions.ThenIShouldCreateAnyNewModelNamePinkvelvetvaultGalleries("Kendra Rain") (0.2s)</StdOut>
      </Output>
    </UnitTestResult>
    <UnitTestResult executionId="4acfc65b-7a22-4b34-b4bd-276d9dd79c22" testId="09f339eb-e1ff-0d96-dca9-6e24e2f7cfbf" testName="PopulatePinkVelvetVaultGalleries_TiffanyAlexis_Com" computerName="FIREFLY" duration="00:00:06.9780072" startTime="2012-09-19T19:59:19.0233876-04:00" endTime="2012-09-19T19:59:26.0209876-04:00" testType="13cdc9d9-ddb5-4fa4-a97d-d965ccfc6d4b" outcome="Passed" testListId="8c84fa94-04c1-424b-9868-57a2d4851a1d" relativeResultsDirectory="4acfc65b-7a22-4b34-b4bd-276d9dd79c22">
      <Output>
        <StdOut>Given I open the pinkvelvet page
-&gt; done: StepDefinitions.GivenIOpenTheSpecifiedPage("pinkvelvet") (3.4s)
Then I should be on the pinkvelvet page
-&gt; done: StepDefinitions.IShouldBeOnTheSpecifiedPage("pinkvelvet") (0.3s)
When I enter the PinkVelvetVault ccbill id
-&gt; done: HostedGalleriesManagerStepDefinitions.WhenIEnterTheSpecifiedCcbillId("PinkVelvetVault") (0.1s)
And I select TiffanyAlexis.com from the site dropdown list
-&gt; done: HostedGalleriesManagerStepDefinitions.WhenISelectTheModelNameFromTheSiteDropdownList("TiffanyAlexis.com") (0.9s)
And I select the Past Week date range
-&gt; done: HostedGalleriesManagerStepDefinitions.WhenISelectTheDateRangeDateRange("Past Week") (0.1s)
And I select the type of Pics
-&gt; done: HostedGalleriesManagerStepDefinitions.WhenISelectTheSpecifiedType("Pics") (0.1s)
And I select to display All galleries per page
-&gt; done: HostedGalleriesManagerStepDefinitions.WhenISelectToDisplaySpecifiedNumberOfGalleriesPerPage("All") (0.1s)
And I click the generate button
-&gt; done: HostedGalleriesManagerStepDefinitions.WhenIClickTheGenerateButton() (0.9s)
Then I should see the populated list of galleries
-&gt; done: HostedGalleriesManagerStepDefinitions.ThenIShouldSeeThePopulatedListOfGalleries() (0.0s)
And I should create any new Tiffany Alexis pinkvelvetvault galleries
-&gt; done: PinkVelvetVaultStepDefinitions.ThenIShouldCreateAnyNewModelNamePinkvelvetvaultGalleries("Tiffany Alexis") (0.0s)</StdOut>
      </Output>
    </UnitTestResult>
    <UnitTestResult executionId="6b8d814b-10b3-4bb0-b161-e04a1fcd9270" testId="9b8a8829-6f71-8101-2626-855991eddcfc" testName="PopulatePinkVelvetVaultGalleries_MeetMadden_Com" computerName="FIREFLY" duration="00:00:10.7426890" startTime="2012-09-19T19:59:26.0365876-04:00" endTime="2012-09-19T19:59:36.7869876-04:00" testType="13cdc9d9-ddb5-4fa4-a97d-d965ccfc6d4b" outcome="Passed" testListId="8c84fa94-04c1-424b-9868-57a2d4851a1d" relativeResultsDirectory="6b8d814b-10b3-4bb0-b161-e04a1fcd9270">
      <Output>
        <StdOut>Given I open the pinkvelvet page
-&gt; done: StepDefinitions.GivenIOpenTheSpecifiedPage("pinkvelvet") (3.1s)
Then I should be on the pinkvelvet page
-&gt; done: StepDefinitions.IShouldBeOnTheSpecifiedPage("pinkvelvet") (0.3s)
When I enter the PinkVelvetVault ccbill id
-&gt; done: HostedGalleriesManagerStepDefinitions.WhenIEnterTheSpecifiedCcbillId("PinkVelvetVault") (0.2s)
And I select MeetMadden.com from the site dropdown list
-&gt; done: HostedGalleriesManagerStepDefinitions.WhenISelectTheModelNameFromTheSiteDropdownList("MeetMadden.com") (0.6s)
And I select the Past Week date range
-&gt; done: HostedGalleriesManagerStepDefinitions.WhenISelectTheDateRangeDateRange("Past Week") (0.1s)
And I select the type of Pics
-&gt; done: HostedGalleriesManagerStepDefinitions.WhenISelectTheSpecifiedType("Pics") (0.2s)
And I select to display All galleries per page
-&gt; done: HostedGalleriesManagerStepDefinitions.WhenISelectToDisplaySpecifiedNumberOfGalleriesPerPage("All") (0.1s)
And I click the generate button
-&gt; done: HostedGalleriesManagerStepDefinitions.WhenIClickTheGenerateButton() (3.9s)
Then I should see the populated list of galleries
-&gt; done: HostedGalleriesManagerStepDefinitions.ThenIShouldSeeThePopulatedListOfGalleries() (1.1s)
And I should create any new Meet Madden pinkvelvetvault galleries
-&gt; done: PinkVelvetVaultStepDefinitions.ThenIShouldCreateAnyNewModelNamePinkvelvetvaultGalleries("Meet Madden") (0.1s)</StdOut>
      </Output>
    </UnitTestResult>
    <UnitTestResult executionId="a5b1009d-a739-44a8-a890-a6567e253219" testId="6af92fa9-0ccf-8383-ab91-02e618ce084c" testName="PopulateBellaCashGalleries_MonroeLee" computerName="FIREFLY" duration="00:00:19.3249652" startTime="2012-09-19T19:59:36.7869876-04:00" endTime="2012-09-19T19:59:56.0901876-04:00" testType="13cdc9d9-ddb5-4fa4-a97d-d965ccfc6d4b" outcome="Passed" testListId="8c84fa94-04c1-424b-9868-57a2d4851a1d" relativeResultsDirectory="a5b1009d-a739-44a8-a890-a6567e253219">
      <Output>
        <StdOut>Given I open the bellacash page
-&gt; done: StepDefinitions.GivenIOpenTheSpecifiedPage("bellacash") (3.7s)
Then I should be on the bellacash page
-&gt; done: StepDefinitions.IShouldBeOnTheSpecifiedPage("bellacash") (0.3s)
When I select the Monroe Lee bellapass paysite
-&gt; done: BellaCashStepDefinitions.WhenISelectTheSpecifiedPaysite("Monroe Lee") (0.1s)
Then I should see the Monroe Lee bellapass hosted galleries
-&gt; done: BellaCashStepDefinitions.ThenIShouldSeeTheSpecifiedHostedGalleries("Monroe Lee") (3.7s)
And I should create any new Monroe Lee bellapass galleries
-&gt; done: BellaCashStepDefinitions.ThenIShouldCreateAnyNewModelNameBellapassGalleries("Monroe Lee") (10.4s)</StdOut>
      </Output>
    </UnitTestResult>
    <UnitTestResult executionId="e5472a23-4a77-4325-8592-8c2648b51584" testId="70329624-f7cc-6664-b631-4cc70d51a00f" testName="PopulatePinkVelvetVaultGalleries_LynnPops_Com" computerName="FIREFLY" duration="00:00:06.4902185" startTime="2012-09-19T19:59:56.0911876-04:00" endTime="2012-09-19T20:00:02.5863876-04:00" testType="13cdc9d9-ddb5-4fa4-a97d-d965ccfc6d4b" outcome="Passed" testListId="8c84fa94-04c1-424b-9868-57a2d4851a1d" relativeResultsDirectory="e5472a23-4a77-4325-8592-8c2648b51584">
      <Output>
        <StdOut>Given I open the pinkvelvet page
-&gt; done: StepDefinitions.GivenIOpenTheSpecifiedPage("pinkvelvet") (3.1s)
Then I should be on the pinkvelvet page
-&gt; done: StepDefinitions.IShouldBeOnTheSpecifiedPage("pinkvelvet") (0.3s)
When I enter the PinkVelvetVault ccbill id
-&gt; done: HostedGalleriesManagerStepDefinitions.WhenIEnterTheSpecifiedCcbillId("PinkVelvetVault") (0.1s)
And I select LynnPops.com from the site dropdown list
-&gt; done: HostedGalleriesManagerStepDefinitions.WhenISelectTheModelNameFromTheSiteDropdownList("LynnPops.com") (0.5s)
And I select the Past Week date range
-&gt; done: HostedGalleriesManagerStepDefinitions.WhenISelectTheDateRangeDateRange("Past Week") (0.1s)
And I select the type of Pics
-&gt; done: HostedGalleriesManagerStepDefinitions.WhenISelectTheSpecifiedType("Pics") (0.2s)
And I select to display All galleries per page
-&gt; done: HostedGalleriesManagerStepDefinitions.WhenISelectToDisplaySpecifiedNumberOfGalleriesPerPage("All") (0.1s)
And I click the generate button
-&gt; done: HostedGalleriesManagerStepDefinitions.WhenIClickTheGenerateButton() (0.9s)
Then I should see the populated list of galleries
-&gt; done: HostedGalleriesManagerStepDefinitions.ThenIShouldSeeThePopulatedListOfGalleries() (0.0s)
And I should create any new Lynn Pops pinkvelvetvault galleries
-&gt; done: PinkVelvetVaultStepDefinitions.ThenIShouldCreateAnyNewModelNamePinkvelvetvaultGalleries("Lynn Pops") (0.0s)</StdOut>
      </Output>
    </UnitTestResult>
    <UnitTestResult executionId="6e8224f5-bca7-4fb5-bf67-d00d84fb6225" testId="6723ee26-ffeb-9536-ffc6-148f6bd91bb4" testName="PopulatePinkVelvetVaultGalleries_CherryZips_Com" computerName="FIREFLY" duration="00:00:06.0566907" startTime="2012-09-19T20:00:02.5873876-04:00" endTime="2012-09-19T20:00:08.6549876-04:00" testType="13cdc9d9-ddb5-4fa4-a97d-d965ccfc6d4b" outcome="Passed" testListId="8c84fa94-04c1-424b-9868-57a2d4851a1d" relativeResultsDirectory="6e8224f5-bca7-4fb5-bf67-d00d84fb6225">
      <Output>
        <StdOut>Given I open the pinkvelvet page
-&gt; done: StepDefinitions.GivenIOpenTheSpecifiedPage("pinkvelvet") (3.0s)
Then I should be on the pinkvelvet page
-&gt; done: StepDefinitions.IShouldBeOnTheSpecifiedPage("pinkvelvet") (0.2s)
When I enter the PinkVelvetVault ccbill id
-&gt; done: HostedGalleriesManagerStepDefinitions.WhenIEnterTheSpecifiedCcbillId("PinkVelvetVault") (0.1s)
And I select CherryZips.com from the site dropdown list
-&gt; done: HostedGalleriesManagerStepDefinitions.WhenISelectTheModelNameFromTheSiteDropdownList("CherryZips.com") (0.4s)
And I select the Past Week date range
-&gt; done: HostedGalleriesManagerStepDefinitions.WhenISelectTheDateRangeDateRange("Past Week") (0.1s)
And I select the type of Pics
-&gt; done: HostedGalleriesManagerStepDefinitions.WhenISelectTheSpecifiedType("Pics") (0.1s)
And I select to display All galleries per page
-&gt; done: HostedGalleriesManagerStepDefinitions.WhenISelectToDisplaySpecifiedNumberOfGalleriesPerPage("All") (0.2s)
And I click the generate button
-&gt; done: HostedGalleriesManagerStepDefinitions.WhenIClickTheGenerateButton() (0.9s)
Then I should see the populated list of galleries
-&gt; done: HostedGalleriesManagerStepDefinitions.ThenIShouldSeeThePopulatedListOfGalleries() (0.0s)
And I should create any new Cherry Zips pinkvelvetvault galleries
-&gt; done: PinkVelvetVaultStepDefinitions.ThenIShouldCreateAnyNewModelNamePinkvelvetvaultGalleries("Cherry Zips") (0.0s)</StdOut>
      </Output>
    </UnitTestResult>
    <UnitTestResult executionId="b823728c-3551-42cb-b891-a4fb50cc3a67" testId="5b4f7a04-e91d-3766-70df-2affdcfda282" testName="PopulateSoloRevenueGalleries_AutumnRiley" computerName="FIREFLY" duration="00:00:39.1568520" startTime="2012-09-19T20:00:08.6619876-04:00" endTime="2012-09-19T20:00:47.8529876-04:00" testType="13cdc9d9-ddb5-4fa4-a97d-d965ccfc6d4b" outcome="Failed" testListId="8c84fa94-04c1-424b-9868-57a2d4851a1d" relativeResultsDirectory="b823728c-3551-42cb-b891-a4fb50cc3a67">
      <Output>
        <StdOut>Given I open the solorevenue page
-&gt; done: StepDefinitions.GivenIOpenTheSpecifiedPage("solorevenue") (3.4s)
Then I should be on the solorevenue page
-&gt; done: StepDefinitions.IShouldBeOnTheSpecifiedPage("solorevenue") (0.1s)
When I select the Autumn Riley solorevenue paysite
-&gt; done: SoloRevenueStepDefinitions.WhenISelectTheModelNameSolorevenuePaysite("Autumn Riley") (0.1s)
Then I should see the Autumn Riley solorevenue hosted galleries
-&gt; done: SoloRevenueStepDefinitions.ThenIShouldSeeTheModelNameSolorevenueHostedGalleries("Autumn Riley") (1.0s)
And I should create any new Autumn Riley solorevenue galleries
-&gt; error: Unable to locate element: {"method":"xpath","selector":"//table[135]/tbody/tr[2]/td[2]/table/tbody/tr/td"}</StdOut>
        <ErrorInfo>
          <Message>Test method PornCantina.UIAutomation.Scenarios.SoloRevenueFeature.PopulateSoloRevenueGalleries_AutumnRiley threw exception: 
OpenQA.Selenium.NoSuchElementException: Unable to locate element: {"method":"xpath","selector":"//table[135]/tbody/tr[2]/td[2]/table/tbody/tr/td"}</Message>
          <StackTrace>    at OpenQA.Selenium.Remote.RemoteWebDriver.UnpackAndThrowOnError(Response errorResponse)
   at OpenQA.Selenium.Remote.RemoteWebDriver.Execute(String driverCommandToExecute, Dictionary`2 parameters)
   at OpenQA.Selenium.Remote.RemoteWebDriver.FindElement(String mechanism, String value)
   at OpenQA.Selenium.Remote.RemoteWebDriver.FindElementByXPath(String xpath)
   at OpenQA.Selenium.By.&lt;&gt;c__DisplayClasse.&lt;XPath&gt;b__c(ISearchContext context)
   at OpenQA.Selenium.By.FindElement(ISearchContext context)
   at OpenQA.Selenium.Remote.RemoteWebDriver.FindElement(By by)
   at AutomationFramework.BrowserHelper.GetElementByXPath(IWebDriver driver, String locator, String additionalLocatorPath) in C:\Users\TMacBlane\documents\visual studio 2010\Projects\PornCantina\AutomationFramework\Classes\BrowserHelper.cs:line 106
   at AutomationFramework.BrowserHelper.GetElement(IWebDriver driver, String locator, String additionalLocatorPath) in C:\Users\TMacBlane\documents\visual studio 2010\Projects\PornCantina\AutomationFramework\Classes\BrowserHelper.cs:line 25
   at AutomationFramework.WebBrowser.GetText(String locator, String additionalLocatorPath) in C:\Users\TMacBlane\documents\visual studio 2010\Projects\PornCantina\AutomationFramework\Classes\WebBrowser.cs:line 154
   at AutomationFramework.PageElementExtensions.GetText(IPageElement element, String additionalLocator) in C:\Users\TMacBlane\documents\visual studio 2010\Projects\PornCantina\AutomationFramework\Classes\PageElementExtensions.cs:line 76
   at PornCantina.UIAutomation.StepDefinitions.SoloRevenueStepDefinitions.ThenIShouldCreateAnyNewModelNameSolorevenueGalleries(String modelName) in C:\Users\TMacBlane\Documents\DevelopmentProjects\PornCantina.UIAutomation\StepDefinitions\SoloRevenueStepDefinitions.cs:line 75
   at lambda_method(Closure , IContextManager , String )
   at TechTalk.SpecFlow.Bindings.MethodBinding.InvokeAction(IContextManager contextManager, Object[] arguments, ITestTracer testTracer, TimeSpan&amp; duration)
   at TechTalk.SpecFlow.Bindings.StepDefinitionBinding.Invoke(IContextManager contextManager, ITestTracer testTracer, Object[] arguments, TimeSpan&amp; duration)
   at TechTalk.SpecFlow.Infrastructure.TestExecutionEngine.ExecuteStepMatch(BindingMatch match, Object[] arguments)
   at TechTalk.SpecFlow.Infrastructure.TestExecutionEngine.ExecuteStep(StepArgs stepArgs)
   at TechTalk.SpecFlow.Infrastructure.TestExecutionEngine.OnAfterLastStep()
   at TechTalk.SpecFlow.TestRunner.CollectScenarioErrors()
   at PornCantina.UIAutomation.Scenarios.SoloRevenueFeature.ScenarioCleanup() in C:\Users\TMacBlane\Documents\DevelopmentProjects\PornCantina.UIAutomation\Scenarios\SoloRevenue.feature.cs:line 0
   at PornCantina.UIAutomation.Scenarios.SoloRevenueFeature.PopulateSoloRevenueGalleries(String modelName, String[] exampleTags) in c:\Users\TMacBlane\Documents\DevelopmentProjects\PornCantina.UIAutomation\Scenarios\SoloRevenue.feature:line 10
   at PornCantina.UIAutomation.Scenarios.SoloRevenueFeature.PopulateSoloRevenueGalleries_AutumnRiley() in C:\Users\TMacBlane\Documents\DevelopmentProjects\PornCantina.UIAutomation\Scenarios\SoloRevenue.feature.cs:line 0
</StackTrace>
        </ErrorInfo>
      </Output>
    </UnitTestResult>
    <UnitTestResult executionId="83002c00-e901-4c0e-b6af-042f6031a1b2" testId="d0390afa-4a21-297c-771f-2a8050db7de4" testName="PopulateEpicPandaCashGalleries_PartyAll_Star" computerName="FIREFLY" duration="00:00:05.6786750" startTime="2012-09-19T20:00:47.8529876-04:00" endTime="2012-09-19T20:00:53.5343876-04:00" testType="13cdc9d9-ddb5-4fa4-a97d-d965ccfc6d4b" outcome="Passed" testListId="8c84fa94-04c1-424b-9868-57a2d4851a1d" relativeResultsDirectory="83002c00-e901-4c0e-b6af-042f6031a1b2">
      <Output>
        <StdOut>Given I open the epicpandacash page
-&gt; done: StepDefinitions.GivenIOpenTheSpecifiedPage("epicpandacash") (3.1s)
Then I should be on the epicpandacash page
-&gt; done: StepDefinitions.IShouldBeOnTheSpecifiedPage("epicpandacash") (0.0s)
When I select Party All-Star from the site dropdown list
-&gt; done: HostedGalleriesManagerStepDefinitions.WhenISelectTheModelNameFromTheSiteDropdownList("Party All-Star") (0.5s)
And I select the Past Week date range
-&gt; done: HostedGalleriesManagerStepDefinitions.WhenISelectTheDateRangeDateRange("Past Week") (0.1s)
And I select the type of Pics
-&gt; done: HostedGalleriesManagerStepDefinitions.WhenISelectTheSpecifiedType("Pics") (0.2s)
And I select to display All galleries per page
-&gt; done: HostedGalleriesManagerStepDefinitions.WhenISelectToDisplaySpecifiedNumberOfGalleriesPerPage("All") (0.2s)
And I click the generate button
-&gt; done: HostedGalleriesManagerStepDefinitions.WhenIClickTheGenerateButton() (0.4s)
Then I should see the populated list of galleries
-&gt; done: HostedGalleriesManagerStepDefinitions.ThenIShouldSeeThePopulatedListOfGalleries() (0.1s)
And I should create any new Party All-Star epicpandacash galleries
-&gt; done: EpicPandaCashStepDefinitions.ThenIShouldCreateAnyNewModelNameEpicpandacashGalleries("Party All-Star") (0.0s)</StdOut>
      </Output>
    </UnitTestResult>
    <UnitTestResult executionId="aeb90709-3b04-4e39-a856-af3d62501596" testId="2910964a-1343-9aba-d7b0-6918c25f5329" testName="PopulatePinkVelvetVaultGalleries_Brittany_Avalon_Com" computerName="FIREFLY" duration="00:00:07.2157628" startTime="2012-09-19T20:00:53.5343876-04:00" endTime="2012-09-19T20:01:00.7591876-04:00" testType="13cdc9d9-ddb5-4fa4-a97d-d965ccfc6d4b" outcome="Passed" testListId="8c84fa94-04c1-424b-9868-57a2d4851a1d" relativeResultsDirectory="aeb90709-3b04-4e39-a856-af3d62501596">
      <Output>
        <StdOut>Given I open the pinkvelvet page
-&gt; done: StepDefinitions.GivenIOpenTheSpecifiedPage("pinkvelvet") (4.0s)
Then I should be on the pinkvelvet page
-&gt; done: StepDefinitions.IShouldBeOnTheSpecifiedPage("pinkvelvet") (0.3s)
When I enter the PinkVelvetVault ccbill id
-&gt; done: HostedGalleriesManagerStepDefinitions.WhenIEnterTheSpecifiedCcbillId("PinkVelvetVault") (0.1s)
And I select Brittany-Avalon.com from the site dropdown list
-&gt; done: HostedGalleriesManagerStepDefinitions.WhenISelectTheModelNameFromTheSiteDropdownList("Brittany-Avalon.com") (0.4s)
And I select the Past Week date range
-&gt; done: HostedGalleriesManagerStepDefinitions.WhenISelectTheDateRangeDateRange("Past Week") (0.1s)
And I select the type of Pics
-&gt; done: HostedGalleriesManagerStepDefinitions.WhenISelectTheSpecifiedType("Pics") (0.2s)
And I select to display All galleries per page
-&gt; done: HostedGalleriesManagerStepDefinitions.WhenISelectToDisplaySpecifiedNumberOfGalleriesPerPage("All") (0.1s)
And I click the generate button
-&gt; done: HostedGalleriesManagerStepDefinitions.WhenIClickTheGenerateButton() (0.9s)
Then I should see the populated list of galleries
-&gt; done: HostedGalleriesManagerStepDefinitions.ThenIShouldSeeThePopulatedListOfGalleries() (0.0s)
And I should create any new Brittany Avalon pinkvelvetvault galleries
-&gt; done: PinkVelvetVaultStepDefinitions.ThenIShouldCreateAnyNewModelNamePinkvelvetvaultGalleries("Brittany Avalon") (0.0s)</StdOut>
      </Output>
    </UnitTestResult>
    <UnitTestResult executionId="ad1e69b1-69a9-48b7-a7e0-3e904d230bd2" testId="b4f0a9e8-5d81-3545-39ca-78302cfc2e4c" testName="PopulatePinkVelvetVaultGalleries_Sockblocked_Com" computerName="FIREFLY" duration="00:00:07.6498414" startTime="2012-09-19T20:01:00.7591876-04:00" endTime="2012-09-19T20:01:08.3873876-04:00" testType="13cdc9d9-ddb5-4fa4-a97d-d965ccfc6d4b" outcome="Passed" testListId="8c84fa94-04c1-424b-9868-57a2d4851a1d" relativeResultsDirectory="ad1e69b1-69a9-48b7-a7e0-3e904d230bd2">
      <Output>
        <StdOut>Given I open the pinkvelvet page
-&gt; done: StepDefinitions.GivenIOpenTheSpecifiedPage("pinkvelvet") (3.2s)
Then I should be on the pinkvelvet page
-&gt; done: StepDefinitions.IShouldBeOnTheSpecifiedPage("pinkvelvet") (1.2s)
When I enter the PinkVelvetVault ccbill id
-&gt; done: HostedGalleriesManagerStepDefinitions.WhenIEnterTheSpecifiedCcbillId("PinkVelvetVault") (0.1s)
And I select Sockblocked.com from the site dropdown list
-&gt; done: HostedGalleriesManagerStepDefinitions.WhenISelectTheModelNameFromTheSiteDropdownList("Sockblocked.com") (0.6s)
And I select the Past Week date range
-&gt; done: HostedGalleriesManagerStepDefinitions.WhenISelectTheDateRangeDateRange("Past Week") (0.1s)
And I select the type of Pics
-&gt; done: HostedGalleriesManagerStepDefinitions.WhenISelectTheSpecifiedType("Pics") (0.1s)
And I select to display All galleries per page
-&gt; done: HostedGalleriesManagerStepDefinitions.WhenISelectToDisplaySpecifiedNumberOfGalleriesPerPage("All") (0.1s)
And I click the generate button
-&gt; done: HostedGalleriesManagerStepDefinitions.WhenIClickTheGenerateButton() (1.2s)
Then I should see the populated list of galleries
-&gt; done: HostedGalleriesManagerStepDefinitions.ThenIShouldSeeThePopulatedListOfGalleries() (0.0s)
And I should create any new Sock Blocked pinkvelvetvault galleries
-&gt; done: PinkVelvetVaultStepDefinitions.ThenIShouldCreateAnyNewModelNamePinkvelvetvaultGalleries("Sock Blocked") (0.0s)</StdOut>
      </Output>
    </UnitTestResult>
    <UnitTestResult executionId="1a00d7af-937c-47d5-9cfd-758b1bb2f538" testId="2272289c-032b-1243-7330-eb5092e584fc" testName="PopulateBellaCashGalleries_AvaDawn" computerName="FIREFLY" duration="00:00:10.0178737" startTime="2012-09-19T20:01:08.3883876-04:00" endTime="2012-09-19T20:01:18.4143876-04:00" testType="13cdc9d9-ddb5-4fa4-a97d-d965ccfc6d4b" outcome="Passed" testListId="8c84fa94-04c1-424b-9868-57a2d4851a1d" relativeResultsDirectory="1a00d7af-937c-47d5-9cfd-758b1bb2f538">
      <Output>
        <StdOut>Given I open the bellacash page
-&gt; done: StepDefinitions.GivenIOpenTheSpecifiedPage("bellacash") (3.9s)
Then I should be on the bellacash page
-&gt; done: StepDefinitions.IShouldBeOnTheSpecifiedPage("bellacash") (0.2s)
When I select the Ava Dawn bellapass paysite
-&gt; done: BellaCashStepDefinitions.WhenISelectTheSpecifiedPaysite("Ava Dawn") (0.1s)
Then I should see the Ava Dawn bellapass hosted galleries
-&gt; done: BellaCashStepDefinitions.ThenIShouldSeeTheSpecifiedHostedGalleries("Ava Dawn") (2.0s)
And I should create any new Ava Dawn bellapass galleries
-&gt; done: BellaCashStepDefinitions.ThenIShouldCreateAnyNewModelNameBellapassGalleries("Ava Dawn") (2.7s)</StdOut>
      </Output>
    </UnitTestResult>
    <UnitTestResult executionId="b84befe2-085e-405f-9e05-1b25a9dad2d9" testId="66f4f75a-e39b-800c-c209-257f1c101b17" testName="PopulateBellaCashGalleries_Bryci" computerName="FIREFLY" duration="00:00:20.0059688" startTime="2012-09-19T20:01:18.4163876-04:00" endTime="2012-09-19T20:01:38.4527876-04:00" testType="13cdc9d9-ddb5-4fa4-a97d-d965ccfc6d4b" outcome="Passed" testListId="8c84fa94-04c1-424b-9868-57a2d4851a1d" relativeResultsDirectory="b84befe2-085e-405f-9e05-1b25a9dad2d9">
      <Output>
        <StdOut>Given I open the bellacash page
-&gt; done: StepDefinitions.GivenIOpenTheSpecifiedPage("bellacash") (3.5s)
Then I should be on the bellacash page
-&gt; done: StepDefinitions.IShouldBeOnTheSpecifiedPage("bellacash") (0.3s)
When I select the Bryci bellapass paysite
-&gt; done: BellaCashStepDefinitions.WhenISelectTheSpecifiedPaysite("Bryci") (0.1s)
Then I should see the Bryci bellapass hosted galleries
-&gt; done: BellaCashStepDefinitions.ThenIShouldSeeTheSpecifiedHostedGalleries("Bryci") (3.0s)
And I should create any new Bryci bellapass galleries
-&gt; done: BellaCashStepDefinitions.ThenIShouldCreateAnyNewModelNameBellapassGalleries("Bryci") (12.0s)</StdOut>
      </Output>
    </UnitTestResult>
    <UnitTestResult executionId="e7f11790-361e-46ee-a0b8-fed20f44c9c0" testId="e1e0aada-64a3-6d63-9035-77bad23b408c" testName="PopulateEpicPandaCashGalleries_CarlottaChampagne" computerName="FIREFLY" duration="00:00:05.2876211" startTime="2012-09-19T20:01:38.4527876-04:00" endTime="2012-09-19T20:01:43.7431876-04:00" testType="13cdc9d9-ddb5-4fa4-a97d-d965ccfc6d4b" outcome="Passed" testListId="8c84fa94-04c1-424b-9868-57a2d4851a1d" relativeResultsDirectory="e7f11790-361e-46ee-a0b8-fed20f44c9c0">
      <Output>
        <StdOut>Given I open the epicpandacash page
-&gt; done: StepDefinitions.GivenIOpenTheSpecifiedPage("epicpandacash") (2.9s)
Then I should be on the epicpandacash page
-&gt; done: StepDefinitions.IShouldBeOnTheSpecifiedPage("epicpandacash") (0.0s)
When I select Carlotta Champagne from the site dropdown list
-&gt; done: HostedGalleriesManagerStepDefinitions.WhenISelectTheModelNameFromTheSiteDropdownList("Carlotta Champagne") (0.3s)
And I select the Past Week date range
-&gt; done: HostedGalleriesManagerStepDefinitions.WhenISelectTheDateRangeDateRange("Past Week") (0.1s)
And I select the type of Pics
-&gt; done: HostedGalleriesManagerStepDefinitions.WhenISelectTheSpecifiedType("Pics") (0.2s)
And I select to display All galleries per page
-&gt; done: HostedGalleriesManagerStepDefinitions.WhenISelectToDisplaySpecifiedNumberOfGalleriesPerPage("All") (0.2s)
And I click the generate button
-&gt; done: HostedGalleriesManagerStepDefinitions.WhenIClickTheGenerateButton() (0.3s)
Then I should see the populated list of galleries
-&gt; done: HostedGalleriesManagerStepDefinitions.ThenIShouldSeeThePopulatedListOfGalleries() (0.0s)
And I should create any new Carlotta Champagne epicpandacash galleries
-&gt; done: EpicPandaCashStepDefinitions.ThenIShouldCreateAnyNewModelNameEpicpandacashGalleries("Carlotta Champagne") (0.0s)</StdOut>
      </Output>
    </UnitTestResult>
    <UnitTestResult executionId="84af73e0-5098-4270-ba60-2fa83e154823" testId="3244bd33-62ad-5b0c-a0f8-17623bcb7156" testName="PopulateZellysCashGalleries_MelissaXoXo" computerName="FIREFLY" duration="00:00:49.0970642" startTime="2012-09-19T20:01:43.7587876-04:00" endTime="2012-09-19T20:02:32.8295876-04:00" testType="13cdc9d9-ddb5-4fa4-a97d-d965ccfc6d4b" outcome="Failed" testListId="8c84fa94-04c1-424b-9868-57a2d4851a1d" relativeResultsDirectory="84af73e0-5098-4270-ba60-2fa83e154823">
      <Output>
        <StdOut>Given I open the zellyscash page
-&gt; done: StepDefinitions.GivenIOpenTheSpecifiedPage("zellyscash") (3.4s)
Then I should be on the zellyscash page
-&gt; done: StepDefinitions.IShouldBeOnTheSpecifiedPage("zellyscash") (0.1s)
When I select the Melissa XoXo zellyscash paysite
-&gt; done: ZellysCashStepDefinitions.WhenISelectTheSpecifiedZellysPaysite("Melissa XoXo") (0.1s)
Then I should see the Melissa XoXo zellyscash hosted galleries
-&gt; done: ZellysCashStepDefinitions.ThenIShouldSeeTheSpecifiedZellysHostedGalleries("Melissa XoXo") (5.9s)
And I should create any new Melissa XoXo zellyscash galleries
-&gt; error: Unable to locate element: {"method":"xpath","selector":"//form[2]/table/tbody/tr[2]/td/table/tbody/tr[119]/td[3]"}</StdOut>
        <ErrorInfo>
          <Message>Test method PornCantina.UIAutomation.Scenarios.ZellysCashFeature.PopulateZellysCashGalleries_MelissaXoXo threw exception: 
OpenQA.Selenium.NoSuchElementException: Unable to locate element: {"method":"xpath","selector":"//form[2]/table/tbody/tr[2]/td/table/tbody/tr[119]/td[3]"}</Message>
          <StackTrace>    at OpenQA.Selenium.Remote.RemoteWebDriver.UnpackAndThrowOnError(Response errorResponse)
   at OpenQA.Selenium.Remote.RemoteWebDriver.Execute(String driverCommandToExecute, Dictionary`2 parameters)
   at OpenQA.Selenium.Remote.RemoteWebDriver.FindElement(String mechanism, String value)
   at OpenQA.Selenium.Remote.RemoteWebDriver.FindElementByXPath(String xpath)
   at OpenQA.Selenium.By.&lt;&gt;c__DisplayClasse.&lt;XPath&gt;b__c(ISearchContext context)
   at OpenQA.Selenium.By.FindElement(ISearchContext context)
   at OpenQA.Selenium.Remote.RemoteWebDriver.FindElement(By by)
   at AutomationFramework.BrowserHelper.GetElementByXPath(IWebDriver driver, String locator, String additionalLocatorPath) in C:\Users\TMacBlane\documents\visual studio 2010\Projects\PornCantina\AutomationFramework\Classes\BrowserHelper.cs:line 106
   at AutomationFramework.BrowserHelper.GetElement(IWebDriver driver, String locator, String additionalLocatorPath) in C:\Users\TMacBlane\documents\visual studio 2010\Projects\PornCantina\AutomationFramework\Classes\BrowserHelper.cs:line 25
   at AutomationFramework.WebBrowser.GetText(String locator, String additionalLocatorPath) in C:\Users\TMacBlane\documents\visual studio 2010\Projects\PornCantina\AutomationFramework\Classes\WebBrowser.cs:line 154
   at AutomationFramework.PageElementExtensions.GetText(IPageElement element, String additionalLocator) in C:\Users\TMacBlane\documents\visual studio 2010\Projects\PornCantina\AutomationFramework\Classes\PageElementExtensions.cs:line 76
   at PornCantina.UIAutomation.StepDefinitions.ZellysCashStepDefinitions.ThenIShouldCreateAnyNewModelNameZellysGalleries(String modelName) in C:\Users\TMacBlane\Documents\DevelopmentProjects\PornCantina.UIAutomation\StepDefinitions\ZellysCashStepDefinitions.cs:line 120
   at lambda_method(Closure , IContextManager , String )
   at TechTalk.SpecFlow.Bindings.MethodBinding.InvokeAction(IContextManager contextManager, Object[] arguments, ITestTracer testTracer, TimeSpan&amp; duration)
   at TechTalk.SpecFlow.Bindings.StepDefinitionBinding.Invoke(IContextManager contextManager, ITestTracer testTracer, Object[] arguments, TimeSpan&amp; duration)
   at TechTalk.SpecFlow.Infrastructure.TestExecutionEngine.ExecuteStepMatch(BindingMatch match, Object[] arguments)
   at TechTalk.SpecFlow.Infrastructure.TestExecutionEngine.ExecuteStep(StepArgs stepArgs)
   at TechTalk.SpecFlow.Infrastructure.TestExecutionEngine.OnAfterLastStep()
   at TechTalk.SpecFlow.TestRunner.CollectScenarioErrors()
   at PornCantina.UIAutomation.Scenarios.ZellysCashFeature.ScenarioCleanup() in C:\Users\TMacBlane\Documents\DevelopmentProjects\PornCantina.UIAutomation\Scenarios\ZellysCash.feature.cs:line 0
   at PornCantina.UIAutomation.Scenarios.ZellysCashFeature.PopulateZellysCashGalleries(String modelName, String[] exampleTags) in c:\Users\TMacBlane\Documents\DevelopmentProjects\PornCantina.UIAutomation\Scenarios\ZellysCash.feature:line 10
   at PornCantina.UIAutomation.Scenarios.ZellysCashFeature.PopulateZellysCashGalleries_MelissaXoXo() in C:\Users\TMacBlane\Documents\DevelopmentProjects\PornCantina.UIAutomation\Scenarios\ZellysCash.feature.cs:line 0
</StackTrace>
        </ErrorInfo>
      </Output>
    </UnitTestResult>
  </Results>
</TestRun>