<?xml version="1.0" encoding="UTF-8"?>
<TestRun id="dbfd6b0f-a236-4ef2-b653-04516b0c4cc3" name="TMacBlane@FIREFLY 2012-09-14 11:36:15" runUser="Firefly\TMacBlane" xmlns="http://microsoft.com/schemas/VisualStudio/TeamTest/2010">
  <TestSettings name="Default Test Settings" id="2037a5e3-9757-4e40-ab76-d62fc229837f">
    <Deployment userDeploymentRoot="C:\Users\TMacBlane\Documents\DevelopmentProjects\PornCantina\TestResults" useDefaultDeploymentRoot="false" runDeploymentRoot="TMacBlane_FIREFLY 2012-09-14 11_36_15">
      <DeploymentItem filename="C:\Users\TMacBlane\Documents\DevelopmentProjects\AutomationFramework\bin\Debug\AutomationFramework.dll" />
      <DeploymentItem filename="C:\Users\TMacBlane\Documents\DevelopmentProjects\PornCantina\packages\Microsoft.AspNet.WebPages.2.0.20710.0\lib\net40\System.Web.WebPages.Deployment.dll" />
      <DeploymentItem filename="C:\Users\TMacBlane\Documents\DevelopmentProjects\PornCantina\packages\Microsoft.AspNet.Mvc.4.0.20505.0\lib\net40\System.Web.Mvc.dll" />
      <DeploymentItem filename="C:\Users\TMacBlane\Documents\DevelopmentProjects\PornCantina.UIAutomation\bin\Debug\WebDriver.Support.dll" />
      <DeploymentItem filename="C:\Users\TMacBlane\Documents\DevelopmentProjects\PornCantina\PornCantina\bin\PornCantina.dll" />
      <DeploymentItem filename="C:\Users\TMacBlane\Documents\DevelopmentProjects\PornCantina\packages\Microsoft.AspNet.WebPages.2.0.20710.0\lib\net40\System.Web.Helpers.dll" />
      <DeploymentItem filename="C:\Users\TMacBlane\Documents\DevelopmentProjects\PornCantina.UIAutomation\bin\Debug\WebDriver.dll" />
      <DeploymentItem filename="C:\Users\TMacBlane\Documents\DevelopmentProjects\PornCantina\packages\Microsoft.AspNet.WebPages.2.0.20710.0\lib\net40\System.Web.WebPages.dll" />
      <DeploymentItem filename="C:\Users\TMacBlane\Documents\DevelopmentProjects\PornCantina\packages\Microsoft.Web.Infrastructure.1.0.0.0\lib\net40\Microsoft.Web.Infrastructure.dll" />
      <DeploymentItem filename="C:\Users\TMacBlane\Documents\DevelopmentProjects\PornCantina\packages\Microsoft.AspNet.WebPages.2.0.20710.0\lib\net40\System.Web.WebPages.Razor.dll" />
      <DeploymentItem filename="C:\Users\TMacBlane\Documents\DevelopmentProjects\PornCantina.UIAutomation\bin\Debug\Ionic.Zip.dll" />
      <DeploymentItem filename="C:\Users\TMacBlane\Documents\DevelopmentProjects\PornCantina\packages\Microsoft.AspNet.Razor.2.0.20710.0\lib\net40\System.Web.Razor.dll" />
      <DeploymentItem filename="C:\Users\TMacBlane\Documents\DevelopmentProjects\PornCantina.UIAutomation\bin\Debug\TechTalk.SpecFlow.dll" />
      <DeploymentItem filename="C:\Users\TMacBlane\Documents\DevelopmentProjects\PornCantina.UIAutomation\bin\Debug\Castle.Core.dll" />
      <DeploymentItem filename="C:\Users\TMacBlane\Documents\DevelopmentProjects\PornCantina.UIAutomation\bin\Debug\Newtonsoft.Json.dll" />
    </Deployment>
    <Execution>
      <TestTypeSpecific />
      <AgentRule name="Execution Agents">
      </AgentRule>
    </Execution>
  </TestSettings>
  <Times creation="2012-09-14T11:36:15.1769530-04:00" queuing="2012-09-14T11:36:16.7559530-04:00" start="2012-09-14T11:36:16.9859530-04:00" finish="2012-09-14T11:36:39.9319530-04:00" />
  <ResultSummary outcome="Inconclusive">
    <Counters total="1" executed="1" error="0" failed="0" timeout="0" aborted="0" inconclusive="1" passedButRunAborted="0" notRunnable="0" notExecuted="0" disconnected="0" warning="0" passed="0" completed="0" inProgress="0" pending="0" />
  </ResultSummary>
  <TestDefinitions>
    <UnitTest name="PopulateEpicPandaCashGalleries_BaileyKnox" storage="c:\users\tmacblane\documents\developmentprojects\porncantina.uiautomation\bin\debug\porncantina.uiautomation.dll" id="eb9b8e2b-e634-3f71-8b78-2aca84a14cf3">
      <Description>Populate EpicPandaCash Galleries</Description>
      <Execution id="b4cce6f5-1afc-414c-b909-93c84189c27d" />
      <Properties>
        <Property>
          <Key>FeatureTitle</Key>
          <Value>EpicPandaCash</Value>
        </Property>
        <Property>
          <Key>VariantName</Key>
          <Value>Bailey Knox</Value>
        </Property>
        <Property>
          <Key>Parameter:site</Key>
          <Value>Bailey Knox</Value>
        </Property>
        <Property>
          <Key>Parameter:modelName</Key>
          <Value>Bailey Knox</Value>
        </Property>
      </Properties>
      <TestMethod codeBase="C:/Users/TMacBlane/Documents/DevelopmentProjects/PornCantina.UIAutomation/bin/Debug/PornCantina.UIAutomation.DLL" adapterTypeName="Microsoft.VisualStudio.TestTools.TestTypes.Unit.UnitTestAdapter, Microsoft.VisualStudio.QualityTools.Tips.UnitTest.Adapter, Version=10.0.0.0, Culture=neutral, PublicKeyToken=b03f5f7f11d50a3a" className="PornCantina.UIAutomation.Scenarios.EpicPandaCashFeature, PornCantina.UIAutomation, Version=1.0.0.0, Culture=neutral, PublicKeyToken=null" name="PopulateEpicPandaCashGalleries_BaileyKnox" />
    </UnitTest>
  </TestDefinitions>
  <TestLists>
    <TestList name="Results Not in a List" id="8c84fa94-04c1-424b-9868-57a2d4851a1d" />
    <TestList name="All Loaded Results" id="19431567-8539-422a-85d7-44ee4e166bda" />
  </TestLists>
  <TestEntries>
    <TestEntry testId="eb9b8e2b-e634-3f71-8b78-2aca84a14cf3" executionId="b4cce6f5-1afc-414c-b909-93c84189c27d" testListId="8c84fa94-04c1-424b-9868-57a2d4851a1d" />
  </TestEntries>
  <Results>
    <UnitTestResult executionId="b4cce6f5-1afc-414c-b909-93c84189c27d" testId="eb9b8e2b-e634-3f71-8b78-2aca84a14cf3" testName="PopulateEpicPandaCashGalleries_BaileyKnox" computerName="FIREFLY" duration="00:00:20.8262037" startTime="2012-09-14T11:36:17.1789530-04:00" endTime="2012-09-14T11:36:39.8009530-04:00" testType="13cdc9d9-ddb5-4fa4-a97d-d965ccfc6d4b" outcome="Inconclusive" testListId="8c84fa94-04c1-424b-9868-57a2d4851a1d" relativeResultsDirectory="b4cce6f5-1afc-414c-b909-93c84189c27d">
      <Output>
        <StdOut>Given I open the epicpandacash page
-&gt; done: StepDefinitions.GivenIOpenTheSpecifiedPage("epicpandacash") (5.4s)
Then I should be on the epicpandacash page
-&gt; done: StepDefinitions.IShouldBeOnTheSpecifiedPage("epicpandacash") (0.0s)
When I select Bailey Knox from the site dropdown list
-&gt; pending: HostedGalleriesManagerStepDefinitions.WhenISelectTheModelNameFromTheSiteDropdownList("Bailey Knox")
And I select the All date range
-&gt; skipped because of previous errors
And I select the type of Pics
-&gt; skipped because of previous errors
And I select to display All galleries per page
-&gt; skipped because of previous errors
And I click the generate button
-&gt; skipped because of previous errors
Then I should see the populated list of galleries
-&gt; skipped because of previous errors
And I should create any new Bailey Knox epicpandacash galleries
-&gt; skipped because of previous errors</StdOut>
        <ErrorInfo>
          <Message>Assert.Inconclusive failed. One or more step definitions are not implemented yet.
  HostedGalleriesManagerStepDefinitions.WhenISelectTheModelNameFromTheSiteDropdownList("Bailey Knox")</Message>
          <StackTrace>   at lambda_method(Closure , String , Object[] )
   at TechTalk.SpecFlow.UnitTestProvider.MsTestRuntimeProvider.TestInconclusive(String message)
   at TechTalk.SpecFlow.UnitTestProvider.MsTestRuntimeProvider.TestPending(String message)
   at TechTalk.SpecFlow.ErrorHandling.ErrorProvider.ThrowPendingError(TestStatus testStatus, String message)
   at TechTalk.SpecFlow.Infrastructure.TestExecutionEngine.OnAfterLastStep()
   at TechTalk.SpecFlow.TestRunner.CollectScenarioErrors()
   at PornCantina.UIAutomation.Scenarios.EpicPandaCashFeature.ScenarioCleanup() in C:\Users\TMacBlane\Documents\DevelopmentProjects\PornCantina.UIAutomation\Scenarios\EpicPandaCash.feature.cs:line 0
   at PornCantina.UIAutomation.Scenarios.EpicPandaCashFeature.PopulateEpicPandaCashGalleries(String site, String modelName, String[] exampleTags) in c:\Users\TMacBlane\Documents\DevelopmentProjects\PornCantina.UIAutomation\Scenarios\EpicPandaCash.feature:line 14
   at PornCantina.UIAutomation.Scenarios.EpicPandaCashFeature.PopulateEpicPandaCashGalleries_BaileyKnox() in C:\Users\TMacBlane\Documents\DevelopmentProjects\PornCantina.UIAutomation\Scenarios\EpicPandaCash.feature.cs:line 0
</StackTrace>
        </ErrorInfo>
      </Output>
    </UnitTestResult>
  </Results>
</TestRun>