<?xml version="1.0" encoding="UTF-8"?>
<TestRun id="e27d9c79-7435-4562-8b90-c268d03734f8" name="TMacBlane@FIREFLY 2012-09-02 16:29:54" runUser="Firefly\TMacBlane" xmlns="http://microsoft.com/schemas/VisualStudio/TeamTest/2010">
  <TestSettings name="Default Test Settings" id="ae09ddfb-8d73-4760-8f22-c83bef9b920a">
    <Deployment runDeploymentRoot="TMacBlane_FIREFLY 2012-09-02 16_29_54">
      <DeploymentItem filename="C:\Users\TMacBlane\Documents\DevelopmentProjects\AutomationFramework\bin\Debug\AutomationFramework.dll" />
      <DeploymentItem filename="C:\Users\TMacBlane\Documents\DevelopmentProjects\PornCantina\packages\Microsoft.AspNet.WebPages.2.0.20710.0\lib\net40\System.Web.WebPages.Deployment.dll" />
      <DeploymentItem filename="C:\Users\TMacBlane\Documents\DevelopmentProjects\PornCantina\PornCantina\bin\PornCantina.dll" />
      <DeploymentItem filename="C:\Users\TMacBlane\Documents\DevelopmentProjects\PornCantina\packages\Microsoft.AspNet.Mvc.4.0.20505.0\lib\net40\System.Web.Mvc.dll" />
      <DeploymentItem filename="C:\Users\TMacBlane\Documents\DevelopmentProjects\PornCantina.UIAutomation\bin\Debug\WebDriver.Support.dll" />
      <DeploymentItem filename="C:\Users\TMacBlane\Documents\DevelopmentProjects\PornCantina\packages\Microsoft.AspNet.WebPages.2.0.20710.0\lib\net40\System.Web.Helpers.dll" />
      <DeploymentItem filename="C:\Users\TMacBlane\Documents\DevelopmentProjects\PornCantina.UIAutomation\bin\Debug\WebDriver.dll" />
      <DeploymentItem filename="C:\Users\TMacBlane\Documents\DevelopmentProjects\PornCantina\packages\Microsoft.AspNet.WebPages.2.0.20710.0\lib\net40\System.Web.WebPages.dll" />
      <DeploymentItem filename="C:\Users\TMacBlane\Documents\DevelopmentProjects\PornCantina\packages\Microsoft.Web.Infrastructure.1.0.0.0\lib\net40\Microsoft.Web.Infrastructure.dll" />
      <DeploymentItem filename="C:\Users\TMacBlane\Documents\DevelopmentProjects\PornCantina\packages\Microsoft.AspNet.WebPages.2.0.20710.0\lib\net40\System.Web.WebPages.Razor.dll" />
      <DeploymentItem filename="C:\Users\TMacBlane\Documents\DevelopmentProjects\PornCantina.UIAutomation\bin\Debug\Ionic.Zip.dll" />
      <DeploymentItem filename="C:\Users\TMacBlane\Documents\DevelopmentProjects\PornCantina\packages\Microsoft.AspNet.Razor.2.0.20710.0\lib\net40\System.Web.Razor.dll" />
      <DeploymentItem filename="C:\Users\TMacBlane\Documents\DevelopmentProjects\PornCantina.UIAutomation\bin\Debug\TechTalk.SpecFlow.dll" />
      <DeploymentItem filename="C:\Users\TMacBlane\Documents\DevelopmentProjects\PornCantina.UIAutomation\bin\Debug\Castle.Core.dll" />
      <DeploymentItem filename="C:\Users\TMacBlane\Documents\DevelopmentProjects\PornCantina.UIAutomation\bin\Debug\Newtonsoft.Json.dll" />
    </Deployment>
    <Execution>
      <TestTypeSpecific />
      <AgentRule name="Execution Agents">
      </AgentRule>
    </Execution>
  </TestSettings>
  <Times creation="2012-09-02T16:29:54.5103875-04:00" queuing="2012-09-02T16:29:56.7299875-04:00" start="2012-09-02T16:29:56.8703875-04:00" finish="2012-09-02T16:33:47.6135875-04:00" />
  <ResultSummary outcome="Failed">
    <Counters total="10" executed="10" passed="7" error="0" failed="3" timeout="0" aborted="0" inconclusive="0" passedButRunAborted="0" notRunnable="0" notExecuted="0" disconnected="0" warning="0" completed="0" inProgress="0" pending="0" />
  </ResultSummary>
  <TestDefinitions>
    <UnitTest name="PopulateBellaCashGalleries_TaliaShepard" storage="c:\users\tmacblane\documents\developmentprojects\porncantina.uiautomation\bin\debug\porncantina.uiautomation.dll" id="b2fe822b-5976-20eb-494c-a2e70b73f8a8">
      <Description>Populate BellaCash Galleries</Description>
      <Execution id="8c6f56f1-f693-40f7-9a42-0785f06cbbe1" />
      <Properties>
        <Property>
          <Key>FeatureTitle</Key>
          <Value>BellaCash</Value>
        </Property>
        <Property>
          <Key>VariantName</Key>
          <Value>Talia Shepard</Value>
        </Property>
        <Property>
          <Key>Parameter:modelName</Key>
          <Value>Talia Shepard</Value>
        </Property>
      </Properties>
      <TestMethod codeBase="C:/Users/TMacBlane/Documents/DevelopmentProjects/PornCantina.UIAutomation/bin/Debug/PornCantina.UIAutomation.DLL" adapterTypeName="Microsoft.VisualStudio.TestTools.TestTypes.Unit.UnitTestAdapter, Microsoft.VisualStudio.QualityTools.Tips.UnitTest.Adapter, Version=10.0.0.0, Culture=neutral, PublicKeyToken=b03f5f7f11d50a3a" className="PornCantina.UIAutomation.Scenarios.BellaCashFeature, PornCantina.UIAutomation, Version=1.0.0.0, Culture=neutral, PublicKeyToken=null" name="PopulateBellaCashGalleries_TaliaShepard" />
    </UnitTest>
    <UnitTest name="PopulatePinkVelvetVaultGalleries_BellaXOXO_Com" storage="c:\users\tmacblane\documents\developmentprojects\porncantina.uiautomation\bin\debug\porncantina.uiautomation.dll" id="330e0218-b1c3-0599-b86f-bb99241a385f">
      <Description>Populate PinkVelvetVault Galleries</Description>
      <Execution id="40440283-81fb-4acf-9aa8-cddb34a69730" />
      <Properties>
        <Property>
          <Key>FeatureTitle</Key>
          <Value>PinkVelvetVault</Value>
        </Property>
        <Property>
          <Key>VariantName</Key>
          <Value>BellaXOXO.com</Value>
        </Property>
        <Property>
          <Key>Parameter:site</Key>
          <Value>BellaXOXO.com</Value>
        </Property>
        <Property>
          <Key>Parameter:modelName</Key>
          <Value>Bella XOXO</Value>
        </Property>
      </Properties>
      <TestMethod codeBase="C:/Users/TMacBlane/Documents/DevelopmentProjects/PornCantina.UIAutomation/bin/Debug/PornCantina.UIAutomation.DLL" adapterTypeName="Microsoft.VisualStudio.TestTools.TestTypes.Unit.UnitTestAdapter, Microsoft.VisualStudio.QualityTools.Tips.UnitTest.Adapter, Version=10.0.0.0, Culture=neutral, PublicKeyToken=b03f5f7f11d50a3a" className="PornCantina.UIAutomation.Scenarios.PinkVelvetVaultFeature, PornCantina.UIAutomation, Version=1.0.0.0, Culture=neutral, PublicKeyToken=null" name="PopulatePinkVelvetVaultGalleries_BellaXOXO_Com" />
    </UnitTest>
    <UnitTest name="PopulateBellaCashGalleries_Bryci" storage="c:\users\tmacblane\documents\developmentprojects\porncantina.uiautomation\bin\debug\porncantina.uiautomation.dll" id="66f4f75a-e39b-800c-c209-257f1c101b17">
      <Description>Populate BellaCash Galleries</Description>
      <Execution id="a20f3ac5-6c9e-40fd-8cc0-882ff70a1928" />
      <Properties>
        <Property>
          <Key>FeatureTitle</Key>
          <Value>BellaCash</Value>
        </Property>
        <Property>
          <Key>VariantName</Key>
          <Value>Bryci</Value>
        </Property>
        <Property>
          <Key>Parameter:modelName</Key>
          <Value>Bryci</Value>
        </Property>
      </Properties>
      <TestMethod codeBase="C:/Users/TMacBlane/Documents/DevelopmentProjects/PornCantina.UIAutomation/bin/Debug/PornCantina.UIAutomation.DLL" adapterTypeName="Microsoft.VisualStudio.TestTools.TestTypes.Unit.UnitTestAdapter, Microsoft.VisualStudio.QualityTools.Tips.UnitTest.Adapter, Version=10.0.0.0, Culture=neutral, PublicKeyToken=b03f5f7f11d50a3a" className="PornCantina.UIAutomation.Scenarios.BellaCashFeature, PornCantina.UIAutomation, Version=1.0.0.0, Culture=neutral, PublicKeyToken=null" name="PopulateBellaCashGalleries_Bryci" />
    </UnitTest>
    <UnitTest name="PopulateBellaCashGalleries_NatalieTyler" storage="c:\users\tmacblane\documents\developmentprojects\porncantina.uiautomation\bin\debug\porncantina.uiautomation.dll" id="7c9891c3-de5a-d9fc-615e-6f7414163765">
      <Description>Populate BellaCash Galleries</Description>
      <Execution id="56a1d8d1-ec40-4309-af43-70dad174857a" />
      <Properties>
        <Property>
          <Key>FeatureTitle</Key>
          <Value>BellaCash</Value>
        </Property>
        <Property>
          <Key>VariantName</Key>
          <Value>Natalie Tyler</Value>
        </Property>
        <Property>
          <Key>Parameter:modelName</Key>
          <Value>Natalie Tyler</Value>
        </Property>
      </Properties>
      <TestMethod codeBase="C:/Users/TMacBlane/Documents/DevelopmentProjects/PornCantina.UIAutomation/bin/Debug/PornCantina.UIAutomation.DLL" adapterTypeName="Microsoft.VisualStudio.TestTools.TestTypes.Unit.UnitTestAdapter, Microsoft.VisualStudio.QualityTools.Tips.UnitTest.Adapter, Version=10.0.0.0, Culture=neutral, PublicKeyToken=b03f5f7f11d50a3a" className="PornCantina.UIAutomation.Scenarios.BellaCashFeature, PornCantina.UIAutomation, Version=1.0.0.0, Culture=neutral, PublicKeyToken=null" name="PopulateBellaCashGalleries_NatalieTyler" />
    </UnitTest>
    <UnitTest name="PopulateBellaCashGalleries_KatieBanks" storage="c:\users\tmacblane\documents\developmentprojects\porncantina.uiautomation\bin\debug\porncantina.uiautomation.dll" id="8c136c51-948d-db20-6929-2e8f37a20b36">
      <Description>Populate BellaCash Galleries</Description>
      <Execution id="4f26bc64-7065-49ac-b17c-1e283542ae11" />
      <Properties>
        <Property>
          <Key>FeatureTitle</Key>
          <Value>BellaCash</Value>
        </Property>
        <Property>
          <Key>VariantName</Key>
          <Value>Katie Banks</Value>
        </Property>
        <Property>
          <Key>Parameter:modelName</Key>
          <Value>Katie Banks</Value>
        </Property>
      </Properties>
      <TestMethod codeBase="C:/Users/TMacBlane/Documents/DevelopmentProjects/PornCantina.UIAutomation/bin/Debug/PornCantina.UIAutomation.DLL" adapterTypeName="Microsoft.VisualStudio.TestTools.TestTypes.Unit.UnitTestAdapter, Microsoft.VisualStudio.QualityTools.Tips.UnitTest.Adapter, Version=10.0.0.0, Culture=neutral, PublicKeyToken=b03f5f7f11d50a3a" className="PornCantina.UIAutomation.Scenarios.BellaCashFeature, PornCantina.UIAutomation, Version=1.0.0.0, Culture=neutral, PublicKeyToken=null" name="PopulateBellaCashGalleries_KatieBanks" />
    </UnitTest>
    <UnitTest name="PopulateMinxManiaGalleries" storage="c:\users\tmacblane\documents\developmentprojects\porncantina.uiautomation\bin\debug\porncantina.uiautomation.dll" id="56f54296-15ab-8819-79de-9cb8a298433f">
      <Description>Populate MinxMania Galleries</Description>
      <Execution id="c891d8cf-a83d-47d1-9f61-cf1e0fd209dd" />
      <Properties>
        <Property>
          <Key>FeatureTitle</Key>
          <Value>MinxMafia</Value>
        </Property>
      </Properties>
      <TestMethod codeBase="C:/Users/TMacBlane/Documents/DevelopmentProjects/PornCantina.UIAutomation/bin/Debug/PornCantina.UIAutomation.DLL" adapterTypeName="Microsoft.VisualStudio.TestTools.TestTypes.Unit.UnitTestAdapter, Microsoft.VisualStudio.QualityTools.Tips.UnitTest.Adapter, Version=10.0.0.0, Culture=neutral, PublicKeyToken=b03f5f7f11d50a3a" className="PornCantina.UIAutomation.Scenarios.MinxMafiaFeature, PornCantina.UIAutomation, Version=1.0.0.0, Culture=neutral, PublicKeyToken=null" name="PopulateMinxManiaGalleries" />
    </UnitTest>
    <UnitTest name="PopulateBellaCashGalleries_AvaDawn" storage="c:\users\tmacblane\documents\developmentprojects\porncantina.uiautomation\bin\debug\porncantina.uiautomation.dll" id="2272289c-032b-1243-7330-eb5092e584fc">
      <Description>Populate BellaCash Galleries</Description>
      <Execution id="44cf4656-a67b-458d-ae33-284fa7f28fb7" />
      <Properties>
        <Property>
          <Key>FeatureTitle</Key>
          <Value>BellaCash</Value>
        </Property>
        <Property>
          <Key>VariantName</Key>
          <Value>Ava Dawn</Value>
        </Property>
        <Property>
          <Key>Parameter:modelName</Key>
          <Value>Ava Dawn</Value>
        </Property>
      </Properties>
      <TestMethod codeBase="C:/Users/TMacBlane/Documents/DevelopmentProjects/PornCantina.UIAutomation/bin/Debug/PornCantina.UIAutomation.DLL" adapterTypeName="Microsoft.VisualStudio.TestTools.TestTypes.Unit.UnitTestAdapter, Microsoft.VisualStudio.QualityTools.Tips.UnitTest.Adapter, Version=10.0.0.0, Culture=neutral, PublicKeyToken=b03f5f7f11d50a3a" className="PornCantina.UIAutomation.Scenarios.BellaCashFeature, PornCantina.UIAutomation, Version=1.0.0.0, Culture=neutral, PublicKeyToken=null" name="PopulateBellaCashGalleries_AvaDawn" />
    </UnitTest>
    <UnitTest name="PopulateBellaCashGalleries_MonroeLee" storage="c:\users\tmacblane\documents\developmentprojects\porncantina.uiautomation\bin\debug\porncantina.uiautomation.dll" id="6af92fa9-0ccf-8383-ab91-02e618ce084c">
      <Description>Populate BellaCash Galleries</Description>
      <Execution id="172a7deb-a867-49ac-bb23-d96dfcd2227e" />
      <Properties>
        <Property>
          <Key>FeatureTitle</Key>
          <Value>BellaCash</Value>
        </Property>
        <Property>
          <Key>VariantName</Key>
          <Value>Monroe Lee</Value>
        </Property>
        <Property>
          <Key>Parameter:modelName</Key>
          <Value>Monroe Lee</Value>
        </Property>
      </Properties>
      <TestMethod codeBase="C:/Users/TMacBlane/Documents/DevelopmentProjects/PornCantina.UIAutomation/bin/Debug/PornCantina.UIAutomation.DLL" adapterTypeName="Microsoft.VisualStudio.TestTools.TestTypes.Unit.UnitTestAdapter, Microsoft.VisualStudio.QualityTools.Tips.UnitTest.Adapter, Version=10.0.0.0, Culture=neutral, PublicKeyToken=b03f5f7f11d50a3a" className="PornCantina.UIAutomation.Scenarios.BellaCashFeature, PornCantina.UIAutomation, Version=1.0.0.0, Culture=neutral, PublicKeyToken=null" name="PopulateBellaCashGalleries_MonroeLee" />
    </UnitTest>
    <UnitTest name="PopulateSoloRevenueGalleries_NatashaBelle" storage="c:\users\tmacblane\documents\developmentprojects\porncantina.uiautomation\bin\debug\porncantina.uiautomation.dll" id="ebbecc38-d662-fe20-bb0b-7b866076d219">
      <Description>Populate SoloRevenue Galleries</Description>
      <Execution id="fea8d0bd-b95e-425e-b5e5-0c6d62e6abee" />
      <Properties>
        <Property>
          <Key>FeatureTitle</Key>
          <Value>SoloRevenue</Value>
        </Property>
        <Property>
          <Key>VariantName</Key>
          <Value>Natasha Belle</Value>
        </Property>
        <Property>
          <Key>Parameter:modelName</Key>
          <Value>Natasha Belle</Value>
        </Property>
      </Properties>
      <TestMethod codeBase="C:/Users/TMacBlane/Documents/DevelopmentProjects/PornCantina.UIAutomation/bin/Debug/PornCantina.UIAutomation.DLL" adapterTypeName="Microsoft.VisualStudio.TestTools.TestTypes.Unit.UnitTestAdapter, Microsoft.VisualStudio.QualityTools.Tips.UnitTest.Adapter, Version=10.0.0.0, Culture=neutral, PublicKeyToken=b03f5f7f11d50a3a" className="PornCantina.UIAutomation.Scenarios.SoloRevenueFeature, PornCantina.UIAutomation, Version=1.0.0.0, Culture=neutral, PublicKeyToken=null" name="PopulateSoloRevenueGalleries_NatashaBelle" />
    </UnitTest>
    <UnitTest name="PopulateSoloRevenueGalleries_AutumnRiley" storage="c:\users\tmacblane\documents\developmentprojects\porncantina.uiautomation\bin\debug\porncantina.uiautomation.dll" id="5b4f7a04-e91d-3766-70df-2affdcfda282">
      <Description>Populate SoloRevenue Galleries</Description>
      <Execution id="431b17b6-c836-460a-80c0-d6245f2fe86c" />
      <Properties>
        <Property>
          <Key>FeatureTitle</Key>
          <Value>SoloRevenue</Value>
        </Property>
        <Property>
          <Key>VariantName</Key>
          <Value>Autumn Riley</Value>
        </Property>
        <Property>
          <Key>Parameter:modelName</Key>
          <Value>Autumn Riley</Value>
        </Property>
      </Properties>
      <TestMethod codeBase="C:/Users/TMacBlane/Documents/DevelopmentProjects/PornCantina.UIAutomation/bin/Debug/PornCantina.UIAutomation.DLL" adapterTypeName="Microsoft.VisualStudio.TestTools.TestTypes.Unit.UnitTestAdapter, Microsoft.VisualStudio.QualityTools.Tips.UnitTest.Adapter, Version=10.0.0.0, Culture=neutral, PublicKeyToken=b03f5f7f11d50a3a" className="PornCantina.UIAutomation.Scenarios.SoloRevenueFeature, PornCantina.UIAutomation, Version=1.0.0.0, Culture=neutral, PublicKeyToken=null" name="PopulateSoloRevenueGalleries_AutumnRiley" />
    </UnitTest>
  </TestDefinitions>
  <TestLists>
    <TestList name="Results Not in a List" id="8c84fa94-04c1-424b-9868-57a2d4851a1d" />
    <TestList name="All Loaded Results" id="19431567-8539-422a-85d7-44ee4e166bda" />
  </TestLists>
  <TestEntries>
    <TestEntry testId="b2fe822b-5976-20eb-494c-a2e70b73f8a8" executionId="8c6f56f1-f693-40f7-9a42-0785f06cbbe1" testListId="8c84fa94-04c1-424b-9868-57a2d4851a1d" />
    <TestEntry testId="8c136c51-948d-db20-6929-2e8f37a20b36" executionId="4f26bc64-7065-49ac-b17c-1e283542ae11" testListId="8c84fa94-04c1-424b-9868-57a2d4851a1d" />
    <TestEntry testId="56f54296-15ab-8819-79de-9cb8a298433f" executionId="c891d8cf-a83d-47d1-9f61-cf1e0fd209dd" testListId="8c84fa94-04c1-424b-9868-57a2d4851a1d" />
    <TestEntry testId="7c9891c3-de5a-d9fc-615e-6f7414163765" executionId="56a1d8d1-ec40-4309-af43-70dad174857a" testListId="8c84fa94-04c1-424b-9868-57a2d4851a1d" />
    <TestEntry testId="ebbecc38-d662-fe20-bb0b-7b866076d219" executionId="fea8d0bd-b95e-425e-b5e5-0c6d62e6abee" testListId="8c84fa94-04c1-424b-9868-57a2d4851a1d" />
    <TestEntry testId="330e0218-b1c3-0599-b86f-bb99241a385f" executionId="40440283-81fb-4acf-9aa8-cddb34a69730" testListId="8c84fa94-04c1-424b-9868-57a2d4851a1d" />
    <TestEntry testId="6af92fa9-0ccf-8383-ab91-02e618ce084c" executionId="172a7deb-a867-49ac-bb23-d96dfcd2227e" testListId="8c84fa94-04c1-424b-9868-57a2d4851a1d" />
    <TestEntry testId="5b4f7a04-e91d-3766-70df-2affdcfda282" executionId="431b17b6-c836-460a-80c0-d6245f2fe86c" testListId="8c84fa94-04c1-424b-9868-57a2d4851a1d" />
    <TestEntry testId="2272289c-032b-1243-7330-eb5092e584fc" executionId="44cf4656-a67b-458d-ae33-284fa7f28fb7" testListId="8c84fa94-04c1-424b-9868-57a2d4851a1d" />
    <TestEntry testId="66f4f75a-e39b-800c-c209-257f1c101b17" executionId="a20f3ac5-6c9e-40fd-8cc0-882ff70a1928" testListId="8c84fa94-04c1-424b-9868-57a2d4851a1d" />
  </TestEntries>
  <Results>
    <UnitTestResult executionId="8c6f56f1-f693-40f7-9a42-0785f06cbbe1" testId="b2fe822b-5976-20eb-494c-a2e70b73f8a8" testName="PopulateBellaCashGalleries_TaliaShepard" computerName="FIREFLY" duration="00:00:20.8697399" startTime="2012-09-02T16:29:56.9171875-04:00" endTime="2012-09-02T16:30:18.3397875-04:00" testType="13cdc9d9-ddb5-4fa4-a97d-d965ccfc6d4b" outcome="Passed" testListId="8c84fa94-04c1-424b-9868-57a2d4851a1d" relativeResultsDirectory="8c6f56f1-f693-40f7-9a42-0785f06cbbe1">
      <Output>
        <StdOut>Given I open the bellacash page
-&gt; done: StepDefinitions.GivenIOpenTheSpecifiedPage("bellacash") (6.8s)
Then I should be on the bellacash page
-&gt; done: StepDefinitions.IShouldBeOnTheSpecifiedPage("bellacash") (0.2s)
When I select the Talia Shepard bellapass paysite
-&gt; done: BellaCashStepDefinitions.WhenISelectTheSpecifiedPaysite("Talia Shepard") (0.1s)
Then I should see the Talia Shepard bellapass hosted galleries
-&gt; done: BellaCashStepDefinitions.ThenIShouldSeeTheSpecifiedHostedGalleries("Talia Shepard") (2.3s)
And I should create any new Talia Shepard bellapass galleries
-&gt; done: BellaCashStepDefinitions.ThenIShouldCreateAnyNewModelNameBellapassGalleries("Talia Shepard") (10.2s)</StdOut>
      </Output>
    </UnitTestResult>
    <UnitTestResult executionId="4f26bc64-7065-49ac-b17c-1e283542ae11" testId="8c136c51-948d-db20-6929-2e8f37a20b36" testName="PopulateBellaCashGalleries_KatieBanks" computerName="FIREFLY" duration="00:00:20.5631098" startTime="2012-09-02T16:30:18.3397875-04:00" endTime="2012-09-02T16:30:38.9103875-04:00" testType="13cdc9d9-ddb5-4fa4-a97d-d965ccfc6d4b" outcome="Passed" testListId="8c84fa94-04c1-424b-9868-57a2d4851a1d" relativeResultsDirectory="4f26bc64-7065-49ac-b17c-1e283542ae11">
      <Output>
        <StdOut>Given I open the bellacash page
-&gt; done: StepDefinitions.GivenIOpenTheSpecifiedPage("bellacash") (5.2s)
Then I should be on the bellacash page
-&gt; done: StepDefinitions.IShouldBeOnTheSpecifiedPage("bellacash") (0.2s)
When I select the Katie Banks bellapass paysite
-&gt; done: BellaCashStepDefinitions.WhenISelectTheSpecifiedPaysite("Katie Banks") (0.1s)
Then I should see the Katie Banks bellapass hosted galleries
-&gt; done: BellaCashStepDefinitions.ThenIShouldSeeTheSpecifiedHostedGalleries("Katie Banks") (3.2s)
And I should create any new Katie Banks bellapass galleries
-&gt; done: BellaCashStepDefinitions.ThenIShouldCreateAnyNewModelNameBellapassGalleries("Katie Banks") (10.6s)</StdOut>
      </Output>
    </UnitTestResult>
    <UnitTestResult executionId="c891d8cf-a83d-47d1-9f61-cf1e0fd209dd" testId="56f54296-15ab-8819-79de-9cb8a298433f" testName="PopulateMinxManiaGalleries" computerName="FIREFLY" duration="00:00:09.4003396" startTime="2012-09-02T16:30:38.9133875-04:00" endTime="2012-09-02T16:30:48.3207875-04:00" testType="13cdc9d9-ddb5-4fa4-a97d-d965ccfc6d4b" outcome="Passed" testListId="8c84fa94-04c1-424b-9868-57a2d4851a1d" relativeResultsDirectory="c891d8cf-a83d-47d1-9f61-cf1e0fd209dd">
      <Output>
        <StdOut>Given I open the minx mafia page
-&gt; done: StepDefinitions.GivenIOpenTheSpecifiedPage("minx mafia") (3.1s)
Then I should be on the minx mafia page
-&gt; done: StepDefinitions.IShouldBeOnTheSpecifiedPage("minx mafia") (0.0s)
When I select the All date range
-&gt; done: HostedGalleriesManagerStepDefinitions.WhenISelectTheDateRangeDateRange("All") (0.1s)
When I select CatieMinx.com from the site dropdown list
-&gt; done: HostedGalleriesManagerStepDefinitions.WhenISelectTheModelNameFromTheSiteDropdownList("CatieMinx.com") (0.2s)
And I select the type of Pics
-&gt; done: HostedGalleriesManagerStepDefinitions.WhenISelectTheSpecifiedType("Pics") (0.3s)
And I select to display All galleries per page
-&gt; done: HostedGalleriesManagerStepDefinitions.WhenISelectToDisplaySpecifiedNumberOfGalleriesPerPage("All") (0.3s)
And I click the generate button
-&gt; done: HostedGalleriesManagerStepDefinitions.WhenIClickTheGenerateButton() (0.7s)
Then I should see the populated list of galleries
-&gt; done: HostedGalleriesManagerStepDefinitions.ThenIShouldSeeThePopulatedListOfGalleries() (0.1s)
And I should create any new Catie Minx minxmafia galleries
-&gt; done: MinxMafiaStepDefinitions.ThenIShouldCreateAnyNewModelNameMinxmafiaGalleries("Catie Minx") (3.4s)</StdOut>
      </Output>
    </UnitTestResult>
    <UnitTestResult executionId="56a1d8d1-ec40-4309-af43-70dad174857a" testId="7c9891c3-de5a-d9fc-615e-6f7414163765" testName="PopulateBellaCashGalleries_NatalieTyler" computerName="FIREFLY" duration="00:00:18.8669504" startTime="2012-09-02T16:30:48.3267875-04:00" endTime="2012-09-02T16:31:07.2077875-04:00" testType="13cdc9d9-ddb5-4fa4-a97d-d965ccfc6d4b" outcome="Passed" testListId="8c84fa94-04c1-424b-9868-57a2d4851a1d" relativeResultsDirectory="56a1d8d1-ec40-4309-af43-70dad174857a">
      <Output>
        <StdOut>Given I open the bellacash page
-&gt; done: StepDefinitions.GivenIOpenTheSpecifiedPage("bellacash") (9.1s)
Then I should be on the bellacash page
-&gt; done: StepDefinitions.IShouldBeOnTheSpecifiedPage("bellacash") (0.4s)
When I select the Natalie Tyler bellapass paysite
-&gt; done: BellaCashStepDefinitions.WhenISelectTheSpecifiedPaysite("Natalie Tyler") (0.1s)
Then I should see the Natalie Tyler bellapass hosted galleries
-&gt; done: BellaCashStepDefinitions.ThenIShouldSeeTheSpecifiedHostedGalleries("Natalie Tyler") (4.7s)
And I should create any new Natalie Tyler bellapass galleries
-&gt; done: BellaCashStepDefinitions.ThenIShouldCreateAnyNewModelNameBellapassGalleries("Natalie Tyler") (3.4s)</StdOut>
      </Output>
    </UnitTestResult>
    <UnitTestResult executionId="fea8d0bd-b95e-425e-b5e5-0c6d62e6abee" testId="ebbecc38-d662-fe20-bb0b-7b866076d219" testName="PopulateSoloRevenueGalleries_NatashaBelle" computerName="FIREFLY" duration="00:00:25.7135729" startTime="2012-09-02T16:31:07.2177875-04:00" endTime="2012-09-02T16:31:32.9353875-04:00" testType="13cdc9d9-ddb5-4fa4-a97d-d965ccfc6d4b" outcome="Failed" testListId="8c84fa94-04c1-424b-9868-57a2d4851a1d" relativeResultsDirectory="fea8d0bd-b95e-425e-b5e5-0c6d62e6abee">
      <Output>
        <StdOut>Given I open the solorevenue page
-&gt; done: StepDefinitions.GivenIOpenTheSpecifiedPage("solorevenue") (3.4s)
Then I should be on the solorevenue page
-&gt; done: StepDefinitions.IShouldBeOnTheSpecifiedPage("solorevenue") (0.1s)
When I select the Natasha Belle solorevenue paysite
-&gt; done: SoloRevenueStepDefinitions.WhenISelectTheModelNameSolorevenuePaysite("Natasha Belle") (0.1s)
Then I should see the Natasha Belle solorevenue hosted galleries
-&gt; done: SoloRevenueStepDefinitions.ThenIShouldSeeTheModelNameSolorevenueHostedGalleries("Natasha Belle") (1.0s)
And I should create any new Natasha Belle solorevenue galleries
-&gt; error: Unable to locate element: {"method":"xpath","selector":"//table[92]/tbody/tr[2]/td[2]/table/tbody/tr/td"}</StdOut>
        <ErrorInfo>
          <Message>Test method PornCantina.UIAutomation.Scenarios.SoloRevenueFeature.PopulateSoloRevenueGalleries_NatashaBelle threw exception: 
OpenQA.Selenium.NoSuchElementException: Unable to locate element: {"method":"xpath","selector":"//table[92]/tbody/tr[2]/td[2]/table/tbody/tr/td"}</Message>
          <StackTrace>    at OpenQA.Selenium.Remote.RemoteWebDriver.UnpackAndThrowOnError(Response errorResponse)
   at OpenQA.Selenium.Remote.RemoteWebDriver.Execute(String driverCommandToExecute, Dictionary`2 parameters)
   at OpenQA.Selenium.Remote.RemoteWebDriver.FindElement(String mechanism, String value)
   at OpenQA.Selenium.Remote.RemoteWebDriver.FindElementByXPath(String xpath)
   at OpenQA.Selenium.By.&lt;&gt;c__DisplayClasse.&lt;XPath&gt;b__c(ISearchContext context)
   at OpenQA.Selenium.By.FindElement(ISearchContext context)
   at OpenQA.Selenium.Remote.RemoteWebDriver.FindElement(By by)
   at AutomationFramework.BrowserHelper.GetElementByXPath(IWebDriver driver, String locator, String additionalLocatorPath) in C:\Users\TMacBlane\documents\visual studio 2010\Projects\PornCantina\AutomationFramework\Classes\BrowserHelper.cs:line 106
   at AutomationFramework.BrowserHelper.GetElement(IWebDriver driver, String locator, String additionalLocatorPath) in C:\Users\TMacBlane\documents\visual studio 2010\Projects\PornCantina\AutomationFramework\Classes\BrowserHelper.cs:line 25
   at AutomationFramework.WebBrowser.GetText(String locator, String additionalLocatorPath) in C:\Users\TMacBlane\documents\visual studio 2010\Projects\PornCantina\AutomationFramework\Classes\WebBrowser.cs:line 154
   at AutomationFramework.PageElementExtensions.GetText(IPageElement element, String additionalLocator) in C:\Users\TMacBlane\documents\visual studio 2010\Projects\PornCantina\AutomationFramework\Classes\PageElementExtensions.cs:line 76
   at PornCantina.UIAutomation.StepDefinitions.SoloRevenueStepDefinitions.ThenIShouldCreateAnyNewModelNameSolorevenueGalleries(String modelName) in C:\Users\TMacBlane\Documents\DevelopmentProjects\PornCantina.UIAutomation\StepDefinitions\SoloRevenueStepDefinitions.cs:line 75
   at lambda_method(Closure , IContextManager , String )
   at TechTalk.SpecFlow.Bindings.MethodBinding.InvokeAction(IContextManager contextManager, Object[] arguments, ITestTracer testTracer, TimeSpan&amp; duration)
   at TechTalk.SpecFlow.Bindings.StepDefinitionBinding.Invoke(IContextManager contextManager, ITestTracer testTracer, Object[] arguments, TimeSpan&amp; duration)
   at TechTalk.SpecFlow.Infrastructure.TestExecutionEngine.ExecuteStepMatch(BindingMatch match, Object[] arguments)
   at TechTalk.SpecFlow.Infrastructure.TestExecutionEngine.ExecuteStep(StepArgs stepArgs)
   at TechTalk.SpecFlow.Infrastructure.TestExecutionEngine.OnAfterLastStep()
   at TechTalk.SpecFlow.TestRunner.CollectScenarioErrors()
   at PornCantina.UIAutomation.Scenarios.SoloRevenueFeature.ScenarioCleanup() in C:\Users\TMacBlane\Documents\DevelopmentProjects\PornCantina.UIAutomation\Scenarios\SoloRevenue.feature.cs:line 0
   at PornCantina.UIAutomation.Scenarios.SoloRevenueFeature.PopulateSoloRevenueGalleries(String modelName, String[] exampleTags) in c:\Users\TMacBlane\Documents\DevelopmentProjects\PornCantina.UIAutomation\Scenarios\SoloRevenue.feature:line 10
   at PornCantina.UIAutomation.Scenarios.SoloRevenueFeature.PopulateSoloRevenueGalleries_NatashaBelle() in C:\Users\TMacBlane\Documents\DevelopmentProjects\PornCantina.UIAutomation\Scenarios\SoloRevenue.feature.cs:line 0
</StackTrace>
        </ErrorInfo>
      </Output>
    </UnitTestResult>
    <UnitTestResult executionId="40440283-81fb-4acf-9aa8-cddb34a69730" testId="330e0218-b1c3-0599-b86f-bb99241a385f" testName="PopulatePinkVelvetVaultGalleries_BellaXOXO_Com" computerName="FIREFLY" duration="00:00:40.8675734" startTime="2012-09-02T16:31:32.9473875-04:00" endTime="2012-09-02T16:32:13.8209875-04:00" testType="13cdc9d9-ddb5-4fa4-a97d-d965ccfc6d4b" outcome="Failed" testListId="8c84fa94-04c1-424b-9868-57a2d4851a1d" relativeResultsDirectory="40440283-81fb-4acf-9aa8-cddb34a69730">
      <Output>
        <StdOut>Given I open the pinkvelvet page
-&gt; done: StepDefinitions.GivenIOpenTheSpecifiedPage("pinkvelvet") (3.0s)
Then I should be on the pinkvelvet page
-&gt; done: StepDefinitions.IShouldBeOnTheSpecifiedPage("pinkvelvet") (0.2s)
When I select BellaXOXO.com from the site dropdown list
-&gt; done: HostedGalleriesManagerStepDefinitions.WhenISelectTheModelNameFromTheSiteDropdownList("BellaXOXO.com") (0.2s)
When I select the All date range
-&gt; done: HostedGalleriesManagerStepDefinitions.WhenISelectTheDateRangeDateRange("All") (0.1s)
And I select the type of Pics
-&gt; done: HostedGalleriesManagerStepDefinitions.WhenISelectTheSpecifiedType("Pics") (0.2s)
And I select the thumbnail size 130x174
-&gt; done: HostedGalleriesManagerStepDefinitions.WhenISelectTheSpecifiedThumbnailSize("130x174") (0.1s)
And I select to display All galleries per page
-&gt; done: HostedGalleriesManagerStepDefinitions.WhenISelectToDisplaySpecifiedNumberOfGalleriesPerPage("All") (0.1s)
And I click the generate button
-&gt; done: HostedGalleriesManagerStepDefinitions.WhenIClickTheGenerateButton() (6.5s)
Then I should see the populated list of galleries
-&gt; done: HostedGalleriesManagerStepDefinitions.ThenIShouldSeeThePopulatedListOfGalleries() (0.0s)
And I should create any new Bella XOXO pinkvelvetvault galleries
-&gt; error: Unable to locate element: {"method":"xpath","selector":"//tr[108]/td/table/tbody/tr/td[2]/span"}</StdOut>
        <ErrorInfo>
          <Message>Test method PornCantina.UIAutomation.Scenarios.PinkVelvetVaultFeature.PopulatePinkVelvetVaultGalleries_BellaXOXO_Com threw exception: 
OpenQA.Selenium.NoSuchElementException: Unable to locate element: {"method":"xpath","selector":"//tr[108]/td/table/tbody/tr/td[2]/span"}</Message>
          <StackTrace>    at OpenQA.Selenium.Remote.RemoteWebDriver.UnpackAndThrowOnError(Response errorResponse)
   at OpenQA.Selenium.Remote.RemoteWebDriver.Execute(String driverCommandToExecute, Dictionary`2 parameters)
   at OpenQA.Selenium.Remote.RemoteWebDriver.FindElement(String mechanism, String value)
   at OpenQA.Selenium.Remote.RemoteWebDriver.FindElementByXPath(String xpath)
   at OpenQA.Selenium.By.&lt;&gt;c__DisplayClasse.&lt;XPath&gt;b__c(ISearchContext context)
   at OpenQA.Selenium.By.FindElement(ISearchContext context)
   at OpenQA.Selenium.Remote.RemoteWebDriver.FindElement(By by)
   at AutomationFramework.BrowserHelper.GetElementByXPath(IWebDriver driver, String locator, String additionalLocatorPath) in C:\Users\TMacBlane\documents\visual studio 2010\Projects\PornCantina\AutomationFramework\Classes\BrowserHelper.cs:line 106
   at AutomationFramework.BrowserHelper.GetElement(IWebDriver driver, String locator, String additionalLocatorPath) in C:\Users\TMacBlane\documents\visual studio 2010\Projects\PornCantina\AutomationFramework\Classes\BrowserHelper.cs:line 25
   at AutomationFramework.WebBrowser.GetText(String locator, String additionalLocatorPath) in C:\Users\TMacBlane\documents\visual studio 2010\Projects\PornCantina\AutomationFramework\Classes\WebBrowser.cs:line 154
   at AutomationFramework.PageElementExtensions.GetText(IPageElement element, String additionalLocator) in C:\Users\TMacBlane\documents\visual studio 2010\Projects\PornCantina\AutomationFramework\Classes\PageElementExtensions.cs:line 76
   at PornCantina.UIAutomation.StepDefinitions.PinkVelvetVaultStepDefinitions.ThenIShouldCreateAnyNewModelNamePinkvelvetvaultGalleries(String modelName) in C:\Users\TMacBlane\Documents\DevelopmentProjects\PornCantina.UIAutomation\StepDefinitions\PinkVelvetVaultStepDefinitions.cs:line 35
   at lambda_method(Closure , IContextManager , String )
   at TechTalk.SpecFlow.Bindings.MethodBinding.InvokeAction(IContextManager contextManager, Object[] arguments, ITestTracer testTracer, TimeSpan&amp; duration)
   at TechTalk.SpecFlow.Bindings.StepDefinitionBinding.Invoke(IContextManager contextManager, ITestTracer testTracer, Object[] arguments, TimeSpan&amp; duration)
   at TechTalk.SpecFlow.Infrastructure.TestExecutionEngine.ExecuteStepMatch(BindingMatch match, Object[] arguments)
   at TechTalk.SpecFlow.Infrastructure.TestExecutionEngine.ExecuteStep(StepArgs stepArgs)
   at TechTalk.SpecFlow.Infrastructure.TestExecutionEngine.OnAfterLastStep()
   at TechTalk.SpecFlow.TestRunner.CollectScenarioErrors()
   at PornCantina.UIAutomation.Scenarios.PinkVelvetVaultFeature.ScenarioCleanup() in C:\Users\TMacBlane\Documents\DevelopmentProjects\PornCantina.UIAutomation\Scenarios\PinkVelvetVault.feature.cs:line 0
   at PornCantina.UIAutomation.Scenarios.PinkVelvetVaultFeature.PopulatePinkVelvetVaultGalleries(String site, String modelName, String[] exampleTags) in c:\Users\TMacBlane\Documents\DevelopmentProjects\PornCantina.UIAutomation\Scenarios\PinkVelvetVault.feature:line 15
   at PornCantina.UIAutomation.Scenarios.PinkVelvetVaultFeature.PopulatePinkVelvetVaultGalleries_BellaXOXO_Com() in C:\Users\TMacBlane\Documents\DevelopmentProjects\PornCantina.UIAutomation\Scenarios\PinkVelvetVault.feature.cs:line 0
</StackTrace>
        </ErrorInfo>
      </Output>
    </UnitTestResult>
    <UnitTestResult executionId="172a7deb-a867-49ac-bb23-d96dfcd2227e" testId="6af92fa9-0ccf-8383-ab91-02e618ce084c" testName="PopulateBellaCashGalleries_MonroeLee" computerName="FIREFLY" duration="00:00:20.1821760" startTime="2012-09-02T16:32:13.8279875-04:00" endTime="2012-09-02T16:32:34.0127875-04:00" testType="13cdc9d9-ddb5-4fa4-a97d-d965ccfc6d4b" outcome="Passed" testListId="8c84fa94-04c1-424b-9868-57a2d4851a1d" relativeResultsDirectory="172a7deb-a867-49ac-bb23-d96dfcd2227e">
      <Output>
        <StdOut>Given I open the bellacash page
-&gt; done: StepDefinitions.GivenIOpenTheSpecifiedPage("bellacash") (4.6s)
Then I should be on the bellacash page
-&gt; done: StepDefinitions.IShouldBeOnTheSpecifiedPage("bellacash") (0.4s)
When I select the Monroe Lee bellapass paysite
-&gt; done: BellaCashStepDefinitions.WhenISelectTheSpecifiedPaysite("Monroe Lee") (4.4s)
Then I should see the Monroe Lee bellapass hosted galleries
-&gt; done: BellaCashStepDefinitions.ThenIShouldSeeTheSpecifiedHostedGalleries("Monroe Lee") (0.0s)
And I should create any new Monroe Lee bellapass galleries
-&gt; done: BellaCashStepDefinitions.ThenIShouldCreateAnyNewModelNameBellapassGalleries("Monroe Lee") (9.6s)</StdOut>
      </Output>
    </UnitTestResult>
    <UnitTestResult executionId="431b17b6-c836-460a-80c0-d6245f2fe86c" testId="5b4f7a04-e91d-3766-70df-2affdcfda282" testName="PopulateSoloRevenueGalleries_AutumnRiley" computerName="FIREFLY" duration="00:00:39.2984516" startTime="2012-09-02T16:32:34.0307875-04:00" endTime="2012-09-02T16:33:13.3511875-04:00" testType="13cdc9d9-ddb5-4fa4-a97d-d965ccfc6d4b" outcome="Failed" testListId="8c84fa94-04c1-424b-9868-57a2d4851a1d" relativeResultsDirectory="431b17b6-c836-460a-80c0-d6245f2fe86c">
      <Output>
        <StdOut>Given I open the solorevenue page
-&gt; done: StepDefinitions.GivenIOpenTheSpecifiedPage("solorevenue") (3.6s)
Then I should be on the solorevenue page
-&gt; done: StepDefinitions.IShouldBeOnTheSpecifiedPage("solorevenue") (0.1s)
When I select the Autumn Riley solorevenue paysite
-&gt; done: SoloRevenueStepDefinitions.WhenISelectTheModelNameSolorevenuePaysite("Autumn Riley") (1.5s)
Then I should see the Autumn Riley solorevenue hosted galleries
-&gt; done: SoloRevenueStepDefinitions.ThenIShouldSeeTheModelNameSolorevenueHostedGalleries("Autumn Riley") (1.1s)
And I should create any new Autumn Riley solorevenue galleries
-&gt; error: Unable to locate element: {"method":"xpath","selector":"//table[135]/tbody/tr[2]/td[2]/table/tbody/tr/td"}</StdOut>
        <ErrorInfo>
          <Message>Test method PornCantina.UIAutomation.Scenarios.SoloRevenueFeature.PopulateSoloRevenueGalleries_AutumnRiley threw exception: 
OpenQA.Selenium.NoSuchElementException: Unable to locate element: {"method":"xpath","selector":"//table[135]/tbody/tr[2]/td[2]/table/tbody/tr/td"}</Message>
          <StackTrace>    at OpenQA.Selenium.Remote.RemoteWebDriver.UnpackAndThrowOnError(Response errorResponse)
   at OpenQA.Selenium.Remote.RemoteWebDriver.Execute(String driverCommandToExecute, Dictionary`2 parameters)
   at OpenQA.Selenium.Remote.RemoteWebDriver.FindElement(String mechanism, String value)
   at OpenQA.Selenium.Remote.RemoteWebDriver.FindElementByXPath(String xpath)
   at OpenQA.Selenium.By.&lt;&gt;c__DisplayClasse.&lt;XPath&gt;b__c(ISearchContext context)
   at OpenQA.Selenium.By.FindElement(ISearchContext context)
   at OpenQA.Selenium.Remote.RemoteWebDriver.FindElement(By by)
   at AutomationFramework.BrowserHelper.GetElementByXPath(IWebDriver driver, String locator, String additionalLocatorPath) in C:\Users\TMacBlane\documents\visual studio 2010\Projects\PornCantina\AutomationFramework\Classes\BrowserHelper.cs:line 106
   at AutomationFramework.BrowserHelper.GetElement(IWebDriver driver, String locator, String additionalLocatorPath) in C:\Users\TMacBlane\documents\visual studio 2010\Projects\PornCantina\AutomationFramework\Classes\BrowserHelper.cs:line 25
   at AutomationFramework.WebBrowser.GetText(String locator, String additionalLocatorPath) in C:\Users\TMacBlane\documents\visual studio 2010\Projects\PornCantina\AutomationFramework\Classes\WebBrowser.cs:line 154
   at AutomationFramework.PageElementExtensions.GetText(IPageElement element, String additionalLocator) in C:\Users\TMacBlane\documents\visual studio 2010\Projects\PornCantina\AutomationFramework\Classes\PageElementExtensions.cs:line 76
   at PornCantina.UIAutomation.StepDefinitions.SoloRevenueStepDefinitions.ThenIShouldCreateAnyNewModelNameSolorevenueGalleries(String modelName) in C:\Users\TMacBlane\Documents\DevelopmentProjects\PornCantina.UIAutomation\StepDefinitions\SoloRevenueStepDefinitions.cs:line 75
   at lambda_method(Closure , IContextManager , String )
   at TechTalk.SpecFlow.Bindings.MethodBinding.InvokeAction(IContextManager contextManager, Object[] arguments, ITestTracer testTracer, TimeSpan&amp; duration)
   at TechTalk.SpecFlow.Bindings.StepDefinitionBinding.Invoke(IContextManager contextManager, ITestTracer testTracer, Object[] arguments, TimeSpan&amp; duration)
   at TechTalk.SpecFlow.Infrastructure.TestExecutionEngine.ExecuteStepMatch(BindingMatch match, Object[] arguments)
   at TechTalk.SpecFlow.Infrastructure.TestExecutionEngine.ExecuteStep(StepArgs stepArgs)
   at TechTalk.SpecFlow.Infrastructure.TestExecutionEngine.OnAfterLastStep()
   at TechTalk.SpecFlow.TestRunner.CollectScenarioErrors()
   at PornCantina.UIAutomation.Scenarios.SoloRevenueFeature.ScenarioCleanup() in C:\Users\TMacBlane\Documents\DevelopmentProjects\PornCantina.UIAutomation\Scenarios\SoloRevenue.feature.cs:line 0
   at PornCantina.UIAutomation.Scenarios.SoloRevenueFeature.PopulateSoloRevenueGalleries(String modelName, String[] exampleTags) in c:\Users\TMacBlane\Documents\DevelopmentProjects\PornCantina.UIAutomation\Scenarios\SoloRevenue.feature:line 10
   at PornCantina.UIAutomation.Scenarios.SoloRevenueFeature.PopulateSoloRevenueGalleries_AutumnRiley() in C:\Users\TMacBlane\Documents\DevelopmentProjects\PornCantina.UIAutomation\Scenarios\SoloRevenue.feature.cs:line 0
</StackTrace>
        </ErrorInfo>
      </Output>
    </UnitTestResult>
    <UnitTestResult executionId="44cf4656-a67b-458d-ae33-284fa7f28fb7" testId="2272289c-032b-1243-7330-eb5092e584fc" testName="PopulateBellaCashGalleries_AvaDawn" computerName="FIREFLY" duration="00:00:10.6387848" startTime="2012-09-02T16:33:13.3511875-04:00" endTime="2012-09-02T16:33:23.9983875-04:00" testType="13cdc9d9-ddb5-4fa4-a97d-d965ccfc6d4b" outcome="Passed" testListId="8c84fa94-04c1-424b-9868-57a2d4851a1d" relativeResultsDirectory="44cf4656-a67b-458d-ae33-284fa7f28fb7">
      <Output>
        <StdOut>Given I open the bellacash page
-&gt; done: StepDefinitions.GivenIOpenTheSpecifiedPage("bellacash") (3.7s)
Then I should be on the bellacash page
-&gt; done: StepDefinitions.IShouldBeOnTheSpecifiedPage("bellacash") (0.3s)
When I select the Ava Dawn bellapass paysite
-&gt; done: BellaCashStepDefinitions.WhenISelectTheSpecifiedPaysite("Ava Dawn") (0.1s)
Then I should see the Ava Dawn bellapass hosted galleries
-&gt; done: BellaCashStepDefinitions.ThenIShouldSeeTheSpecifiedHostedGalleries("Ava Dawn") (2.1s)
And I should create any new Ava Dawn bellapass galleries
-&gt; done: BellaCashStepDefinitions.ThenIShouldCreateAnyNewModelNameBellapassGalleries("Ava Dawn") (3.4s)</StdOut>
      </Output>
    </UnitTestResult>
    <UnitTestResult executionId="a20f3ac5-6c9e-40fd-8cc0-882ff70a1928" testId="66f4f75a-e39b-800c-c209-257f1c101b17" testName="PopulateBellaCashGalleries_Bryci" computerName="FIREFLY" duration="00:00:21.9210325" startTime="2012-09-02T16:33:24.0139875-04:00" endTime="2012-09-02T16:33:45.9287875-04:00" testType="13cdc9d9-ddb5-4fa4-a97d-d965ccfc6d4b" outcome="Passed" testListId="8c84fa94-04c1-424b-9868-57a2d4851a1d" relativeResultsDirectory="a20f3ac5-6c9e-40fd-8cc0-882ff70a1928">
      <Output>
        <StdOut>Given I open the bellacash page
-&gt; done: StepDefinitions.GivenIOpenTheSpecifiedPage("bellacash") (3.5s)
Then I should be on the bellacash page
-&gt; done: StepDefinitions.IShouldBeOnTheSpecifiedPage("bellacash") (0.4s)
When I select the Bryci bellapass paysite
-&gt; done: BellaCashStepDefinitions.WhenISelectTheSpecifiedPaysite("Bryci") (0.1s)
Then I should see the Bryci bellapass hosted galleries
-&gt; done: BellaCashStepDefinitions.ThenIShouldSeeTheSpecifiedHostedGalleries("Bryci") (4.9s)
And I should create any new Bryci bellapass galleries
-&gt; done: BellaCashStepDefinitions.ThenIShouldCreateAnyNewModelNameBellapassGalleries("Bryci") (11.8s)</StdOut>
      </Output>
    </UnitTestResult>
  </Results>
</TestRun>